
*** Running vivado
    with args -log kv260_ispMipiRx_vcu_DP_axi_clock_converter_s2mm_0.vds -m64 -product Vivado -mode batch -messageDb vivado.pb -notrace -source kv260_ispMipiRx_vcu_DP_axi_clock_converter_s2mm_0.tcl


****** Vivado v2022.1 (64-bit)
  **** SW Build 3526262 on Mon Apr 18 15:47:01 MDT 2022
  **** IP Build 3524634 on Mon Apr 18 20:55:01 MDT 2022
    ** Copyright 1986-2022 Xilinx, Inc. All Rights Reserved.

source kv260_ispMipiRx_vcu_DP_axi_clock_converter_s2mm_0.tcl -notrace
INFO: [IP_Flow 19-234] Refreshing IP repositories
INFO: [IP_Flow 19-1700] Loaded user IP repository '/home/anubhav/Documents/kria-vitis-platforms/kv260/platforms/vivado/kv260_ispMipiRx_vcu_DP/ip'.
INFO: [IP_Flow 19-2313] Loaded Vivado IP repository '/tools/Xilinx/Vivado/2022.1/data/ip'.
Command: synth_design -top kv260_ispMipiRx_vcu_DP_axi_clock_converter_s2mm_0 -part xck26-sfvc784-2LV-c -incremental_mode off -mode out_of_context
Starting synth_design
Attempting to get a license for feature 'Synthesis' and/or device 'xck26'
INFO: [Common 17-349] Got license for feature 'Synthesis' and/or device 'xck26'
INFO: [Device 21-403] Loading part xck26-sfvc784-2LV-c
INFO: [Synth 8-7079] Multithreading enabled for synth_design using a maximum of 4 processes.
INFO: [Synth 8-7078] Launching helper process for spawning children vivado processes
INFO: [Synth 8-7075] Helper process launched with PID 60278
WARNING: [Synth 8-9501] generate block is allowed only inside loop and conditional generate in SystemVerilog mode [/tools/Xilinx/Vivado/2022.1/data/ip/xpm/xpm_fifo/hdl/xpm_fifo.sv:4023]
---------------------------------------------------------------------------------
Starting RTL Elaboration : Time (s): cpu = 00:00:04 ; elapsed = 00:00:04 . Memory (MB): peak = 2815.566 ; gain = 196.797 ; free physical = 3374 ; free virtual = 22576
---------------------------------------------------------------------------------
INFO: [Synth 8-6157] synthesizing module 'kv260_ispMipiRx_vcu_DP_axi_clock_converter_s2mm_0' [/home/anubhav/Documents/kria-vitis-platforms/kv260/platforms/vivado/kv260_ispMipiRx_vcu_DP/project/kv260_ispMipiRx_vcu_DP.gen/sources_1/bd/kv260_ispMipiRx_vcu_DP/ip/kv260_ispMipiRx_vcu_DP_axi_clock_converter_s2mm_0/synth/kv260_ispMipiRx_vcu_DP_axi_clock_converter_s2mm_0.v:53]
INFO: [Synth 8-6157] synthesizing module 'axi_clock_converter_v2_1_25_axi_clock_converter' [/home/anubhav/Documents/kria-vitis-platforms/kv260/platforms/vivado/kv260_ispMipiRx_vcu_DP/project/kv260_ispMipiRx_vcu_DP.gen/sources_1/bd/kv260_ispMipiRx_vcu_DP/ipshared/e893/hdl/axi_clock_converter_v2_1_vl_rfs.v:653]
INFO: [Synth 8-6157] synthesizing module 'axi_clock_converter_v2_1_25_axic_sync_clock_converter' [/home/anubhav/Documents/kria-vitis-platforms/kv260/platforms/vivado/kv260_ispMipiRx_vcu_DP/project/kv260_ispMipiRx_vcu_DP.gen/sources_1/bd/kv260_ispMipiRx_vcu_DP/ipshared/e893/hdl/axi_clock_converter_v2_1_vl_rfs.v:62]
INFO: [Synth 8-6155] done synthesizing module 'axi_clock_converter_v2_1_25_axic_sync_clock_converter' (0#1) [/home/anubhav/Documents/kria-vitis-platforms/kv260/platforms/vivado/kv260_ispMipiRx_vcu_DP/project/kv260_ispMipiRx_vcu_DP.gen/sources_1/bd/kv260_ispMipiRx_vcu_DP/ipshared/e893/hdl/axi_clock_converter_v2_1_vl_rfs.v:62]
INFO: [Synth 8-6157] synthesizing module 'axi_clock_converter_v2_1_25_axic_sync_clock_converter__parameterized0' [/home/anubhav/Documents/kria-vitis-platforms/kv260/platforms/vivado/kv260_ispMipiRx_vcu_DP/project/kv260_ispMipiRx_vcu_DP.gen/sources_1/bd/kv260_ispMipiRx_vcu_DP/ipshared/e893/hdl/axi_clock_converter_v2_1_vl_rfs.v:62]
INFO: [Synth 8-6155] done synthesizing module 'axi_clock_converter_v2_1_25_axic_sync_clock_converter__parameterized0' (0#1) [/home/anubhav/Documents/kria-vitis-platforms/kv260/platforms/vivado/kv260_ispMipiRx_vcu_DP/project/kv260_ispMipiRx_vcu_DP.gen/sources_1/bd/kv260_ispMipiRx_vcu_DP/ipshared/e893/hdl/axi_clock_converter_v2_1_vl_rfs.v:62]
INFO: [Synth 8-6157] synthesizing module 'axi_clock_converter_v2_1_25_axic_sync_clock_converter__parameterized1' [/home/anubhav/Documents/kria-vitis-platforms/kv260/platforms/vivado/kv260_ispMipiRx_vcu_DP/project/kv260_ispMipiRx_vcu_DP.gen/sources_1/bd/kv260_ispMipiRx_vcu_DP/ipshared/e893/hdl/axi_clock_converter_v2_1_vl_rfs.v:62]
INFO: [Synth 8-6155] done synthesizing module 'axi_clock_converter_v2_1_25_axic_sync_clock_converter__parameterized1' (0#1) [/home/anubhav/Documents/kria-vitis-platforms/kv260/platforms/vivado/kv260_ispMipiRx_vcu_DP/project/kv260_ispMipiRx_vcu_DP.gen/sources_1/bd/kv260_ispMipiRx_vcu_DP/ipshared/e893/hdl/axi_clock_converter_v2_1_vl_rfs.v:62]
INFO: [Synth 8-6157] synthesizing module 'axi_clock_converter_v2_1_25_axic_sample_cycle_ratio' [/home/anubhav/Documents/kria-vitis-platforms/kv260/platforms/vivado/kv260_ispMipiRx_vcu_DP/project/kv260_ispMipiRx_vcu_DP.gen/sources_1/bd/kv260_ispMipiRx_vcu_DP/ipshared/e893/hdl/axi_clock_converter_v2_1_vl_rfs.v:358]
INFO: [Synth 8-6155] done synthesizing module 'axi_clock_converter_v2_1_25_axic_sample_cycle_ratio' (0#1) [/home/anubhav/Documents/kria-vitis-platforms/kv260/platforms/vivado/kv260_ispMipiRx_vcu_DP/project/kv260_ispMipiRx_vcu_DP.gen/sources_1/bd/kv260_ispMipiRx_vcu_DP/ipshared/e893/hdl/axi_clock_converter_v2_1_vl_rfs.v:358]
INFO: [Synth 8-6155] done synthesizing module 'axi_clock_converter_v2_1_25_axi_clock_converter' (0#1) [/home/anubhav/Documents/kria-vitis-platforms/kv260/platforms/vivado/kv260_ispMipiRx_vcu_DP/project/kv260_ispMipiRx_vcu_DP.gen/sources_1/bd/kv260_ispMipiRx_vcu_DP/ipshared/e893/hdl/axi_clock_converter_v2_1_vl_rfs.v:653]
INFO: [Synth 8-6155] done synthesizing module 'kv260_ispMipiRx_vcu_DP_axi_clock_converter_s2mm_0' (0#1) [/home/anubhav/Documents/kria-vitis-platforms/kv260/platforms/vivado/kv260_ispMipiRx_vcu_DP/project/kv260_ispMipiRx_vcu_DP.gen/sources_1/bd/kv260_ispMipiRx_vcu_DP/ip/kv260_ispMipiRx_vcu_DP_axi_clock_converter_s2mm_0/synth/kv260_ispMipiRx_vcu_DP_axi_clock_converter_s2mm_0.v:53]
WARNING: [Synth 8-6014] Unused sequential element gen_sync_clock_converter.m_tstorage_r_reg was removed.  [/home/anubhav/Documents/kria-vitis-platforms/kv260/platforms/vivado/kv260_ispMipiRx_vcu_DP/project/kv260_ispMipiRx_vcu_DP.gen/sources_1/bd/kv260_ispMipiRx_vcu_DP/ipshared/e893/hdl/axi_clock_converter_v2_1_vl_rfs.v:221]
WARNING: [Synth 8-6014] Unused sequential element gen_sync_clock_converter.m_tstorage_r_reg was removed.  [/home/anubhav/Documents/kria-vitis-platforms/kv260/platforms/vivado/kv260_ispMipiRx_vcu_DP/project/kv260_ispMipiRx_vcu_DP.gen/sources_1/bd/kv260_ispMipiRx_vcu_DP/ipshared/e893/hdl/axi_clock_converter_v2_1_vl_rfs.v:221]
WARNING: [Synth 8-7129] Port SAMPLE_CYCLE in module axi_clock_converter_v2_1_25_axic_sync_clock_converter__parameterized1 is either unconnected or has no load
WARNING: [Synth 8-7129] Port SAMPLE_CYCLE_EARLY in module axi_clock_converter_v2_1_25_axic_sync_clock_converter__parameterized0 is either unconnected or has no load
WARNING: [Synth 8-7129] Port SAMPLE_CYCLE_EARLY in module axi_clock_converter_v2_1_25_axic_sync_clock_converter is either unconnected or has no load
WARNING: [Synth 8-7129] Port s_axi_wid[0] in module axi_clock_converter_v2_1_25_axi_clock_converter is either unconnected or has no load
WARNING: [Synth 8-7129] Port s_axi_arid[0] in module axi_clock_converter_v2_1_25_axi_clock_converter is either unconnected or has no load
WARNING: [Synth 8-7129] Port s_axi_araddr[63] in module axi_clock_converter_v2_1_25_axi_clock_converter is either unconnected or has no load
WARNING: [Synth 8-7129] Port s_axi_araddr[62] in module axi_clock_converter_v2_1_25_axi_clock_converter is either unconnected or has no load
WARNING: [Synth 8-7129] Port s_axi_araddr[61] in module axi_clock_converter_v2_1_25_axi_clock_converter is either unconnected or has no load
WARNING: [Synth 8-7129] Port s_axi_araddr[60] in module axi_clock_converter_v2_1_25_axi_clock_converter is either unconnected or has no load
WARNING: [Synth 8-7129] Port s_axi_araddr[59] in module axi_clock_converter_v2_1_25_axi_clock_converter is either unconnected or has no load
WARNING: [Synth 8-7129] Port s_axi_araddr[58] in module axi_clock_converter_v2_1_25_axi_clock_converter is either unconnected or has no load
WARNING: [Synth 8-7129] Port s_axi_araddr[57] in module axi_clock_converter_v2_1_25_axi_clock_converter is either unconnected or has no load
WARNING: [Synth 8-7129] Port s_axi_araddr[56] in module axi_clock_converter_v2_1_25_axi_clock_converter is either unconnected or has no load
WARNING: [Synth 8-7129] Port s_axi_araddr[55] in module axi_clock_converter_v2_1_25_axi_clock_converter is either unconnected or has no load
WARNING: [Synth 8-7129] Port s_axi_araddr[54] in module axi_clock_converter_v2_1_25_axi_clock_converter is either unconnected or has no load
WARNING: [Synth 8-7129] Port s_axi_araddr[53] in module axi_clock_converter_v2_1_25_axi_clock_converter is either unconnected or has no load
WARNING: [Synth 8-7129] Port s_axi_araddr[52] in module axi_clock_converter_v2_1_25_axi_clock_converter is either unconnected or has no load
WARNING: [Synth 8-7129] Port s_axi_araddr[51] in module axi_clock_converter_v2_1_25_axi_clock_converter is either unconnected or has no load
WARNING: [Synth 8-7129] Port s_axi_araddr[50] in module axi_clock_converter_v2_1_25_axi_clock_converter is either unconnected or has no load
WARNING: [Synth 8-7129] Port s_axi_araddr[49] in module axi_clock_converter_v2_1_25_axi_clock_converter is either unconnected or has no load
WARNING: [Synth 8-7129] Port s_axi_araddr[48] in module axi_clock_converter_v2_1_25_axi_clock_converter is either unconnected or has no load
WARNING: [Synth 8-7129] Port s_axi_araddr[47] in module axi_clock_converter_v2_1_25_axi_clock_converter is either unconnected or has no load
WARNING: [Synth 8-7129] Port s_axi_araddr[46] in module axi_clock_converter_v2_1_25_axi_clock_converter is either unconnected or has no load
WARNING: [Synth 8-7129] Port s_axi_araddr[45] in module axi_clock_converter_v2_1_25_axi_clock_converter is either unconnected or has no load
WARNING: [Synth 8-7129] Port s_axi_araddr[44] in module axi_clock_converter_v2_1_25_axi_clock_converter is either unconnected or has no load
WARNING: [Synth 8-7129] Port s_axi_araddr[43] in module axi_clock_converter_v2_1_25_axi_clock_converter is either unconnected or has no load
WARNING: [Synth 8-7129] Port s_axi_araddr[42] in module axi_clock_converter_v2_1_25_axi_clock_converter is either unconnected or has no load
WARNING: [Synth 8-7129] Port s_axi_araddr[41] in module axi_clock_converter_v2_1_25_axi_clock_converter is either unconnected or has no load
WARNING: [Synth 8-7129] Port s_axi_araddr[40] in module axi_clock_converter_v2_1_25_axi_clock_converter is either unconnected or has no load
WARNING: [Synth 8-7129] Port s_axi_araddr[39] in module axi_clock_converter_v2_1_25_axi_clock_converter is either unconnected or has no load
WARNING: [Synth 8-7129] Port s_axi_araddr[38] in module axi_clock_converter_v2_1_25_axi_clock_converter is either unconnected or has no load
WARNING: [Synth 8-7129] Port s_axi_araddr[37] in module axi_clock_converter_v2_1_25_axi_clock_converter is either unconnected or has no load
WARNING: [Synth 8-7129] Port s_axi_araddr[36] in module axi_clock_converter_v2_1_25_axi_clock_converter is either unconnected or has no load
WARNING: [Synth 8-7129] Port s_axi_araddr[35] in module axi_clock_converter_v2_1_25_axi_clock_converter is either unconnected or has no load
WARNING: [Synth 8-7129] Port s_axi_araddr[34] in module axi_clock_converter_v2_1_25_axi_clock_converter is either unconnected or has no load
WARNING: [Synth 8-7129] Port s_axi_araddr[33] in module axi_clock_converter_v2_1_25_axi_clock_converter is either unconnected or has no load
WARNING: [Synth 8-7129] Port s_axi_araddr[32] in module axi_clock_converter_v2_1_25_axi_clock_converter is either unconnected or has no load
WARNING: [Synth 8-7129] Port s_axi_araddr[31] in module axi_clock_converter_v2_1_25_axi_clock_converter is either unconnected or has no load
WARNING: [Synth 8-7129] Port s_axi_araddr[30] in module axi_clock_converter_v2_1_25_axi_clock_converter is either unconnected or has no load
WARNING: [Synth 8-7129] Port s_axi_araddr[29] in module axi_clock_converter_v2_1_25_axi_clock_converter is either unconnected or has no load
WARNING: [Synth 8-7129] Port s_axi_araddr[28] in module axi_clock_converter_v2_1_25_axi_clock_converter is either unconnected or has no load
WARNING: [Synth 8-7129] Port s_axi_araddr[27] in module axi_clock_converter_v2_1_25_axi_clock_converter is either unconnected or has no load
WARNING: [Synth 8-7129] Port s_axi_araddr[26] in module axi_clock_converter_v2_1_25_axi_clock_converter is either unconnected or has no load
WARNING: [Synth 8-7129] Port s_axi_araddr[25] in module axi_clock_converter_v2_1_25_axi_clock_converter is either unconnected or has no load
WARNING: [Synth 8-7129] Port s_axi_araddr[24] in module axi_clock_converter_v2_1_25_axi_clock_converter is either unconnected or has no load
WARNING: [Synth 8-7129] Port s_axi_araddr[23] in module axi_clock_converter_v2_1_25_axi_clock_converter is either unconnected or has no load
WARNING: [Synth 8-7129] Port s_axi_araddr[22] in module axi_clock_converter_v2_1_25_axi_clock_converter is either unconnected or has no load
WARNING: [Synth 8-7129] Port s_axi_araddr[21] in module axi_clock_converter_v2_1_25_axi_clock_converter is either unconnected or has no load
WARNING: [Synth 8-7129] Port s_axi_araddr[20] in module axi_clock_converter_v2_1_25_axi_clock_converter is either unconnected or has no load
WARNING: [Synth 8-7129] Port s_axi_araddr[19] in module axi_clock_converter_v2_1_25_axi_clock_converter is either unconnected or has no load
WARNING: [Synth 8-7129] Port s_axi_araddr[18] in module axi_clock_converter_v2_1_25_axi_clock_converter is either unconnected or has no load
WARNING: [Synth 8-7129] Port s_axi_araddr[17] in module axi_clock_converter_v2_1_25_axi_clock_converter is either unconnected or has no load
WARNING: [Synth 8-7129] Port s_axi_araddr[16] in module axi_clock_converter_v2_1_25_axi_clock_converter is either unconnected or has no load
WARNING: [Synth 8-7129] Port s_axi_araddr[15] in module axi_clock_converter_v2_1_25_axi_clock_converter is either unconnected or has no load
WARNING: [Synth 8-7129] Port s_axi_araddr[14] in module axi_clock_converter_v2_1_25_axi_clock_converter is either unconnected or has no load
WARNING: [Synth 8-7129] Port s_axi_araddr[13] in module axi_clock_converter_v2_1_25_axi_clock_converter is either unconnected or has no load
WARNING: [Synth 8-7129] Port s_axi_araddr[12] in module axi_clock_converter_v2_1_25_axi_clock_converter is either unconnected or has no load
WARNING: [Synth 8-7129] Port s_axi_araddr[11] in module axi_clock_converter_v2_1_25_axi_clock_converter is either unconnected or has no load
WARNING: [Synth 8-7129] Port s_axi_araddr[10] in module axi_clock_converter_v2_1_25_axi_clock_converter is either unconnected or has no load
WARNING: [Synth 8-7129] Port s_axi_araddr[9] in module axi_clock_converter_v2_1_25_axi_clock_converter is either unconnected or has no load
WARNING: [Synth 8-7129] Port s_axi_araddr[8] in module axi_clock_converter_v2_1_25_axi_clock_converter is either unconnected or has no load
WARNING: [Synth 8-7129] Port s_axi_araddr[7] in module axi_clock_converter_v2_1_25_axi_clock_converter is either unconnected or has no load
WARNING: [Synth 8-7129] Port s_axi_araddr[6] in module axi_clock_converter_v2_1_25_axi_clock_converter is either unconnected or has no load
WARNING: [Synth 8-7129] Port s_axi_araddr[5] in module axi_clock_converter_v2_1_25_axi_clock_converter is either unconnected or has no load
WARNING: [Synth 8-7129] Port s_axi_araddr[4] in module axi_clock_converter_v2_1_25_axi_clock_converter is either unconnected or has no load
WARNING: [Synth 8-7129] Port s_axi_araddr[3] in module axi_clock_converter_v2_1_25_axi_clock_converter is either unconnected or has no load
WARNING: [Synth 8-7129] Port s_axi_araddr[2] in module axi_clock_converter_v2_1_25_axi_clock_converter is either unconnected or has no load
WARNING: [Synth 8-7129] Port s_axi_araddr[1] in module axi_clock_converter_v2_1_25_axi_clock_converter is either unconnected or has no load
WARNING: [Synth 8-7129] Port s_axi_araddr[0] in module axi_clock_converter_v2_1_25_axi_clock_converter is either unconnected or has no load
WARNING: [Synth 8-7129] Port s_axi_arlen[7] in module axi_clock_converter_v2_1_25_axi_clock_converter is either unconnected or has no load
WARNING: [Synth 8-7129] Port s_axi_arlen[6] in module axi_clock_converter_v2_1_25_axi_clock_converter is either unconnected or has no load
WARNING: [Synth 8-7129] Port s_axi_arlen[5] in module axi_clock_converter_v2_1_25_axi_clock_converter is either unconnected or has no load
WARNING: [Synth 8-7129] Port s_axi_arlen[4] in module axi_clock_converter_v2_1_25_axi_clock_converter is either unconnected or has no load
WARNING: [Synth 8-7129] Port s_axi_arlen[3] in module axi_clock_converter_v2_1_25_axi_clock_converter is either unconnected or has no load
WARNING: [Synth 8-7129] Port s_axi_arlen[2] in module axi_clock_converter_v2_1_25_axi_clock_converter is either unconnected or has no load
WARNING: [Synth 8-7129] Port s_axi_arlen[1] in module axi_clock_converter_v2_1_25_axi_clock_converter is either unconnected or has no load
WARNING: [Synth 8-7129] Port s_axi_arlen[0] in module axi_clock_converter_v2_1_25_axi_clock_converter is either unconnected or has no load
WARNING: [Synth 8-7129] Port s_axi_arsize[2] in module axi_clock_converter_v2_1_25_axi_clock_converter is either unconnected or has no load
WARNING: [Synth 8-7129] Port s_axi_arsize[1] in module axi_clock_converter_v2_1_25_axi_clock_converter is either unconnected or has no load
WARNING: [Synth 8-7129] Port s_axi_arsize[0] in module axi_clock_converter_v2_1_25_axi_clock_converter is either unconnected or has no load
WARNING: [Synth 8-7129] Port s_axi_arburst[1] in module axi_clock_converter_v2_1_25_axi_clock_converter is either unconnected or has no load
WARNING: [Synth 8-7129] Port s_axi_arburst[0] in module axi_clock_converter_v2_1_25_axi_clock_converter is either unconnected or has no load
WARNING: [Synth 8-7129] Port s_axi_arlock[0] in module axi_clock_converter_v2_1_25_axi_clock_converter is either unconnected or has no load
WARNING: [Synth 8-7129] Port s_axi_arcache[3] in module axi_clock_converter_v2_1_25_axi_clock_converter is either unconnected or has no load
WARNING: [Synth 8-7129] Port s_axi_arcache[2] in module axi_clock_converter_v2_1_25_axi_clock_converter is either unconnected or has no load
WARNING: [Synth 8-7129] Port s_axi_arcache[1] in module axi_clock_converter_v2_1_25_axi_clock_converter is either unconnected or has no load
WARNING: [Synth 8-7129] Port s_axi_arcache[0] in module axi_clock_converter_v2_1_25_axi_clock_converter is either unconnected or has no load
WARNING: [Synth 8-7129] Port s_axi_arprot[2] in module axi_clock_converter_v2_1_25_axi_clock_converter is either unconnected or has no load
WARNING: [Synth 8-7129] Port s_axi_arprot[1] in module axi_clock_converter_v2_1_25_axi_clock_converter is either unconnected or has no load
WARNING: [Synth 8-7129] Port s_axi_arprot[0] in module axi_clock_converter_v2_1_25_axi_clock_converter is either unconnected or has no load
WARNING: [Synth 8-7129] Port s_axi_arregion[3] in module axi_clock_converter_v2_1_25_axi_clock_converter is either unconnected or has no load
WARNING: [Synth 8-7129] Port s_axi_arregion[2] in module axi_clock_converter_v2_1_25_axi_clock_converter is either unconnected or has no load
WARNING: [Synth 8-7129] Port s_axi_arregion[1] in module axi_clock_converter_v2_1_25_axi_clock_converter is either unconnected or has no load
WARNING: [Synth 8-7129] Port s_axi_arregion[0] in module axi_clock_converter_v2_1_25_axi_clock_converter is either unconnected or has no load
WARNING: [Synth 8-7129] Port s_axi_arqos[3] in module axi_clock_converter_v2_1_25_axi_clock_converter is either unconnected or has no load
WARNING: [Synth 8-7129] Port s_axi_arqos[2] in module axi_clock_converter_v2_1_25_axi_clock_converter is either unconnected or has no load
WARNING: [Synth 8-7129] Port s_axi_arqos[1] in module axi_clock_converter_v2_1_25_axi_clock_converter is either unconnected or has no load
WARNING: [Synth 8-7129] Port s_axi_arqos[0] in module axi_clock_converter_v2_1_25_axi_clock_converter is either unconnected or has no load
WARNING: [Synth 8-7129] Port s_axi_aruser[0] in module axi_clock_converter_v2_1_25_axi_clock_converter is either unconnected or has no load
WARNING: [Synth 8-7129] Port s_axi_arvalid in module axi_clock_converter_v2_1_25_axi_clock_converter is either unconnected or has no load
INFO: [Common 17-14] Message 'Synth 8-7129' appears 100 times and further instances of the messages will be disabled. Use the Tcl command set_msg_config to change the current settings.
---------------------------------------------------------------------------------
Finished RTL Elaboration : Time (s): cpu = 00:00:08 ; elapsed = 00:00:10 . Memory (MB): peak = 2969.504 ; gain = 350.734 ; free physical = 365 ; free virtual = 19613
---------------------------------------------------------------------------------
---------------------------------------------------------------------------------
Start Handling Custom Attributes
---------------------------------------------------------------------------------
---------------------------------------------------------------------------------
Finished Handling Custom Attributes : Time (s): cpu = 00:00:09 ; elapsed = 00:00:10 . Memory (MB): peak = 2987.316 ; gain = 368.547 ; free physical = 246 ; free virtual = 19495
---------------------------------------------------------------------------------
---------------------------------------------------------------------------------
Finished RTL Optimization Phase 1 : Time (s): cpu = 00:00:09 ; elapsed = 00:00:10 . Memory (MB): peak = 2987.316 ; gain = 368.547 ; free physical = 246 ; free virtual = 19495
---------------------------------------------------------------------------------
Netlist sorting complete. Time (s): cpu = 00:00:00 ; elapsed = 00:00:00 . Memory (MB): peak = 2987.316 ; gain = 0.000 ; free physical = 199 ; free virtual = 19446
INFO: [Project 1-570] Preparing netlist for logic optimization

Processing XDC Constraints
Initializing timing engine
Parsing XDC File [/home/anubhav/Documents/kria-vitis-platforms/kv260/platforms/vivado/kv260_ispMipiRx_vcu_DP/project/kv260_ispMipiRx_vcu_DP.gen/sources_1/bd/kv260_ispMipiRx_vcu_DP/ip/kv260_ispMipiRx_vcu_DP_axi_clock_converter_s2mm_0/kv260_ispMipiRx_vcu_DP_axi_clock_converter_s2mm_0_ooc.xdc] for cell 'inst'
Finished Parsing XDC File [/home/anubhav/Documents/kria-vitis-platforms/kv260/platforms/vivado/kv260_ispMipiRx_vcu_DP/project/kv260_ispMipiRx_vcu_DP.gen/sources_1/bd/kv260_ispMipiRx_vcu_DP/ip/kv260_ispMipiRx_vcu_DP_axi_clock_converter_s2mm_0/kv260_ispMipiRx_vcu_DP_axi_clock_converter_s2mm_0_ooc.xdc] for cell 'inst'
Parsing XDC File [/home/anubhav/Documents/kria-vitis-platforms/kv260/platforms/vivado/kv260_ispMipiRx_vcu_DP/project/kv260_ispMipiRx_vcu_DP.runs/kv260_ispMipiRx_vcu_DP_axi_clock_converter_s2mm_0_synth_1/dont_touch.xdc]
Finished Parsing XDC File [/home/anubhav/Documents/kria-vitis-platforms/kv260/platforms/vivado/kv260_ispMipiRx_vcu_DP/project/kv260_ispMipiRx_vcu_DP.runs/kv260_ispMipiRx_vcu_DP_axi_clock_converter_s2mm_0_synth_1/dont_touch.xdc]
Completed Processing XDC Constraints

Netlist sorting complete. Time (s): cpu = 00:00:00 ; elapsed = 00:00:00 . Memory (MB): peak = 3150.035 ; gain = 0.000 ; free physical = 2554 ; free virtual = 21476
INFO: [Project 1-111] Unisim Transformation Summary:
No Unisim elements were transformed.

Constraint Validation Runtime : Time (s): cpu = 00:00:00.02 ; elapsed = 00:00:00.01 . Memory (MB): peak = 3150.035 ; gain = 0.000 ; free physical = 2551 ; free virtual = 21473
INFO: [Designutils 20-5008] Incremental synthesis strategy off
---------------------------------------------------------------------------------
Finished Constraint Validation : Time (s): cpu = 00:00:16 ; elapsed = 00:00:18 . Memory (MB): peak = 3150.035 ; gain = 531.266 ; free physical = 635 ; free virtual = 19614
---------------------------------------------------------------------------------
---------------------------------------------------------------------------------
Start Loading Part and Timing Information
---------------------------------------------------------------------------------
Loading part: xck26-sfvc784-2LV-c
INFO: [Synth 8-6742] Reading net delay rules and data
---------------------------------------------------------------------------------
Finished Loading Part and Timing Information : Time (s): cpu = 00:00:16 ; elapsed = 00:00:18 . Memory (MB): peak = 3150.035 ; gain = 531.266 ; free physical = 631 ; free virtual = 19609
---------------------------------------------------------------------------------
---------------------------------------------------------------------------------
Start Applying 'set_property' XDC Constraints
---------------------------------------------------------------------------------
Applied set_property KEEP_HIERARCHY = SOFT for inst. (constraint file  /home/anubhav/Documents/kria-vitis-platforms/kv260/platforms/vivado/kv260_ispMipiRx_vcu_DP/project/kv260_ispMipiRx_vcu_DP.runs/kv260_ispMipiRx_vcu_DP_axi_clock_converter_s2mm_0_synth_1/dont_touch.xdc, line 9).
---------------------------------------------------------------------------------
Finished applying 'set_property' XDC Constraints : Time (s): cpu = 00:00:16 ; elapsed = 00:00:18 . Memory (MB): peak = 3150.035 ; gain = 531.266 ; free physical = 624 ; free virtual = 19603
---------------------------------------------------------------------------------
INFO: [Synth 8-802] inferred FSM for state register 'gen_sync_clock_converter.state_reg' in module 'axi_clock_converter_v2_1_25_axic_sync_clock_converter'
INFO: [Synth 8-802] inferred FSM for state register 'gen_sync_clock_converter.state_reg' in module 'axi_clock_converter_v2_1_25_axic_sync_clock_converter__parameterized0'
INFO: [Synth 8-802] inferred FSM for state register 'gen_sync_clock_converter.state_reg' in module 'axi_clock_converter_v2_1_25_axic_sync_clock_converter__parameterized1'
---------------------------------------------------------------------------------------------------
                   State |                     New Encoding |                Previous Encoding 
---------------------------------------------------------------------------------------------------
                    INIT |                               00 |                               00
                    ZERO |                               01 |                               10
                     TWO |                               10 |                               01
---------------------------------------------------------------------------------------------------
INFO: [Synth 8-3354] encoded FSM with state register 'gen_sync_clock_converter.state_reg' using encoding 'sequential' in module 'axi_clock_converter_v2_1_25_axic_sync_clock_converter'
---------------------------------------------------------------------------------------------------
                   State |                     New Encoding |                Previous Encoding 
---------------------------------------------------------------------------------------------------
                    INIT |                               00 |                               00
                    ZERO |                               01 |                               10
                     ONE |                               10 |                               11
                     TWO |                               11 |                               01
---------------------------------------------------------------------------------------------------
INFO: [Synth 8-3354] encoded FSM with state register 'gen_sync_clock_converter.state_reg' using encoding 'sequential' in module 'axi_clock_converter_v2_1_25_axic_sync_clock_converter__parameterized0'
---------------------------------------------------------------------------------------------------
                   State |                     New Encoding |                Previous Encoding 
---------------------------------------------------------------------------------------------------
                    INIT |                              001 |                               00
                    ZERO |                              010 |                               10
                     TWO |                              100 |                               01
---------------------------------------------------------------------------------------------------
INFO: [Synth 8-3354] encoded FSM with state register 'gen_sync_clock_converter.state_reg' using encoding 'one-hot' in module 'axi_clock_converter_v2_1_25_axic_sync_clock_converter__parameterized1'
---------------------------------------------------------------------------------
Finished RTL Optimization Phase 2 : Time (s): cpu = 00:00:17 ; elapsed = 00:00:18 . Memory (MB): peak = 3150.035 ; gain = 531.266 ; free physical = 389 ; free virtual = 19370
---------------------------------------------------------------------------------
---------------------------------------------------------------------------------
Start RTL Component Statistics 
---------------------------------------------------------------------------------
Detailed RTL Component Info : 
+---Registers : 
	               98 Bit    Registers := 1     
	               38 Bit    Registers := 2     
	                4 Bit    Registers := 1     
	                2 Bit    Registers := 1     
	                1 Bit    Registers := 19    
+---Muxes : 
	   2 Input   38 Bit        Muxes := 1     
	   6 Input    3 Bit        Muxes := 1     
	   2 Input    2 Bit        Muxes := 13    
	   3 Input    2 Bit        Muxes := 3     
	   6 Input    2 Bit        Muxes := 1     
	   4 Input    2 Bit        Muxes := 2     
	   9 Input    2 Bit        Muxes := 1     
	   2 Input    1 Bit        Muxes := 10    
---------------------------------------------------------------------------------
Finished RTL Component Statistics 
---------------------------------------------------------------------------------
---------------------------------------------------------------------------------
Start Part Resource Summary
---------------------------------------------------------------------------------
Part Resources:
DSPs: 1248 (col length:96)
BRAMs: 288 (col length: RAMB18 96 RAMB36 48)
---------------------------------------------------------------------------------
Finished Part Resource Summary
---------------------------------------------------------------------------------
---------------------------------------------------------------------------------
Start Cross Boundary and Area Optimization
---------------------------------------------------------------------------------
WARNING: [Synth 8-7080] Parallel synthesis criteria is not met
---------------------------------------------------------------------------------
Finished Cross Boundary and Area Optimization : Time (s): cpu = 00:00:18 ; elapsed = 00:00:19 . Memory (MB): peak = 3150.035 ; gain = 531.266 ; free physical = 157 ; free virtual = 19011
---------------------------------------------------------------------------------
---------------------------------------------------------------------------------
Start Applying XDC Timing Constraints
---------------------------------------------------------------------------------
---------------------------------------------------------------------------------
Finished Applying XDC Timing Constraints : Time (s): cpu = 00:00:26 ; elapsed = 00:00:29 . Memory (MB): peak = 3391.012 ; gain = 772.242 ; free physical = 1790 ; free virtual = 17782
---------------------------------------------------------------------------------
---------------------------------------------------------------------------------
Start Timing Optimization
---------------------------------------------------------------------------------
---------------------------------------------------------------------------------
Finished Timing Optimization : Time (s): cpu = 00:00:26 ; elapsed = 00:00:30 . Memory (MB): peak = 3412.043 ; gain = 793.273 ; free physical = 1788 ; free virtual = 17799
---------------------------------------------------------------------------------
---------------------------------------------------------------------------------
Start Technology Mapping
---------------------------------------------------------------------------------
---------------------------------------------------------------------------------
Finished Technology Mapping : Time (s): cpu = 00:00:26 ; elapsed = 00:00:30 . Memory (MB): peak = 3428.059 ; gain = 809.289 ; free physical = 1798 ; free virtual = 17826
---------------------------------------------------------------------------------
---------------------------------------------------------------------------------
Start IO Insertion
---------------------------------------------------------------------------------
---------------------------------------------------------------------------------
Start Flattening Before IO Insertion
---------------------------------------------------------------------------------
---------------------------------------------------------------------------------
Finished Flattening Before IO Insertion
---------------------------------------------------------------------------------
---------------------------------------------------------------------------------
Start Final Netlist Cleanup
---------------------------------------------------------------------------------
---------------------------------------------------------------------------------
Finished Final Netlist Cleanup
---------------------------------------------------------------------------------
---------------------------------------------------------------------------------
Finished IO Insertion : Time (s): cpu = 00:00:29 ; elapsed = 00:00:32 . Memory (MB): peak = 3428.059 ; gain = 809.289 ; free physical = 2343 ; free virtual = 19196
---------------------------------------------------------------------------------
---------------------------------------------------------------------------------
Start Renaming Generated Instances
---------------------------------------------------------------------------------
---------------------------------------------------------------------------------
Finished Renaming Generated Instances : Time (s): cpu = 00:00:29 ; elapsed = 00:00:32 . Memory (MB): peak = 3428.059 ; gain = 809.289 ; free physical = 2342 ; free virtual = 19217
---------------------------------------------------------------------------------
---------------------------------------------------------------------------------
Start Rebuilding User Hierarchy
---------------------------------------------------------------------------------
---------------------------------------------------------------------------------
Finished Rebuilding User Hierarchy : Time (s): cpu = 00:00:29 ; elapsed = 00:00:32 . Memory (MB): peak = 3428.059 ; gain = 809.289 ; free physical = 2517 ; free virtual = 19432
---------------------------------------------------------------------------------
---------------------------------------------------------------------------------
Start Renaming Generated Ports
---------------------------------------------------------------------------------
---------------------------------------------------------------------------------
Finished Renaming Generated Ports : Time (s): cpu = 00:00:29 ; elapsed = 00:00:32 . Memory (MB): peak = 3428.059 ; gain = 809.289 ; free physical = 2518 ; free virtual = 19455
---------------------------------------------------------------------------------
---------------------------------------------------------------------------------
Start Handling Custom Attributes
---------------------------------------------------------------------------------
---------------------------------------------------------------------------------
Finished Handling Custom Attributes : Time (s): cpu = 00:00:29 ; elapsed = 00:00:32 . Memory (MB): peak = 3428.059 ; gain = 809.289 ; free physical = 2631 ; free virtual = 19571
---------------------------------------------------------------------------------
---------------------------------------------------------------------------------
Start Renaming Generated Nets
---------------------------------------------------------------------------------
---------------------------------------------------------------------------------
Finished Renaming Generated Nets : Time (s): cpu = 00:00:29 ; elapsed = 00:00:32 . Memory (MB): peak = 3428.059 ; gain = 809.289 ; free physical = 2654 ; free virtual = 19594
---------------------------------------------------------------------------------
---------------------------------------------------------------------------------
Start Writing Synthesis Report
---------------------------------------------------------------------------------

Report BlackBoxes: 
+-+--------------+----------+
| |BlackBox name |Instances |
+-+--------------+----------+
+-+--------------+----------+

Report Cell Usage: 
+------+-----+------+
|      |Cell |Count |
+------+-----+------+
|1     |LUT1 |     1|
|2     |LUT2 |     4|
|3     |LUT3 |     1|
|4     |LUT4 |     6|
|5     |LUT5 |     3|
|6     |LUT6 |    46|
|7     |FDRE |   197|
+------+-----+------+
---------------------------------------------------------------------------------
Finished Writing Synthesis Report : Time (s): cpu = 00:00:29 ; elapsed = 00:00:32 . Memory (MB): peak = 3428.059 ; gain = 809.289 ; free physical = 2714 ; free virtual = 19655
---------------------------------------------------------------------------------
Synthesis finished with 0 errors, 0 critical warnings and 138 warnings.
Synthesis Optimization Runtime : Time (s): cpu = 00:00:24 ; elapsed = 00:00:28 . Memory (MB): peak = 3428.059 ; gain = 646.570 ; free physical = 3201 ; free virtual = 20229
Synthesis Optimization Complete : Time (s): cpu = 00:00:29 ; elapsed = 00:00:32 . Memory (MB): peak = 3428.066 ; gain = 809.289 ; free physical = 3202 ; free virtual = 20231
INFO: [Project 1-571] Translating synthesized netlist
Netlist sorting complete. Time (s): cpu = 00:00:00.01 ; elapsed = 00:00:00 . Memory (MB): peak = 3436.059 ; gain = 0.000 ; free physical = 3259 ; free virtual = 20344
INFO: [Project 1-570] Preparing netlist for logic optimization
INFO: [Opt 31-138] Pushed 0 inverter(s) to 0 load pin(s).
Netlist sorting complete. Time (s): cpu = 00:00:00 ; elapsed = 00:00:00 . Memory (MB): peak = 3454.902 ; gain = 0.000 ; free physical = 3153 ; free virtual = 20364
INFO: [Project 1-111] Unisim Transformation Summary:
No Unisim elements were transformed.

Synth Design complete, checksum: d5faa055
INFO: [Common 17-83] Releasing license: Synthesis
36 Infos, 104 Warnings, 0 Critical Warnings and 0 Errors encountered.
synth_design completed successfully
synth_design: Time (s): cpu = 00:00:37 ; elapsed = 00:00:38 . Memory (MB): peak = 3454.902 ; gain = 836.133 ; free physical = 3344 ; free virtual = 20588
INFO: [Common 17-1381] The checkpoint '/home/anubhav/Documents/kria-vitis-platforms/kv260/platforms/vivado/kv260_ispMipiRx_vcu_DP/project/kv260_ispMipiRx_vcu_DP.runs/kv260_ispMipiRx_vcu_DP_axi_clock_converter_s2mm_0_synth_1/kv260_ispMipiRx_vcu_DP_axi_clock_converter_s2mm_0.dcp' has been generated.
INFO: [Coretcl 2-1648] Added synthesis output to IP cache for IP kv260_ispMipiRx_vcu_DP_axi_clock_converter_s2mm_0, cache-ID = c094138f6a570950
INFO: [Coretcl 2-1174] Renamed 5 cell refs.
INFO: [Common 17-1381] The checkpoint '/home/anubhav/Documents/kria-vitis-platforms/kv260/platforms/vivado/kv260_ispMipiRx_vcu_DP/project/kv260_ispMipiRx_vcu_DP.runs/kv260_ispMipiRx_vcu_DP_axi_clock_converter_s2mm_0_synth_1/kv260_ispMipiRx_vcu_DP_axi_clock_converter_s2mm_0.dcp' has been generated.
INFO: [runtcl-4] Executing : report_utilization -file kv260_ispMipiRx_vcu_DP_axi_clock_converter_s2mm_0_utilization_synth.rpt -pb kv260_ispMipiRx_vcu_DP_axi_clock_converter_s2mm_0_utilization_synth.pb
INFO: [Common 17-206] Exiting Vivado at Thu Sep 21 21:23:42 2023...
