
*** Running vivado
    with args -log kv260_ispMipiRx_vcu_DP_i2s_transmitter_0_0.vds -m64 -product Vivado -mode batch -messageDb vivado.pb -notrace -source kv260_ispMipiRx_vcu_DP_i2s_transmitter_0_0.tcl


****** Vivado v2022.1 (64-bit)
  **** SW Build 3526262 on Mon Apr 18 15:47:01 MDT 2022
  **** IP Build 3524634 on Mon Apr 18 20:55:01 MDT 2022
    ** Copyright 1986-2022 Xilinx, Inc. All Rights Reserved.

source kv260_ispMipiRx_vcu_DP_i2s_transmitter_0_0.tcl -notrace
INFO: [IP_Flow 19-234] Refreshing IP repositories
INFO: [IP_Flow 19-1700] Loaded user IP repository '/home/anubhav/Documents/kria-vitis-platforms/kv260/platforms/vivado/kv260_ispMipiRx_vcu_DP/ip'.
INFO: [IP_Flow 19-2313] Loaded Vivado IP repository '/tools/Xilinx/Vivado/2022.1/data/ip'.
Command: synth_design -top kv260_ispMipiRx_vcu_DP_i2s_transmitter_0_0 -part xck26-sfvc784-2LV-c -incremental_mode off -mode out_of_context
Starting synth_design
Attempting to get a license for feature 'Synthesis' and/or device 'xck26'
INFO: [Common 17-349] Got license for feature 'Synthesis' and/or device 'xck26'
INFO: [Device 21-403] Loading part xck26-sfvc784-2LV-c
INFO: [Synth 8-7079] Multithreading enabled for synth_design using a maximum of 4 processes.
INFO: [Synth 8-7078] Launching helper process for spawning children vivado processes
INFO: [Synth 8-7075] Helper process launched with PID 59436
WARNING: [Synth 8-9501] generate block is allowed only inside loop and conditional generate in SystemVerilog mode [/tools/Xilinx/Vivado/2022.1/data/ip/xpm/xpm_fifo/hdl/xpm_fifo.sv:4023]
---------------------------------------------------------------------------------
Starting RTL Elaboration : Time (s): cpu = 00:00:03 ; elapsed = 00:00:03 . Memory (MB): peak = 2811.598 ; gain = 190.828 ; free physical = 1454 ; free virtual = 19424
---------------------------------------------------------------------------------
INFO: [Synth 8-6157] synthesizing module 'kv260_ispMipiRx_vcu_DP_i2s_transmitter_0_0' [/home/anubhav/Documents/kria-vitis-platforms/kv260/platforms/vivado/kv260_ispMipiRx_vcu_DP/project/kv260_ispMipiRx_vcu_DP.gen/sources_1/bd/kv260_ispMipiRx_vcu_DP/ip/kv260_ispMipiRx_vcu_DP_i2s_transmitter_0_0/synth/kv260_ispMipiRx_vcu_DP_i2s_transmitter_0_0.sv:53]
INFO: [Synth 8-6157] synthesizing module 'xpm_cdc_array_single' [/tools/Xilinx/Vivado/2022.1/data/ip/xpm/xpm_cdc/hdl/xpm_cdc.sv:902]
INFO: [Synth 8-6155] done synthesizing module 'xpm_cdc_array_single' (0#1) [/tools/Xilinx/Vivado/2022.1/data/ip/xpm/xpm_cdc/hdl/xpm_cdc.sv:902]
INFO: [Synth 8-6157] synthesizing module 'xpm_cdc_array_single__parameterized0' [/tools/Xilinx/Vivado/2022.1/data/ip/xpm/xpm_cdc/hdl/xpm_cdc.sv:902]
INFO: [Synth 8-6155] done synthesizing module 'xpm_cdc_array_single__parameterized0' (0#1) [/tools/Xilinx/Vivado/2022.1/data/ip/xpm/xpm_cdc/hdl/xpm_cdc.sv:902]
INFO: [Synth 8-6157] synthesizing module 'xpm_cdc_single' [/tools/Xilinx/Vivado/2022.1/data/ip/xpm/xpm_cdc/hdl/xpm_cdc.sv:152]
INFO: [Synth 8-6155] done synthesizing module 'xpm_cdc_single' (0#1) [/tools/Xilinx/Vivado/2022.1/data/ip/xpm/xpm_cdc/hdl/xpm_cdc.sv:152]
INFO: [Synth 8-6157] synthesizing module 'xpm_cdc_array_single__parameterized1' [/tools/Xilinx/Vivado/2022.1/data/ip/xpm/xpm_cdc/hdl/xpm_cdc.sv:902]
INFO: [Synth 8-6155] done synthesizing module 'xpm_cdc_array_single__parameterized1' (0#1) [/tools/Xilinx/Vivado/2022.1/data/ip/xpm/xpm_cdc/hdl/xpm_cdc.sv:902]
INFO: [Synth 8-6157] synthesizing module 'xpm_cdc_pulse' [/tools/Xilinx/Vivado/2022.1/data/ip/xpm/xpm_cdc/hdl/xpm_cdc.sv:714]
INFO: [Synth 8-6157] synthesizing module 'xpm_cdc_single__parameterized0' [/tools/Xilinx/Vivado/2022.1/data/ip/xpm/xpm_cdc/hdl/xpm_cdc.sv:152]
INFO: [Synth 8-6155] done synthesizing module 'xpm_cdc_single__parameterized0' (0#1) [/tools/Xilinx/Vivado/2022.1/data/ip/xpm/xpm_cdc/hdl/xpm_cdc.sv:152]
INFO: [Synth 8-6155] done synthesizing module 'xpm_cdc_pulse' (0#1) [/tools/Xilinx/Vivado/2022.1/data/ip/xpm/xpm_cdc/hdl/xpm_cdc.sv:714]
INFO: [Synth 8-6157] synthesizing module 'xpm_cdc_pulse__parameterized0' [/tools/Xilinx/Vivado/2022.1/data/ip/xpm/xpm_cdc/hdl/xpm_cdc.sv:714]
INFO: [Synth 8-6157] synthesizing module 'xpm_cdc_single__parameterized1' [/tools/Xilinx/Vivado/2022.1/data/ip/xpm/xpm_cdc/hdl/xpm_cdc.sv:152]
INFO: [Synth 8-6155] done synthesizing module 'xpm_cdc_single__parameterized1' (0#1) [/tools/Xilinx/Vivado/2022.1/data/ip/xpm/xpm_cdc/hdl/xpm_cdc.sv:152]
INFO: [Synth 8-6155] done synthesizing module 'xpm_cdc_pulse__parameterized0' (0#1) [/tools/Xilinx/Vivado/2022.1/data/ip/xpm/xpm_cdc/hdl/xpm_cdc.sv:714]
INFO: [Synth 8-6157] synthesizing module 'xpm_cdc_async_rst' [/tools/Xilinx/Vivado/2022.1/data/ip/xpm/xpm_cdc/hdl/xpm_cdc.sv:1174]
INFO: [Synth 8-6155] done synthesizing module 'xpm_cdc_async_rst' (0#1) [/tools/Xilinx/Vivado/2022.1/data/ip/xpm/xpm_cdc/hdl/xpm_cdc.sv:1174]
INFO: [Synth 8-6157] synthesizing module 'xpm_fifo_async' [/tools/Xilinx/Vivado/2022.1/data/ip/xpm/xpm_fifo/hdl/xpm_fifo.sv:2145]
INFO: [Synth 8-6157] synthesizing module 'xpm_fifo_base' [/tools/Xilinx/Vivado/2022.1/data/ip/xpm/xpm_fifo/hdl/xpm_fifo.sv:55]
INFO: [Synth 8-6157] synthesizing module 'xpm_counter_updn' [/tools/Xilinx/Vivado/2022.1/data/ip/xpm/xpm_fifo/hdl/xpm_fifo.sv:1858]
INFO: [Synth 8-6155] done synthesizing module 'xpm_counter_updn' (0#1) [/tools/Xilinx/Vivado/2022.1/data/ip/xpm/xpm_fifo/hdl/xpm_fifo.sv:1858]
INFO: [Synth 8-6157] synthesizing module 'xpm_counter_updn__parameterized0' [/tools/Xilinx/Vivado/2022.1/data/ip/xpm/xpm_fifo/hdl/xpm_fifo.sv:1858]
INFO: [Synth 8-6155] done synthesizing module 'xpm_counter_updn__parameterized0' (0#1) [/tools/Xilinx/Vivado/2022.1/data/ip/xpm/xpm_fifo/hdl/xpm_fifo.sv:1858]
INFO: [Synth 8-6157] synthesizing module 'xpm_memory_base' [/tools/Xilinx/Vivado/2022.1/data/ip/xpm/xpm_memory/hdl/xpm_memory.sv:56]
INFO: [Synth 8-6155] done synthesizing module 'xpm_memory_base' (0#1) [/tools/Xilinx/Vivado/2022.1/data/ip/xpm/xpm_memory/hdl/xpm_memory.sv:56]
INFO: [Synth 8-6157] synthesizing module 'xpm_cdc_gray' [/tools/Xilinx/Vivado/2022.1/data/ip/xpm/xpm_cdc/hdl/xpm_cdc.sv:283]
INFO: [Synth 8-6155] done synthesizing module 'xpm_cdc_gray' (0#1) [/tools/Xilinx/Vivado/2022.1/data/ip/xpm/xpm_cdc/hdl/xpm_cdc.sv:283]
INFO: [Synth 8-6157] synthesizing module 'xpm_fifo_reg_vec' [/tools/Xilinx/Vivado/2022.1/data/ip/xpm/xpm_fifo/hdl/xpm_fifo.sv:1884]
INFO: [Synth 8-6155] done synthesizing module 'xpm_fifo_reg_vec' (0#1) [/tools/Xilinx/Vivado/2022.1/data/ip/xpm/xpm_fifo/hdl/xpm_fifo.sv:1884]
INFO: [Synth 8-6157] synthesizing module 'xpm_cdc_gray__parameterized0' [/tools/Xilinx/Vivado/2022.1/data/ip/xpm/xpm_cdc/hdl/xpm_cdc.sv:283]
INFO: [Synth 8-6155] done synthesizing module 'xpm_cdc_gray__parameterized0' (0#1) [/tools/Xilinx/Vivado/2022.1/data/ip/xpm/xpm_cdc/hdl/xpm_cdc.sv:283]
INFO: [Synth 8-6157] synthesizing module 'xpm_fifo_reg_vec__parameterized0' [/tools/Xilinx/Vivado/2022.1/data/ip/xpm/xpm_fifo/hdl/xpm_fifo.sv:1884]
INFO: [Synth 8-6155] done synthesizing module 'xpm_fifo_reg_vec__parameterized0' (0#1) [/tools/Xilinx/Vivado/2022.1/data/ip/xpm/xpm_fifo/hdl/xpm_fifo.sv:1884]
INFO: [Synth 8-6157] synthesizing module 'xpm_cdc_gray__parameterized1' [/tools/Xilinx/Vivado/2022.1/data/ip/xpm/xpm_cdc/hdl/xpm_cdc.sv:283]
INFO: [Synth 8-6155] done synthesizing module 'xpm_cdc_gray__parameterized1' (0#1) [/tools/Xilinx/Vivado/2022.1/data/ip/xpm/xpm_cdc/hdl/xpm_cdc.sv:283]
INFO: [Synth 8-226] default block is never used [/tools/Xilinx/Vivado/2022.1/data/ip/xpm/xpm_fifo/hdl/xpm_fifo.sv:1206]
INFO: [Synth 8-226] default block is never used [/tools/Xilinx/Vivado/2022.1/data/ip/xpm/xpm_fifo/hdl/xpm_fifo.sv:1273]
INFO: [Synth 8-226] default block is never used [/tools/Xilinx/Vivado/2022.1/data/ip/xpm/xpm_fifo/hdl/xpm_fifo.sv:1295]
INFO: [Synth 8-6157] synthesizing module 'xpm_fifo_reg_bit' [/tools/Xilinx/Vivado/2022.1/data/ip/xpm/xpm_fifo/hdl/xpm_fifo.sv:1906]
INFO: [Synth 8-6155] done synthesizing module 'xpm_fifo_reg_bit' (0#1) [/tools/Xilinx/Vivado/2022.1/data/ip/xpm/xpm_fifo/hdl/xpm_fifo.sv:1906]
INFO: [Synth 8-6157] synthesizing module 'xpm_counter_updn__parameterized1' [/tools/Xilinx/Vivado/2022.1/data/ip/xpm/xpm_fifo/hdl/xpm_fifo.sv:1858]
INFO: [Synth 8-6155] done synthesizing module 'xpm_counter_updn__parameterized1' (0#1) [/tools/Xilinx/Vivado/2022.1/data/ip/xpm/xpm_fifo/hdl/xpm_fifo.sv:1858]
INFO: [Synth 8-6157] synthesizing module 'xpm_fifo_rst' [/tools/Xilinx/Vivado/2022.1/data/ip/xpm/xpm_fifo/hdl/xpm_fifo.sv:1618]
INFO: [Synth 8-6157] synthesizing module 'xpm_cdc_sync_rst' [/tools/Xilinx/Vivado/2022.1/data/ip/xpm/xpm_cdc/hdl/xpm_cdc.sv:1058]
INFO: [Synth 8-6155] done synthesizing module 'xpm_cdc_sync_rst' (0#1) [/tools/Xilinx/Vivado/2022.1/data/ip/xpm/xpm_cdc/hdl/xpm_cdc.sv:1058]
INFO: [Synth 8-6155] done synthesizing module 'xpm_fifo_rst' (0#1) [/tools/Xilinx/Vivado/2022.1/data/ip/xpm/xpm_fifo/hdl/xpm_fifo.sv:1618]
INFO: [Synth 8-6157] synthesizing module 'xpm_counter_updn__parameterized2' [/tools/Xilinx/Vivado/2022.1/data/ip/xpm/xpm_fifo/hdl/xpm_fifo.sv:1858]
INFO: [Synth 8-6155] done synthesizing module 'xpm_counter_updn__parameterized2' (0#1) [/tools/Xilinx/Vivado/2022.1/data/ip/xpm/xpm_fifo/hdl/xpm_fifo.sv:1858]
INFO: [Synth 8-6157] synthesizing module 'xpm_counter_updn__parameterized3' [/tools/Xilinx/Vivado/2022.1/data/ip/xpm/xpm_fifo/hdl/xpm_fifo.sv:1858]
INFO: [Synth 8-6155] done synthesizing module 'xpm_counter_updn__parameterized3' (0#1) [/tools/Xilinx/Vivado/2022.1/data/ip/xpm/xpm_fifo/hdl/xpm_fifo.sv:1858]
INFO: [Synth 8-6155] done synthesizing module 'xpm_fifo_base' (0#1) [/tools/Xilinx/Vivado/2022.1/data/ip/xpm/xpm_fifo/hdl/xpm_fifo.sv:55]
INFO: [Synth 8-6155] done synthesizing module 'xpm_fifo_async' (0#1) [/tools/Xilinx/Vivado/2022.1/data/ip/xpm/xpm_fifo/hdl/xpm_fifo.sv:2145]
INFO: [Synth 8-6155] done synthesizing module 'kv260_ispMipiRx_vcu_DP_i2s_transmitter_0_0' (0#1) [/home/anubhav/Documents/kria-vitis-platforms/kv260/platforms/vivado/kv260_ispMipiRx_vcu_DP/project/kv260_ispMipiRx_vcu_DP.gen/sources_1/bd/kv260_ispMipiRx_vcu_DP/ip/kv260_ispMipiRx_vcu_DP_i2s_transmitter_0_0/synth/kv260_ispMipiRx_vcu_DP_i2s_transmitter_0_0.sv:53]
WARNING: [Synth 8-6014] Unused sequential element gen_rd_b.gen_doutb_pipe.enb_pipe_reg[0] was removed.  [/tools/Xilinx/Vivado/2022.1/data/ip/xpm/xpm_memory/hdl/xpm_memory.sv:3017]
WARNING: [Synth 8-6014] Unused sequential element dest_out_bin_ff_reg was removed.  [/tools/Xilinx/Vivado/2022.1/data/ip/xpm/xpm_cdc/hdl/xpm_cdc.sv:417]
WARNING: [Synth 8-6014] Unused sequential element dest_out_bin_ff_reg was removed.  [/tools/Xilinx/Vivado/2022.1/data/ip/xpm/xpm_cdc/hdl/xpm_cdc.sv:417]
WARNING: [Synth 8-6014] Unused sequential element dest_out_bin_ff_reg was removed.  [/tools/Xilinx/Vivado/2022.1/data/ip/xpm/xpm_cdc/hdl/xpm_cdc.sv:417]
WARNING: [Synth 8-6014] Unused sequential element gdvld.data_valid_std_reg was removed.  [/tools/Xilinx/Vivado/2022.1/data/ip/xpm/xpm_fifo/hdl/xpm_fifo.sv:537]
WARNING: [Synth 8-6014] Unused sequential element gen_pf_ic_rc.gae_ic_std.ram_aempty_i_reg was removed.  [/tools/Xilinx/Vivado/2022.1/data/ip/xpm/xpm_fifo/hdl/xpm_fifo.sv:757]
WARNING: [Synth 8-6014] Unused sequential element gen_fwft.empty_fwft_fb_reg was removed.  [/tools/Xilinx/Vivado/2022.1/data/ip/xpm/xpm_fifo/hdl/xpm_fifo.sv:1390]
WARNING: [Synth 8-7129] Port sleep in module xpm_memory_base is either unconnected or has no load
WARNING: [Synth 8-7129] Port rsta in module xpm_memory_base is either unconnected or has no load
WARNING: [Synth 8-7129] Port regcea in module xpm_memory_base is either unconnected or has no load
WARNING: [Synth 8-7129] Port injectsbiterra in module xpm_memory_base is either unconnected or has no load
WARNING: [Synth 8-7129] Port injectdbiterra in module xpm_memory_base is either unconnected or has no load
WARNING: [Synth 8-7129] Port dinb[34] in module xpm_memory_base is either unconnected or has no load
WARNING: [Synth 8-7129] Port dinb[33] in module xpm_memory_base is either unconnected or has no load
WARNING: [Synth 8-7129] Port dinb[32] in module xpm_memory_base is either unconnected or has no load
WARNING: [Synth 8-7129] Port dinb[31] in module xpm_memory_base is either unconnected or has no load
WARNING: [Synth 8-7129] Port dinb[30] in module xpm_memory_base is either unconnected or has no load
WARNING: [Synth 8-7129] Port dinb[29] in module xpm_memory_base is either unconnected or has no load
WARNING: [Synth 8-7129] Port dinb[28] in module xpm_memory_base is either unconnected or has no load
WARNING: [Synth 8-7129] Port dinb[27] in module xpm_memory_base is either unconnected or has no load
WARNING: [Synth 8-7129] Port dinb[26] in module xpm_memory_base is either unconnected or has no load
WARNING: [Synth 8-7129] Port dinb[25] in module xpm_memory_base is either unconnected or has no load
WARNING: [Synth 8-7129] Port dinb[24] in module xpm_memory_base is either unconnected or has no load
WARNING: [Synth 8-7129] Port dinb[23] in module xpm_memory_base is either unconnected or has no load
WARNING: [Synth 8-7129] Port dinb[22] in module xpm_memory_base is either unconnected or has no load
WARNING: [Synth 8-7129] Port dinb[21] in module xpm_memory_base is either unconnected or has no load
WARNING: [Synth 8-7129] Port dinb[20] in module xpm_memory_base is either unconnected or has no load
WARNING: [Synth 8-7129] Port dinb[19] in module xpm_memory_base is either unconnected or has no load
WARNING: [Synth 8-7129] Port dinb[18] in module xpm_memory_base is either unconnected or has no load
WARNING: [Synth 8-7129] Port dinb[17] in module xpm_memory_base is either unconnected or has no load
WARNING: [Synth 8-7129] Port dinb[16] in module xpm_memory_base is either unconnected or has no load
WARNING: [Synth 8-7129] Port dinb[15] in module xpm_memory_base is either unconnected or has no load
WARNING: [Synth 8-7129] Port dinb[14] in module xpm_memory_base is either unconnected or has no load
WARNING: [Synth 8-7129] Port dinb[13] in module xpm_memory_base is either unconnected or has no load
WARNING: [Synth 8-7129] Port dinb[12] in module xpm_memory_base is either unconnected or has no load
WARNING: [Synth 8-7129] Port dinb[11] in module xpm_memory_base is either unconnected or has no load
WARNING: [Synth 8-7129] Port dinb[10] in module xpm_memory_base is either unconnected or has no load
WARNING: [Synth 8-7129] Port dinb[9] in module xpm_memory_base is either unconnected or has no load
WARNING: [Synth 8-7129] Port dinb[8] in module xpm_memory_base is either unconnected or has no load
WARNING: [Synth 8-7129] Port dinb[7] in module xpm_memory_base is either unconnected or has no load
WARNING: [Synth 8-7129] Port dinb[6] in module xpm_memory_base is either unconnected or has no load
WARNING: [Synth 8-7129] Port dinb[5] in module xpm_memory_base is either unconnected or has no load
WARNING: [Synth 8-7129] Port dinb[4] in module xpm_memory_base is either unconnected or has no load
WARNING: [Synth 8-7129] Port dinb[3] in module xpm_memory_base is either unconnected or has no load
WARNING: [Synth 8-7129] Port dinb[2] in module xpm_memory_base is either unconnected or has no load
WARNING: [Synth 8-7129] Port dinb[1] in module xpm_memory_base is either unconnected or has no load
WARNING: [Synth 8-7129] Port dinb[0] in module xpm_memory_base is either unconnected or has no load
WARNING: [Synth 8-7129] Port injectsbiterrb in module xpm_memory_base is either unconnected or has no load
WARNING: [Synth 8-7129] Port injectdbiterrb in module xpm_memory_base is either unconnected or has no load
WARNING: [Synth 8-7129] Port iAxis_TData[31] in module i2s_transmitter_v1_0_5_aes_dec is either unconnected or has no load
WARNING: [Synth 8-7129] Port iAxis_TData[29] in module i2s_transmitter_v1_0_5_aes_dec is either unconnected or has no load
WARNING: [Synth 8-7129] Port iAxis_TData[28] in module i2s_transmitter_v1_0_5_aes_dec is either unconnected or has no load
WARNING: [Synth 8-7129] Port iAxis_TData[27] in module i2s_transmitter_v1_0_5_aes_dec is either unconnected or has no load
WARNING: [Synth 8-7129] Port iAxis_TData[26] in module i2s_transmitter_v1_0_5_aes_dec is either unconnected or has no load
WARNING: [Synth 8-7129] Port iAxis_TData[25] in module i2s_transmitter_v1_0_5_aes_dec is either unconnected or has no load
WARNING: [Synth 8-7129] Port iAxis_TData[24] in module i2s_transmitter_v1_0_5_aes_dec is either unconnected or has no load
WARNING: [Synth 8-7129] Port iAxis_TData[23] in module i2s_transmitter_v1_0_5_aes_dec is either unconnected or has no load
WARNING: [Synth 8-7129] Port iAxis_TData[22] in module i2s_transmitter_v1_0_5_aes_dec is either unconnected or has no load
WARNING: [Synth 8-7129] Port iAxis_TData[21] in module i2s_transmitter_v1_0_5_aes_dec is either unconnected or has no load
WARNING: [Synth 8-7129] Port iAxis_TData[20] in module i2s_transmitter_v1_0_5_aes_dec is either unconnected or has no load
WARNING: [Synth 8-7129] Port iAxis_TData[19] in module i2s_transmitter_v1_0_5_aes_dec is either unconnected or has no load
WARNING: [Synth 8-7129] Port iAxis_TData[18] in module i2s_transmitter_v1_0_5_aes_dec is either unconnected or has no load
WARNING: [Synth 8-7129] Port iAxis_TData[17] in module i2s_transmitter_v1_0_5_aes_dec is either unconnected or has no load
WARNING: [Synth 8-7129] Port iAxis_TData[16] in module i2s_transmitter_v1_0_5_aes_dec is either unconnected or has no load
WARNING: [Synth 8-7129] Port iAxis_TData[15] in module i2s_transmitter_v1_0_5_aes_dec is either unconnected or has no load
WARNING: [Synth 8-7129] Port iAxis_TData[14] in module i2s_transmitter_v1_0_5_aes_dec is either unconnected or has no load
WARNING: [Synth 8-7129] Port iAxis_TData[13] in module i2s_transmitter_v1_0_5_aes_dec is either unconnected or has no load
WARNING: [Synth 8-7129] Port iAxis_TData[12] in module i2s_transmitter_v1_0_5_aes_dec is either unconnected or has no load
WARNING: [Synth 8-7129] Port iAxis_TData[11] in module i2s_transmitter_v1_0_5_aes_dec is either unconnected or has no load
WARNING: [Synth 8-7129] Port iAxis_TData[10] in module i2s_transmitter_v1_0_5_aes_dec is either unconnected or has no load
WARNING: [Synth 8-7129] Port iAxis_TData[9] in module i2s_transmitter_v1_0_5_aes_dec is either unconnected or has no load
WARNING: [Synth 8-7129] Port iAxis_TData[8] in module i2s_transmitter_v1_0_5_aes_dec is either unconnected or has no load
WARNING: [Synth 8-7129] Port iAxis_TData[7] in module i2s_transmitter_v1_0_5_aes_dec is either unconnected or has no load
WARNING: [Synth 8-7129] Port iAxis_TData[6] in module i2s_transmitter_v1_0_5_aes_dec is either unconnected or has no load
WARNING: [Synth 8-7129] Port iAxis_TData[5] in module i2s_transmitter_v1_0_5_aes_dec is either unconnected or has no load
WARNING: [Synth 8-7129] Port iAxis_TData[4] in module i2s_transmitter_v1_0_5_aes_dec is either unconnected or has no load
WARNING: [Synth 8-7129] Port src_clk in module xpm_cdc_single__parameterized1 is either unconnected or has no load
WARNING: [Synth 8-7129] Port src_clk in module xpm_cdc_single__parameterized0 is either unconnected or has no load
WARNING: [Synth 8-7129] Port iLRClk in module i2s_transmitter_v1_0_5_sys is either unconnected or has no load
WARNING: [Synth 8-7129] Port iSClk in module i2s_transmitter_v1_0_5_sys is either unconnected or has no load
---------------------------------------------------------------------------------
Finished RTL Elaboration : Time (s): cpu = 00:00:04 ; elapsed = 00:00:05 . Memory (MB): peak = 2888.504 ; gain = 267.734 ; free physical = 2506 ; free virtual = 20489
---------------------------------------------------------------------------------
---------------------------------------------------------------------------------
Start Handling Custom Attributes
---------------------------------------------------------------------------------
---------------------------------------------------------------------------------
Finished Handling Custom Attributes : Time (s): cpu = 00:00:04 ; elapsed = 00:00:05 . Memory (MB): peak = 2906.316 ; gain = 285.547 ; free physical = 2558 ; free virtual = 20541
---------------------------------------------------------------------------------
---------------------------------------------------------------------------------
Finished RTL Optimization Phase 1 : Time (s): cpu = 00:00:04 ; elapsed = 00:00:05 . Memory (MB): peak = 2906.316 ; gain = 285.547 ; free physical = 2561 ; free virtual = 20544
---------------------------------------------------------------------------------
Netlist sorting complete. Time (s): cpu = 00:00:00.02 ; elapsed = 00:00:00.02 . Memory (MB): peak = 2906.316 ; gain = 0.000 ; free physical = 2610 ; free virtual = 20593
INFO: [Project 1-570] Preparing netlist for logic optimization

Processing XDC Constraints
Initializing timing engine
Parsing XDC File [/home/anubhav/Documents/kria-vitis-platforms/kv260/platforms/vivado/kv260_ispMipiRx_vcu_DP/project/kv260_ispMipiRx_vcu_DP.gen/sources_1/bd/kv260_ispMipiRx_vcu_DP/ip/kv260_ispMipiRx_vcu_DP_i2s_transmitter_0_0/kv260_ispMipiRx_vcu_DP_i2s_transmitter_0_0_ooc.xdc] for cell 'inst'
Finished Parsing XDC File [/home/anubhav/Documents/kria-vitis-platforms/kv260/platforms/vivado/kv260_ispMipiRx_vcu_DP/project/kv260_ispMipiRx_vcu_DP.gen/sources_1/bd/kv260_ispMipiRx_vcu_DP/ip/kv260_ispMipiRx_vcu_DP_i2s_transmitter_0_0/kv260_ispMipiRx_vcu_DP_i2s_transmitter_0_0_ooc.xdc] for cell 'inst'
Parsing XDC File [/home/anubhav/Documents/kria-vitis-platforms/kv260/platforms/vivado/kv260_ispMipiRx_vcu_DP/project/kv260_ispMipiRx_vcu_DP.gen/sources_1/bd/kv260_ispMipiRx_vcu_DP/ip/kv260_ispMipiRx_vcu_DP_i2s_transmitter_0_0/kv260_ispMipiRx_vcu_DP_i2s_transmitter_0_0_board.xdc] for cell 'inst'
Finished Parsing XDC File [/home/anubhav/Documents/kria-vitis-platforms/kv260/platforms/vivado/kv260_ispMipiRx_vcu_DP/project/kv260_ispMipiRx_vcu_DP.gen/sources_1/bd/kv260_ispMipiRx_vcu_DP/ip/kv260_ispMipiRx_vcu_DP_i2s_transmitter_0_0/kv260_ispMipiRx_vcu_DP_i2s_transmitter_0_0_board.xdc] for cell 'inst'
Parsing XDC File [/home/anubhav/Documents/kria-vitis-platforms/kv260/platforms/vivado/kv260_ispMipiRx_vcu_DP/project/kv260_ispMipiRx_vcu_DP.runs/kv260_ispMipiRx_vcu_DP_i2s_transmitter_0_0_synth_1/dont_touch.xdc]
Finished Parsing XDC File [/home/anubhav/Documents/kria-vitis-platforms/kv260/platforms/vivado/kv260_ispMipiRx_vcu_DP/project/kv260_ispMipiRx_vcu_DP.runs/kv260_ispMipiRx_vcu_DP_i2s_transmitter_0_0_synth_1/dont_touch.xdc]
INFO: [Project 1-236] Implementation specific constraints were found while reading constraint file [/tools/Xilinx/Vivado/2022.1/data/ip/xpm/xpm_cdc/tcl/xpm_cdc_array_single.tcl]. These constraints will be ignored for synthesis but will be used in implementation. Impacted constraints are listed in the file [.Xil/kv260_ispMipiRx_vcu_DP_i2s_transmitter_0_0_propImpl.xdc].
Resolution: To avoid this warning, move constraints listed in [.Xil/kv260_ispMipiRx_vcu_DP_i2s_transmitter_0_0_propImpl.xdc] to another XDC file and exclude this new file from synthesis with the used_in_synthesis property (File Properties dialog in GUI) and re-run elaboration/synthesis.
INFO: [Project 1-236] Implementation specific constraints were found while reading constraint file [/tools/Xilinx/Vivado/2022.1/data/ip/xpm/xpm_cdc/tcl/xpm_cdc_gray.tcl]. These constraints will be ignored for synthesis but will be used in implementation. Impacted constraints are listed in the file [.Xil/kv260_ispMipiRx_vcu_DP_i2s_transmitter_0_0_propImpl.xdc].
Resolution: To avoid this warning, move constraints listed in [.Xil/kv260_ispMipiRx_vcu_DP_i2s_transmitter_0_0_propImpl.xdc] to another XDC file and exclude this new file from synthesis with the used_in_synthesis property (File Properties dialog in GUI) and re-run elaboration/synthesis.
INFO: [Project 1-236] Implementation specific constraints were found while reading constraint file [/tools/Xilinx/Vivado/2022.1/data/ip/xpm/xpm_cdc/tcl/xpm_cdc_single.tcl]. These constraints will be ignored for synthesis but will be used in implementation. Impacted constraints are listed in the file [.Xil/kv260_ispMipiRx_vcu_DP_i2s_transmitter_0_0_propImpl.xdc].
Resolution: To avoid this warning, move constraints listed in [.Xil/kv260_ispMipiRx_vcu_DP_i2s_transmitter_0_0_propImpl.xdc] to another XDC file and exclude this new file from synthesis with the used_in_synthesis property (File Properties dialog in GUI) and re-run elaboration/synthesis.
INFO: [Project 1-236] Implementation specific constraints were found while reading constraint file [/tools/Xilinx/Vivado/2022.1/data/ip/xpm/xpm_fifo/tcl/xpm_fifo_rst.tcl]. These constraints will be ignored for synthesis but will be used in implementation. Impacted constraints are listed in the file [.Xil/kv260_ispMipiRx_vcu_DP_i2s_transmitter_0_0_propImpl.xdc].
Resolution: To avoid this warning, move constraints listed in [.Xil/kv260_ispMipiRx_vcu_DP_i2s_transmitter_0_0_propImpl.xdc] to another XDC file and exclude this new file from synthesis with the used_in_synthesis property (File Properties dialog in GUI) and re-run elaboration/synthesis.
INFO: [Project 1-1714] 22 XPM XDC files have been applied to the design.
Completed Processing XDC Constraints

Netlist sorting complete. Time (s): cpu = 00:00:00 ; elapsed = 00:00:00 . Memory (MB): peak = 3078.035 ; gain = 0.000 ; free physical = 1318 ; free virtual = 19392
INFO: [Project 1-111] Unisim Transformation Summary:
No Unisim elements were transformed.

Constraint Validation Runtime : Time (s): cpu = 00:00:00.04 ; elapsed = 00:00:00.03 . Memory (MB): peak = 3078.035 ; gain = 0.000 ; free physical = 1302 ; free virtual = 19377
INFO: [Designutils 20-5008] Incremental synthesis strategy off
---------------------------------------------------------------------------------
Finished Constraint Validation : Time (s): cpu = 00:00:12 ; elapsed = 00:00:13 . Memory (MB): peak = 3078.035 ; gain = 457.266 ; free physical = 988 ; free virtual = 17954
---------------------------------------------------------------------------------
---------------------------------------------------------------------------------
Start Loading Part and Timing Information
---------------------------------------------------------------------------------
Loading part: xck26-sfvc784-2LV-c
INFO: [Synth 8-6742] Reading net delay rules and data
---------------------------------------------------------------------------------
Finished Loading Part and Timing Information : Time (s): cpu = 00:00:12 ; elapsed = 00:00:13 . Memory (MB): peak = 3078.035 ; gain = 457.266 ; free physical = 988 ; free virtual = 17953
---------------------------------------------------------------------------------
---------------------------------------------------------------------------------
Start Applying 'set_property' XDC Constraints
---------------------------------------------------------------------------------
Applied set_property KEEP_HIERARCHY = SOFT for inst. (constraint file  /home/anubhav/Documents/kria-vitis-platforms/kv260/platforms/vivado/kv260_ispMipiRx_vcu_DP/project/kv260_ispMipiRx_vcu_DP.runs/kv260_ispMipiRx_vcu_DP_i2s_transmitter_0_0_synth_1/dont_touch.xdc, line 9).
Applied set_property KEEP_HIERARCHY = SOFT for inst/I2S_TX_V1_0_SYS_INST/\genblk1[0].CDC_CHMUX_INST . (constraint file  auto generated constraint).
Applied set_property KEEP_HIERARCHY = SOFT for inst/I2S_TX_V1_0_SYS_INST/CDC_AESCHSTS_INST. (constraint file  auto generated constraint).
Applied set_property KEEP_HIERARCHY = SOFT for inst/I2S_TX_V1_0_SYS_INST/CDC_SCLKDIV_INST. (constraint file  auto generated constraint).
Applied set_property KEEP_HIERARCHY = SOFT for inst/I2S_TX_V1_0_SYS_INST/CDC_MRST_INST. (constraint file  auto generated constraint).
Applied set_property KEEP_HIERARCHY = SOFT for inst/I2S_TX_V1_0_SYS_INST/AXIS_FIFO_INST/xpm_fifo_async_inst/\gnuram_async_fifo.xpm_fifo_base_inst /\gen_cdc_pntr.rd_pntr_cdc_inst . (constraint file  auto generated constraint).
Applied set_property KEEP_HIERARCHY = SOFT for inst/I2S_TX_V1_0_SYS_INST/AXIS_FIFO_INST/xpm_fifo_async_inst/\gnuram_async_fifo.xpm_fifo_base_inst /\gen_cdc_pntr.wr_pntr_cdc_inst . (constraint file  auto generated constraint).
Applied set_property KEEP_HIERARCHY = SOFT for inst/I2S_TX_V1_0_SYS_INST/AXIS_FIFO_INST/xpm_fifo_async_inst/\gnuram_async_fifo.xpm_fifo_base_inst /\gen_cdc_pntr.rd_pntr_cdc_dc_inst . (constraint file  auto generated constraint).
Applied set_property KEEP_HIERARCHY = SOFT for inst/I2S_TX_V1_0_SYS_INST/AXIS_FIFO_INST/xpm_fifo_async_inst/\gnuram_async_fifo.xpm_fifo_base_inst /\gen_cdc_pntr.wr_pntr_cdc_dc_inst . (constraint file  auto generated constraint).
Applied set_property KEEP_HIERARCHY = SOFT for inst/I2S_TX_V1_0_SYS_INST/CDC_ENABLE_AXIS_INST. (constraint file  auto generated constraint).
Applied set_property KEEP_HIERARCHY = SOFT for inst/I2S_TX_V1_0_SYS_INST/CDC_ENABLE_MCLK_INST. (constraint file  auto generated constraint).
Applied set_property KEEP_HIERARCHY = SOFT for inst/I2S_TX_V1_0_SYS_INST/CDC_JUSTIFY_MCLK_INST. (constraint file  auto generated constraint).
Applied set_property KEEP_HIERARCHY = SOFT for inst/I2S_TX_V1_0_SYS_INST/CDC_LR_MCLK_INST. (constraint file  auto generated constraint).
Applied set_property KEEP_HIERARCHY = SOFT for inst/I2S_TX_V1_0_SYS_INST/CDC_NORMAL_EXTD_MCLK_INST. (constraint file  auto generated constraint).
Applied set_property KEEP_HIERARCHY = SOFT for inst/I2S_TX_V1_0_SYS_INST/CDC_VALIDITY_AXISCLK_INST. (constraint file  auto generated constraint).
Applied set_property KEEP_HIERARCHY = SOFT for inst/I2S_TX_V1_0_SYS_INST/CDC_AESBLKCMPLT_INST/xpm_cdc_single_inst. (constraint file  auto generated constraint).
Applied set_property KEEP_HIERARCHY = SOFT for inst/I2S_TX_V1_0_SYS_INST/CDC_AESBSYNCERR_INST/xpm_cdc_single_inst. (constraint file  auto generated constraint).
Applied set_property KEEP_HIERARCHY = SOFT for inst/I2S_TX_V1_0_SYS_INST/CDC_AESCLRCHSTS_INST/xpm_cdc_single_inst. (constraint file  auto generated constraint).
Applied set_property KEEP_HIERARCHY = SOFT for inst/I2S_TX_V1_0_SYS_INST/CDC_AUDUFLOW_INST/xpm_cdc_single_inst. (constraint file  auto generated constraint).
Applied set_property KEEP_HIERARCHY = SOFT for inst/I2S_TX_V1_0_SYS_INST/CDC_AESCHSTSUPD_INST/xpm_cdc_single_inst. (constraint file  auto generated constraint).
Applied set_property KEEP_HIERARCHY = SOFT for inst/I2S_TX_V1_0_SYS_INST/AXIS_FIFO_INST/xpm_fifo_async_inst/\gnuram_async_fifo.xpm_fifo_base_inst /xpm_fifo_rst_inst/\gen_rst_ic.rrst_wr_inst . (constraint file  auto generated constraint).
Applied set_property KEEP_HIERARCHY = SOFT for inst/I2S_TX_V1_0_SYS_INST/AXIS_FIFO_INST/xpm_fifo_async_inst/\gnuram_async_fifo.xpm_fifo_base_inst /xpm_fifo_rst_inst/\gen_rst_ic.wrst_rd_inst . (constraint file  auto generated constraint).
Applied set_property KEEP_HIERARCHY = SOFT for inst/I2S_TX_V1_0_SYS_INST/AXIS_FIFO_INST/xpm_fifo_async_inst. (constraint file  auto generated constraint).
---------------------------------------------------------------------------------
Finished applying 'set_property' XDC Constraints : Time (s): cpu = 00:00:12 ; elapsed = 00:00:13 . Memory (MB): peak = 3078.035 ; gain = 457.266 ; free physical = 954 ; free virtual = 17920
---------------------------------------------------------------------------------
INFO: [Synth 8-802] inferred FSM for state register 'stmWrite_reg' in module 'i2s_transmitter_v1_0_5_axi'
INFO: [Synth 8-802] inferred FSM for state register 'stmRead_reg' in module 'i2s_transmitter_v1_0_5_axi'
INFO: [Synth 8-802] inferred FSM for state register 'stmAesDecode_reg' in module 'i2s_transmitter_v1_0_5_aes_dec'
INFO: [Synth 8-802] inferred FSM for state register 'gen_rst_ic.curr_wrst_state_reg' in module 'xpm_fifo_rst'
INFO: [Synth 8-802] inferred FSM for state register 'gen_rst_ic.curr_rrst_state_reg' in module 'xpm_fifo_rst'
INFO: [Synth 8-802] inferred FSM for state register 'gen_fwft.curr_fwft_state_reg' in module 'xpm_fifo_base'
INFO: [Synth 8-802] inferred FSM for state register 'stmAudChCtrl_reg' in module 'i2s_transmitter_v1_0_5_sys'
---------------------------------------------------------------------------------------------------
                   State |                     New Encoding |                Previous Encoding 
---------------------------------------------------------------------------------------------------
             sWriteReset |                               00 | 00000000000000000000000000000000
              sWriteAddr |                               01 | 00000000000000000000000000000001
              sWriteData |                               10 | 00000000000000000000000000000010
              sWriteResp |                               11 | 00000000000000000000000000000011
---------------------------------------------------------------------------------------------------
INFO: [Synth 8-3354] encoded FSM with state register 'stmWrite_reg' using encoding 'sequential' in module 'i2s_transmitter_v1_0_5_axi'
---------------------------------------------------------------------------------------------------
                   State |                     New Encoding |                Previous Encoding 
---------------------------------------------------------------------------------------------------
              sReadReset |                             0001 | 00000000000000000000000000000000
               sReadAddr |                             0010 | 00000000000000000000000000000001
             sDecodeAddr |                             0100 | 00000000000000000000000000000010
               sReadData |                             1000 | 00000000000000000000000000000011
---------------------------------------------------------------------------------------------------
INFO: [Synth 8-3354] encoded FSM with state register 'stmRead_reg' using encoding 'one-hot' in module 'i2s_transmitter_v1_0_5_axi'
---------------------------------------------------------------------------------------------------
                   State |                     New Encoding |                Previous Encoding 
---------------------------------------------------------------------------------------------------
      sWaitForBlockStart |                                0 | 00000000000000000000000000000000
                    sRun |                                1 | 00000000000000000000000000000001
---------------------------------------------------------------------------------------------------
INFO: [Synth 8-3354] encoded FSM with state register 'stmAesDecode_reg' using encoding 'sequential' in module 'i2s_transmitter_v1_0_5_aes_dec'
INFO: [Synth 8-5775] Found 'rw_addr_collision' attribute set to 'no' on SDP RAM gen_wr_a.gen_word_narrow.mem_reg. Setting write mode to NO_CHANGE 
INFO: [Synth 8-5552] Implemented safe state 'default_state' for state register 'gen_rst_ic.curr_wrst_state_reg' in module 'xpm_fifo_rst'
---------------------------------------------------------------------------------------------------
                   State |                     New Encoding |                Previous Encoding 
---------------------------------------------------------------------------------------------------
*
               WRST_IDLE |                            00001 |                              000
                 WRST_IN |                            00010 |                              010
                WRST_OUT |                            00100 |                              111
               WRST_EXIT |                            01000 |                              110
            WRST_GO2IDLE |                            10000 |                              100
---------------------------------------------------------------------------------------------------
INFO: [Synth 8-3354] encoded FSM with state register 'gen_rst_ic.curr_wrst_state_reg' using encoding 'one-hot' in module 'xpm_fifo_rst'
INFO: [Synth 8-5552] Implemented safe state 'default_state' for state register 'gen_rst_ic.curr_rrst_state_reg' in module 'xpm_fifo_rst'
---------------------------------------------------------------------------------------------------
                   State |                     New Encoding |                Previous Encoding 
---------------------------------------------------------------------------------------------------
*
               RRST_IDLE |                               00 |                               00
                 RRST_IN |                               01 |                               10
                RRST_OUT |                               10 |                               11
               RRST_EXIT |                               11 |                               01
---------------------------------------------------------------------------------------------------
INFO: [Synth 8-3354] encoded FSM with state register 'gen_rst_ic.curr_rrst_state_reg' using encoding 'sequential' in module 'xpm_fifo_rst'
---------------------------------------------------------------------------------------------------
                   State |                     New Encoding |                Previous Encoding 
---------------------------------------------------------------------------------------------------
                 invalid |                               00 |                               00
            stage1_valid |                               01 |                               10
       both_stages_valid |                               10 |                               11
            stage2_valid |                               11 |                               01
---------------------------------------------------------------------------------------------------
INFO: [Synth 8-3354] encoded FSM with state register 'gen_fwft.curr_fwft_state_reg' using encoding 'sequential' in module 'xpm_fifo_base'
---------------------------------------------------------------------------------------------------
                   State |                     New Encoding |                Previous Encoding 
---------------------------------------------------------------------------------------------------
                   sIdle |                               00 | 00000000000000000000000000000000
        sWaitForFIFOLoad |                               01 | 00000000000000000000000000000001
               sSyncFIFO |                               10 | 00000000000000000000000000000010
     sWaitForI2sShiftReg |                               11 | 00000000000000000000000000000011
---------------------------------------------------------------------------------------------------
INFO: [Synth 8-3354] encoded FSM with state register 'stmAudChCtrl_reg' using encoding 'sequential' in module 'i2s_transmitter_v1_0_5_sys'
---------------------------------------------------------------------------------
Finished RTL Optimization Phase 2 : Time (s): cpu = 00:00:13 ; elapsed = 00:00:14 . Memory (MB): peak = 3078.035 ; gain = 457.266 ; free physical = 891 ; free virtual = 17908
---------------------------------------------------------------------------------
---------------------------------------------------------------------------------
Start RTL Component Statistics 
---------------------------------------------------------------------------------
Detailed RTL Component Info : 
+---Adders : 
	   2 Input   32 Bit       Adders := 1     
	   2 Input   16 Bit       Adders := 1     
	   2 Input    8 Bit       Adders := 3     
	   4 Input    8 Bit       Adders := 3     
	   3 Input    8 Bit       Adders := 2     
	   4 Input    7 Bit       Adders := 5     
	   3 Input    7 Bit       Adders := 1     
	   2 Input    3 Bit       Adders := 1     
	   4 Input    2 Bit       Adders := 1     
+---XORs : 
	   2 Input      8 Bit         XORs := 2     
	   2 Input      7 Bit         XORs := 2     
	   2 Input      1 Bit         XORs := 40    
+---Registers : 
	              192 Bit    Registers := 6     
	               35 Bit    Registers := 2     
	               32 Bit    Registers := 5     
	               31 Bit    Registers := 1     
	               24 Bit    Registers := 2     
	               16 Bit    Registers := 1     
	                8 Bit    Registers := 23    
	                7 Bit    Registers := 14    
	                4 Bit    Registers := 4     
	                3 Bit    Registers := 9     
	                2 Bit    Registers := 17    
	                1 Bit    Registers := 83    
+---RAMs : 
	               4K Bit	(128 X 35 bit)          RAMs := 1     
+---Muxes : 
	   2 Input   32 Bit        Muxes := 6     
	  18 Input   32 Bit        Muxes := 1     
	  17 Input   32 Bit        Muxes := 1     
	   4 Input   32 Bit        Muxes := 1     
	   2 Input   24 Bit        Muxes := 1     
	   4 Input   24 Bit        Muxes := 2     
	   4 Input    8 Bit        Muxes := 1     
	   2 Input    8 Bit        Muxes := 6     
	   6 Input    5 Bit        Muxes := 1     
	   2 Input    5 Bit        Muxes := 8     
	   7 Input    4 Bit        Muxes := 2     
	   2 Input    3 Bit        Muxes := 2     
	   4 Input    2 Bit        Muxes := 10    
	  17 Input    2 Bit        Muxes := 1     
	   2 Input    2 Bit        Muxes := 35    
	   5 Input    2 Bit        Muxes := 1     
	   2 Input    1 Bit        Muxes := 58    
	   4 Input    1 Bit        Muxes := 32    
	  18 Input    1 Bit        Muxes := 1     
	  17 Input    1 Bit        Muxes := 8     
	   6 Input    1 Bit        Muxes := 2     
	   5 Input    1 Bit        Muxes := 3     
	   3 Input    1 Bit        Muxes := 1     
---------------------------------------------------------------------------------
Finished RTL Component Statistics 
---------------------------------------------------------------------------------
---------------------------------------------------------------------------------
Start Part Resource Summary
---------------------------------------------------------------------------------
Part Resources:
DSPs: 1248 (col length:96)
BRAMs: 288 (col length: RAMB18 96 RAMB36 48)
---------------------------------------------------------------------------------
Finished Part Resource Summary
---------------------------------------------------------------------------------
---------------------------------------------------------------------------------
Start Cross Boundary and Area Optimization
---------------------------------------------------------------------------------
WARNING: [Synth 8-7080] Parallel synthesis criteria is not met
WARNING: [Synth 8-7129] Port rsta in module xpm_memory_base is either unconnected or has no load
WARNING: [Synth 8-7129] Port regcea in module xpm_memory_base is either unconnected or has no load
WARNING: [Synth 8-7129] Port injectsbiterra in module xpm_memory_base is either unconnected or has no load
WARNING: [Synth 8-7129] Port injectdbiterra in module xpm_memory_base is either unconnected or has no load
WARNING: [Synth 8-7129] Port dinb[34] in module xpm_memory_base is either unconnected or has no load
WARNING: [Synth 8-7129] Port dinb[33] in module xpm_memory_base is either unconnected or has no load
WARNING: [Synth 8-7129] Port dinb[32] in module xpm_memory_base is either unconnected or has no load
WARNING: [Synth 8-7129] Port dinb[31] in module xpm_memory_base is either unconnected or has no load
WARNING: [Synth 8-7129] Port dinb[30] in module xpm_memory_base is either unconnected or has no load
WARNING: [Synth 8-7129] Port dinb[29] in module xpm_memory_base is either unconnected or has no load
WARNING: [Synth 8-7129] Port dinb[28] in module xpm_memory_base is either unconnected or has no load
WARNING: [Synth 8-7129] Port dinb[27] in module xpm_memory_base is either unconnected or has no load
WARNING: [Synth 8-7129] Port dinb[26] in module xpm_memory_base is either unconnected or has no load
WARNING: [Synth 8-7129] Port dinb[25] in module xpm_memory_base is either unconnected or has no load
WARNING: [Synth 8-7129] Port dinb[24] in module xpm_memory_base is either unconnected or has no load
WARNING: [Synth 8-7129] Port dinb[23] in module xpm_memory_base is either unconnected or has no load
WARNING: [Synth 8-7129] Port dinb[22] in module xpm_memory_base is either unconnected or has no load
WARNING: [Synth 8-7129] Port dinb[21] in module xpm_memory_base is either unconnected or has no load
WARNING: [Synth 8-7129] Port dinb[20] in module xpm_memory_base is either unconnected or has no load
WARNING: [Synth 8-7129] Port dinb[19] in module xpm_memory_base is either unconnected or has no load
WARNING: [Synth 8-7129] Port dinb[18] in module xpm_memory_base is either unconnected or has no load
WARNING: [Synth 8-7129] Port dinb[17] in module xpm_memory_base is either unconnected or has no load
WARNING: [Synth 8-7129] Port dinb[16] in module xpm_memory_base is either unconnected or has no load
WARNING: [Synth 8-7129] Port dinb[15] in module xpm_memory_base is either unconnected or has no load
WARNING: [Synth 8-7129] Port dinb[14] in module xpm_memory_base is either unconnected or has no load
WARNING: [Synth 8-7129] Port dinb[13] in module xpm_memory_base is either unconnected or has no load
WARNING: [Synth 8-7129] Port dinb[12] in module xpm_memory_base is either unconnected or has no load
INFO: [Common 17-14] Message 'Synth 8-7129' appears 100 times and further instances of the messages will be disabled. Use the Tcl command set_msg_config to change the current settings.
INFO: [Synth 8-5775] Found 'rw_addr_collision' attribute set to 'no' on SDP RAM gen_wr_a.gen_word_narrow.mem_reg. Setting write mode to NO_CHANGE 
INFO: [Synth 8-5775] Found 'rw_addr_collision' attribute set to 'no' on SDP RAM gen_wr_a.gen_word_narrow.mem_reg. Setting write mode to NO_CHANGE 
INFO: [Synth 8-5775] Found 'rw_addr_collision' attribute set to 'no' on SDP RAM gen_wr_a.gen_word_narrow.mem_reg. Setting write mode to NO_CHANGE 
INFO: [Synth 8-5775] Found 'rw_addr_collision' attribute set to 'no' on SDP RAM gen_wr_a.gen_word_narrow.mem_reg. Setting write mode to NO_CHANGE 
INFO: [Synth 8-5775] Found 'rw_addr_collision' attribute set to 'no' on SDP RAM gen_wr_a.gen_word_narrow.mem_reg. Setting write mode to NO_CHANGE 
INFO: [Synth 8-5775] Found 'rw_addr_collision' attribute set to 'no' on SDP RAM gen_wr_a.gen_word_narrow.mem_reg. Setting write mode to NO_CHANGE 
---------------------------------------------------------------------------------
Finished Cross Boundary and Area Optimization : Time (s): cpu = 00:00:16 ; elapsed = 00:00:17 . Memory (MB): peak = 3078.035 ; gain = 457.266 ; free physical = 142 ; free virtual = 15458
---------------------------------------------------------------------------------
INFO: [Synth 8-5775] Found 'rw_addr_collision' attribute set to 'no' on SDP RAM gen_wr_a.gen_word_narrow.mem_reg. Setting write mode to NO_CHANGE 
INFO: [Synth 8-5775] Found 'rw_addr_collision' attribute set to 'no' on SDP RAM gen_wr_a.gen_word_narrow.mem_reg. Setting write mode to NO_CHANGE 
---------------------------------------------------------------------------------
Start ROM, RAM, DSP, Shift Register and Retiming Reporting
---------------------------------------------------------------------------------

Block RAM: Preliminary Mapping Report (see note below)
+----------------------------------------------------------------------------------------------------------------------------------------+----------------------------------+------------------------+---+---+------------------------+---+---+------------------+--------+--------+-----------------+
|Module Name                                                                                                                             | RTL Object                       | PORT A (Depth x Width) | W | R | PORT B (Depth x Width) | W | R | Ports driving FF | RAMB18 | RAMB36 | Cascade Heights | 
+----------------------------------------------------------------------------------------------------------------------------------------+----------------------------------+------------------------+---+---+------------------------+---+---+------------------+--------+--------+-----------------+
|inst/\I2S_TX_V1_0_SYS_INST/AXIS_FIFO_INST/xpm_fifo_async_inst /\gnuram_async_fifo.xpm_fifo_base_inst /\gen_sdpram.xpm_memory_base_inst  | gen_wr_a.gen_word_narrow.mem_reg | 128 x 35(NO_CHANGE)    | W |   | 128 x 35(NO_CHANGE)    |   | R | Port A and B     | 1      | 0      |                 | 
+----------------------------------------------------------------------------------------------------------------------------------------+----------------------------------+------------------------+---+---+------------------------+---+---+------------------+--------+--------+-----------------+

Note: The table above is a preliminary report that shows the Block RAMs at the current stage of the synthesis flow. Some Block RAMs may be reimplemented as non Block RAM primitives later in the synthesis flow. Multiple instantiated Block RAMs are reported only once. 
---------------------------------------------------------------------------------
Finished ROM, RAM, DSP, Shift Register and Retiming Reporting
---------------------------------------------------------------------------------
---------------------------------------------------------------------------------
Start Applying XDC Timing Constraints
---------------------------------------------------------------------------------
---------------------------------------------------------------------------------
Finished Applying XDC Timing Constraints : Time (s): cpu = 00:00:24 ; elapsed = 00:00:26 . Memory (MB): peak = 3395.660 ; gain = 774.891 ; free physical = 1431 ; free virtual = 16459
---------------------------------------------------------------------------------
---------------------------------------------------------------------------------
Start Timing Optimization
---------------------------------------------------------------------------------
INFO: [Synth 8-5775] Found 'rw_addr_collision' attribute set to 'no' on SDP RAM gen_wr_a.gen_word_narrow.mem_reg. Setting write mode to NO_CHANGE 
INFO: [Synth 8-5775] Found 'rw_addr_collision' attribute set to 'no' on SDP RAM gen_wr_a.gen_word_narrow.mem_reg. Setting write mode to NO_CHANGE 
---------------------------------------------------------------------------------
Finished Timing Optimization : Time (s): cpu = 00:00:25 ; elapsed = 00:00:27 . Memory (MB): peak = 3436.707 ; gain = 815.938 ; free physical = 1793 ; free virtual = 17079
---------------------------------------------------------------------------------
---------------------------------------------------------------------------------
Start ROM, RAM, DSP, Shift Register and Retiming Reporting
---------------------------------------------------------------------------------

Block RAM: Final Mapping Report
+----------------------------------------------------------------------------------------------------------------------------------------+----------------------------------+------------------------+---+---+------------------------+---+---+------------------+--------+--------+-----------------+
|Module Name                                                                                                                             | RTL Object                       | PORT A (Depth x Width) | W | R | PORT B (Depth x Width) | W | R | Ports driving FF | RAMB18 | RAMB36 | Cascade Heights | 
+----------------------------------------------------------------------------------------------------------------------------------------+----------------------------------+------------------------+---+---+------------------------+---+---+------------------+--------+--------+-----------------+
|inst/\I2S_TX_V1_0_SYS_INST/AXIS_FIFO_INST/xpm_fifo_async_inst /\gnuram_async_fifo.xpm_fifo_base_inst /\gen_sdpram.xpm_memory_base_inst  | gen_wr_a.gen_word_narrow.mem_reg | 128 x 35(NO_CHANGE)    | W |   | 128 x 35(NO_CHANGE)    |   | R | Port A and B     | 1      | 0      |                 | 
+----------------------------------------------------------------------------------------------------------------------------------------+----------------------------------+------------------------+---+---+------------------------+---+---+------------------+--------+--------+-----------------+

---------------------------------------------------------------------------------
Finished ROM, RAM, DSP, Shift Register and Retiming Reporting
---------------------------------------------------------------------------------
---------------------------------------------------------------------------------
Start Technology Mapping
---------------------------------------------------------------------------------
---------------------------------------------------------------------------------
Finished Technology Mapping : Time (s): cpu = 00:00:26 ; elapsed = 00:00:28 . Memory (MB): peak = 3444.715 ; gain = 823.945 ; free physical = 4127 ; free virtual = 19892
---------------------------------------------------------------------------------
---------------------------------------------------------------------------------
Start IO Insertion
---------------------------------------------------------------------------------
---------------------------------------------------------------------------------
Start Flattening Before IO Insertion
---------------------------------------------------------------------------------
---------------------------------------------------------------------------------
Finished Flattening Before IO Insertion
---------------------------------------------------------------------------------
---------------------------------------------------------------------------------
Start Final Netlist Cleanup
---------------------------------------------------------------------------------
---------------------------------------------------------------------------------
Finished Final Netlist Cleanup
---------------------------------------------------------------------------------
---------------------------------------------------------------------------------
Finished IO Insertion : Time (s): cpu = 00:00:28 ; elapsed = 00:00:31 . Memory (MB): peak = 3444.715 ; gain = 823.945 ; free physical = 4130 ; free virtual = 20625
---------------------------------------------------------------------------------
---------------------------------------------------------------------------------
Start Renaming Generated Instances
---------------------------------------------------------------------------------
---------------------------------------------------------------------------------
Finished Renaming Generated Instances : Time (s): cpu = 00:00:28 ; elapsed = 00:00:31 . Memory (MB): peak = 3444.715 ; gain = 823.945 ; free physical = 4116 ; free virtual = 20615
---------------------------------------------------------------------------------
---------------------------------------------------------------------------------
Start Rebuilding User Hierarchy
---------------------------------------------------------------------------------
---------------------------------------------------------------------------------
Finished Rebuilding User Hierarchy : Time (s): cpu = 00:00:28 ; elapsed = 00:00:31 . Memory (MB): peak = 3444.715 ; gain = 823.945 ; free physical = 3693 ; free virtual = 20327
---------------------------------------------------------------------------------
---------------------------------------------------------------------------------
Start Renaming Generated Ports
---------------------------------------------------------------------------------
---------------------------------------------------------------------------------
Finished Renaming Generated Ports : Time (s): cpu = 00:00:28 ; elapsed = 00:00:31 . Memory (MB): peak = 3444.715 ; gain = 823.945 ; free physical = 3667 ; free virtual = 20307
---------------------------------------------------------------------------------
---------------------------------------------------------------------------------
Start Handling Custom Attributes
---------------------------------------------------------------------------------
---------------------------------------------------------------------------------
Finished Handling Custom Attributes : Time (s): cpu = 00:00:28 ; elapsed = 00:00:31 . Memory (MB): peak = 3444.715 ; gain = 823.945 ; free physical = 3497 ; free virtual = 20188
---------------------------------------------------------------------------------
---------------------------------------------------------------------------------
Start Renaming Generated Nets
---------------------------------------------------------------------------------
---------------------------------------------------------------------------------
Finished Renaming Generated Nets : Time (s): cpu = 00:00:28 ; elapsed = 00:00:31 . Memory (MB): peak = 3444.715 ; gain = 823.945 ; free physical = 3466 ; free virtual = 20166
---------------------------------------------------------------------------------
---------------------------------------------------------------------------------
Start Writing Synthesis Report
---------------------------------------------------------------------------------

Report BlackBoxes: 
+-+--------------+----------+
| |BlackBox name |Instances |
+-+--------------+----------+
+-+--------------+----------+

Report Cell Usage: 
+------+---------+------+
|      |Cell     |Count |
+------+---------+------+
|1     |CARRY8   |    20|
|2     |LUT1     |    13|
|3     |LUT2     |   117|
|4     |LUT3     |   107|
|5     |LUT4     |    94|
|6     |LUT5     |   120|
|7     |LUT6     |   294|
|8     |RAMB18E2 |     1|
|9     |FDPE     |     2|
|10    |FDRE     |  1733|
|11    |FDSE     |    19|
+------+---------+------+
---------------------------------------------------------------------------------
Finished Writing Synthesis Report : Time (s): cpu = 00:00:28 ; elapsed = 00:00:31 . Memory (MB): peak = 3444.715 ; gain = 823.945 ; free physical = 3439 ; free virtual = 20147
---------------------------------------------------------------------------------
Synthesis finished with 0 errors, 0 critical warnings and 73 warnings.
Synthesis Optimization Runtime : Time (s): cpu = 00:00:24 ; elapsed = 00:00:27 . Memory (MB): peak = 3444.715 ; gain = 652.227 ; free physical = 3301 ; free virtual = 20020
Synthesis Optimization Complete : Time (s): cpu = 00:00:28 ; elapsed = 00:00:31 . Memory (MB): peak = 3444.723 ; gain = 823.945 ; free physical = 3295 ; free virtual = 20014
INFO: [Project 1-571] Translating synthesized netlist
Netlist sorting complete. Time (s): cpu = 00:00:00.01 ; elapsed = 00:00:00.02 . Memory (MB): peak = 3452.715 ; gain = 0.000 ; free physical = 2901 ; free virtual = 19641
INFO: [Netlist 29-17] Analyzing 20 Unisim elements for replacement
INFO: [Netlist 29-28] Unisim Transformation completed in 0 CPU seconds
INFO: [Project 1-570] Preparing netlist for logic optimization
INFO: [Opt 31-138] Pushed 0 inverter(s) to 0 load pin(s).
Netlist sorting complete. Time (s): cpu = 00:00:00 ; elapsed = 00:00:00 . Memory (MB): peak = 3498.605 ; gain = 0.000 ; free physical = 2531 ; free virtual = 19399
INFO: [Project 1-111] Unisim Transformation Summary:
No Unisim elements were transformed.

Synth Design complete, checksum: 6ea5167e
INFO: [Common 17-83] Releasing license: Synthesis
107 Infos, 109 Warnings, 0 Critical Warnings and 0 Errors encountered.
synth_design completed successfully
synth_design: Time (s): cpu = 00:00:38 ; elapsed = 00:00:37 . Memory (MB): peak = 3498.605 ; gain = 877.836 ; free physical = 2708 ; free virtual = 19601
INFO: [Common 17-1381] The checkpoint '/home/anubhav/Documents/kria-vitis-platforms/kv260/platforms/vivado/kv260_ispMipiRx_vcu_DP/project/kv260_ispMipiRx_vcu_DP.runs/kv260_ispMipiRx_vcu_DP_i2s_transmitter_0_0_synth_1/kv260_ispMipiRx_vcu_DP_i2s_transmitter_0_0.dcp' has been generated.
INFO: [Coretcl 2-1648] Added synthesis output to IP cache for IP kv260_ispMipiRx_vcu_DP_i2s_transmitter_0_0, cache-ID = 686e2698131ec0ca
INFO: [Coretcl 2-1174] Renamed 49 cell refs.
INFO: [Common 17-1381] The checkpoint '/home/anubhav/Documents/kria-vitis-platforms/kv260/platforms/vivado/kv260_ispMipiRx_vcu_DP/project/kv260_ispMipiRx_vcu_DP.runs/kv260_ispMipiRx_vcu_DP_i2s_transmitter_0_0_synth_1/kv260_ispMipiRx_vcu_DP_i2s_transmitter_0_0.dcp' has been generated.
INFO: [runtcl-4] Executing : report_utilization -file kv260_ispMipiRx_vcu_DP_i2s_transmitter_0_0_utilization_synth.rpt -pb kv260_ispMipiRx_vcu_DP_i2s_transmitter_0_0_utilization_synth.pb
INFO: [Common 17-206] Exiting Vivado at Thu Sep 21 21:22:59 2023...
