==============================================================
Vitis HLS - High-Level Synthesis from C, C++ and OpenCL v2022.1 (64-bit)
Tool Version Limit: 2022.04
Copyright 1986-2022 Xilinx, Inc. All Rights Reserved.
==============================================================
INFO: [HLS 200-1505] Using default flow_target 'vivado'
INFO: [HLS 200-435] Setting 'open_solution -flow_target vivado' configuration: config_interface -m_axi_latency=0
INFO: [HLS 200-1510] Running: set_part xck26-sfvc784-2lv-c 
INFO: [HLS 200-1611] Setting target device to 'xck26-sfvc784-2LV-c'
INFO: [HLS 200-1510] Running: add_files -cflags  -I /home/anubhav/Documents/kria-vitis-platforms/kv260/platforms/vivado/kv260_ispMipiRx_vcu_DP/project/kv260_ispMipiRx_vcu_DP.gen/sources_1/bd/kv260_ispMipiRx_vcu_DP/ip/kv260_ispMipiRx_vcu_DP_v_frmbuf_wr_0_0/src/hls -I /home/anubhav/Documents/kria-vitis-platforms/kv260/platforms/vivado/kv260_ispMipiRx_vcu_DP/project/kv260_ispMipiRx_vcu_DP.gen/sources_1/bd/kv260_ispMipiRx_vcu_DP/ip/kv260_ispMipiRx_vcu_DP_v_frmbuf_wr_0_0/src  /home/anubhav/Documents/kria-vitis-platforms/kv260/platforms/vivado/kv260_ispMipiRx_vcu_DP/project/kv260_ispMipiRx_vcu_DP.gen/sources_1/bd/kv260_ispMipiRx_vcu_DP/ip/kv260_ispMipiRx_vcu_DP_v_frmbuf_wr_0_0/src/v_frmbuf_wr_config.h 
INFO: [HLS 200-10] Adding design file '/home/anubhav/Documents/kria-vitis-platforms/kv260/platforms/vivado/kv260_ispMipiRx_vcu_DP/project/kv260_ispMipiRx_vcu_DP.gen/sources_1/bd/kv260_ispMipiRx_vcu_DP/ip/kv260_ispMipiRx_vcu_DP_v_frmbuf_wr_0_0/src/v_frmbuf_wr_config.h' to the project
INFO: [HLS 200-1510] Running: add_files -cflags  -I /home/anubhav/Documents/kria-vitis-platforms/kv260/platforms/vivado/kv260_ispMipiRx_vcu_DP/project/kv260_ispMipiRx_vcu_DP.gen/sources_1/bd/kv260_ispMipiRx_vcu_DP/ip/kv260_ispMipiRx_vcu_DP_v_frmbuf_wr_0_0/src/hls -I /home/anubhav/Documents/kria-vitis-platforms/kv260/platforms/vivado/kv260_ispMipiRx_vcu_DP/project/kv260_ispMipiRx_vcu_DP.gen/sources_1/bd/kv260_ispMipiRx_vcu_DP/ip/kv260_ispMipiRx_vcu_DP_v_frmbuf_wr_0_0/src  /home/anubhav/Documents/kria-vitis-platforms/kv260/platforms/vivado/kv260_ispMipiRx_vcu_DP/project/kv260_ispMipiRx_vcu_DP.gen/sources_1/bd/kv260_ispMipiRx_vcu_DP/ip/kv260_ispMipiRx_vcu_DP_v_frmbuf_wr_0_0/src/v_frmbuf_wr.cpp 
INFO: [HLS 200-10] Adding design file '/home/anubhav/Documents/kria-vitis-platforms/kv260/platforms/vivado/kv260_ispMipiRx_vcu_DP/project/kv260_ispMipiRx_vcu_DP.gen/sources_1/bd/kv260_ispMipiRx_vcu_DP/ip/kv260_ispMipiRx_vcu_DP_v_frmbuf_wr_0_0/src/v_frmbuf_wr.cpp' to the project
INFO: [HLS 200-1510] Running: add_files -cflags  -I /home/anubhav/Documents/kria-vitis-platforms/kv260/platforms/vivado/kv260_ispMipiRx_vcu_DP/project/kv260_ispMipiRx_vcu_DP.gen/sources_1/bd/kv260_ispMipiRx_vcu_DP/ip/kv260_ispMipiRx_vcu_DP_v_frmbuf_wr_0_0/src/hls -I /home/anubhav/Documents/kria-vitis-platforms/kv260/platforms/vivado/kv260_ispMipiRx_vcu_DP/project/kv260_ispMipiRx_vcu_DP.gen/sources_1/bd/kv260_ispMipiRx_vcu_DP/ip/kv260_ispMipiRx_vcu_DP_v_frmbuf_wr_0_0/src  /home/anubhav/Documents/kria-vitis-platforms/kv260/platforms/vivado/kv260_ispMipiRx_vcu_DP/project/kv260_ispMipiRx_vcu_DP.gen/sources_1/bd/kv260_ispMipiRx_vcu_DP/ip/kv260_ispMipiRx_vcu_DP_v_frmbuf_wr_0_0/src/v_frmbuf_wr.h 
INFO: [HLS 200-10] Adding design file '/home/anubhav/Documents/kria-vitis-platforms/kv260/platforms/vivado/kv260_ispMipiRx_vcu_DP/project/kv260_ispMipiRx_vcu_DP.gen/sources_1/bd/kv260_ispMipiRx_vcu_DP/ip/kv260_ispMipiRx_vcu_DP_v_frmbuf_wr_0_0/src/v_frmbuf_wr.h' to the project
INFO: [HLS 200-1510] Running: add_files -cflags  -I /home/anubhav/Documents/kria-vitis-platforms/kv260/platforms/vivado/kv260_ispMipiRx_vcu_DP/project/kv260_ispMipiRx_vcu_DP.gen/sources_1/bd/kv260_ispMipiRx_vcu_DP/ip/kv260_ispMipiRx_vcu_DP_v_frmbuf_wr_0_0/src/hls -I /home/anubhav/Documents/kria-vitis-platforms/kv260/platforms/vivado/kv260_ispMipiRx_vcu_DP/project/kv260_ispMipiRx_vcu_DP.gen/sources_1/bd/kv260_ispMipiRx_vcu_DP/ip/kv260_ispMipiRx_vcu_DP_v_frmbuf_wr_0_0/src  /home/anubhav/Documents/kria-vitis-platforms/kv260/platforms/vivado/kv260_ispMipiRx_vcu_DP/project/kv260_ispMipiRx_vcu_DP.gen/sources_1/bd/kv260_ispMipiRx_vcu_DP/ip/kv260_ispMipiRx_vcu_DP_v_frmbuf_wr_0_0/src/hls_video.h 
INFO: [HLS 200-10] Adding design file '/home/anubhav/Documents/kria-vitis-platforms/kv260/platforms/vivado/kv260_ispMipiRx_vcu_DP/project/kv260_ispMipiRx_vcu_DP.gen/sources_1/bd/kv260_ispMipiRx_vcu_DP/ip/kv260_ispMipiRx_vcu_DP_v_frmbuf_wr_0_0/src/hls_video.h' to the project
INFO: [HLS 200-1510] Running: add_files -cflags  -I /home/anubhav/Documents/kria-vitis-platforms/kv260/platforms/vivado/kv260_ispMipiRx_vcu_DP/project/kv260_ispMipiRx_vcu_DP.gen/sources_1/bd/kv260_ispMipiRx_vcu_DP/ip/kv260_ispMipiRx_vcu_DP_v_frmbuf_wr_0_0/src/hls -I /home/anubhav/Documents/kria-vitis-platforms/kv260/platforms/vivado/kv260_ispMipiRx_vcu_DP/project/kv260_ispMipiRx_vcu_DP.gen/sources_1/bd/kv260_ispMipiRx_vcu_DP/ip/kv260_ispMipiRx_vcu_DP_v_frmbuf_wr_0_0/src  /home/anubhav/Documents/kria-vitis-platforms/kv260/platforms/vivado/kv260_ispMipiRx_vcu_DP/project/kv260_ispMipiRx_vcu_DP.gen/sources_1/bd/kv260_ispMipiRx_vcu_DP/ip/kv260_ispMipiRx_vcu_DP_v_frmbuf_wr_0_0/src/hls_opencv.h 
INFO: [HLS 200-10] Adding design file '/home/anubhav/Documents/kria-vitis-platforms/kv260/platforms/vivado/kv260_ispMipiRx_vcu_DP/project/kv260_ispMipiRx_vcu_DP.gen/sources_1/bd/kv260_ispMipiRx_vcu_DP/ip/kv260_ispMipiRx_vcu_DP_v_frmbuf_wr_0_0/src/hls_opencv.h' to the project
INFO: [HLS 200-1510] Running: add_files -cflags  -I /home/anubhav/Documents/kria-vitis-platforms/kv260/platforms/vivado/kv260_ispMipiRx_vcu_DP/project/kv260_ispMipiRx_vcu_DP.gen/sources_1/bd/kv260_ispMipiRx_vcu_DP/ip/kv260_ispMipiRx_vcu_DP_v_frmbuf_wr_0_0/src/hls -I /home/anubhav/Documents/kria-vitis-platforms/kv260/platforms/vivado/kv260_ispMipiRx_vcu_DP/project/kv260_ispMipiRx_vcu_DP.gen/sources_1/bd/kv260_ispMipiRx_vcu_DP/ip/kv260_ispMipiRx_vcu_DP_v_frmbuf_wr_0_0/src  /home/anubhav/Documents/kria-vitis-platforms/kv260/platforms/vivado/kv260_ispMipiRx_vcu_DP/project/kv260_ispMipiRx_vcu_DP.gen/sources_1/bd/kv260_ispMipiRx_vcu_DP/ip/kv260_ispMipiRx_vcu_DP_v_frmbuf_wr_0_0/src/hls/hls_axi_io.h 
INFO: [HLS 200-10] Adding design file '/home/anubhav/Documents/kria-vitis-platforms/kv260/platforms/vivado/kv260_ispMipiRx_vcu_DP/project/kv260_ispMipiRx_vcu_DP.gen/sources_1/bd/kv260_ispMipiRx_vcu_DP/ip/kv260_ispMipiRx_vcu_DP_v_frmbuf_wr_0_0/src/hls/hls_axi_io.h' to the project
INFO: [HLS 200-1510] Running: add_files -cflags  -I /home/anubhav/Documents/kria-vitis-platforms/kv260/platforms/vivado/kv260_ispMipiRx_vcu_DP/project/kv260_ispMipiRx_vcu_DP.gen/sources_1/bd/kv260_ispMipiRx_vcu_DP/ip/kv260_ispMipiRx_vcu_DP_v_frmbuf_wr_0_0/src/hls -I /home/anubhav/Documents/kria-vitis-platforms/kv260/platforms/vivado/kv260_ispMipiRx_vcu_DP/project/kv260_ispMipiRx_vcu_DP.gen/sources_1/bd/kv260_ispMipiRx_vcu_DP/ip/kv260_ispMipiRx_vcu_DP_v_frmbuf_wr_0_0/src  /home/anubhav/Documents/kria-vitis-platforms/kv260/platforms/vivado/kv260_ispMipiRx_vcu_DP/project/kv260_ispMipiRx_vcu_DP.gen/sources_1/bd/kv260_ispMipiRx_vcu_DP/ip/kv260_ispMipiRx_vcu_DP_v_frmbuf_wr_0_0/src/hls/hls_video_arithm.h 
INFO: [HLS 200-10] Adding design file '/home/anubhav/Documents/kria-vitis-platforms/kv260/platforms/vivado/kv260_ispMipiRx_vcu_DP/project/kv260_ispMipiRx_vcu_DP.gen/sources_1/bd/kv260_ispMipiRx_vcu_DP/ip/kv260_ispMipiRx_vcu_DP_v_frmbuf_wr_0_0/src/hls/hls_video_arithm.h' to the project
INFO: [HLS 200-1510] Running: add_files -cflags  -I /home/anubhav/Documents/kria-vitis-platforms/kv260/platforms/vivado/kv260_ispMipiRx_vcu_DP/project/kv260_ispMipiRx_vcu_DP.gen/sources_1/bd/kv260_ispMipiRx_vcu_DP/ip/kv260_ispMipiRx_vcu_DP_v_frmbuf_wr_0_0/src/hls -I /home/anubhav/Documents/kria-vitis-platforms/kv260/platforms/vivado/kv260_ispMipiRx_vcu_DP/project/kv260_ispMipiRx_vcu_DP.gen/sources_1/bd/kv260_ispMipiRx_vcu_DP/ip/kv260_ispMipiRx_vcu_DP_v_frmbuf_wr_0_0/src  /home/anubhav/Documents/kria-vitis-platforms/kv260/platforms/vivado/kv260_ispMipiRx_vcu_DP/project/kv260_ispMipiRx_vcu_DP.gen/sources_1/bd/kv260_ispMipiRx_vcu_DP/ip/kv260_ispMipiRx_vcu_DP_v_frmbuf_wr_0_0/src/hls/hls_video_core.h 
INFO: [HLS 200-10] Adding design file '/home/anubhav/Documents/kria-vitis-platforms/kv260/platforms/vivado/kv260_ispMipiRx_vcu_DP/project/kv260_ispMipiRx_vcu_DP.gen/sources_1/bd/kv260_ispMipiRx_vcu_DP/ip/kv260_ispMipiRx_vcu_DP_v_frmbuf_wr_0_0/src/hls/hls_video_core.h' to the project
INFO: [HLS 200-1510] Running: add_files -cflags  -I /home/anubhav/Documents/kria-vitis-platforms/kv260/platforms/vivado/kv260_ispMipiRx_vcu_DP/project/kv260_ispMipiRx_vcu_DP.gen/sources_1/bd/kv260_ispMipiRx_vcu_DP/ip/kv260_ispMipiRx_vcu_DP_v_frmbuf_wr_0_0/src/hls -I /home/anubhav/Documents/kria-vitis-platforms/kv260/platforms/vivado/kv260_ispMipiRx_vcu_DP/project/kv260_ispMipiRx_vcu_DP.gen/sources_1/bd/kv260_ispMipiRx_vcu_DP/ip/kv260_ispMipiRx_vcu_DP_v_frmbuf_wr_0_0/src  /home/anubhav/Documents/kria-vitis-platforms/kv260/platforms/vivado/kv260_ispMipiRx_vcu_DP/project/kv260_ispMipiRx_vcu_DP.gen/sources_1/bd/kv260_ispMipiRx_vcu_DP/ip/kv260_ispMipiRx_vcu_DP_v_frmbuf_wr_0_0/src/hls/hls_video_fast.h 
INFO: [HLS 200-10] Adding design file '/home/anubhav/Documents/kria-vitis-platforms/kv260/platforms/vivado/kv260_ispMipiRx_vcu_DP/project/kv260_ispMipiRx_vcu_DP.gen/sources_1/bd/kv260_ispMipiRx_vcu_DP/ip/kv260_ispMipiRx_vcu_DP_v_frmbuf_wr_0_0/src/hls/hls_video_fast.h' to the project
INFO: [HLS 200-1510] Running: add_files -cflags  -I /home/anubhav/Documents/kria-vitis-platforms/kv260/platforms/vivado/kv260_ispMipiRx_vcu_DP/project/kv260_ispMipiRx_vcu_DP.gen/sources_1/bd/kv260_ispMipiRx_vcu_DP/ip/kv260_ispMipiRx_vcu_DP_v_frmbuf_wr_0_0/src/hls -I /home/anubhav/Documents/kria-vitis-platforms/kv260/platforms/vivado/kv260_ispMipiRx_vcu_DP/project/kv260_ispMipiRx_vcu_DP.gen/sources_1/bd/kv260_ispMipiRx_vcu_DP/ip/kv260_ispMipiRx_vcu_DP_v_frmbuf_wr_0_0/src  /home/anubhav/Documents/kria-vitis-platforms/kv260/platforms/vivado/kv260_ispMipiRx_vcu_DP/project/kv260_ispMipiRx_vcu_DP.gen/sources_1/bd/kv260_ispMipiRx_vcu_DP/ip/kv260_ispMipiRx_vcu_DP_v_frmbuf_wr_0_0/src/hls/hls_video_haar.h 
INFO: [HLS 200-10] Adding design file '/home/anubhav/Documents/kria-vitis-platforms/kv260/platforms/vivado/kv260_ispMipiRx_vcu_DP/project/kv260_ispMipiRx_vcu_DP.gen/sources_1/bd/kv260_ispMipiRx_vcu_DP/ip/kv260_ispMipiRx_vcu_DP_v_frmbuf_wr_0_0/src/hls/hls_video_haar.h' to the project
INFO: [HLS 200-1510] Running: add_files -cflags  -I /home/anubhav/Documents/kria-vitis-platforms/kv260/platforms/vivado/kv260_ispMipiRx_vcu_DP/project/kv260_ispMipiRx_vcu_DP.gen/sources_1/bd/kv260_ispMipiRx_vcu_DP/ip/kv260_ispMipiRx_vcu_DP_v_frmbuf_wr_0_0/src/hls -I /home/anubhav/Documents/kria-vitis-platforms/kv260/platforms/vivado/kv260_ispMipiRx_vcu_DP/project/kv260_ispMipiRx_vcu_DP.gen/sources_1/bd/kv260_ispMipiRx_vcu_DP/ip/kv260_ispMipiRx_vcu_DP_v_frmbuf_wr_0_0/src  /home/anubhav/Documents/kria-vitis-platforms/kv260/platforms/vivado/kv260_ispMipiRx_vcu_DP/project/kv260_ispMipiRx_vcu_DP.gen/sources_1/bd/kv260_ispMipiRx_vcu_DP/ip/kv260_ispMipiRx_vcu_DP_v_frmbuf_wr_0_0/src/hls/hls_video_harris.h 
INFO: [HLS 200-10] Adding design file '/home/anubhav/Documents/kria-vitis-platforms/kv260/platforms/vivado/kv260_ispMipiRx_vcu_DP/project/kv260_ispMipiRx_vcu_DP.gen/sources_1/bd/kv260_ispMipiRx_vcu_DP/ip/kv260_ispMipiRx_vcu_DP_v_frmbuf_wr_0_0/src/hls/hls_video_harris.h' to the project
INFO: [HLS 200-1510] Running: add_files -cflags  -I /home/anubhav/Documents/kria-vitis-platforms/kv260/platforms/vivado/kv260_ispMipiRx_vcu_DP/project/kv260_ispMipiRx_vcu_DP.gen/sources_1/bd/kv260_ispMipiRx_vcu_DP/ip/kv260_ispMipiRx_vcu_DP_v_frmbuf_wr_0_0/src/hls -I /home/anubhav/Documents/kria-vitis-platforms/kv260/platforms/vivado/kv260_ispMipiRx_vcu_DP/project/kv260_ispMipiRx_vcu_DP.gen/sources_1/bd/kv260_ispMipiRx_vcu_DP/ip/kv260_ispMipiRx_vcu_DP_v_frmbuf_wr_0_0/src  /home/anubhav/Documents/kria-vitis-platforms/kv260/platforms/vivado/kv260_ispMipiRx_vcu_DP/project/kv260_ispMipiRx_vcu_DP.gen/sources_1/bd/kv260_ispMipiRx_vcu_DP/ip/kv260_ispMipiRx_vcu_DP_v_frmbuf_wr_0_0/src/hls/hls_video_histogram.h 
INFO: [HLS 200-10] Adding design file '/home/anubhav/Documents/kria-vitis-platforms/kv260/platforms/vivado/kv260_ispMipiRx_vcu_DP/project/kv260_ispMipiRx_vcu_DP.gen/sources_1/bd/kv260_ispMipiRx_vcu_DP/ip/kv260_ispMipiRx_vcu_DP_v_frmbuf_wr_0_0/src/hls/hls_video_histogram.h' to the project
INFO: [HLS 200-1510] Running: add_files -cflags  -I /home/anubhav/Documents/kria-vitis-platforms/kv260/platforms/vivado/kv260_ispMipiRx_vcu_DP/project/kv260_ispMipiRx_vcu_DP.gen/sources_1/bd/kv260_ispMipiRx_vcu_DP/ip/kv260_ispMipiRx_vcu_DP_v_frmbuf_wr_0_0/src/hls -I /home/anubhav/Documents/kria-vitis-platforms/kv260/platforms/vivado/kv260_ispMipiRx_vcu_DP/project/kv260_ispMipiRx_vcu_DP.gen/sources_1/bd/kv260_ispMipiRx_vcu_DP/ip/kv260_ispMipiRx_vcu_DP_v_frmbuf_wr_0_0/src  /home/anubhav/Documents/kria-vitis-platforms/kv260/platforms/vivado/kv260_ispMipiRx_vcu_DP/project/kv260_ispMipiRx_vcu_DP.gen/sources_1/bd/kv260_ispMipiRx_vcu_DP/ip/kv260_ispMipiRx_vcu_DP_v_frmbuf_wr_0_0/src/hls/hls_video_hough.h 
INFO: [HLS 200-10] Adding design file '/home/anubhav/Documents/kria-vitis-platforms/kv260/platforms/vivado/kv260_ispMipiRx_vcu_DP/project/kv260_ispMipiRx_vcu_DP.gen/sources_1/bd/kv260_ispMipiRx_vcu_DP/ip/kv260_ispMipiRx_vcu_DP_v_frmbuf_wr_0_0/src/hls/hls_video_hough.h' to the project
INFO: [HLS 200-1510] Running: add_files -cflags  -I /home/anubhav/Documents/kria-vitis-platforms/kv260/platforms/vivado/kv260_ispMipiRx_vcu_DP/project/kv260_ispMipiRx_vcu_DP.gen/sources_1/bd/kv260_ispMipiRx_vcu_DP/ip/kv260_ispMipiRx_vcu_DP_v_frmbuf_wr_0_0/src/hls -I /home/anubhav/Documents/kria-vitis-platforms/kv260/platforms/vivado/kv260_ispMipiRx_vcu_DP/project/kv260_ispMipiRx_vcu_DP.gen/sources_1/bd/kv260_ispMipiRx_vcu_DP/ip/kv260_ispMipiRx_vcu_DP_v_frmbuf_wr_0_0/src  /home/anubhav/Documents/kria-vitis-platforms/kv260/platforms/vivado/kv260_ispMipiRx_vcu_DP/project/kv260_ispMipiRx_vcu_DP.gen/sources_1/bd/kv260_ispMipiRx_vcu_DP/ip/kv260_ispMipiRx_vcu_DP_v_frmbuf_wr_0_0/src/hls/hls_video_imgbase.h 
INFO: [HLS 200-10] Adding design file '/home/anubhav/Documents/kria-vitis-platforms/kv260/platforms/vivado/kv260_ispMipiRx_vcu_DP/project/kv260_ispMipiRx_vcu_DP.gen/sources_1/bd/kv260_ispMipiRx_vcu_DP/ip/kv260_ispMipiRx_vcu_DP_v_frmbuf_wr_0_0/src/hls/hls_video_imgbase.h' to the project
INFO: [HLS 200-1510] Running: add_files -cflags  -I /home/anubhav/Documents/kria-vitis-platforms/kv260/platforms/vivado/kv260_ispMipiRx_vcu_DP/project/kv260_ispMipiRx_vcu_DP.gen/sources_1/bd/kv260_ispMipiRx_vcu_DP/ip/kv260_ispMipiRx_vcu_DP_v_frmbuf_wr_0_0/src/hls -I /home/anubhav/Documents/kria-vitis-platforms/kv260/platforms/vivado/kv260_ispMipiRx_vcu_DP/project/kv260_ispMipiRx_vcu_DP.gen/sources_1/bd/kv260_ispMipiRx_vcu_DP/ip/kv260_ispMipiRx_vcu_DP_v_frmbuf_wr_0_0/src  /home/anubhav/Documents/kria-vitis-platforms/kv260/platforms/vivado/kv260_ispMipiRx_vcu_DP/project/kv260_ispMipiRx_vcu_DP.gen/sources_1/bd/kv260_ispMipiRx_vcu_DP/ip/kv260_ispMipiRx_vcu_DP_v_frmbuf_wr_0_0/src/hls/hls_video_imgproc.h 
INFO: [HLS 200-10] Adding design file '/home/anubhav/Documents/kria-vitis-platforms/kv260/platforms/vivado/kv260_ispMipiRx_vcu_DP/project/kv260_ispMipiRx_vcu_DP.gen/sources_1/bd/kv260_ispMipiRx_vcu_DP/ip/kv260_ispMipiRx_vcu_DP_v_frmbuf_wr_0_0/src/hls/hls_video_imgproc.h' to the project
INFO: [HLS 200-1510] Running: add_files -cflags  -I /home/anubhav/Documents/kria-vitis-platforms/kv260/platforms/vivado/kv260_ispMipiRx_vcu_DP/project/kv260_ispMipiRx_vcu_DP.gen/sources_1/bd/kv260_ispMipiRx_vcu_DP/ip/kv260_ispMipiRx_vcu_DP_v_frmbuf_wr_0_0/src/hls -I /home/anubhav/Documents/kria-vitis-platforms/kv260/platforms/vivado/kv260_ispMipiRx_vcu_DP/project/kv260_ispMipiRx_vcu_DP.gen/sources_1/bd/kv260_ispMipiRx_vcu_DP/ip/kv260_ispMipiRx_vcu_DP_v_frmbuf_wr_0_0/src  /home/anubhav/Documents/kria-vitis-platforms/kv260/platforms/vivado/kv260_ispMipiRx_vcu_DP/project/kv260_ispMipiRx_vcu_DP.gen/sources_1/bd/kv260_ispMipiRx_vcu_DP/ip/kv260_ispMipiRx_vcu_DP_v_frmbuf_wr_0_0/src/hls/hls_video_io.h 
INFO: [HLS 200-10] Adding design file '/home/anubhav/Documents/kria-vitis-platforms/kv260/platforms/vivado/kv260_ispMipiRx_vcu_DP/project/kv260_ispMipiRx_vcu_DP.gen/sources_1/bd/kv260_ispMipiRx_vcu_DP/ip/kv260_ispMipiRx_vcu_DP_v_frmbuf_wr_0_0/src/hls/hls_video_io.h' to the project
INFO: [HLS 200-1510] Running: add_files -cflags  -I /home/anubhav/Documents/kria-vitis-platforms/kv260/platforms/vivado/kv260_ispMipiRx_vcu_DP/project/kv260_ispMipiRx_vcu_DP.gen/sources_1/bd/kv260_ispMipiRx_vcu_DP/ip/kv260_ispMipiRx_vcu_DP_v_frmbuf_wr_0_0/src/hls -I /home/anubhav/Documents/kria-vitis-platforms/kv260/platforms/vivado/kv260_ispMipiRx_vcu_DP/project/kv260_ispMipiRx_vcu_DP.gen/sources_1/bd/kv260_ispMipiRx_vcu_DP/ip/kv260_ispMipiRx_vcu_DP_v_frmbuf_wr_0_0/src  /home/anubhav/Documents/kria-vitis-platforms/kv260/platforms/vivado/kv260_ispMipiRx_vcu_DP/project/kv260_ispMipiRx_vcu_DP.gen/sources_1/bd/kv260_ispMipiRx_vcu_DP/ip/kv260_ispMipiRx_vcu_DP_v_frmbuf_wr_0_0/src/hls/hls_video_mem.h 
INFO: [HLS 200-10] Adding design file '/home/anubhav/Documents/kria-vitis-platforms/kv260/platforms/vivado/kv260_ispMipiRx_vcu_DP/project/kv260_ispMipiRx_vcu_DP.gen/sources_1/bd/kv260_ispMipiRx_vcu_DP/ip/kv260_ispMipiRx_vcu_DP_v_frmbuf_wr_0_0/src/hls/hls_video_mem.h' to the project
INFO: [HLS 200-1510] Running: add_files -cflags  -I /home/anubhav/Documents/kria-vitis-platforms/kv260/platforms/vivado/kv260_ispMipiRx_vcu_DP/project/kv260_ispMipiRx_vcu_DP.gen/sources_1/bd/kv260_ispMipiRx_vcu_DP/ip/kv260_ispMipiRx_vcu_DP_v_frmbuf_wr_0_0/src/hls -I /home/anubhav/Documents/kria-vitis-platforms/kv260/platforms/vivado/kv260_ispMipiRx_vcu_DP/project/kv260_ispMipiRx_vcu_DP.gen/sources_1/bd/kv260_ispMipiRx_vcu_DP/ip/kv260_ispMipiRx_vcu_DP_v_frmbuf_wr_0_0/src  /home/anubhav/Documents/kria-vitis-platforms/kv260/platforms/vivado/kv260_ispMipiRx_vcu_DP/project/kv260_ispMipiRx_vcu_DP.gen/sources_1/bd/kv260_ispMipiRx_vcu_DP/ip/kv260_ispMipiRx_vcu_DP_v_frmbuf_wr_0_0/src/hls/hls_video_stereobm.h 
INFO: [HLS 200-10] Adding design file '/home/anubhav/Documents/kria-vitis-platforms/kv260/platforms/vivado/kv260_ispMipiRx_vcu_DP/project/kv260_ispMipiRx_vcu_DP.gen/sources_1/bd/kv260_ispMipiRx_vcu_DP/ip/kv260_ispMipiRx_vcu_DP_v_frmbuf_wr_0_0/src/hls/hls_video_stereobm.h' to the project
INFO: [HLS 200-1510] Running: add_files -cflags  -I /home/anubhav/Documents/kria-vitis-platforms/kv260/platforms/vivado/kv260_ispMipiRx_vcu_DP/project/kv260_ispMipiRx_vcu_DP.gen/sources_1/bd/kv260_ispMipiRx_vcu_DP/ip/kv260_ispMipiRx_vcu_DP_v_frmbuf_wr_0_0/src/hls -I /home/anubhav/Documents/kria-vitis-platforms/kv260/platforms/vivado/kv260_ispMipiRx_vcu_DP/project/kv260_ispMipiRx_vcu_DP.gen/sources_1/bd/kv260_ispMipiRx_vcu_DP/ip/kv260_ispMipiRx_vcu_DP_v_frmbuf_wr_0_0/src  /home/anubhav/Documents/kria-vitis-platforms/kv260/platforms/vivado/kv260_ispMipiRx_vcu_DP/project/kv260_ispMipiRx_vcu_DP.gen/sources_1/bd/kv260_ispMipiRx_vcu_DP/ip/kv260_ispMipiRx_vcu_DP_v_frmbuf_wr_0_0/src/hls/hls_video_types.h 
INFO: [HLS 200-10] Adding design file '/home/anubhav/Documents/kria-vitis-platforms/kv260/platforms/vivado/kv260_ispMipiRx_vcu_DP/project/kv260_ispMipiRx_vcu_DP.gen/sources_1/bd/kv260_ispMipiRx_vcu_DP/ip/kv260_ispMipiRx_vcu_DP_v_frmbuf_wr_0_0/src/hls/hls_video_types.h' to the project
INFO: [HLS 200-1510] Running: add_files -cflags  -I /home/anubhav/Documents/kria-vitis-platforms/kv260/platforms/vivado/kv260_ispMipiRx_vcu_DP/project/kv260_ispMipiRx_vcu_DP.gen/sources_1/bd/kv260_ispMipiRx_vcu_DP/ip/kv260_ispMipiRx_vcu_DP_v_frmbuf_wr_0_0/src/hls -I /home/anubhav/Documents/kria-vitis-platforms/kv260/platforms/vivado/kv260_ispMipiRx_vcu_DP/project/kv260_ispMipiRx_vcu_DP.gen/sources_1/bd/kv260_ispMipiRx_vcu_DP/ip/kv260_ispMipiRx_vcu_DP_v_frmbuf_wr_0_0/src  /home/anubhav/Documents/kria-vitis-platforms/kv260/platforms/vivado/kv260_ispMipiRx_vcu_DP/project/kv260_ispMipiRx_vcu_DP.gen/sources_1/bd/kv260_ispMipiRx_vcu_DP/ip/kv260_ispMipiRx_vcu_DP_v_frmbuf_wr_0_0/src/hls/hls_video_undistort.h 
INFO: [HLS 200-10] Adding design file '/home/anubhav/Documents/kria-vitis-platforms/kv260/platforms/vivado/kv260_ispMipiRx_vcu_DP/project/kv260_ispMipiRx_vcu_DP.gen/sources_1/bd/kv260_ispMipiRx_vcu_DP/ip/kv260_ispMipiRx_vcu_DP_v_frmbuf_wr_0_0/src/hls/hls_video_undistort.h' to the project
INFO: [HLS 200-1510] Running: create_clock -period 3.333 -name ap_clk 
INFO: [SYN 201-201] Setting up clock 'ap_clk' with a period of 3.333ns.
INFO: [HLS 200-1510] Running: config_interface -m_axi_flush_mode 
INFO: [HLS 200-1510] Running: config_interface -m_axi_conservative_mode 
INFO: [HLS 200-1510] Running: config_interface -m_axi_addr64=false 
INFO: [HLS 200-1510] Running: config_rtl -module_prefix kv260_ispMipiRx_vcu_DP_v_frmbuf_wr_0_0_ 
INFO: [HLS 200-1510] Running: config_export -vendor xilinx.com -library ip -version 2.4 
INFO: [HLS 200-1510] Running: csynth_design 
INFO: [HLS 200-111] Finished File checks and directory preparation: CPU user time: 0 seconds. CPU system time: 0 seconds. Elapsed time: 0 seconds; current allocated memory: 629.406 MB.
INFO: [HLS 200-10] Analyzing design file '/home/anubhav/Documents/kria-vitis-platforms/kv260/platforms/vivado/kv260_ispMipiRx_vcu_DP/project/kv260_ispMipiRx_vcu_DP.gen/sources_1/bd/kv260_ispMipiRx_vcu_DP/ip/kv260_ispMipiRx_vcu_DP_v_frmbuf_wr_0_0/src/v_frmbuf_wr.cpp' ... 
WARNING: [HLS 207-4615] the argument to '__builtin_assume' has side effects that will be discarded (/home/anubhav/Documents/kria-vitis-platforms/kv260/platforms/vivado/kv260_ispMipiRx_vcu_DP/project/kv260_ispMipiRx_vcu_DP.gen/sources_1/bd/kv260_ispMipiRx_vcu_DP/ip/kv260_ispMipiRx_vcu_DP_v_frmbuf_wr_0_0/src/hls/hls_video_io.h:162:23)
WARNING: [HLS 207-4615] the argument to '__builtin_assume' has side effects that will be discarded (/home/anubhav/Documents/kria-vitis-platforms/kv260/platforms/vivado/kv260_ispMipiRx_vcu_DP/project/kv260_ispMipiRx_vcu_DP.gen/sources_1/bd/kv260_ispMipiRx_vcu_DP/ip/kv260_ispMipiRx_vcu_DP_v_frmbuf_wr_0_0/src/hls/hls_video_io.h:228:23)
WARNING: [HLS 207-4615] the argument to '__builtin_assume' has side effects that will be discarded (/home/anubhav/Documents/kria-vitis-platforms/kv260/platforms/vivado/kv260_ispMipiRx_vcu_DP/project/kv260_ispMipiRx_vcu_DP.gen/sources_1/bd/kv260_ispMipiRx_vcu_DP/ip/kv260_ispMipiRx_vcu_DP_v_frmbuf_wr_0_0/src/hls/hls_video_undistort.h:380:35)
WARNING: [HLS 207-5292] unused parameter 'WidthInPix' (/home/anubhav/Documents/kria-vitis-platforms/kv260/platforms/vivado/kv260_ispMipiRx_vcu_DP/project/kv260_ispMipiRx_vcu_DP.runs/kv260_ispMipiRx_vcu_DP_v_frmbuf_wr_0_0_synth_1/prj/sol/.autopilot/db/v_frmbuf_wr.cpp:269:21)
WARNING: [HLS 207-5292] unused parameter 'dstImg3' (/home/anubhav/Documents/kria-vitis-platforms/kv260/platforms/vivado/kv260_ispMipiRx_vcu_DP/project/kv260_ispMipiRx_vcu_DP.runs/kv260_ispMipiRx_vcu_DP_v_frmbuf_wr_0_0_synth_1/prj/sol/.autopilot/db/v_frmbuf_wr.cpp:1100:15)
INFO: [HLS 200-111] Finished Source Code Analysis and Preprocessing: CPU user time: 31.12 seconds. CPU system time: 1.76 seconds. Elapsed time: 31.25 seconds; current allocated memory: 140.285 MB.
INFO: [HLS 200-777] Using interface defaults for 'Vivado' flow target.
INFO: [HLS 214-131] Inlining function 'void hls::AXIGetBitFields<48, ap_uint<8> >(ap_uint<48>, int, int, ap_uint<8>&)' into 'void hls::AXIGetBitFields<48, ap_uint<8> >(hls::axis<ap_uint<48>, 1ul, 1ul, 1ul>, int, int, ap_uint<8>&)' (/home/anubhav/Documents/kria-vitis-platforms/kv260/platforms/vivado/kv260_ispMipiRx_vcu_DP/project/kv260_ispMipiRx_vcu_DP.gen/sources_1/bd/kv260_ispMipiRx_vcu_DP/ip/kv260_ispMipiRx_vcu_DP_v_frmbuf_wr_0_0/src/hls/hls_axi_io.h:71:2)
INFO: [HLS 214-131] Inlining function 'hls::Scalar<6, ap_uint<8> >::Scalar()' into 'AXIvideo2MultiPixStream(hls::stream<hls::axis<ap_uint<48>, 1ul, 1ul, 1ul>, 0>&, hls::stream<hls::Scalar<6, ap_uint<8> >, 0>&, unsigned short&, unsigned short&, unsigned char&)' (/home/anubhav/Documents/kria-vitis-platforms/kv260/platforms/vivado/kv260_ispMipiRx_vcu_DP/project/kv260_ispMipiRx_vcu_DP.runs/kv260_ispMipiRx_vcu_DP_v_frmbuf_wr_0_0_synth_1/prj/sol/.autopilot/db/v_frmbuf_wr.cpp:182:18)
INFO: [HLS 214-131] Inlining function 'void hls::AXIGetBitFields<48, ap_uint<8> >(hls::axis<ap_uint<48>, 1ul, 1ul, 1ul>, int, int, ap_uint<8>&)' into 'AXIvideo2MultiPixStream(hls::stream<hls::axis<ap_uint<48>, 1ul, 1ul, 1ul>, 0>&, hls::stream<hls::Scalar<6, ap_uint<8> >, 0>&, unsigned short&, unsigned short&, unsigned char&)' (/home/anubhav/Documents/kria-vitis-platforms/kv260/platforms/vivado/kv260_ispMipiRx_vcu_DP/project/kv260_ispMipiRx_vcu_DP.runs/kv260_ispMipiRx_vcu_DP_v_frmbuf_wr_0_0_synth_1/prj/sol/.autopilot/db/v_frmbuf_wr.cpp:233:6)
INFO: [HLS 214-131] Inlining function 'void hls::AXIGetBitFields<48, ap_uint<8> >(hls::axis<ap_uint<48>, 1ul, 1ul, 1ul>, int, int, ap_uint<8>&)' into 'AXIvideo2MultiPixStream(hls::stream<hls::axis<ap_uint<48>, 1ul, 1ul, 1ul>, 0>&, hls::stream<hls::Scalar<6, ap_uint<8> >, 0>&, unsigned short&, unsigned short&, unsigned char&)' (/home/anubhav/Documents/kria-vitis-platforms/kv260/platforms/vivado/kv260_ispMipiRx_vcu_DP/project/kv260_ispMipiRx_vcu_DP.runs/kv260_ispMipiRx_vcu_DP_v_frmbuf_wr_0_0_synth_1/prj/sol/.autopilot/db/v_frmbuf_wr.cpp:231:6)
INFO: [HLS 214-131] Inlining function 'void hls::AXIGetBitFields<48, ap_uint<8> >(hls::axis<ap_uint<48>, 1ul, 1ul, 1ul>, int, int, ap_uint<8>&)' into 'AXIvideo2MultiPixStream(hls::stream<hls::axis<ap_uint<48>, 1ul, 1ul, 1ul>, 0>&, hls::stream<hls::Scalar<6, ap_uint<8> >, 0>&, unsigned short&, unsigned short&, unsigned char&)' (/home/anubhav/Documents/kria-vitis-platforms/kv260/platforms/vivado/kv260_ispMipiRx_vcu_DP/project/kv260_ispMipiRx_vcu_DP.runs/kv260_ispMipiRx_vcu_DP_v_frmbuf_wr_0_0_synth_1/prj/sol/.autopilot/db/v_frmbuf_wr.cpp:229:2)
INFO: [HLS 214-131] Inlining function 'hls::Scalar<6, ap_uint<8> >::Scalar()' into 'MultiPixStream2Bytes(hls::stream<hls::Scalar<6, ap_uint<8> >, 0>&, STREAM_PLANES&, unsigned short&, unsigned short&, unsigned short&, unsigned short&)' (/home/anubhav/Documents/kria-vitis-platforms/kv260/platforms/vivado/kv260_ispMipiRx_vcu_DP/project/kv260_ispMipiRx_vcu_DP.runs/kv260_ispMipiRx_vcu_DP_v_frmbuf_wr_0_0_synth_1/prj/sol/.autopilot/db/v_frmbuf_wr.cpp:273:18)
INFO: [HLS 214-210] Disaggregating variable 'pix' (/home/anubhav/Documents/kria-vitis-platforms/kv260/platforms/vivado/kv260_ispMipiRx_vcu_DP/project/kv260_ispMipiRx_vcu_DP.runs/kv260_ispMipiRx_vcu_DP_v_frmbuf_wr_0_0_synth_1/prj/sol/.autopilot/db/v_frmbuf_wr.cpp:182:18)
INFO: [HLS 214-210] Disaggregating variable 'pix' (/home/anubhav/Documents/kria-vitis-platforms/kv260/platforms/vivado/kv260_ispMipiRx_vcu_DP/project/kv260_ispMipiRx_vcu_DP.runs/kv260_ispMipiRx_vcu_DP_v_frmbuf_wr_0_0_synth_1/prj/sol/.autopilot/db/v_frmbuf_wr.cpp:273:18)
INFO: [HLS 214-210] Disaggregating variable 'bytePlanes' (/home/anubhav/Documents/kria-vitis-platforms/kv260/platforms/vivado/kv260_ispMipiRx_vcu_DP/project/kv260_ispMipiRx_vcu_DP.runs/kv260_ispMipiRx_vcu_DP_v_frmbuf_wr_0_0_synth_1/prj/sol/.autopilot/db/v_frmbuf_wr.cpp:35:16)
INFO: [HLS 214-291] Loop 'VITIS_LOOP_588_2' is marked as complete unroll implied by the pipeline pragma (/home/anubhav/Documents/kria-vitis-platforms/kv260/platforms/vivado/kv260_ispMipiRx_vcu_DP/project/kv260_ispMipiRx_vcu_DP.runs/kv260_ispMipiRx_vcu_DP_v_frmbuf_wr_0_0_synth_1/prj/sol/.autopilot/db/v_frmbuf_wr.cpp:588:20)
INFO: [HLS 214-291] Loop 'VITIS_LOOP_592_3' is marked as complete unroll implied by the pipeline pragma (/home/anubhav/Documents/kria-vitis-platforms/kv260/platforms/vivado/kv260_ispMipiRx_vcu_DP/project/kv260_ispMipiRx_vcu_DP.runs/kv260_ispMipiRx_vcu_DP_v_frmbuf_wr_0_0_synth_1/prj/sol/.autopilot/db/v_frmbuf_wr.cpp:592:24)
INFO: [HLS 214-291] Loop 'VITIS_LOOP_224_1' is marked as complete unroll implied by the pipeline pragma (/home/anubhav/Documents/kria-vitis-platforms/kv260/platforms/vivado/kv260_ispMipiRx_vcu_DP/project/kv260_ispMipiRx_vcu_DP.runs/kv260_ispMipiRx_vcu_DP_v_frmbuf_wr_0_0_synth_1/prj/sol/.autopilot/db/v_frmbuf_wr.cpp:224:22)
INFO: [HLS 214-291] Loop 'VITIS_LOOP_225_2' is marked as complete unroll implied by the pipeline pragma (/home/anubhav/Documents/kria-vitis-platforms/kv260/platforms/vivado/kv260_ispMipiRx_vcu_DP/project/kv260_ispMipiRx_vcu_DP.runs/kv260_ispMipiRx_vcu_DP_v_frmbuf_wr_0_0_synth_1/prj/sol/.autopilot/db/v_frmbuf_wr.cpp:225:23)
INFO: [HLS 214-186] Unrolling loop 'VITIS_LOOP_588_2' (/home/anubhav/Documents/kria-vitis-platforms/kv260/platforms/vivado/kv260_ispMipiRx_vcu_DP/project/kv260_ispMipiRx_vcu_DP.runs/kv260_ispMipiRx_vcu_DP_v_frmbuf_wr_0_0_synth_1/prj/sol/.autopilot/db/v_frmbuf_wr.cpp:588:20) in function 'MultiPixStream2Bytes' completely with a factor of 8 (/home/anubhav/Documents/kria-vitis-platforms/kv260/platforms/vivado/kv260_ispMipiRx_vcu_DP/project/kv260_ispMipiRx_vcu_DP.runs/kv260_ispMipiRx_vcu_DP_v_frmbuf_wr_0_0_synth_1/prj/sol/.autopilot/db/v_frmbuf_wr.cpp:271:0)
INFO: [HLS 214-186] Unrolling loop 'VITIS_LOOP_592_3' (/home/anubhav/Documents/kria-vitis-platforms/kv260/platforms/vivado/kv260_ispMipiRx_vcu_DP/project/kv260_ispMipiRx_vcu_DP.runs/kv260_ispMipiRx_vcu_DP_v_frmbuf_wr_0_0_synth_1/prj/sol/.autopilot/db/v_frmbuf_wr.cpp:592:24) in function 'MultiPixStream2Bytes' completely with a factor of 2 (/home/anubhav/Documents/kria-vitis-platforms/kv260/platforms/vivado/kv260_ispMipiRx_vcu_DP/project/kv260_ispMipiRx_vcu_DP.runs/kv260_ispMipiRx_vcu_DP_v_frmbuf_wr_0_0_synth_1/prj/sol/.autopilot/db/v_frmbuf_wr.cpp:271:0)
INFO: [HLS 214-186] Unrolling loop 'VITIS_LOOP_224_1' (/home/anubhav/Documents/kria-vitis-platforms/kv260/platforms/vivado/kv260_ispMipiRx_vcu_DP/project/kv260_ispMipiRx_vcu_DP.runs/kv260_ispMipiRx_vcu_DP_v_frmbuf_wr_0_0_synth_1/prj/sol/.autopilot/db/v_frmbuf_wr.cpp:224:22) in function 'AXIvideo2MultiPixStream' completely with a factor of 2 (/home/anubhav/Documents/kria-vitis-platforms/kv260/platforms/vivado/kv260_ispMipiRx_vcu_DP/project/kv260_ispMipiRx_vcu_DP.runs/kv260_ispMipiRx_vcu_DP_v_frmbuf_wr_0_0_synth_1/prj/sol/.autopilot/db/v_frmbuf_wr.cpp:176:0)
INFO: [HLS 214-186] Unrolling loop 'VITIS_LOOP_225_2' (/home/anubhav/Documents/kria-vitis-platforms/kv260/platforms/vivado/kv260_ispMipiRx_vcu_DP/project/kv260_ispMipiRx_vcu_DP.runs/kv260_ispMipiRx_vcu_DP_v_frmbuf_wr_0_0_synth_1/prj/sol/.autopilot/db/v_frmbuf_wr.cpp:225:23) in function 'AXIvideo2MultiPixStream' completely with a factor of 3 (/home/anubhav/Documents/kria-vitis-platforms/kv260/platforms/vivado/kv260_ispMipiRx_vcu_DP/project/kv260_ispMipiRx_vcu_DP.runs/kv260_ispMipiRx_vcu_DP_v_frmbuf_wr_0_0_synth_1/prj/sol/.autopilot/db/v_frmbuf_wr.cpp:176:0)
INFO: [HLS 214-241] Aggregating fifo (hls::stream) variable 'img' with compact=bit mode in 48-bits (/home/anubhav/Documents/kria-vitis-platforms/kv260/platforms/vivado/kv260_ispMipiRx_vcu_DP/project/kv260_ispMipiRx_vcu_DP.runs/kv260_ispMipiRx_vcu_DP_v_frmbuf_wr_0_0_synth_1/prj/sol/.autopilot/db/v_frmbuf_wr.cpp:34:18)
INFO: [HLS 214-241] Aggregating maxi variable 'frm_buffer2' with compact=none mode in 128-bits
INFO: [HLS 214-241] Aggregating maxi variable 'frm_buffer' with compact=none mode in 128-bits
INFO: [HLS 214-115] Multiple burst writes of variable length and bit width 128 in loop 'VITIS_LOOP_1117_1'(/home/anubhav/Documents/kria-vitis-platforms/kv260/platforms/vivado/kv260_ispMipiRx_vcu_DP/project/kv260_ispMipiRx_vcu_DP.runs/kv260_ispMipiRx_vcu_DP_v_frmbuf_wr_0_0_synth_1/prj/sol/.autopilot/db/v_frmbuf_wr.cpp:1117:21) has been inferred on bundle 'mm_video'. These burst requests might be further partitioned into multiple requests during RTL generation, based on max_read_burst_length or max_write_burst_length settings. (/home/anubhav/Documents/kria-vitis-platforms/kv260/platforms/vivado/kv260_ispMipiRx_vcu_DP/project/kv260_ispMipiRx_vcu_DP.runs/kv260_ispMipiRx_vcu_DP_v_frmbuf_wr_0_0_synth_1/prj/sol/.autopilot/db/v_frmbuf_wr.cpp:1117:21)
INFO: [HLS 214-115] Multiple burst writes of variable length and bit width 128 in loop 'VITIS_LOOP_1127_2'(/home/anubhav/Documents/kria-vitis-platforms/kv260/platforms/vivado/kv260_ispMipiRx_vcu_DP/project/kv260_ispMipiRx_vcu_DP.runs/kv260_ispMipiRx_vcu_DP_v_frmbuf_wr_0_0_synth_1/prj/sol/.autopilot/db/v_frmbuf_wr.cpp:1127:32) has been inferred on bundle 'mm_video'. These burst requests might be further partitioned into multiple requests during RTL generation, based on max_read_burst_length or max_write_burst_length settings. (/home/anubhav/Documents/kria-vitis-platforms/kv260/platforms/vivado/kv260_ispMipiRx_vcu_DP/project/kv260_ispMipiRx_vcu_DP.runs/kv260_ispMipiRx_vcu_DP_v_frmbuf_wr_0_0_synth_1/prj/sol/.autopilot/db/v_frmbuf_wr.cpp:1127:32)
INFO: [HLS 214-131] Inlining function '_llvm.fpga.unpack.none.s_struct.ap_uint<48>s.i48' into 'AXIvideo2MultiPixStream(hls::stream<hls::axis<ap_uint<48>, 1ul, 1ul, 1ul>, 0>&, hls::stream<hls::Scalar<6, ap_uint<8> >, 0>&, unsigned short&, unsigned short&, unsigned char&) (.1)' (/tools/Xilinx/Vitis_HLS/2022.1/common/technology/autopilot/ap_axi_sdata.h:283:5)
INFO: [HLS 214-131] Inlining function '_llvm.fpga.pack.bits.i48.s_class.hls::Scalar<6, ap_uint<8> >s.1' into 'AXIvideo2MultiPixStream(hls::stream<hls::axis<ap_uint<48>, 1ul, 1ul, 1ul>, 0>&, hls::stream<hls::Scalar<6, ap_uint<8> >, 0>&, unsigned short&, unsigned short&, unsigned char&) (.1)' (/tools/Xilinx/Vitis_HLS/2022.1/common/technology/autopilot/hls_stream_39.h:174:9)
INFO: [HLS 214-131] Inlining function '_llvm.fpga.unpack.none.s_struct.ap_uint<6>s.i6' into 'AXIvideo2MultiPixStream(hls::stream<hls::axis<ap_uint<48>, 1ul, 1ul, 1ul>, 0>&, hls::stream<hls::Scalar<6, ap_uint<8> >, 0>&, unsigned short&, unsigned short&, unsigned char&) (.1)' (/tools/Xilinx/Vitis_HLS/2022.1/common/technology/autopilot/ap_axi_sdata.h:283:5)
INFO: [HLS 214-131] Inlining function '_llvm.fpga.unpack.none.s_struct.ap_uint<1>s.i1' into 'AXIvideo2MultiPixStream(hls::stream<hls::axis<ap_uint<48>, 1ul, 1ul, 1ul>, 0>&, hls::stream<hls::Scalar<6, ap_uint<8> >, 0>&, unsigned short&, unsigned short&, unsigned char&) (.1)' (/tools/Xilinx/Vitis_HLS/2022.1/common/technology/autopilot/ap_axi_sdata.h:283:5)
INFO: [HLS 214-131] Inlining function '_llvm.fpga.pack.none.i48.s_class.hls::Scalar<6, ap_uint<8> >s' into 'AXIvideo2MultiPixStream(hls::stream<hls::axis<ap_uint<48>, 1ul, 1ul, 1ul>, 0>&, hls::stream<hls::Scalar<6, ap_uint<8> >, 0>&, unsigned short&, unsigned short&, unsigned char&) (.1)' (/tools/Xilinx/Vitis_HLS/2022.1/common/technology/autopilot/hls_stream_39.h:174:9)
INFO: [HLS 214-131] Inlining function '_llvm.fpga.pack.none.i32.a4s_struct.ap_uint<8>s' into '_llvm.fpga.unpack.bits.s_class.hls::Scalar<6, ap_uint<8> >s.i48.1'
INFO: [HLS 214-131] Inlining function '_llvm.fpga.unpack.bits.s_class.hls::Scalar<6, ap_uint<8> >s.i48.1' into 'MultiPixStream2Bytes(hls::stream<hls::Scalar<6, ap_uint<8> >, 0>&, STREAM_PLANES&, unsigned short&, unsigned short&, unsigned short&, unsigned short&) (.1)' (/tools/Xilinx/Vitis_HLS/2022.1/common/technology/autopilot/hls_stream_39.h:145:9)
INFO: [HLS 214-131] Inlining function '_llvm.fpga.pack.none.i128.s_struct.ap_uint<128>s' into 'MultiPixStream2Bytes(hls::stream<hls::Scalar<6, ap_uint<8> >, 0>&, STREAM_PLANES&, unsigned short&, unsigned short&, unsigned short&, unsigned short&) (.1)' (/tools/Xilinx/Vitis_HLS/2022.1/common/technology/autopilot/hls_stream_39.h:174:9)
INFO: [HLS 200-111] Finished Compiling Optimization and Transform: CPU user time: 3.12 seconds. CPU system time: 0.45 seconds. Elapsed time: 3.64 seconds; current allocated memory: 140.285 MB.
INFO: [HLS 200-111] Finished Checking Pragmas: CPU user time: 0 seconds. CPU system time: 0 seconds. Elapsed time: 0.01 seconds; current allocated memory: 140.285 MB.
INFO: [HLS 200-10] Starting code transformations ...
INFO: [HLS 200-111] Finished Standard Transforms: CPU user time: 0.04 seconds. CPU system time: 0.01 seconds. Elapsed time: 0.08 seconds; current allocated memory: 141.215 MB.
INFO: [HLS 200-10] Checking synthesizability ...
INFO: [HLS 200-111] Finished Checking Synthesizability: CPU user time: 0.09 seconds. CPU system time: 0 seconds. Elapsed time: 0.09 seconds; current allocated memory: 154.000 MB.
WARNING: [HLS 200-805] An internal stream 'img' with default size can result in deadlock. Please consider resizing the stream using the directive 'set_directive_stream' or the 'HLS stream' pragma.
INFO: [XFORM 203-712] Applying dataflow to function 'FrmbufWrHlsDataFlow' (/home/anubhav/Documents/kria-vitis-platforms/kv260/platforms/vivado/kv260_ispMipiRx_vcu_DP/project/kv260_ispMipiRx_vcu_DP.runs/kv260_ispMipiRx_vcu_DP_v_frmbuf_wr_0_0_synth_1/prj/sol/.autopilot/db/v_frmbuf_wr.cpp:35:1), detected/extracted 4 process function(s): 
	 'entry_proc'
	 'AXIvideo2MultiPixStream'
	 'MultiPixStream2Bytes'
	 'Bytes2AXIMMvideo'.
INFO: [XFORM 203-401] Performing if-conversion on hyperblock to (/home/anubhav/Documents/kria-vitis-platforms/kv260/platforms/vivado/kv260_ispMipiRx_vcu_DP/project/kv260_ispMipiRx_vcu_DP.runs/kv260_ispMipiRx_vcu_DP_v_frmbuf_wr_0_0_synth_1/prj/sol/.autopilot/db/v_frmbuf_wr.cpp:207:15) in function 'AXIvideo2MultiPixStream'... converting 10 basic blocks.
INFO: [HLS 200-111] Finished Loop, function and other optimizations: CPU user time: 0.2 seconds. CPU system time: 0.02 seconds. Elapsed time: 0.23 seconds; current allocated memory: 189.309 MB.
INFO: [HLS 200-111] Finished Architecture Synthesis: CPU user time: 0.16 seconds. CPU system time: 0.02 seconds. Elapsed time: 0.18 seconds; current allocated memory: 302.559 MB.
INFO: [HLS 200-10] Starting hardware synthesis ...
INFO: [HLS 200-10] Synthesizing 'v_frmbuf_wr' ...
WARNING: [SYN 201-103] Legalizing function name 'reg<unsigned short>' to 'reg_unsigned_short_s'.
INFO: [HLS 200-10] ----------------------------------------------------------------
INFO: [HLS 200-42] -- Implementing module 'entry_proc' 
INFO: [HLS 200-10] ----------------------------------------------------------------
INFO: [SCHED 204-11] Starting scheduling ...
INFO: [SCHED 204-11] Finished scheduling.
INFO: [HLS 200-111] Finished Scheduling: CPU user time: 0.04 seconds. CPU system time: 0.02 seconds. Elapsed time: 0.06 seconds; current allocated memory: 303.277 MB.
INFO: [BIND 205-100] Starting micro-architecture generation ...
INFO: [BIND 205-101] Performing variable lifetime analysis.
INFO: [BIND 205-101] Exploring resource sharing.
INFO: [BIND 205-101] Binding ...
INFO: [BIND 205-100] Finished micro-architecture generation.
INFO: [HLS 200-111] Finished Binding: CPU user time: 0.01 seconds. CPU system time: 0 seconds. Elapsed time: 0.01 seconds; current allocated memory: 303.297 MB.
INFO: [HLS 200-10] ----------------------------------------------------------------
INFO: [HLS 200-42] -- Implementing module 'reg_unsigned_short_s' 
INFO: [HLS 200-10] ----------------------------------------------------------------
INFO: [SCHED 204-11] Starting scheduling ...
INFO: [SCHED 204-61] Pipelining function 'reg<unsigned short>'.
INFO: [HLS 200-1470] Pipelining result : Target II = 1, Final II = 1, Depth = 2, function 'reg<unsigned short>'
INFO: [SCHED 204-11] Finished scheduling.
INFO: [HLS 200-111] Finished Scheduling: CPU user time: 0.01 seconds. CPU system time: 0 seconds. Elapsed time: 0.01 seconds; current allocated memory: 303.473 MB.
INFO: [BIND 205-100] Starting micro-architecture generation ...
INFO: [BIND 205-101] Performing variable lifetime analysis.
INFO: [BIND 205-101] Exploring resource sharing.
INFO: [BIND 205-101] Binding ...
INFO: [BIND 205-100] Finished micro-architecture generation.
INFO: [HLS 200-111] Finished Binding: CPU user time: 0.01 seconds. CPU system time: 0 seconds. Elapsed time: 0.01 seconds; current allocated memory: 303.473 MB.
INFO: [HLS 200-10] ----------------------------------------------------------------
INFO: [HLS 200-42] -- Implementing module 'AXIvideo2MultiPixStream_Pipeline_loop_wait_for_start' 
INFO: [HLS 200-10] ----------------------------------------------------------------
INFO: [SCHED 204-11] Starting scheduling ...
INFO: [SCHED 204-61] Pipelining loop 'loop_wait_for_start'.
INFO: [HLS 200-1470] Pipelining result : Target II = 1, Final II = 1, Depth = 1, loop 'loop_wait_for_start'
INFO: [SCHED 204-11] Finished scheduling.
INFO: [HLS 200-111] Finished Scheduling: CPU user time: 0.01 seconds. CPU system time: 0 seconds. Elapsed time: 0.02 seconds; current allocated memory: 304.512 MB.
INFO: [BIND 205-100] Starting micro-architecture generation ...
INFO: [BIND 205-101] Performing variable lifetime analysis.
INFO: [BIND 205-101] Exploring resource sharing.
INFO: [BIND 205-101] Binding ...
INFO: [BIND 205-100] Finished micro-architecture generation.
INFO: [HLS 200-111] Finished Binding: CPU user time: 0.01 seconds. CPU system time: 0 seconds. Elapsed time: 0.01 seconds; current allocated memory: 304.512 MB.
INFO: [HLS 200-10] ----------------------------------------------------------------
INFO: [HLS 200-42] -- Implementing module 'AXIvideo2MultiPixStream_Pipeline_loop_width' 
INFO: [HLS 200-10] ----------------------------------------------------------------
INFO: [SCHED 204-11] Starting scheduling ...
INFO: [SCHED 204-61] Pipelining loop 'loop_width'.
INFO: [HLS 200-1470] Pipelining result : Target II = 1, Final II = 1, Depth = 2, loop 'loop_width'
INFO: [SCHED 204-11] Finished scheduling.
INFO: [HLS 200-111] Finished Scheduling: CPU user time: 0.03 seconds. CPU system time: 0 seconds. Elapsed time: 0.02 seconds; current allocated memory: 305.047 MB.
INFO: [BIND 205-100] Starting micro-architecture generation ...
INFO: [BIND 205-101] Performing variable lifetime analysis.
INFO: [BIND 205-101] Exploring resource sharing.
INFO: [BIND 205-101] Binding ...
INFO: [BIND 205-100] Finished micro-architecture generation.
INFO: [HLS 200-111] Finished Binding: CPU user time: 0.02 seconds. CPU system time: 0 seconds. Elapsed time: 0.02 seconds; current allocated memory: 305.047 MB.
INFO: [HLS 200-10] ----------------------------------------------------------------
INFO: [HLS 200-42] -- Implementing module 'AXIvideo2MultiPixStream_Pipeline_loop_wait_for_eol' 
INFO: [HLS 200-10] ----------------------------------------------------------------
INFO: [SCHED 204-11] Starting scheduling ...
INFO: [SCHED 204-61] Pipelining loop 'loop_wait_for_eol'.
INFO: [HLS 200-1470] Pipelining result : Target II = 1, Final II = 1, Depth = 1, loop 'loop_wait_for_eol'
INFO: [SCHED 204-11] Finished scheduling.
INFO: [HLS 200-111] Finished Scheduling: CPU user time: 0.04 seconds. CPU system time: 0 seconds. Elapsed time: 0.04 seconds; current allocated memory: 305.430 MB.
INFO: [BIND 205-100] Starting micro-architecture generation ...
INFO: [BIND 205-101] Performing variable lifetime analysis.
INFO: [BIND 205-101] Exploring resource sharing.
INFO: [BIND 205-101] Binding ...
INFO: [BIND 205-100] Finished micro-architecture generation.
INFO: [HLS 200-111] Finished Binding: CPU user time: 0.01 seconds. CPU system time: 0 seconds. Elapsed time: 0.01 seconds; current allocated memory: 305.430 MB.
INFO: [HLS 200-10] ----------------------------------------------------------------
INFO: [HLS 200-42] -- Implementing module 'AXIvideo2MultiPixStream' 
INFO: [HLS 200-10] ----------------------------------------------------------------
INFO: [SCHED 204-11] Starting scheduling ...
INFO: [SCHED 204-11] Finished scheduling.
INFO: [HLS 200-111] Finished Scheduling: CPU user time: 0.03 seconds. CPU system time: 0 seconds. Elapsed time: 0.03 seconds; current allocated memory: 305.836 MB.
INFO: [BIND 205-100] Starting micro-architecture generation ...
INFO: [BIND 205-101] Performing variable lifetime analysis.
INFO: [BIND 205-101] Exploring resource sharing.
INFO: [BIND 205-101] Binding ...
INFO: [BIND 205-100] Finished micro-architecture generation.
INFO: [HLS 200-111] Finished Binding: CPU user time: 0.05 seconds. CPU system time: 0 seconds. Elapsed time: 0.05 seconds; current allocated memory: 305.836 MB.
INFO: [HLS 200-10] ----------------------------------------------------------------
INFO: [HLS 200-42] -- Implementing module 'MultiPixStream2Bytes_Pipeline_VITIS_LOOP_586_1' 
INFO: [HLS 200-10] ----------------------------------------------------------------
INFO: [SCHED 204-11] Starting scheduling ...
INFO: [SCHED 204-61] Pipelining loop 'VITIS_LOOP_586_1'.
INFO: [HLS 200-1470] Pipelining result : Target II = 8, Final II = 8, Depth = 10, loop 'VITIS_LOOP_586_1'
INFO: [SCHED 204-11] Finished scheduling.
INFO: [HLS 200-111] Finished Scheduling: CPU user time: 0.11 seconds. CPU system time: 0.01 seconds. Elapsed time: 0.12 seconds; current allocated memory: 308.621 MB.
INFO: [BIND 205-100] Starting micro-architecture generation ...
INFO: [BIND 205-101] Performing variable lifetime analysis.
INFO: [BIND 205-101] Exploring resource sharing.
INFO: [BIND 205-101] Binding ...
INFO: [BIND 205-100] Finished micro-architecture generation.
INFO: [HLS 200-111] Finished Binding: CPU user time: 0.05 seconds. CPU system time: 0 seconds. Elapsed time: 0.05 seconds; current allocated memory: 308.621 MB.
INFO: [HLS 200-10] ----------------------------------------------------------------
INFO: [HLS 200-42] -- Implementing module 'MultiPixStream2Bytes' 
INFO: [HLS 200-10] ----------------------------------------------------------------
INFO: [SCHED 204-11] Starting scheduling ...
INFO: [SCHED 204-11] Finished scheduling.
INFO: [HLS 200-111] Finished Scheduling: CPU user time: 0.07 seconds. CPU system time: 0 seconds. Elapsed time: 0.07 seconds; current allocated memory: 308.621 MB.
INFO: [BIND 205-100] Starting micro-architecture generation ...
INFO: [BIND 205-101] Performing variable lifetime analysis.
INFO: [BIND 205-101] Exploring resource sharing.
INFO: [BIND 205-101] Binding ...
INFO: [BIND 205-100] Finished micro-architecture generation.
INFO: [HLS 200-111] Finished Binding: CPU user time: 0.05 seconds. CPU system time: 0.01 seconds. Elapsed time: 0.05 seconds; current allocated memory: 308.621 MB.
INFO: [HLS 200-10] ----------------------------------------------------------------
INFO: [HLS 200-42] -- Implementing module 'Bytes2AXIMMvideo_Pipeline_VITIS_LOOP_1117_1' 
INFO: [HLS 200-10] ----------------------------------------------------------------
INFO: [SCHED 204-11] Starting scheduling ...
INFO: [SCHED 204-61] Pipelining loop 'VITIS_LOOP_1117_1'.
INFO: [HLS 200-1470] Pipelining result : Target II = 1, Final II = 1, Depth = 3, loop 'VITIS_LOOP_1117_1'
INFO: [SCHED 204-11] Finished scheduling.
INFO: [HLS 200-111] Finished Scheduling: CPU user time: 0.08 seconds. CPU system time: 0 seconds. Elapsed time: 0.09 seconds; current allocated memory: 308.621 MB.
INFO: [BIND 205-100] Starting micro-architecture generation ...
INFO: [BIND 205-101] Performing variable lifetime analysis.
INFO: [BIND 205-101] Exploring resource sharing.
INFO: [BIND 205-101] Binding ...
INFO: [BIND 205-100] Finished micro-architecture generation.
INFO: [HLS 200-111] Finished Binding: CPU user time: 0.01 seconds. CPU system time: 0 seconds. Elapsed time: 0.02 seconds; current allocated memory: 308.621 MB.
INFO: [HLS 200-10] ----------------------------------------------------------------
INFO: [HLS 200-42] -- Implementing module 'Bytes2AXIMMvideo_Pipeline_VITIS_LOOP_1127_2' 
INFO: [HLS 200-10] ----------------------------------------------------------------
INFO: [SCHED 204-11] Starting scheduling ...
INFO: [SCHED 204-61] Pipelining loop 'VITIS_LOOP_1127_2'.
INFO: [HLS 200-1470] Pipelining result : Target II = 1, Final II = 1, Depth = 3, loop 'VITIS_LOOP_1127_2'
INFO: [SCHED 204-11] Finished scheduling.
INFO: [HLS 200-111] Finished Scheduling: CPU user time: 0.02 seconds. CPU system time: 0 seconds. Elapsed time: 0.03 seconds; current allocated memory: 308.820 MB.
INFO: [BIND 205-100] Starting micro-architecture generation ...
INFO: [BIND 205-101] Performing variable lifetime analysis.
INFO: [BIND 205-101] Exploring resource sharing.
INFO: [BIND 205-101] Binding ...
INFO: [BIND 205-100] Finished micro-architecture generation.
INFO: [HLS 200-111] Finished Binding: CPU user time: 0.01 seconds. CPU system time: 0 seconds. Elapsed time: 0.02 seconds; current allocated memory: 308.820 MB.
INFO: [HLS 200-10] ----------------------------------------------------------------
INFO: [HLS 200-42] -- Implementing module 'Bytes2AXIMMvideo' 
INFO: [HLS 200-10] ----------------------------------------------------------------
INFO: [SCHED 204-11] Starting scheduling ...
INFO: [SCHED 204-11] Finished scheduling.
INFO: [HLS 200-111] Finished Scheduling: CPU user time: 0.27 seconds. CPU system time: 0 seconds. Elapsed time: 0.28 seconds; current allocated memory: 309.871 MB.
INFO: [BIND 205-100] Starting micro-architecture generation ...
INFO: [BIND 205-101] Performing variable lifetime analysis.
INFO: [BIND 205-101] Exploring resource sharing.
INFO: [BIND 205-101] Binding ...
INFO: [BIND 205-100] Finished micro-architecture generation.
INFO: [HLS 200-111] Finished Binding: CPU user time: 0.67 seconds. CPU system time: 0.01 seconds. Elapsed time: 0.68 seconds; current allocated memory: 309.871 MB.
INFO: [HLS 200-10] ----------------------------------------------------------------
INFO: [HLS 200-42] -- Implementing module 'FrmbufWrHlsDataFlow' 
INFO: [HLS 200-10] ----------------------------------------------------------------
INFO: [SCHED 204-11] Starting scheduling ...
INFO: [SCHED 204-11] Finished scheduling.
INFO: [HLS 200-111] Finished Scheduling: CPU user time: 0.19 seconds. CPU system time: 0 seconds. Elapsed time: 0.2 seconds; current allocated memory: 310.203 MB.
INFO: [BIND 205-100] Starting micro-architecture generation ...
INFO: [BIND 205-101] Performing variable lifetime analysis.
INFO: [BIND 205-101] Exploring resource sharing.
INFO: [BIND 205-101] Binding ...
INFO: [BIND 205-100] Finished micro-architecture generation.
INFO: [HLS 200-111] Finished Binding: CPU user time: 0.08 seconds. CPU system time: 0 seconds. Elapsed time: 0.08 seconds; current allocated memory: 310.402 MB.
INFO: [HLS 200-10] ----------------------------------------------------------------
INFO: [HLS 200-42] -- Implementing module 'v_frmbuf_wr' 
INFO: [HLS 200-10] ----------------------------------------------------------------
INFO: [SCHED 204-11] Starting scheduling ...
INFO: [SCHED 204-11] Finished scheduling.
INFO: [HLS 200-111] Finished Scheduling: CPU user time: 0.17 seconds. CPU system time: 0.01 seconds. Elapsed time: 0.17 seconds; current allocated memory: 311.434 MB.
INFO: [BIND 205-100] Starting micro-architecture generation ...
INFO: [BIND 205-101] Performing variable lifetime analysis.
INFO: [BIND 205-101] Exploring resource sharing.
INFO: [BIND 205-101] Binding ...
INFO: [BIND 205-100] Finished micro-architecture generation.
INFO: [HLS 200-111] Finished Binding: CPU user time: 0.07 seconds. CPU system time: 0 seconds. Elapsed time: 0.08 seconds; current allocated memory: 311.434 MB.
INFO: [HLS 200-10] ----------------------------------------------------------------
INFO: [HLS 200-10] -- Generating RTL for module 'entry_proc' 
INFO: [HLS 200-10] ----------------------------------------------------------------
INFO: [RTGEN 206-100] Finished creating RTL model for 'entry_proc'.
INFO: [HLS 200-111] Finished Creating RTL model: CPU user time: 0.17 seconds. CPU system time: 0 seconds. Elapsed time: 0.17 seconds; current allocated memory: 311.434 MB.
INFO: [HLS 200-10] ----------------------------------------------------------------
INFO: [HLS 200-10] -- Generating RTL for module 'reg_unsigned_short_s' 
INFO: [HLS 200-10] ----------------------------------------------------------------
INFO: [RTGEN 206-100] Finished creating RTL model for 'reg_unsigned_short_s'.
INFO: [HLS 200-111] Finished Creating RTL model: CPU user time: 0.02 seconds. CPU system time: 0 seconds. Elapsed time: 0.03 seconds; current allocated memory: 311.516 MB.
INFO: [HLS 200-10] ----------------------------------------------------------------
INFO: [HLS 200-10] -- Generating RTL for module 'AXIvideo2MultiPixStream_Pipeline_loop_wait_for_start' 
INFO: [HLS 200-10] ----------------------------------------------------------------
INFO: [RTGEN 206-100] Finished creating RTL model for 'AXIvideo2MultiPixStream_Pipeline_loop_wait_for_start'.
INFO: [HLS 200-111] Finished Creating RTL model: CPU user time: 0.01 seconds. CPU system time: 0 seconds. Elapsed time: 0.01 seconds; current allocated memory: 311.805 MB.
INFO: [HLS 200-10] ----------------------------------------------------------------
INFO: [HLS 200-10] -- Generating RTL for module 'AXIvideo2MultiPixStream_Pipeline_loop_width' 
INFO: [HLS 200-10] ----------------------------------------------------------------
INFO: [HLS 200-1030] Apply Unified Pipeline Control on module 'AXIvideo2MultiPixStream_Pipeline_loop_width' pipeline 'loop_width' pipeline type 'loop pipeline'
INFO: [RTGEN 206-100] Generating core module 'mux_83_8_1_1': 1 instance(s).
INFO: [RTGEN 206-100] Finished creating RTL model for 'AXIvideo2MultiPixStream_Pipeline_loop_width'.
INFO: [HLS 200-111] Finished Creating RTL model: CPU user time: 0.03 seconds. CPU system time: 0 seconds. Elapsed time: 0.03 seconds; current allocated memory: 312.715 MB.
INFO: [HLS 200-10] ----------------------------------------------------------------
INFO: [HLS 200-10] -- Generating RTL for module 'AXIvideo2MultiPixStream_Pipeline_loop_wait_for_eol' 
INFO: [HLS 200-10] ----------------------------------------------------------------
INFO: [RTGEN 206-100] Finished creating RTL model for 'AXIvideo2MultiPixStream_Pipeline_loop_wait_for_eol'.
INFO: [HLS 200-111] Finished Creating RTL model: CPU user time: 0.1 seconds. CPU system time: 0.01 seconds. Elapsed time: 0.11 seconds; current allocated memory: 313.898 MB.
INFO: [HLS 200-10] ----------------------------------------------------------------
INFO: [HLS 200-10] -- Generating RTL for module 'AXIvideo2MultiPixStream' 
INFO: [HLS 200-10] ----------------------------------------------------------------
INFO: [RTGEN 206-100] Finished creating RTL model for 'AXIvideo2MultiPixStream'.
INFO: [HLS 200-111] Finished Creating RTL model: CPU user time: 0.02 seconds. CPU system time: 0.01 seconds. Elapsed time: 0.03 seconds; current allocated memory: 314.980 MB.
INFO: [HLS 200-10] ----------------------------------------------------------------
INFO: [HLS 200-10] -- Generating RTL for module 'MultiPixStream2Bytes_Pipeline_VITIS_LOOP_586_1' 
INFO: [HLS 200-10] ----------------------------------------------------------------
INFO: [HLS 200-1030] Apply Unified Pipeline Control on module 'MultiPixStream2Bytes_Pipeline_VITIS_LOOP_586_1' pipeline 'VITIS_LOOP_586_1' pipeline type 'loop pipeline'
INFO: [RTGEN 206-100] Finished creating RTL model for 'MultiPixStream2Bytes_Pipeline_VITIS_LOOP_586_1'.
INFO: [HLS 200-111] Finished Creating RTL model: CPU user time: 0.1 seconds. CPU system time: 0 seconds. Elapsed time: 0.1 seconds; current allocated memory: 317.328 MB.
INFO: [HLS 200-10] ----------------------------------------------------------------
INFO: [HLS 200-10] -- Generating RTL for module 'MultiPixStream2Bytes' 
INFO: [HLS 200-10] ----------------------------------------------------------------
INFO: [RTGEN 206-100] Finished creating RTL model for 'MultiPixStream2Bytes'.
INFO: [HLS 200-111] Finished Creating RTL model: CPU user time: 0.27 seconds. CPU system time: 0.01 seconds. Elapsed time: 0.29 seconds; current allocated memory: 320.840 MB.
INFO: [HLS 200-10] ----------------------------------------------------------------
INFO: [HLS 200-10] -- Generating RTL for module 'Bytes2AXIMMvideo_Pipeline_VITIS_LOOP_1117_1' 
INFO: [HLS 200-10] ----------------------------------------------------------------
INFO: [HLS 200-1030] Apply Unified Pipeline Control on module 'Bytes2AXIMMvideo_Pipeline_VITIS_LOOP_1117_1' pipeline 'VITIS_LOOP_1117_1' pipeline type 'loop pipeline'
WARNING: [RTGEN 206-101] Setting dangling out port 'Bytes2AXIMMvideo_Pipeline_VITIS_LOOP_1117_1/m_axi_mm_video_AWVALID' to 0.
WARNING: [RTGEN 206-101] Setting dangling out port 'Bytes2AXIMMvideo_Pipeline_VITIS_LOOP_1117_1/m_axi_mm_video_AWADDR' to 0.
WARNING: [RTGEN 206-101] Setting dangling out port 'Bytes2AXIMMvideo_Pipeline_VITIS_LOOP_1117_1/m_axi_mm_video_AWID' to 0.
WARNING: [RTGEN 206-101] Setting dangling out port 'Bytes2AXIMMvideo_Pipeline_VITIS_LOOP_1117_1/m_axi_mm_video_AWLEN' to 0.
WARNING: [RTGEN 206-101] Setting dangling out port 'Bytes2AXIMMvideo_Pipeline_VITIS_LOOP_1117_1/m_axi_mm_video_AWSIZE' to 0.
WARNING: [RTGEN 206-101] Setting dangling out port 'Bytes2AXIMMvideo_Pipeline_VITIS_LOOP_1117_1/m_axi_mm_video_AWBURST' to 0.
WARNING: [RTGEN 206-101] Setting dangling out port 'Bytes2AXIMMvideo_Pipeline_VITIS_LOOP_1117_1/m_axi_mm_video_AWLOCK' to 0.
WARNING: [RTGEN 206-101] Setting dangling out port 'Bytes2AXIMMvideo_Pipeline_VITIS_LOOP_1117_1/m_axi_mm_video_AWCACHE' to 0.
WARNING: [RTGEN 206-101] Setting dangling out port 'Bytes2AXIMMvideo_Pipeline_VITIS_LOOP_1117_1/m_axi_mm_video_AWPROT' to 0.
WARNING: [RTGEN 206-101] Setting dangling out port 'Bytes2AXIMMvideo_Pipeline_VITIS_LOOP_1117_1/m_axi_mm_video_AWQOS' to 0.
WARNING: [RTGEN 206-101] Setting dangling out port 'Bytes2AXIMMvideo_Pipeline_VITIS_LOOP_1117_1/m_axi_mm_video_AWREGION' to 0.
WARNING: [RTGEN 206-101] Setting dangling out port 'Bytes2AXIMMvideo_Pipeline_VITIS_LOOP_1117_1/m_axi_mm_video_AWUSER' to 0.
WARNING: [RTGEN 206-101] Setting dangling out port 'Bytes2AXIMMvideo_Pipeline_VITIS_LOOP_1117_1/m_axi_mm_video_BREADY' to 0.
INFO: [RTGEN 206-100] Finished creating RTL model for 'Bytes2AXIMMvideo_Pipeline_VITIS_LOOP_1117_1'.
INFO: [HLS 200-111] Finished Creating RTL model: CPU user time: 0.17 seconds. CPU system time: 0.01 seconds. Elapsed time: 0.18 seconds; current allocated memory: 322.531 MB.
INFO: [HLS 200-10] ----------------------------------------------------------------
INFO: [HLS 200-10] -- Generating RTL for module 'Bytes2AXIMMvideo_Pipeline_VITIS_LOOP_1127_2' 
INFO: [HLS 200-10] ----------------------------------------------------------------
INFO: [HLS 200-1030] Apply Unified Pipeline Control on module 'Bytes2AXIMMvideo_Pipeline_VITIS_LOOP_1127_2' pipeline 'VITIS_LOOP_1127_2' pipeline type 'loop pipeline'
WARNING: [RTGEN 206-101] Setting dangling out port 'Bytes2AXIMMvideo_Pipeline_VITIS_LOOP_1127_2/m_axi_mm_video_AWVALID' to 0.
WARNING: [RTGEN 206-101] Setting dangling out port 'Bytes2AXIMMvideo_Pipeline_VITIS_LOOP_1127_2/m_axi_mm_video_AWADDR' to 0.
WARNING: [RTGEN 206-101] Setting dangling out port 'Bytes2AXIMMvideo_Pipeline_VITIS_LOOP_1127_2/m_axi_mm_video_AWID' to 0.
WARNING: [RTGEN 206-101] Setting dangling out port 'Bytes2AXIMMvideo_Pipeline_VITIS_LOOP_1127_2/m_axi_mm_video_AWLEN' to 0.
WARNING: [RTGEN 206-101] Setting dangling out port 'Bytes2AXIMMvideo_Pipeline_VITIS_LOOP_1127_2/m_axi_mm_video_AWSIZE' to 0.
WARNING: [RTGEN 206-101] Setting dangling out port 'Bytes2AXIMMvideo_Pipeline_VITIS_LOOP_1127_2/m_axi_mm_video_AWBURST' to 0.
WARNING: [RTGEN 206-101] Setting dangling out port 'Bytes2AXIMMvideo_Pipeline_VITIS_LOOP_1127_2/m_axi_mm_video_AWLOCK' to 0.
WARNING: [RTGEN 206-101] Setting dangling out port 'Bytes2AXIMMvideo_Pipeline_VITIS_LOOP_1127_2/m_axi_mm_video_AWCACHE' to 0.
WARNING: [RTGEN 206-101] Setting dangling out port 'Bytes2AXIMMvideo_Pipeline_VITIS_LOOP_1127_2/m_axi_mm_video_AWPROT' to 0.
WARNING: [RTGEN 206-101] Setting dangling out port 'Bytes2AXIMMvideo_Pipeline_VITIS_LOOP_1127_2/m_axi_mm_video_AWQOS' to 0.
WARNING: [RTGEN 206-101] Setting dangling out port 'Bytes2AXIMMvideo_Pipeline_VITIS_LOOP_1127_2/m_axi_mm_video_AWREGION' to 0.
WARNING: [RTGEN 206-101] Setting dangling out port 'Bytes2AXIMMvideo_Pipeline_VITIS_LOOP_1127_2/m_axi_mm_video_AWUSER' to 0.
WARNING: [RTGEN 206-101] Setting dangling out port 'Bytes2AXIMMvideo_Pipeline_VITIS_LOOP_1127_2/m_axi_mm_video_BREADY' to 0.
INFO: [RTGEN 206-100] Finished creating RTL model for 'Bytes2AXIMMvideo_Pipeline_VITIS_LOOP_1127_2'.
INFO: [HLS 200-111] Finished Creating RTL model: CPU user time: 0.07 seconds. CPU system time: 0 seconds. Elapsed time: 0.07 seconds; current allocated memory: 323.398 MB.
INFO: [HLS 200-10] ----------------------------------------------------------------
INFO: [HLS 200-10] -- Generating RTL for module 'Bytes2AXIMMvideo' 
INFO: [HLS 200-10] ----------------------------------------------------------------
INFO: [RTGEN 206-100] Finished creating RTL model for 'Bytes2AXIMMvideo'.
INFO: [HLS 200-111] Finished Creating RTL model: CPU user time: 0.08 seconds. CPU system time: 0.01 seconds. Elapsed time: 0.08 seconds; current allocated memory: 327.344 MB.
INFO: [HLS 200-10] ----------------------------------------------------------------
INFO: [HLS 200-10] -- Generating RTL for module 'FrmbufWrHlsDataFlow' 
INFO: [HLS 200-10] ----------------------------------------------------------------
WARNING: [RTGEN 206-101] Setting dangling out port 'FrmbufWrHlsDataFlow/m_axi_mm_video_ARVALID' to 0.
WARNING: [RTGEN 206-101] Setting dangling out port 'FrmbufWrHlsDataFlow/m_axi_mm_video_ARADDR' to 0.
WARNING: [RTGEN 206-101] Setting dangling out port 'FrmbufWrHlsDataFlow/m_axi_mm_video_ARID' to 0.
WARNING: [RTGEN 206-101] Setting dangling out port 'FrmbufWrHlsDataFlow/m_axi_mm_video_ARLEN' to 0.
WARNING: [RTGEN 206-101] Setting dangling out port 'FrmbufWrHlsDataFlow/m_axi_mm_video_ARSIZE' to 0.
WARNING: [RTGEN 206-101] Setting dangling out port 'FrmbufWrHlsDataFlow/m_axi_mm_video_ARBURST' to 0.
WARNING: [RTGEN 206-101] Setting dangling out port 'FrmbufWrHlsDataFlow/m_axi_mm_video_ARLOCK' to 0.
WARNING: [RTGEN 206-101] Setting dangling out port 'FrmbufWrHlsDataFlow/m_axi_mm_video_ARCACHE' to 0.
WARNING: [RTGEN 206-101] Setting dangling out port 'FrmbufWrHlsDataFlow/m_axi_mm_video_ARPROT' to 0.
WARNING: [RTGEN 206-101] Setting dangling out port 'FrmbufWrHlsDataFlow/m_axi_mm_video_ARQOS' to 0.
WARNING: [RTGEN 206-101] Setting dangling out port 'FrmbufWrHlsDataFlow/m_axi_mm_video_ARREGION' to 0.
WARNING: [RTGEN 206-101] Setting dangling out port 'FrmbufWrHlsDataFlow/m_axi_mm_video_ARUSER' to 0.
WARNING: [RTGEN 206-101] Setting dangling out port 'FrmbufWrHlsDataFlow/m_axi_mm_video_RREADY' to 0.
INFO: [RTGEN 206-100] Finished creating RTL model for 'FrmbufWrHlsDataFlow'.
INFO: [HLS 200-111] Finished Creating RTL model: CPU user time: 0.36 seconds. CPU system time: 0 seconds. Elapsed time: 0.36 seconds; current allocated memory: 331.055 MB.
INFO: [HLS 200-10] ----------------------------------------------------------------
INFO: [HLS 200-10] -- Generating RTL for module 'v_frmbuf_wr' 
INFO: [HLS 200-10] ----------------------------------------------------------------
WARNING: [RTGEN 206-101] Design contains AXI ports. Reset is fixed to synchronous and active low.
INFO: [RTGEN 206-500] Setting interface mode on port 'v_frmbuf_wr/mm_video' to 'm_axi'.
INFO: [RTGEN 206-500] Setting interface mode on port 'v_frmbuf_wr/width' to 's_axilite & ap_none'.
INFO: [RTGEN 206-500] Setting interface mode on port 'v_frmbuf_wr/height' to 's_axilite & ap_none'.
INFO: [RTGEN 206-500] Setting interface mode on port 'v_frmbuf_wr/stride' to 's_axilite & ap_none'.
INFO: [RTGEN 206-500] Setting interface mode on port 'v_frmbuf_wr/video_format' to 's_axilite & ap_none'.
INFO: [RTGEN 206-500] Setting interface mode on port 'v_frmbuf_wr/frm_buffer' to 's_axilite & ap_none'.
INFO: [RTGEN 206-500] Setting interface mode on port 'v_frmbuf_wr/frm_buffer2' to 's_axilite & ap_none'.
INFO: [RTGEN 206-500] Setting interface mode on port 'v_frmbuf_wr/frm_buffer3' to 's_axilite & ap_none'.
INFO: [RTGEN 206-500] Setting interface mode on port 'v_frmbuf_wr/s_axis_video_V_data_V' to 'axis' (register, both mode).
INFO: [RTGEN 206-500] Setting interface mode on port 'v_frmbuf_wr/s_axis_video_V_keep_V' to 'axis' (register, both mode).
INFO: [RTGEN 206-500] Setting interface mode on port 'v_frmbuf_wr/s_axis_video_V_strb_V' to 'axis' (register, both mode).
INFO: [RTGEN 206-500] Setting interface mode on port 'v_frmbuf_wr/s_axis_video_V_user_V' to 'axis' (register, both mode).
INFO: [RTGEN 206-500] Setting interface mode on port 'v_frmbuf_wr/s_axis_video_V_last_V' to 'axis' (register, both mode).
INFO: [RTGEN 206-500] Setting interface mode on port 'v_frmbuf_wr/s_axis_video_V_id_V' to 'axis' (register, both mode).
INFO: [RTGEN 206-500] Setting interface mode on port 'v_frmbuf_wr/s_axis_video_V_dest_V' to 'axis' (register, both mode).
INFO: [RTGEN 206-500] Setting interface mode on function 'v_frmbuf_wr' to 's_axilite & ap_ctrl_hs'.
INFO: [RTGEN 206-100] Bundling port 'width', 'height', 'stride', 'video_format', 'frm_buffer', 'frm_buffer2', 'frm_buffer3' and 'return' to AXI-Lite port CTRL.
INFO: [RTGEN 206-100] Generating core module 'mul_12ns_3ns_15_1_1': 1 instance(s).
INFO: [RTGEN 206-100] Finished creating RTL model for 'v_frmbuf_wr'.
INFO: [HLS 200-111] Finished Creating RTL model: CPU user time: 0.24 seconds. CPU system time: 0 seconds. Elapsed time: 0.24 seconds; current allocated memory: 332.965 MB.
INFO: [RTMG 210-285] Implementing FIFO 'HwReg_frm_buffer_c_U(kv260_ispMipiRx_vcu_DP_v_frmbuf_wr_0_0_fifo_w32_d4_S)' using Shift Registers.
INFO: [RTMG 210-285] Implementing FIFO 'HwReg_frm_buffer2_c_U(kv260_ispMipiRx_vcu_DP_v_frmbuf_wr_0_0_fifo_w32_d4_S)' using Shift Registers.
INFO: [RTMG 210-285] Implementing FIFO 'WidthInBytes_c9_U(kv260_ispMipiRx_vcu_DP_v_frmbuf_wr_0_0_fifo_w15_d3_S)' using Shift Registers.
INFO: [RTMG 210-285] Implementing FIFO 'stride_c_U(kv260_ispMipiRx_vcu_DP_v_frmbuf_wr_0_0_fifo_w16_d4_S)' using Shift Registers.
INFO: [RTMG 210-285] Implementing FIFO 'video_format_c11_U(kv260_ispMipiRx_vcu_DP_v_frmbuf_wr_0_0_fifo_w6_d3_S)' using Shift Registers.
INFO: [RTMG 210-285] Implementing FIFO 'img_U(kv260_ispMipiRx_vcu_DP_v_frmbuf_wr_0_0_fifo_w48_d2_S)' using Shift Registers.
INFO: [RTMG 210-285] Implementing FIFO 'height_c10_U(kv260_ispMipiRx_vcu_DP_v_frmbuf_wr_0_0_fifo_w12_d2_S)' using Shift Registers.
INFO: [RTMG 210-285] Implementing FIFO 'bytePlanes_plane0_U(kv260_ispMipiRx_vcu_DP_v_frmbuf_wr_0_0_fifo_w128_d480_B)' using Block RAMs.
INFO: [RTMG 210-285] Implementing FIFO 'bytePlanes_plane1_U(kv260_ispMipiRx_vcu_DP_v_frmbuf_wr_0_0_fifo_w128_d480_B)' using Block RAMs.
INFO: [RTMG 210-285] Implementing FIFO 'WidthInBytes_c_U(kv260_ispMipiRx_vcu_DP_v_frmbuf_wr_0_0_fifo_w15_d2_S)' using Shift Registers.
INFO: [RTMG 210-285] Implementing FIFO 'height_c_U(kv260_ispMipiRx_vcu_DP_v_frmbuf_wr_0_0_fifo_w12_d2_S)' using Shift Registers.
INFO: [RTMG 210-285] Implementing FIFO 'video_format_c_U(kv260_ispMipiRx_vcu_DP_v_frmbuf_wr_0_0_fifo_w6_d2_S)' using Shift Registers.
INFO: [RTMG 210-285] Implementing FIFO 'start_for_MultiPixStream2Bytes_U0_U(kv260_ispMipiRx_vcu_DP_v_frmbuf_wr_0_0_start_for_MultiPixStream2Bytes_U0)' using Shift Registers.
INFO: [RTMG 210-285] Implementing FIFO 'start_for_Bytes2AXIMMvideo_U0_U(kv260_ispMipiRx_vcu_DP_v_frmbuf_wr_0_0_start_for_Bytes2AXIMMvideo_U0)' using Shift Registers.
INFO: [RTMG 210-279] Implementing memory 'kv260_ispMipiRx_vcu_DP_v_frmbuf_wr_0_0_BYTES_PER_PIXEL_ROM_AUTO_1R' using auto ROMs.
