

================================================================
== Vitis HLS Report for 'Bytes2AXIMMvideo'
================================================================
* Date:           Thu Sep 21 21:26:37 2023

* Version:        2022.1 (Build 3526262 on Mon Apr 18 15:47:01 MDT 2022)
* Project:        prj
* Solution:       sol (Vivado IP Flow Target)
* Product family: zynquplus
* Target device:  xck26-sfvc784-2LV-c


================================================================
== Performance Estimates
================================================================
+ Timing: 
    * Summary: 
    +--------+---------+----------+------------+
    |  Clock |  Target | Estimated| Uncertainty|
    +--------+---------+----------+------------+
    |ap_clk  |  3.33 ns|  2.433 ns|     0.90 ns|
    +--------+---------+----------+------------+

+ Latency: 
    * Summary: 
    +---------+----------+----------+-----------+-----+----------+---------+
    |  Latency (cycles)  |  Latency (absolute)  |    Interval    | Pipeline|
    |   min   |    max   |    min   |    max    | min |    max   |   Type  |
    +---------+----------+----------+-----------+-----+----------+---------+
    |        2|  36344162|  6.666 ns|  0.121 sec|    2|  36344162|       no|
    +---------+----------+----------+-----------+-----+----------+---------+

    + Detail: 
        * Instance: 
        +--------------------------------------------------------+---------------------------------------------+---------+---------+-----------+-----------+-----+------+---------+
        |                                                        |                                             |  Latency (cycles) |   Latency (absolute)  |  Interval  | Pipeline|
        |                        Instance                        |                    Module                   |   min   |   max   |    min    |    max    | min |  max |   Type  |
        +--------------------------------------------------------+---------------------------------------------+---------+---------+-----------+-----------+-----+------+---------+
        |grp_Bytes2AXIMMvideo_Pipeline_VITIS_LOOP_1117_1_fu_198  |Bytes2AXIMMvideo_Pipeline_VITIS_LOOP_1117_1  |        4|     4099|  13.332 ns|  13.662 us|    4|  4099|       no|
        |grp_Bytes2AXIMMvideo_Pipeline_VITIS_LOOP_1127_2_fu_208  |Bytes2AXIMMvideo_Pipeline_VITIS_LOOP_1127_2  |        4|     4099|  13.332 ns|  13.662 us|    4|  4099|       no|
        +--------------------------------------------------------+---------------------------------------------+---------+---------+-----------+-----------+-----+------+---------+

        * Loop: 
        +---------------------------------+---------+----------+----------+-----------+-----------+----------+----------+
        |                                 |  Latency (cycles)  | Iteration|  Initiation Interval  |   Trip   |          |
        |            Loop Name            |   min   |    max   |  Latency |  achieved |   target  |   Count  | Pipelined|
        +---------------------------------+---------+----------+----------+-----------+-----------+----------+----------+
        |- loop_Bytes2AXIMMvideo_2planes  |        0|  36344160|  3 ~ 8413|          -|          -|  0 ~ 4320|        no|
        +---------------------------------+---------+----------+----------+-----------+-----------+----------+----------+



================================================================
== Utilization Estimates
================================================================
* Summary: 
+-----------------+---------+------+--------+--------+-----+
|       Name      | BRAM_18K|  DSP |   FF   |   LUT  | URAM|
+-----------------+---------+------+--------+--------+-----+
|DSP              |        -|     -|       -|       -|    -|
|Expression       |        -|     -|       0|     374|    -|
|FIFO             |        -|     -|       -|       -|    -|
|Instance         |        -|     -|     292|     186|    -|
|Memory           |        -|     -|       -|       -|    -|
|Multiplexer      |        -|     -|       -|    1579|    -|
|Register         |        -|     -|     527|       -|    -|
+-----------------+---------+------+--------+--------+-----+
|Total            |        0|     0|     819|    2139|    0|
+-----------------+---------+------+--------+--------+-----+
|Available        |      288|  1248|  234240|  117120|   64|
+-----------------+---------+------+--------+--------+-----+
|Utilization (%)  |        0|     0|      ~0|       1|    0|
+-----------------+---------+------+--------+--------+-----+

+ Detail: 
    * Instance: 
    +--------------------------------------------------------+---------------------------------------------+---------+----+-----+----+-----+
    |                        Instance                        |                    Module                   | BRAM_18K| DSP|  FF | LUT| URAM|
    +--------------------------------------------------------+---------------------------------------------+---------+----+-----+----+-----+
    |grp_Bytes2AXIMMvideo_Pipeline_VITIS_LOOP_1117_1_fu_198  |Bytes2AXIMMvideo_Pipeline_VITIS_LOOP_1117_1  |        0|   0|  146|  93|    0|
    |grp_Bytes2AXIMMvideo_Pipeline_VITIS_LOOP_1127_2_fu_208  |Bytes2AXIMMvideo_Pipeline_VITIS_LOOP_1127_2  |        0|   0|  146|  93|    0|
    +--------------------------------------------------------+---------------------------------------------+---------+----+-----+----+-----+
    |Total                                                   |                                             |        0|   0|  292| 186|    0|
    +--------------------------------------------------------+---------------------------------------------+---------+----+-----+----+-----+

    * DSP: 
    N/A

    * Memory: 
    N/A

    * FIFO: 
    N/A

    * Expression: 
    +---------------------------------------+----------+----+---+----+------------+------------+
    |             Variable Name             | Operation| DSP| FF| LUT| Bitwidth P0| Bitwidth P1|
    +---------------------------------------+----------+----+---+----+------------+------------+
    |add_ln1117_fu_338_p2                   |         +|   0|  0|  39|          32|          32|
    |add_ln1123_fu_363_p2                   |         +|   0|  0|  31|          24|          24|
    |add_ln1125_fu_286_p2                   |         +|   0|  0|  14|           7|           7|
    |add_ln1127_fu_483_p2                   |         +|   0|  0|  39|          32|          32|
    |offsetUV_1_fu_508_p2                   |         +|   0|  0|  39|          32|          32|
    |sub_fu_228_p2                          |         +|   0|  0|  23|          16|           4|
    |y_4_fu_320_p2                          |         +|   0|  0|  19|          12|           1|
    |ap_block_state110                      |       and|   0|  0|   2|           1|           1|
    |ap_block_state217                      |       and|   0|  0|   2|           1|           1|
    |cmp33_fu_278_p2                        |      icmp|   0|  0|  12|          12|           1|
    |empty_162_fu_368_p2                    |      icmp|   0|  0|  10|           6|           6|
    |empty_163_fu_373_p2                    |      icmp|   0|  0|  10|           6|           7|
    |empty_165_fu_384_p2                    |      icmp|   0|  0|  10|           6|           5|
    |empty_167_fu_395_p2                    |      icmp|   0|  0|  10|           6|           5|
    |empty_169_fu_406_p2                    |      icmp|   0|  0|  10|           6|           5|
    |empty_171_fu_417_p2                    |      icmp|   0|  0|  10|           6|           5|
    |empty_173_fu_428_p2                    |      icmp|   0|  0|  10|           6|           6|
    |empty_174_fu_433_p2                    |      icmp|   0|  0|  10|           6|           6|
    |empty_176_fu_444_p2                    |      icmp|   0|  0|  10|           6|           5|
    |empty_178_fu_455_p2                    |      icmp|   0|  0|  10|           6|           5|
    |empty_180_fu_466_p2                    |      icmp|   0|  0|  10|           6|           2|
    |icmp_ln1113_fu_315_p2                  |      icmp|   0|  0|  12|          12|          12|
    |icmp_ln1125_fu_302_p2                  |      icmp|   0|  0|  10|           6|           1|
    |ap_block_state1                        |        or|   0|  0|   2|           1|           1|
    |ap_predicate_op520_writeresp_state217  |        or|   0|  0|   2|           1|           1|
    |empty_164_fu_378_p2                    |        or|   0|  0|   2|           1|           1|
    |empty_166_fu_389_p2                    |        or|   0|  0|   2|           1|           1|
    |empty_168_fu_400_p2                    |        or|   0|  0|   2|           1|           1|
    |empty_170_fu_411_p2                    |        or|   0|  0|   2|           1|           1|
    |empty_172_fu_422_p2                    |        or|   0|  0|   2|           1|           1|
    |empty_175_fu_438_p2                    |        or|   0|  0|   2|           1|           1|
    |empty_177_fu_449_p2                    |        or|   0|  0|   2|           1|           1|
    |empty_179_fu_460_p2                    |        or|   0|  0|   2|           1|           1|
    |empty_181_fu_471_p2                    |        or|   0|  0|   2|           1|           1|
    +---------------------------------------+----------+----+---+----+------------+------------+
    |Total                                  |          |   0|  0| 374|         264|         216|
    +---------------------------------------+----------+----+---+----+------------+------------+

    * Multiplexer: 
    +-------------------------+------+-----------+-----+-----------+
    |           Name          |  LUT | Input Size| Bits| Total Bits|
    +-------------------------+------+-----------+-----+-----------+
    |Height_blk_n             |     9|          2|    1|          2|
    |StrideInBytes_blk_n      |     9|          2|    1|          2|
    |VideoFormat_blk_n        |     9|          2|    1|          2|
    |WidthInBytes_blk_n       |     9|          2|    1|          2|
    |ap_NS_fsm                |  1157|        218|    1|        218|
    |ap_done                  |     9|          2|    1|          2|
    |bytePlanes_plane01_read  |     9|          2|    1|          2|
    |bytePlanes_plane12_read  |     9|          2|    1|          2|
    |dstImg2_blk_n            |     9|          2|    1|          2|
    |dstImg_blk_n             |     9|          2|    1|          2|
    |m_axi_mm_video_AWADDR    |    26|          5|   32|        160|
    |m_axi_mm_video_AWBURST   |    14|          3|    2|          6|
    |m_axi_mm_video_AWCACHE   |    14|          3|    4|         12|
    |m_axi_mm_video_AWID      |    14|          3|    1|          3|
    |m_axi_mm_video_AWLEN     |    20|          4|   32|        128|
    |m_axi_mm_video_AWLOCK    |    14|          3|    2|          6|
    |m_axi_mm_video_AWPROT    |    14|          3|    3|          9|
    |m_axi_mm_video_AWQOS     |    14|          3|    4|         12|
    |m_axi_mm_video_AWREGION  |    14|          3|    4|         12|
    |m_axi_mm_video_AWSIZE    |    14|          3|    3|          9|
    |m_axi_mm_video_AWUSER    |    14|          3|    1|          3|
    |m_axi_mm_video_AWVALID   |    20|          4|    1|          4|
    |m_axi_mm_video_BREADY    |    20|          4|    1|          4|
    |m_axi_mm_video_WDATA     |    14|          3|  128|        384|
    |m_axi_mm_video_WID       |    14|          3|    1|          3|
    |m_axi_mm_video_WLAST     |    14|          3|    1|          3|
    |m_axi_mm_video_WSTRB     |    14|          3|   16|         48|
    |m_axi_mm_video_WUSER     |    14|          3|    1|          3|
    |m_axi_mm_video_WVALID    |    14|          3|    1|          3|
    |mm_video_blk_n_AW        |     9|          2|    1|          2|
    |mm_video_blk_n_B         |     9|          2|    1|          2|
    |offsetUV_fu_144          |     9|          2|   32|         64|
    |offsetY_fu_140           |     9|          2|   24|         48|
    |y_fu_136                 |     9|          2|   12|         24|
    +-------------------------+------+-----------+-----+-----------+
    |Total                    |  1579|        308|  318|       1188|
    +-------------------------+------+-----------+-----+-----------+

    * Register: 
    +---------------------------------------------------------------------+-----+----+-----+-----------+
    |                                 Name                                |  FF | LUT| Bits| Const Bits|
    +---------------------------------------------------------------------+-----+----+-----+-----------+
    |Height_read_reg_563                                                  |   12|   0|   12|          0|
    |VideoFormat_read_reg_547                                             |    6|   0|    6|          0|
    |add_ln1123_reg_639                                                   |   24|   0|   24|          0|
    |ap_CS_fsm                                                            |  217|   0|  217|          0|
    |ap_done_reg                                                          |    1|   0|    1|          0|
    |cmp33_reg_603                                                        |    1|   0|    1|          0|
    |div8_cast3_reg_598                                                   |   12|   0|   32|         20|
    |div8_reg_586                                                         |   12|   0|   12|          0|
    |div_cast2_reg_592                                                    |   12|   0|   32|         20|
    |div_reg_578                                                          |   12|   0|   12|          0|
    |dstImg2_read_reg_568                                                 |   32|   0|   32|          0|
    |dstImg_read_reg_573                                                  |   32|   0|   32|          0|
    |empty_172_reg_644                                                    |    1|   0|    1|          0|
    |empty_181_reg_648                                                    |    1|   0|    1|          0|
    |grp_Bytes2AXIMMvideo_Pipeline_VITIS_LOOP_1117_1_fu_198_ap_start_reg  |    1|   0|    1|          0|
    |grp_Bytes2AXIMMvideo_Pipeline_VITIS_LOOP_1127_2_fu_208_ap_start_reg  |    1|   0|    1|          0|
    |icmp_ln1125_reg_612                                                  |    1|   0|    1|          0|
    |offsetUV_fu_144                                                      |   32|   0|   32|          0|
    |offsetY_fu_140                                                       |   24|   0|   24|          0|
    |trunc_ln1113_reg_616                                                 |    1|   0|    1|          0|
    |trunc_ln2_reg_628                                                    |   28|   0|   28|          0|
    |trunc_ln3_reg_652                                                    |   28|   0|   28|          0|
    |y_4_reg_623                                                          |   12|   0|   12|          0|
    |y_fu_136                                                             |   12|   0|   12|          0|
    |zext_ln1125_reg_607                                                  |   12|   0|   24|         12|
    +---------------------------------------------------------------------+-----+----+-----+-----------+
    |Total                                                                |  527|   0|  579|         52|
    +---------------------------------------------------------------------+-----+----+-----+-----------+



================================================================
== Interface
================================================================
* Summary: 
+-----------------------------------+-----+-----+------------+--------------------+--------------+
|             RTL Ports             | Dir | Bits|  Protocol  |    Source Object   |    C Type    |
+-----------------------------------+-----+-----+------------+--------------------+--------------+
|ap_clk                             |   in|    1|  ap_ctrl_hs|    Bytes2AXIMMvideo|  return value|
|ap_rst                             |   in|    1|  ap_ctrl_hs|    Bytes2AXIMMvideo|  return value|
|ap_start                           |   in|    1|  ap_ctrl_hs|    Bytes2AXIMMvideo|  return value|
|ap_done                            |  out|    1|  ap_ctrl_hs|    Bytes2AXIMMvideo|  return value|
|ap_continue                        |   in|    1|  ap_ctrl_hs|    Bytes2AXIMMvideo|  return value|
|ap_idle                            |  out|    1|  ap_ctrl_hs|    Bytes2AXIMMvideo|  return value|
|ap_ready                           |  out|    1|  ap_ctrl_hs|    Bytes2AXIMMvideo|  return value|
|bytePlanes_plane01_dout            |   in|  128|     ap_fifo|  bytePlanes_plane01|       pointer|
|bytePlanes_plane01_num_data_valid  |   in|   10|     ap_fifo|  bytePlanes_plane01|       pointer|
|bytePlanes_plane01_fifo_cap        |   in|   10|     ap_fifo|  bytePlanes_plane01|       pointer|
|bytePlanes_plane01_empty_n         |   in|    1|     ap_fifo|  bytePlanes_plane01|       pointer|
|bytePlanes_plane01_read            |  out|    1|     ap_fifo|  bytePlanes_plane01|       pointer|
|bytePlanes_plane12_dout            |   in|  128|     ap_fifo|  bytePlanes_plane12|       pointer|
|bytePlanes_plane12_num_data_valid  |   in|   10|     ap_fifo|  bytePlanes_plane12|       pointer|
|bytePlanes_plane12_fifo_cap        |   in|   10|     ap_fifo|  bytePlanes_plane12|       pointer|
|bytePlanes_plane12_empty_n         |   in|    1|     ap_fifo|  bytePlanes_plane12|       pointer|
|bytePlanes_plane12_read            |  out|    1|     ap_fifo|  bytePlanes_plane12|       pointer|
|m_axi_mm_video_AWVALID             |  out|    1|       m_axi|            mm_video|       pointer|
|m_axi_mm_video_AWREADY             |   in|    1|       m_axi|            mm_video|       pointer|
|m_axi_mm_video_AWADDR              |  out|   32|       m_axi|            mm_video|       pointer|
|m_axi_mm_video_AWID                |  out|    1|       m_axi|            mm_video|       pointer|
|m_axi_mm_video_AWLEN               |  out|   32|       m_axi|            mm_video|       pointer|
|m_axi_mm_video_AWSIZE              |  out|    3|       m_axi|            mm_video|       pointer|
|m_axi_mm_video_AWBURST             |  out|    2|       m_axi|            mm_video|       pointer|
|m_axi_mm_video_AWLOCK              |  out|    2|       m_axi|            mm_video|       pointer|
|m_axi_mm_video_AWCACHE             |  out|    4|       m_axi|            mm_video|       pointer|
|m_axi_mm_video_AWPROT              |  out|    3|       m_axi|            mm_video|       pointer|
|m_axi_mm_video_AWQOS               |  out|    4|       m_axi|            mm_video|       pointer|
|m_axi_mm_video_AWREGION            |  out|    4|       m_axi|            mm_video|       pointer|
|m_axi_mm_video_AWUSER              |  out|    1|       m_axi|            mm_video|       pointer|
|m_axi_mm_video_WVALID              |  out|    1|       m_axi|            mm_video|       pointer|
|m_axi_mm_video_WREADY              |   in|    1|       m_axi|            mm_video|       pointer|
|m_axi_mm_video_WDATA               |  out|  128|       m_axi|            mm_video|       pointer|
|m_axi_mm_video_WSTRB               |  out|   16|       m_axi|            mm_video|       pointer|
|m_axi_mm_video_WLAST               |  out|    1|       m_axi|            mm_video|       pointer|
|m_axi_mm_video_WID                 |  out|    1|       m_axi|            mm_video|       pointer|
|m_axi_mm_video_WUSER               |  out|    1|       m_axi|            mm_video|       pointer|
|m_axi_mm_video_ARVALID             |  out|    1|       m_axi|            mm_video|       pointer|
|m_axi_mm_video_ARREADY             |   in|    1|       m_axi|            mm_video|       pointer|
|m_axi_mm_video_ARADDR              |  out|   32|       m_axi|            mm_video|       pointer|
|m_axi_mm_video_ARID                |  out|    1|       m_axi|            mm_video|       pointer|
|m_axi_mm_video_ARLEN               |  out|   32|       m_axi|            mm_video|       pointer|
|m_axi_mm_video_ARSIZE              |  out|    3|       m_axi|            mm_video|       pointer|
|m_axi_mm_video_ARBURST             |  out|    2|       m_axi|            mm_video|       pointer|
|m_axi_mm_video_ARLOCK              |  out|    2|       m_axi|            mm_video|       pointer|
|m_axi_mm_video_ARCACHE             |  out|    4|       m_axi|            mm_video|       pointer|
|m_axi_mm_video_ARPROT              |  out|    3|       m_axi|            mm_video|       pointer|
|m_axi_mm_video_ARQOS               |  out|    4|       m_axi|            mm_video|       pointer|
|m_axi_mm_video_ARREGION            |  out|    4|       m_axi|            mm_video|       pointer|
|m_axi_mm_video_ARUSER              |  out|    1|       m_axi|            mm_video|       pointer|
|m_axi_mm_video_RVALID              |   in|    1|       m_axi|            mm_video|       pointer|
|m_axi_mm_video_RREADY              |  out|    1|       m_axi|            mm_video|       pointer|
|m_axi_mm_video_RDATA               |   in|  128|       m_axi|            mm_video|       pointer|
|m_axi_mm_video_RLAST               |   in|    1|       m_axi|            mm_video|       pointer|
|m_axi_mm_video_RID                 |   in|    1|       m_axi|            mm_video|       pointer|
|m_axi_mm_video_RFIFONUM            |   in|    9|       m_axi|            mm_video|       pointer|
|m_axi_mm_video_RUSER               |   in|    1|       m_axi|            mm_video|       pointer|
|m_axi_mm_video_RRESP               |   in|    2|       m_axi|            mm_video|       pointer|
|m_axi_mm_video_BVALID              |   in|    1|       m_axi|            mm_video|       pointer|
|m_axi_mm_video_BREADY              |  out|    1|       m_axi|            mm_video|       pointer|
|m_axi_mm_video_BRESP               |   in|    2|       m_axi|            mm_video|       pointer|
|m_axi_mm_video_BID                 |   in|    1|       m_axi|            mm_video|       pointer|
|m_axi_mm_video_BUSER               |   in|    1|       m_axi|            mm_video|       pointer|
|dstImg_dout                        |   in|   32|     ap_fifo|              dstImg|       pointer|
|dstImg_num_data_valid              |   in|    3|     ap_fifo|              dstImg|       pointer|
|dstImg_fifo_cap                    |   in|    3|     ap_fifo|              dstImg|       pointer|
|dstImg_empty_n                     |   in|    1|     ap_fifo|              dstImg|       pointer|
|dstImg_read                        |  out|    1|     ap_fifo|              dstImg|       pointer|
|dstImg2_dout                       |   in|   32|     ap_fifo|             dstImg2|       pointer|
|dstImg2_num_data_valid             |   in|    3|     ap_fifo|             dstImg2|       pointer|
|dstImg2_fifo_cap                   |   in|    3|     ap_fifo|             dstImg2|       pointer|
|dstImg2_empty_n                    |   in|    1|     ap_fifo|             dstImg2|       pointer|
|dstImg2_read                       |  out|    1|     ap_fifo|             dstImg2|       pointer|
|Height_dout                        |   in|   12|     ap_fifo|              Height|       pointer|
|Height_num_data_valid              |   in|    2|     ap_fifo|              Height|       pointer|
|Height_fifo_cap                    |   in|    2|     ap_fifo|              Height|       pointer|
|Height_empty_n                     |   in|    1|     ap_fifo|              Height|       pointer|
|Height_read                        |  out|    1|     ap_fifo|              Height|       pointer|
|WidthInBytes_dout                  |   in|   15|     ap_fifo|        WidthInBytes|       pointer|
|WidthInBytes_num_data_valid        |   in|    2|     ap_fifo|        WidthInBytes|       pointer|
|WidthInBytes_fifo_cap              |   in|    2|     ap_fifo|        WidthInBytes|       pointer|
|WidthInBytes_empty_n               |   in|    1|     ap_fifo|        WidthInBytes|       pointer|
|WidthInBytes_read                  |  out|    1|     ap_fifo|        WidthInBytes|       pointer|
|StrideInBytes_dout                 |   in|   16|     ap_fifo|       StrideInBytes|       pointer|
|StrideInBytes_num_data_valid       |   in|    3|     ap_fifo|       StrideInBytes|       pointer|
|StrideInBytes_fifo_cap             |   in|    3|     ap_fifo|       StrideInBytes|       pointer|
|StrideInBytes_empty_n              |   in|    1|     ap_fifo|       StrideInBytes|       pointer|
|StrideInBytes_read                 |  out|    1|     ap_fifo|       StrideInBytes|       pointer|
|VideoFormat_dout                   |   in|    6|     ap_fifo|         VideoFormat|       pointer|
|VideoFormat_num_data_valid         |   in|    2|     ap_fifo|         VideoFormat|       pointer|
|VideoFormat_fifo_cap               |   in|    2|     ap_fifo|         VideoFormat|       pointer|
|VideoFormat_empty_n                |   in|    1|     ap_fifo|         VideoFormat|       pointer|
|VideoFormat_read                   |  out|    1|     ap_fifo|         VideoFormat|       pointer|
+-----------------------------------+-----+-----+------------+--------------------+--------------+

