

================================================================
== Vitis HLS Report for 'MultiPixStream2Bytes'
================================================================
* Date:           Thu Sep 21 21:26:37 2023

* Version:        2022.1 (Build 3526262 on Mon Apr 18 15:47:01 MDT 2022)
* Project:        prj
* Solution:       sol (Vivado IP Flow Target)
* Product family: zynquplus
* Target device:  xck26-sfvc784-2LV-c


================================================================
== Performance Estimates
================================================================
+ Timing: 
    * Summary: 
    +--------+---------+----------+------------+
    |  Clock |  Target | Estimated| Uncertainty|
    +--------+---------+----------+------------+
    |ap_clk  |  3.33 ns|  2.433 ns|     0.90 ns|
    +--------+---------+----------+------------+

+ Latency: 
    * Summary: 
    +---------+-----------+----------+-----------+-----+-----------+---------+
    |   Latency (cycles)  |  Latency (absolute)  |     Interval    | Pipeline|
    |   min   |    max    |    min   |    max    | min |    max    |   Type  |
    +---------+-----------+----------+-----------+-----+-----------+---------+
    |        1|  141588002|  3.333 ns|  0.472 sec|    1|  141588002|       no|
    +---------+-----------+----------+-----------+-----+-----------+---------+

    + Detail: 
        * Instance: 
        +-----------------------------------------------------------+------------------------------------------------+---------+---------+-----------+----------+-----+-------+---------+
        |                                                           |                                                |  Latency (cycles) |  Latency (absolute)  |   Interval  | Pipeline|
        |                          Instance                         |                     Module                     |   min   |   max   |    min    |    max   | min |  max  |   Type  |
        +-----------------------------------------------------------+------------------------------------------------+---------+---------+-----------+----------+-----+-------+---------+
        |grp_MultiPixStream2Bytes_Pipeline_VITIS_LOOP_586_1_fu_200  |MultiPixStream2Bytes_Pipeline_VITIS_LOOP_586_1  |        4|    32772|  13.332 ns|  0.109 ms|    4|  32772|       no|
        +-----------------------------------------------------------+------------------------------------------------+---------+---------+-----------+----------+-----+-------+---------+

        * Loop: 
        +------------------------+---------+-----------+-----------+-----------+-----------+----------+----------+
        |                        |   Latency (cycles)  | Iteration |  Initiation Interval  |   Trip   |          |
        |        Loop Name       |   min   |    max    |  Latency  |  achieved |   target  |   Count  | Pipelined|
        +------------------------+---------+-----------+-----------+-----------+-----------+----------+----------+
        |- loop_Y_UV8_Y_UV8_420  |        0|  141588000|  7 ~ 32775|          -|          -|  0 ~ 4320|        no|
        +------------------------+---------+-----------+-----------+-----------+-----------+----------+----------+



================================================================
== Utilization Estimates
================================================================
* Summary: 
+-----------------+---------+------+--------+--------+-----+
|       Name      | BRAM_18K|  DSP |   FF   |   LUT  | URAM|
+-----------------+---------+------+--------+--------+-----+
|DSP              |        -|     -|       -|       -|    -|
|Expression       |        -|     -|       0|     164|    -|
|FIFO             |        -|     -|       -|       -|    -|
|Instance         |        -|     -|     546|     643|    -|
|Memory           |        -|     -|       -|       -|    -|
|Multiplexer      |        -|     -|       -|     130|    -|
|Register         |        -|     -|     150|       -|    -|
+-----------------+---------+------+--------+--------+-----+
|Total            |        0|     0|     696|     937|    0|
+-----------------+---------+------+--------+--------+-----+
|Available        |      288|  1248|  234240|  117120|   64|
+-----------------+---------+------+--------+--------+-----+
|Utilization (%)  |        0|     0|      ~0|      ~0|    0|
+-----------------+---------+------+--------+--------+-----+

+ Detail: 
    * Instance: 
    +-----------------------------------------------------------+------------------------------------------------+---------+----+-----+-----+-----+
    |                          Instance                         |                     Module                     | BRAM_18K| DSP|  FF | LUT | URAM|
    +-----------------------------------------------------------+------------------------------------------------+---------+----+-----+-----+-----+
    |grp_MultiPixStream2Bytes_Pipeline_VITIS_LOOP_586_1_fu_200  |MultiPixStream2Bytes_Pipeline_VITIS_LOOP_586_1  |        0|   0|  546|  643|    0|
    +-----------------------------------------------------------+------------------------------------------------+---------+----+-----+-----+-----+
    |Total                                                      |                                                |        0|   0|  546|  643|    0|
    +-----------------------------------------------------------+------------------------------------------------+---------+----+-----+-----+-----+

    * DSP: 
    N/A

    * Memory: 
    N/A

    * FIFO: 
    N/A

    * Expression: 
    +-----------------------+----------+----+---+----+------------+------------+
    |     Variable Name     | Operation| DSP| FF| LUT| Bitwidth P0| Bitwidth P1|
    +-----------------------+----------+----+---+----+------------+------------+
    |add_ln571_fu_246_p2    |         +|   0|  0|  23|          16|           4|
    |sub50_fu_289_p2        |         +|   0|  0|  19|          12|           2|
    |y_2_fu_369_p2          |         +|   0|  0|  19|          12|           1|
    |cmp53_2_fu_317_p2      |      icmp|   0|  0|   9|           4|           2|
    |cmp53_4_fu_339_p2      |      icmp|   0|  0|   9|           4|           3|
    |cmp53_5_fu_345_p2      |      icmp|   0|  0|   9|           4|           3|
    |cmp53_6_fu_351_p2      |      icmp|   0|  0|   9|           4|           3|
    |cmp53_fu_295_p2        |      icmp|   0|  0|   9|           4|           1|
    |icmp6_fu_333_p2        |      icmp|   0|  0|   8|           2|           1|
    |icmp_fu_311_p2         |      icmp|   0|  0|   8|           3|           1|
    |icmp_ln576_fu_262_p2   |      icmp|   0|  0|   9|           4|           1|
    |icmp_ln583_fu_364_p2   |      icmp|   0|  0|  12|          12|          12|
    |notlhs_fu_229_p2       |      icmp|   0|  0|  10|           6|           5|
    |ap_block_state1        |        or|   0|  0|   2|           1|           1|
    |brmerge42_fu_393_p2    |        or|   0|  0|   2|           1|           1|
    |remainPix_1_fu_281_p3  |    select|   0|  0|   5|           1|           5|
    |tobool_not_fu_387_p2   |       xor|   0|  0|   2|           1|           2|
    +-----------------------+----------+----+---+----+------------+------------+
    |Total                  |          |   0|  0| 164|          91|          48|
    +-----------------------+----------+----+---+----+------------+------------+

    * Multiplexer: 
    +--------------------------+----+-----------+-----+-----------+
    |           Name           | LUT| Input Size| Bits| Total Bits|
    +--------------------------+----+-----------+-----+-----------+
    |Height_blk_n              |   9|          2|    1|          2|
    |VideoFormat_blk_n         |   9|          2|    1|          2|
    |WidthInBytes_blk_n        |   9|          2|    1|          2|
    |WidthInBytes_c_blk_n      |   9|          2|    1|          2|
    |ap_NS_fsm                 |  31|          6|    1|          6|
    |ap_done                   |   9|          2|    1|          2|
    |bytePlanes_plane01_write  |   9|          2|    1|          2|
    |bytePlanes_plane12_write  |   9|          2|    1|          2|
    |height_c_blk_n            |   9|          2|    1|          2|
    |img_read                  |   9|          2|    1|          2|
    |video_format_c_blk_n      |   9|          2|    1|          2|
    |y_fu_138                  |   9|          2|   12|         24|
    +--------------------------+----+-----------+-----+-----------+
    |Total                     | 130|         28|   23|         50|
    +--------------------------+----+-----------+-----+-----------+

    * Register: 
    +------------------------------------------------------------------------+----+----+-----+-----------+
    |                                  Name                                  | FF | LUT| Bits| Const Bits|
    +------------------------------------------------------------------------+----+----+-----+-----------+
    |Height_read_reg_407                                                     |  12|   0|   12|          0|
    |VideoFormat_read_reg_403                                                |   6|   0|    6|          0|
    |ap_CS_fsm                                                               |   5|   0|    5|          0|
    |ap_done_reg                                                             |   1|   0|    1|          0|
    |brmerge42_reg_528                                                       |   1|   0|    1|          0|
    |cmp53_2_reg_480                                                         |   1|   0|    1|          0|
    |cmp53_4_reg_490                                                         |   1|   0|    1|          0|
    |cmp53_5_reg_495                                                         |   1|   0|    1|          0|
    |cmp53_6_reg_500                                                         |   1|   0|    1|          0|
    |cmp53_reg_470                                                           |   1|   0|    1|          0|
    |grp_MultiPixStream2Bytes_Pipeline_VITIS_LOOP_586_1_fu_200_ap_start_reg  |   1|   0|    1|          0|
    |icmp6_reg_485                                                           |   1|   0|    1|          0|
    |icmp_ln576_reg_460                                                      |   1|   0|    1|          0|
    |icmp_reg_475                                                            |   1|   0|    1|          0|
    |notlhs_reg_450                                                          |   1|   0|    1|          0|
    |p_0_0_0_0_0_751_lcssa99_fu_142                                          |   8|   0|    8|          0|
    |p_0_0_0_0_0_751_lcssa99_load_reg_508                                    |   8|   0|    8|          0|
    |p_0_1_0_0_0_760_lcssa102_fu_146                                         |   8|   0|    8|          0|
    |p_0_1_0_0_0_760_lcssa102_load_reg_513                                   |   8|   0|    8|          0|
    |p_0_3_0_0_0_778_lcssa108_fu_150                                         |   8|   0|    8|          0|
    |p_0_3_0_0_0_778_lcssa108_load_reg_518                                   |   8|   0|    8|          0|
    |p_0_4_0_0_0_787_lcssa111_fu_154                                         |   8|   0|    8|          0|
    |p_0_4_0_0_0_787_lcssa111_load_reg_523                                   |   8|   0|    8|          0|
    |sub50_reg_465                                                           |  12|   0|   12|          0|
    |trunc_ln571_1_reg_455                                                   |  12|   0|   12|          0|
    |widthInPix_reg_412                                                      |  15|   0|   15|          0|
    |y_fu_138                                                                |  12|   0|   12|          0|
    +------------------------------------------------------------------------+----+----+-----+-----------+
    |Total                                                                   | 150|   0|  150|          0|
    +------------------------------------------------------------------------+----+----+-----+-----------+



================================================================
== Interface
================================================================
* Summary: 
+-----------------------------------+-----+-----+------------+----------------------+--------------+
|             RTL Ports             | Dir | Bits|  Protocol  |     Source Object    |    C Type    |
+-----------------------------------+-----+-----+------------+----------------------+--------------+
|ap_clk                             |   in|    1|  ap_ctrl_hs|  MultiPixStream2Bytes|  return value|
|ap_rst                             |   in|    1|  ap_ctrl_hs|  MultiPixStream2Bytes|  return value|
|ap_start                           |   in|    1|  ap_ctrl_hs|  MultiPixStream2Bytes|  return value|
|ap_done                            |  out|    1|  ap_ctrl_hs|  MultiPixStream2Bytes|  return value|
|ap_continue                        |   in|    1|  ap_ctrl_hs|  MultiPixStream2Bytes|  return value|
|ap_idle                            |  out|    1|  ap_ctrl_hs|  MultiPixStream2Bytes|  return value|
|ap_ready                           |  out|    1|  ap_ctrl_hs|  MultiPixStream2Bytes|  return value|
|img_dout                           |   in|   48|     ap_fifo|                   img|       pointer|
|img_num_data_valid                 |   in|    2|     ap_fifo|                   img|       pointer|
|img_fifo_cap                       |   in|    2|     ap_fifo|                   img|       pointer|
|img_empty_n                        |   in|    1|     ap_fifo|                   img|       pointer|
|img_read                           |  out|    1|     ap_fifo|                   img|       pointer|
|bytePlanes_plane01_din             |  out|  128|     ap_fifo|    bytePlanes_plane01|       pointer|
|bytePlanes_plane01_num_data_valid  |   in|   10|     ap_fifo|    bytePlanes_plane01|       pointer|
|bytePlanes_plane01_fifo_cap        |   in|   10|     ap_fifo|    bytePlanes_plane01|       pointer|
|bytePlanes_plane01_full_n          |   in|    1|     ap_fifo|    bytePlanes_plane01|       pointer|
|bytePlanes_plane01_write           |  out|    1|     ap_fifo|    bytePlanes_plane01|       pointer|
|bytePlanes_plane12_din             |  out|  128|     ap_fifo|    bytePlanes_plane12|       pointer|
|bytePlanes_plane12_num_data_valid  |   in|   10|     ap_fifo|    bytePlanes_plane12|       pointer|
|bytePlanes_plane12_fifo_cap        |   in|   10|     ap_fifo|    bytePlanes_plane12|       pointer|
|bytePlanes_plane12_full_n          |   in|    1|     ap_fifo|    bytePlanes_plane12|       pointer|
|bytePlanes_plane12_write           |  out|    1|     ap_fifo|    bytePlanes_plane12|       pointer|
|Height_dout                        |   in|   12|     ap_fifo|                Height|       pointer|
|Height_num_data_valid              |   in|    2|     ap_fifo|                Height|       pointer|
|Height_fifo_cap                    |   in|    2|     ap_fifo|                Height|       pointer|
|Height_empty_n                     |   in|    1|     ap_fifo|                Height|       pointer|
|Height_read                        |  out|    1|     ap_fifo|                Height|       pointer|
|WidthInBytes_dout                  |   in|   15|     ap_fifo|          WidthInBytes|       pointer|
|WidthInBytes_num_data_valid        |   in|    3|     ap_fifo|          WidthInBytes|       pointer|
|WidthInBytes_fifo_cap              |   in|    3|     ap_fifo|          WidthInBytes|       pointer|
|WidthInBytes_empty_n               |   in|    1|     ap_fifo|          WidthInBytes|       pointer|
|WidthInBytes_read                  |  out|    1|     ap_fifo|          WidthInBytes|       pointer|
|VideoFormat_dout                   |   in|    6|     ap_fifo|           VideoFormat|       pointer|
|VideoFormat_num_data_valid         |   in|    3|     ap_fifo|           VideoFormat|       pointer|
|VideoFormat_fifo_cap               |   in|    3|     ap_fifo|           VideoFormat|       pointer|
|VideoFormat_empty_n                |   in|    1|     ap_fifo|           VideoFormat|       pointer|
|VideoFormat_read                   |  out|    1|     ap_fifo|           VideoFormat|       pointer|
|WidthInBytes_c_din                 |  out|   15|     ap_fifo|        WidthInBytes_c|       pointer|
|WidthInBytes_c_num_data_valid      |   in|    2|     ap_fifo|        WidthInBytes_c|       pointer|
|WidthInBytes_c_fifo_cap            |   in|    2|     ap_fifo|        WidthInBytes_c|       pointer|
|WidthInBytes_c_full_n              |   in|    1|     ap_fifo|        WidthInBytes_c|       pointer|
|WidthInBytes_c_write               |  out|    1|     ap_fifo|        WidthInBytes_c|       pointer|
|height_c_din                       |  out|   12|     ap_fifo|              height_c|       pointer|
|height_c_num_data_valid            |   in|    2|     ap_fifo|              height_c|       pointer|
|height_c_fifo_cap                  |   in|    2|     ap_fifo|              height_c|       pointer|
|height_c_full_n                    |   in|    1|     ap_fifo|              height_c|       pointer|
|height_c_write                     |  out|    1|     ap_fifo|              height_c|       pointer|
|video_format_c_din                 |  out|    6|     ap_fifo|        video_format_c|       pointer|
|video_format_c_num_data_valid      |   in|    2|     ap_fifo|        video_format_c|       pointer|
|video_format_c_fifo_cap            |   in|    2|     ap_fifo|        video_format_c|       pointer|
|video_format_c_full_n              |   in|    1|     ap_fifo|        video_format_c|       pointer|
|video_format_c_write               |  out|    1|     ap_fifo|        video_format_c|       pointer|
+-----------------------------------+-----+-----+------------+----------------------+--------------+

