

================================================================
== Vitis HLS Report for 'MultiPixStream2Bytes_Pipeline_VITIS_LOOP_586_1'
================================================================
* Date:           Thu Sep 21 21:26:36 2023

* Version:        2022.1 (Build 3526262 on Mon Apr 18 15:47:01 MDT 2022)
* Project:        prj
* Solution:       sol (Vivado IP Flow Target)
* Product family: zynquplus
* Target device:  xck26-sfvc784-2LV-c


================================================================
== Performance Estimates
================================================================
+ Timing: 
    * Summary: 
    +--------+---------+----------+------------+
    |  Clock |  Target | Estimated| Uncertainty|
    +--------+---------+----------+------------+
    |ap_clk  |  3.33 ns|  1.644 ns|     0.90 ns|
    +--------+---------+----------+------------+

+ Latency: 
    * Summary: 
    +---------+---------+-----------+----------+-----+-------+---------+
    |  Latency (cycles) |  Latency (absolute)  |   Interval  | Pipeline|
    |   min   |   max   |    min    |    max   | min |  max  |   Type  |
    +---------+---------+-----------+----------+-----+-------+---------+
    |        4|    32772|  13.332 ns|  0.109 ms|    4|  32772|       no|
    +---------+---------+-----------+----------+-----+-------+---------+

    + Detail: 
        * Instance: 
        N/A

        * Loop: 
        +--------------------+---------+---------+----------+-----------+-----------+----------+----------+
        |                    |  Latency (cycles) | Iteration|  Initiation Interval  |   Trip   |          |
        |      Loop Name     |   min   |   max   |  Latency |  achieved |   target  |   Count  | Pipelined|
        +--------------------+---------+---------+----------+-----------+-----------+----------+----------+
        |- VITIS_LOOP_586_1  |        2|    32770|        10|          8|          8|  0 ~ 4096|       yes|
        +--------------------+---------+---------+----------+-----------+-----------+----------+----------+



================================================================
== Utilization Estimates
================================================================
* Summary: 
+-----------------+---------+------+--------+--------+-----+
|       Name      | BRAM_18K|  DSP |   FF   |   LUT  | URAM|
+-----------------+---------+------+--------+--------+-----+
|DSP              |        -|     -|       -|       -|    -|
|Expression       |        -|     -|       0|     133|    -|
|FIFO             |        -|     -|       -|       -|    -|
|Instance         |        -|     -|       -|       -|    -|
|Memory           |        -|     -|       -|       -|    -|
|Multiplexer      |        -|     -|       -|     510|    -|
|Register         |        -|     -|     546|       -|    -|
+-----------------+---------+------+--------+--------+-----+
|Total            |        0|     0|     546|     643|    0|
+-----------------+---------+------+--------+--------+-----+
|Available        |      288|  1248|  234240|  117120|   64|
+-----------------+---------+------+--------+--------+-----+
|Utilization (%)  |        0|     0|      ~0|      ~0|    0|
+-----------------+---------+------+--------+--------+-----+

+ Detail: 
    * Instance: 
    N/A

    * DSP: 
    N/A

    * Memory: 
    N/A

    * FIFO: 
    N/A

    * Expression: 
    +-----------------------------------+----------+----+---+----+------------+------------+
    |           Variable Name           | Operation| DSP| FF| LUT| Bitwidth P0| Bitwidth P1|
    +-----------------------------------+----------+----+---+----+------------+------------+
    |x_2_fu_701_p2                      |         +|   0|  0|  19|          12|           1|
    |ap_block_pp0_stage0_11001          |       and|   0|  0|   2|           1|           1|
    |ap_block_pp0_stage2_11001          |       and|   0|  0|   2|           1|           1|
    |ap_block_pp0_stage3_11001          |       and|   0|  0|   2|           1|           1|
    |ap_block_pp0_stage4_11001          |       and|   0|  0|   2|           1|           1|
    |ap_block_pp0_stage5_11001          |       and|   0|  0|   2|           1|           1|
    |ap_block_pp0_stage6_11001          |       and|   0|  0|   2|           1|           1|
    |ap_block_pp0_stage7_11001          |       and|   0|  0|   2|           1|           1|
    |ap_block_state2_pp0_stage1_iter0   |       and|   0|  0|   2|           1|           1|
    |ap_block_state3_pp0_stage2_iter0   |       and|   0|  0|   2|           1|           1|
    |ap_block_state4_pp0_stage3_iter0   |       and|   0|  0|   2|           1|           1|
    |ap_block_state5_pp0_stage4_iter0   |       and|   0|  0|   2|           1|           1|
    |ap_block_state6_pp0_stage5_iter0   |       and|   0|  0|   2|           1|           1|
    |ap_block_state7_pp0_stage6_iter0   |       and|   0|  0|   2|           1|           1|
    |ap_block_state8_pp0_stage7_iter0   |       and|   0|  0|   2|           1|           1|
    |ap_block_state9_pp0_stage0_iter1   |       and|   0|  0|   2|           1|           1|
    |ap_condition_476                   |       and|   0|  0|   2|           1|           1|
    |ap_condition_865                   |       and|   0|  0|   2|           1|           1|
    |ap_condition_868                   |       and|   0|  0|   2|           1|           1|
    |ap_condition_871                   |       and|   0|  0|   2|           1|           1|
    |ap_condition_874                   |       and|   0|  0|   2|           1|           1|
    |ap_condition_877                   |       and|   0|  0|   2|           1|           1|
    |ap_condition_880                   |       and|   0|  0|   2|           1|           1|
    |ap_condition_884                   |       and|   0|  0|   2|           1|           1|
    |ap_condition_888                   |       and|   0|  0|   2|           1|           1|
    |ap_condition_891                   |       and|   0|  0|   2|           1|           1|
    |ap_condition_894                   |       and|   0|  0|   2|           1|           1|
    |ap_predicate_op108_read_state6     |       and|   0|  0|   2|           1|           1|
    |ap_predicate_op119_read_state7     |       and|   0|  0|   2|           1|           1|
    |ap_predicate_op130_read_state8     |       and|   0|  0|   2|           1|           1|
    |ap_predicate_op141_read_state9     |       and|   0|  0|   2|           1|           1|
    |ap_predicate_op54_read_state2      |       and|   0|  0|   2|           1|           1|
    |ap_predicate_op69_read_state3      |       and|   0|  0|   2|           1|           1|
    |ap_predicate_op81_read_state4      |       and|   0|  0|   2|           1|           1|
    |ap_predicate_op93_read_state5      |       and|   0|  0|   2|           1|           1|
    |cmp51_fu_711_p2                    |      icmp|   0|  0|  12|          13|          13|
    |icmp_ln586_fu_695_p2               |      icmp|   0|  0|  12|          12|          12|
    |ap_block_pp0_stage1_01001          |        or|   0|  0|   2|           1|           1|
    |ap_block_state10_pp0_stage1_iter1  |        or|   0|  0|   2|           1|           1|
    |or_ln590_1_fu_732_p2               |        or|   0|  0|   2|           1|           1|
    |or_ln590_2_fu_752_p2               |        or|   0|  0|   2|           1|           1|
    |or_ln590_3_fu_760_p2               |        or|   0|  0|   2|           1|           1|
    |or_ln590_4_fu_768_p2               |        or|   0|  0|   2|           1|           1|
    |or_ln590_5_fu_772_p2               |        or|   0|  0|   2|           1|           1|
    |or_ln590_6_fu_776_p2               |        or|   0|  0|   2|           1|           1|
    |or_ln590_7_fu_780_p2               |        or|   0|  0|   2|           1|           1|
    |or_ln590_fu_717_p2                 |        or|   0|  0|   2|           1|           1|
    |ap_enable_pp0                      |       xor|   0|  0|   2|           1|           2|
    +-----------------------------------+----------+----+---+----+------------+------------+
    |Total                              |          |   0|  0| 133|          82|          72|
    +-----------------------------------+----------+----+---+----+------------+------------+

    * Multiplexer: 
    +----------------------------------------------+----+-----------+-----+-----------+
    |                     Name                     | LUT| Input Size| Bits| Total Bits|
    +----------------------------------------------+----+-----------+-----+-----------+
    |ap_NS_fsm                                     |  49|          9|    1|          9|
    |ap_done_int                                   |   9|          2|    1|          2|
    |ap_enable_reg_pp0_iter0                       |   9|          2|    1|          2|
    |ap_enable_reg_pp0_iter0_reg                   |   9|          2|    1|          2|
    |ap_enable_reg_pp0_iter1                       |   9|          2|    1|          2|
    |ap_phi_mux_p_0_0_0_0_0_751_phi_fu_569_p4      |   9|          2|    8|         16|
    |ap_phi_mux_p_0_1_0_0_0_760_phi_fu_559_p4      |   9|          2|    8|         16|
    |ap_phi_mux_p_0_3_0_0_0_778_phi_fu_549_p4      |   9|          2|    8|         16|
    |ap_phi_mux_p_0_4_0_0_0_787_phi_fu_539_p4      |   9|          2|    8|         16|
    |ap_phi_reg_pp0_iter0_p_0_0_0_0_0_745_reg_441  |   9|          2|    8|         16|
    |ap_phi_reg_pp0_iter0_p_0_0_0_0_0_746_reg_397  |   9|          2|    8|         16|
    |ap_phi_reg_pp0_iter0_p_0_0_0_0_0_747_reg_353  |   9|          2|    8|         16|
    |ap_phi_reg_pp0_iter0_p_0_0_0_0_0_748_reg_309  |   9|          2|    8|         16|
    |ap_phi_reg_pp0_iter0_p_0_0_0_0_0_749_reg_266  |   9|          2|    8|         16|
    |ap_phi_reg_pp0_iter0_p_0_1_0_0_0_754_reg_430  |   9|          2|    8|         16|
    |ap_phi_reg_pp0_iter0_p_0_1_0_0_0_755_reg_386  |   9|          2|    8|         16|
    |ap_phi_reg_pp0_iter0_p_0_1_0_0_0_756_reg_342  |   9|          2|    8|         16|
    |ap_phi_reg_pp0_iter0_p_0_1_0_0_0_757_reg_298  |   9|          2|    8|         16|
    |ap_phi_reg_pp0_iter0_p_0_1_0_0_0_758_reg_256  |   9|          2|    8|         16|
    |ap_phi_reg_pp0_iter0_p_0_3_0_0_0_772_reg_419  |   9|          2|    8|         16|
    |ap_phi_reg_pp0_iter0_p_0_3_0_0_0_773_reg_375  |   9|          2|    8|         16|
    |ap_phi_reg_pp0_iter0_p_0_3_0_0_0_774_reg_331  |   9|          2|    8|         16|
    |ap_phi_reg_pp0_iter0_p_0_3_0_0_0_775_reg_287  |   9|          2|    8|         16|
    |ap_phi_reg_pp0_iter0_p_0_3_0_0_0_776_reg_246  |   9|          2|    8|         16|
    |ap_phi_reg_pp0_iter0_p_0_4_0_0_0_781_reg_408  |   9|          2|    8|         16|
    |ap_phi_reg_pp0_iter0_p_0_4_0_0_0_782_reg_364  |   9|          2|    8|         16|
    |ap_phi_reg_pp0_iter0_p_0_4_0_0_0_783_reg_320  |   9|          2|    8|         16|
    |ap_phi_reg_pp0_iter0_p_0_4_0_0_0_784_reg_276  |   9|          2|    8|         16|
    |ap_phi_reg_pp0_iter0_p_0_4_0_0_0_785_reg_236  |   9|          2|    8|         16|
    |ap_phi_reg_pp0_iter1_p_0_0_0_0_0_743_reg_526  |  14|          3|    8|         24|
    |ap_phi_reg_pp0_iter1_p_0_0_0_0_0_744_reg_485  |   9|          2|    8|         16|
    |ap_phi_reg_pp0_iter1_p_0_0_0_0_0_751_reg_566  |   9|          2|    8|         16|
    |ap_phi_reg_pp0_iter1_p_0_1_0_0_0_752_reg_516  |  14|          3|    8|         24|
    |ap_phi_reg_pp0_iter1_p_0_1_0_0_0_753_reg_474  |   9|          2|    8|         16|
    |ap_phi_reg_pp0_iter1_p_0_1_0_0_0_760_reg_556  |   9|          2|    8|         16|
    |ap_phi_reg_pp0_iter1_p_0_3_0_0_0_770_reg_506  |  14|          3|    8|         24|
    |ap_phi_reg_pp0_iter1_p_0_3_0_0_0_771_reg_463  |   9|          2|    8|         16|
    |ap_phi_reg_pp0_iter1_p_0_3_0_0_0_778_reg_546  |   9|          2|    8|         16|
    |ap_phi_reg_pp0_iter1_p_0_4_0_0_0_779_reg_496  |  14|          3|    8|         24|
    |ap_phi_reg_pp0_iter1_p_0_4_0_0_0_780_reg_452  |   9|          2|    8|         16|
    |ap_phi_reg_pp0_iter1_p_0_4_0_0_0_787_reg_536  |   9|          2|    8|         16|
    |ap_sig_allocacmp_x_1                          |   9|          2|   12|         24|
    |bytePlanes_plane01_blk_n                      |   9|          2|    1|          2|
    |bytePlanes_plane12_blk_n                      |   9|          2|    1|          2|
    |img_blk_n                                     |   9|          2|    1|          2|
    |p_0_0_0_0_0_750_fu_110                        |   9|          2|    8|         16|
    |p_0_1_0_0_0_759_fu_114                        |   9|          2|    8|         16|
    |p_0_3_0_0_0_777_fu_118                        |   9|          2|    8|         16|
    |p_0_4_0_0_0_786_fu_122                        |   9|          2|    8|         16|
    |x_fu_106                                      |   9|          2|   12|         24|
    +----------------------------------------------+----+-----------+-----+-----------+
    |Total                                         | 510|        111|  352|        743|
    +----------------------------------------------+----+-----------+-----+-----------+

    * Register: 
    +----------------------------------------------+----+----+-----+-----------+
    |                     Name                     | FF | LUT| Bits| Const Bits|
    +----------------------------------------------+----+----+-----+-----------+
    |ap_CS_fsm                                     |   8|   0|    8|          0|
    |ap_done_reg                                   |   1|   0|    1|          0|
    |ap_enable_reg_pp0_iter0_reg                   |   1|   0|    1|          0|
    |ap_enable_reg_pp0_iter1                       |   1|   0|    1|          0|
    |ap_phi_reg_pp0_iter0_p_0_0_0_0_0_744_reg_485  |   8|   0|    8|          0|
    |ap_phi_reg_pp0_iter0_p_0_0_0_0_0_745_reg_441  |   8|   0|    8|          0|
    |ap_phi_reg_pp0_iter0_p_0_0_0_0_0_746_reg_397  |   8|   0|    8|          0|
    |ap_phi_reg_pp0_iter0_p_0_0_0_0_0_747_reg_353  |   8|   0|    8|          0|
    |ap_phi_reg_pp0_iter0_p_0_0_0_0_0_748_reg_309  |   8|   0|    8|          0|
    |ap_phi_reg_pp0_iter0_p_0_0_0_0_0_749_reg_266  |   8|   0|    8|          0|
    |ap_phi_reg_pp0_iter0_p_0_1_0_0_0_753_reg_474  |   8|   0|    8|          0|
    |ap_phi_reg_pp0_iter0_p_0_1_0_0_0_754_reg_430  |   8|   0|    8|          0|
    |ap_phi_reg_pp0_iter0_p_0_1_0_0_0_755_reg_386  |   8|   0|    8|          0|
    |ap_phi_reg_pp0_iter0_p_0_1_0_0_0_756_reg_342  |   8|   0|    8|          0|
    |ap_phi_reg_pp0_iter0_p_0_1_0_0_0_757_reg_298  |   8|   0|    8|          0|
    |ap_phi_reg_pp0_iter0_p_0_1_0_0_0_758_reg_256  |   8|   0|    8|          0|
    |ap_phi_reg_pp0_iter0_p_0_3_0_0_0_771_reg_463  |   8|   0|    8|          0|
    |ap_phi_reg_pp0_iter0_p_0_3_0_0_0_772_reg_419  |   8|   0|    8|          0|
    |ap_phi_reg_pp0_iter0_p_0_3_0_0_0_773_reg_375  |   8|   0|    8|          0|
    |ap_phi_reg_pp0_iter0_p_0_3_0_0_0_774_reg_331  |   8|   0|    8|          0|
    |ap_phi_reg_pp0_iter0_p_0_3_0_0_0_775_reg_287  |   8|   0|    8|          0|
    |ap_phi_reg_pp0_iter0_p_0_3_0_0_0_776_reg_246  |   8|   0|    8|          0|
    |ap_phi_reg_pp0_iter0_p_0_4_0_0_0_780_reg_452  |   8|   0|    8|          0|
    |ap_phi_reg_pp0_iter0_p_0_4_0_0_0_781_reg_408  |   8|   0|    8|          0|
    |ap_phi_reg_pp0_iter0_p_0_4_0_0_0_782_reg_364  |   8|   0|    8|          0|
    |ap_phi_reg_pp0_iter0_p_0_4_0_0_0_783_reg_320  |   8|   0|    8|          0|
    |ap_phi_reg_pp0_iter0_p_0_4_0_0_0_784_reg_276  |   8|   0|    8|          0|
    |ap_phi_reg_pp0_iter0_p_0_4_0_0_0_785_reg_236  |   8|   0|    8|          0|
    |ap_phi_reg_pp0_iter1_p_0_0_0_0_0_743_reg_526  |   8|   0|    8|          0|
    |ap_phi_reg_pp0_iter1_p_0_0_0_0_0_744_reg_485  |   8|   0|    8|          0|
    |ap_phi_reg_pp0_iter1_p_0_0_0_0_0_751_reg_566  |   8|   0|    8|          0|
    |ap_phi_reg_pp0_iter1_p_0_1_0_0_0_752_reg_516  |   8|   0|    8|          0|
    |ap_phi_reg_pp0_iter1_p_0_1_0_0_0_753_reg_474  |   8|   0|    8|          0|
    |ap_phi_reg_pp0_iter1_p_0_1_0_0_0_760_reg_556  |   8|   0|    8|          0|
    |ap_phi_reg_pp0_iter1_p_0_3_0_0_0_770_reg_506  |   8|   0|    8|          0|
    |ap_phi_reg_pp0_iter1_p_0_3_0_0_0_771_reg_463  |   8|   0|    8|          0|
    |ap_phi_reg_pp0_iter1_p_0_3_0_0_0_778_reg_546  |   8|   0|    8|          0|
    |ap_phi_reg_pp0_iter1_p_0_4_0_0_0_779_reg_496  |   8|   0|    8|          0|
    |ap_phi_reg_pp0_iter1_p_0_4_0_0_0_780_reg_452  |   8|   0|    8|          0|
    |ap_phi_reg_pp0_iter1_p_0_4_0_0_0_787_reg_536  |   8|   0|    8|          0|
    |cmp51_reg_996                                 |   1|   0|    1|          0|
    |icmp_ln586_reg_992                            |   1|   0|    1|          0|
    |icmp_ln586_reg_992_pp0_iter1_reg              |   1|   0|    1|          0|
    |or_ln590_1_reg_1016                           |   1|   0|    1|          0|
    |or_ln590_2_reg_1045                           |   1|   0|    1|          0|
    |or_ln590_3_reg_1054                           |   1|   0|    1|          0|
    |or_ln590_4_reg_1063                           |   1|   0|    1|          0|
    |or_ln590_5_reg_1067                           |   1|   0|    1|          0|
    |or_ln590_6_reg_1071                           |   1|   0|    1|          0|
    |or_ln590_7_reg_1075                           |   1|   0|    1|          0|
    |or_ln590_reg_1007                             |   1|   0|    1|          0|
    |p_0_0_0_0_0_744_reg_485                       |   8|   0|    8|          0|
    |p_0_0_0_0_0_745_reg_441                       |   8|   0|    8|          0|
    |p_0_0_0_0_0_746_reg_397                       |   8|   0|    8|          0|
    |p_0_0_0_0_0_747_reg_353                       |   8|   0|    8|          0|
    |p_0_0_0_0_0_748_reg_309                       |   8|   0|    8|          0|
    |p_0_0_0_0_0_749_reg_266                       |   8|   0|    8|          0|
    |p_0_0_0_0_0_750_fu_110                        |   8|   0|    8|          0|
    |p_0_1_0_0_0_753_reg_474                       |   8|   0|    8|          0|
    |p_0_1_0_0_0_754_reg_430                       |   8|   0|    8|          0|
    |p_0_1_0_0_0_755_reg_386                       |   8|   0|    8|          0|
    |p_0_1_0_0_0_756_reg_342                       |   8|   0|    8|          0|
    |p_0_1_0_0_0_757_reg_298                       |   8|   0|    8|          0|
    |p_0_1_0_0_0_758_reg_256                       |   8|   0|    8|          0|
    |p_0_1_0_0_0_759_fu_114                        |   8|   0|    8|          0|
    |p_0_3_0_0_0_771_reg_463                       |   8|   0|    8|          0|
    |p_0_3_0_0_0_772_reg_419                       |   8|   0|    8|          0|
    |p_0_3_0_0_0_773_reg_375                       |   8|   0|    8|          0|
    |p_0_3_0_0_0_774_reg_331                       |   8|   0|    8|          0|
    |p_0_3_0_0_0_775_reg_287                       |   8|   0|    8|          0|
    |p_0_3_0_0_0_776_reg_246                       |   8|   0|    8|          0|
    |p_0_3_0_0_0_777_fu_118                        |   8|   0|    8|          0|
    |p_0_4_0_0_0_780_reg_452                       |   8|   0|    8|          0|
    |p_0_4_0_0_0_781_reg_408                       |   8|   0|    8|          0|
    |p_0_4_0_0_0_782_reg_364                       |   8|   0|    8|          0|
    |p_0_4_0_0_0_783_reg_320                       |   8|   0|    8|          0|
    |p_0_4_0_0_0_784_reg_276                       |   8|   0|    8|          0|
    |p_0_4_0_0_0_785_reg_236                       |   8|   0|    8|          0|
    |p_0_4_0_0_0_786_fu_122                        |   8|   0|    8|          0|
    |x_fu_106                                      |  12|   0|   12|          0|
    +----------------------------------------------+----+----+-----+-----------+
    |Total                                         | 546|   0|  546|          0|
    +----------------------------------------------+----+----+-----+-----------+



================================================================
== Interface
================================================================
* Summary: 
+-----------------------------------+-----+-----+------------+------------------------------------------------+--------------+
|             RTL Ports             | Dir | Bits|  Protocol  |                  Source Object                 |    C Type    |
+-----------------------------------+-----+-----+------------+------------------------------------------------+--------------+
|ap_clk                             |   in|    1|  ap_ctrl_hs|  MultiPixStream2Bytes_Pipeline_VITIS_LOOP_586_1|  return value|
|ap_rst                             |   in|    1|  ap_ctrl_hs|  MultiPixStream2Bytes_Pipeline_VITIS_LOOP_586_1|  return value|
|ap_start                           |   in|    1|  ap_ctrl_hs|  MultiPixStream2Bytes_Pipeline_VITIS_LOOP_586_1|  return value|
|ap_done                            |  out|    1|  ap_ctrl_hs|  MultiPixStream2Bytes_Pipeline_VITIS_LOOP_586_1|  return value|
|ap_idle                            |  out|    1|  ap_ctrl_hs|  MultiPixStream2Bytes_Pipeline_VITIS_LOOP_586_1|  return value|
|ap_ready                           |  out|    1|  ap_ctrl_hs|  MultiPixStream2Bytes_Pipeline_VITIS_LOOP_586_1|  return value|
|img_dout                           |   in|   48|     ap_fifo|                                             img|       pointer|
|img_num_data_valid                 |   in|    2|     ap_fifo|                                             img|       pointer|
|img_fifo_cap                       |   in|    2|     ap_fifo|                                             img|       pointer|
|img_empty_n                        |   in|    1|     ap_fifo|                                             img|       pointer|
|img_read                           |  out|    1|     ap_fifo|                                             img|       pointer|
|p_0_4_0_0_0_787_lcssa111           |   in|    8|     ap_none|                        p_0_4_0_0_0_787_lcssa111|        scalar|
|p_0_3_0_0_0_778_lcssa108           |   in|    8|     ap_none|                        p_0_3_0_0_0_778_lcssa108|        scalar|
|p_0_1_0_0_0_760_lcssa102           |   in|    8|     ap_none|                        p_0_1_0_0_0_760_lcssa102|        scalar|
|p_0_0_0_0_0_751_lcssa99            |   in|    8|     ap_none|                         p_0_0_0_0_0_751_lcssa99|        scalar|
|trunc_ln571_1                      |   in|   12|     ap_none|                                   trunc_ln571_1|        scalar|
|bytePlanes_plane12_din             |  out|  128|     ap_fifo|                              bytePlanes_plane12|       pointer|
|bytePlanes_plane12_num_data_valid  |   in|   10|     ap_fifo|                              bytePlanes_plane12|       pointer|
|bytePlanes_plane12_fifo_cap        |   in|   10|     ap_fifo|                              bytePlanes_plane12|       pointer|
|bytePlanes_plane12_full_n          |   in|    1|     ap_fifo|                              bytePlanes_plane12|       pointer|
|bytePlanes_plane12_write           |  out|    1|     ap_fifo|                              bytePlanes_plane12|       pointer|
|bytePlanes_plane01_din             |  out|  128|     ap_fifo|                              bytePlanes_plane01|       pointer|
|bytePlanes_plane01_num_data_valid  |   in|   10|     ap_fifo|                              bytePlanes_plane01|       pointer|
|bytePlanes_plane01_fifo_cap        |   in|   10|     ap_fifo|                              bytePlanes_plane01|       pointer|
|bytePlanes_plane01_full_n          |   in|    1|     ap_fifo|                              bytePlanes_plane01|       pointer|
|bytePlanes_plane01_write           |  out|    1|     ap_fifo|                              bytePlanes_plane01|       pointer|
|brmerge42                          |   in|    1|     ap_none|                                       brmerge42|        scalar|
|icmp_ln576                         |   in|    1|     ap_none|                                      icmp_ln576|        scalar|
|cmp53_6                            |   in|    1|     ap_none|                                         cmp53_6|        scalar|
|cmp53_5                            |   in|    1|     ap_none|                                         cmp53_5|        scalar|
|cmp53_4                            |   in|    1|     ap_none|                                         cmp53_4|        scalar|
|cmp53_3                            |   in|    1|     ap_none|                                         cmp53_3|        scalar|
|cmp53_2                            |   in|    1|     ap_none|                                         cmp53_2|        scalar|
|cmp53_1                            |   in|    1|     ap_none|                                         cmp53_1|        scalar|
|sub50_cast38                       |   in|   12|     ap_none|                                    sub50_cast38|        scalar|
|cmp53                              |   in|    1|     ap_none|                                           cmp53|        scalar|
|p_0_4_0_0_0_786_out                |  out|    8|      ap_vld|                             p_0_4_0_0_0_786_out|       pointer|
|p_0_4_0_0_0_786_out_ap_vld         |  out|    1|      ap_vld|                             p_0_4_0_0_0_786_out|       pointer|
|p_0_3_0_0_0_777_out                |  out|    8|      ap_vld|                             p_0_3_0_0_0_777_out|       pointer|
|p_0_3_0_0_0_777_out_ap_vld         |  out|    1|      ap_vld|                             p_0_3_0_0_0_777_out|       pointer|
|p_0_1_0_0_0_759_out                |  out|    8|      ap_vld|                             p_0_1_0_0_0_759_out|       pointer|
|p_0_1_0_0_0_759_out_ap_vld         |  out|    1|      ap_vld|                             p_0_1_0_0_0_759_out|       pointer|
|p_0_0_0_0_0_750_out                |  out|    8|      ap_vld|                             p_0_0_0_0_0_750_out|       pointer|
|p_0_0_0_0_0_750_out_ap_vld         |  out|    1|      ap_vld|                             p_0_0_0_0_0_750_out|       pointer|
+-----------------------------------+-----+-----+------------+------------------------------------------------+--------------+

