

================================================================
== Vitis HLS Report for 'AXIvideo2MultiPixStream'
================================================================
* Date:           Thu Sep 21 21:26:34 2023

* Version:        2022.1 (Build 3526262 on Mon Apr 18 15:47:01 MDT 2022)
* Project:        prj
* Solution:       sol (Vivado IP Flow Target)
* Product family: zynquplus
* Target device:  xck26-sfvc784-2LV-c


================================================================
== Performance Estimates
================================================================
+ Timing: 
    * Summary: 
    +--------+---------+----------+------------+
    |  Clock |  Target | Estimated| Uncertainty|
    +--------+---------+----------+------------+
    |ap_clk  |  3.33 ns|  2.346 ns|     0.90 ns|
    +--------+---------+----------+------------+

+ Latency: 
    * Summary: 
    +---------+---------+-----------+-----------+-----+---------+---------+
    |  Latency (cycles) |   Latency (absolute)  |    Interval   | Pipeline|
    |   min   |   max   |    min    |    max    | min |   max   |   Type  |
    +---------+---------+-----------+-----------+-----+---------+---------+
    |        6|  4168806|  19.998 ns|  13.895 ms|    6|  4168806|       no|
    +---------+---------+-----------+-----------+-----+---------+---------+

    + Detail: 
        * Instance: 
        +-----------------------------------------------------------------+------------------------------------------------------+---------+---------+----------+----------+-----+------+---------+
        |                                                                 |                                                      |  Latency (cycles) |  Latency (absolute) |  Interval  | Pipeline|
        |                             Instance                            |                        Module                        |   min   |   max   |    min   |    max   | min |  max |   Type  |
        +-----------------------------------------------------------------+------------------------------------------------------+---------+---------+----------+----------+-----+------+---------+
        |grp_AXIvideo2MultiPixStream_Pipeline_loop_wait_for_start_fu_191  |AXIvideo2MultiPixStream_Pipeline_loop_wait_for_start  |        2|        2|  6.666 ns|  6.666 ns|    2|     2|       no|
        |grp_AXIvideo2MultiPixStream_Pipeline_loop_width_fu_211           |AXIvideo2MultiPixStream_Pipeline_loop_width           |        3|     1922|  9.999 ns|  6.406 us|    3|  1922|       no|
        |grp_AXIvideo2MultiPixStream_Pipeline_loop_wait_for_eol_fu_241    |AXIvideo2MultiPixStream_Pipeline_loop_wait_for_eol    |        2|        2|  6.666 ns|  6.666 ns|    2|     2|       no|
        |grp_reg_unsigned_short_s_fu_267                                  |reg_unsigned_short_s                                  |        1|        1|  3.333 ns|  3.333 ns|    1|     1|      yes|
        |grp_reg_unsigned_short_s_fu_293                                  |reg_unsigned_short_s                                  |        1|        1|  3.333 ns|  3.333 ns|    1|     1|      yes|
        +-----------------------------------------------------------------+------------------------------------------------------+---------+---------+----------+----------+-----+------+---------+

        * Loop: 
        +---------------+---------+---------+----------+-----------+-----------+----------+----------+
        |               |  Latency (cycles) | Iteration|  Initiation Interval  |   Trip   |          |
        |   Loop Name   |   min   |   max   |  Latency |  achieved |   target  |   Count  | Pipelined|
        +---------------+---------+---------+----------+-----------+-----------+----------+----------+
        |- loop_height  |        0|  4168800|  7 ~ 1930|          -|          -|  0 ~ 2160|        no|
        +---------------+---------+---------+----------+-----------+-----------+----------+----------+

============================================================
+ Verbose Summary: Synthesis Manager
============================================================
InlineROM: 1
ExposeGlobal: 0
============================================================
+ Verbose Summary: CDFG Model
============================================================
IsTopModel: 0
ResetActiveHigh: 1
IsCombinational: 2
IsDatapathOnly: 0
HasWiredReturn: 1
HasMFsm: 0
HasVarLatency: 1
IsPipeline: 0
IsRtlPipelined: 0
IsInstanceOverlapped: 0
IsDontTouch: 0
HasImplIP: 0
IsGatedGlobalClock: 0


============================================================
+ Verbose Summary: Schedule
============================================================
* Number of FSM states : 10
* Pipeline : 0
* Dataflow Pipeline: 0

* FSM state transitions: 
1 --> 2 
2 --> 3 
3 --> 4 
4 --> 5 
5 --> 6 7 
6 --> 7 
7 --> 8 
8 --> 9 
9 --> 10 
10 --> 5 

* FSM state operations: 

State 1 <SV = 0> <Delay = 1.21>
ST_1 : Operation 11 [1/1] (0.00ns)   --->   "%i = alloca i32 1"   --->   Operation 11 'alloca' 'i' <Predicate = true> <Delay = 0.00>
ST_1 : Operation 12 [1/1] (0.00ns)   --->   "%axi_data_V_2 = alloca i32 1"   --->   Operation 12 'alloca' 'axi_data_V_2' <Predicate = true> <Delay = 0.00>
ST_1 : Operation 13 [1/1] (0.00ns)   --->   "%sof = alloca i32 1"   --->   Operation 13 'alloca' 'sof' <Predicate = true> <Delay = 0.00>
ST_1 : Operation 14 [1/1] (0.00ns)   --->   "%p_read25 = read i3 @_ssdm_op_Read.ap_auto.i3, i3 %p_read2"   --->   Operation 14 'read' 'p_read25' <Predicate = true> <Delay = 0.00>
ST_1 : Operation 15 [1/1] (0.00ns)   --->   "%p_read14 = read i12 @_ssdm_op_Read.ap_auto.i12, i12 %p_read1"   --->   Operation 15 'read' 'p_read14' <Predicate = true> <Delay = 0.00>
ST_1 : Operation 16 [1/1] (0.00ns)   --->   "%p_read_8 = read i12 @_ssdm_op_Read.ap_auto.i12, i12 %p_read"   --->   Operation 16 'read' 'p_read_8' <Predicate = true> <Delay = 0.00>
ST_1 : Operation 17 [1/1] (0.00ns)   --->   "%axi_last_V_4_loc = alloca i32 1"   --->   Operation 17 'alloca' 'axi_last_V_4_loc' <Predicate = true> <Delay = 0.00>
ST_1 : Operation 18 [1/1] (0.00ns)   --->   "%axi_data_V_3_loc = alloca i32 1"   --->   Operation 18 'alloca' 'axi_data_V_3_loc' <Predicate = true> <Delay = 0.00>
ST_1 : Operation 19 [1/1] (0.00ns)   --->   "%eol_loc = alloca i32 1"   --->   Operation 19 'alloca' 'eol_loc' <Predicate = true> <Delay = 0.00>
ST_1 : Operation 20 [1/1] (0.00ns)   --->   "%axi_last_V_loc = alloca i32 1"   --->   Operation 20 'alloca' 'axi_last_V_loc' <Predicate = true> <Delay = 0.00>
ST_1 : Operation 21 [1/1] (1.21ns)   --->   "%write_ln0 = write void @_ssdm_op_Write.ap_fifo.i12P0A, i12 %height_c10, i12 %p_read_8"   --->   Operation 21 'write' 'write_ln0' <Predicate = true> <Delay = 1.21> <CoreInst = "FIFO_SRL">   --->   Core 81 'FIFO_SRL' <Latency = 0> <II = 1> <Delay = 1.83> <Storage> <Opcode : 'read' 'write' 'nbread' 'nbwrite'> <Ports = 0> <Width = 12> <Depth = 2> <FIFO>
ST_1 : Operation 22 [2/2] (0.00ns)   --->   "%cols = call i12 @reg<unsigned short>, i12 %p_read14" [/home/anubhav/Documents/kria-vitis-platforms/kv260/platforms/vivado/kv260_ispMipiRx_vcu_DP/project/kv260_ispMipiRx_vcu_DP.runs/kv260_ispMipiRx_vcu_DP_v_frmbuf_wr_0_0_synth_1/prj/sol/.autopilot/db/v_frmbuf_wr.cpp:186]   --->   Operation 22 'call' 'cols' <Predicate = true> <Delay = 0.00> <CoreType = "Generic">   --->   Core 0 '' <Latency = 0> <II = 1> <Delay = 1.00> <Generic> <Opcode : >
ST_1 : Operation 23 [1/1] (0.42ns)   --->   "%store_ln205 = store i1 1, i1 %sof" [/home/anubhav/Documents/kria-vitis-platforms/kv260/platforms/vivado/kv260_ispMipiRx_vcu_DP/project/kv260_ispMipiRx_vcu_DP.runs/kv260_ispMipiRx_vcu_DP_v_frmbuf_wr_0_0_synth_1/prj/sol/.autopilot/db/v_frmbuf_wr.cpp:205]   --->   Operation 23 'store' 'store_ln205' <Predicate = true> <Delay = 0.42>
ST_1 : Operation 24 [1/1] (0.42ns)   --->   "%store_ln205 = store i12 0, i12 %i" [/home/anubhav/Documents/kria-vitis-platforms/kv260/platforms/vivado/kv260_ispMipiRx_vcu_DP/project/kv260_ispMipiRx_vcu_DP.runs/kv260_ispMipiRx_vcu_DP_v_frmbuf_wr_0_0_synth_1/prj/sol/.autopilot/db/v_frmbuf_wr.cpp:205]   --->   Operation 24 'store' 'store_ln205' <Predicate = true> <Delay = 0.42>

State 2 <SV = 1> <Delay = 0.42>
ST_2 : Operation 25 [1/2] (0.00ns)   --->   "%cols = call i12 @reg<unsigned short>, i12 %p_read14" [/home/anubhav/Documents/kria-vitis-platforms/kv260/platforms/vivado/kv260_ispMipiRx_vcu_DP/project/kv260_ispMipiRx_vcu_DP.runs/kv260_ispMipiRx_vcu_DP_v_frmbuf_wr_0_0_synth_1/prj/sol/.autopilot/db/v_frmbuf_wr.cpp:186]   --->   Operation 25 'call' 'cols' <Predicate = true> <Delay = 0.00> <CoreType = "Generic">   --->   Core 0 '' <Latency = 0> <II = 1> <Delay = 1.00> <Generic> <Opcode : >
ST_2 : Operation 26 [1/1] (0.00ns)   --->   "%empty = wait i32 @_ssdm_op_Wait"   --->   Operation 26 'wait' 'empty' <Predicate = true> <Delay = 0.00>
ST_2 : Operation 27 [2/2] (0.42ns)   --->   "%call_ln0 = call void @AXIvideo2MultiPixStream_Pipeline_loop_wait_for_start, i48 %s_axis_video_V_data_V, i6 %s_axis_video_V_keep_V, i6 %s_axis_video_V_strb_V, i1 %s_axis_video_V_user_V, i1 %s_axis_video_V_last_V, i1 %s_axis_video_V_id_V, i1 %s_axis_video_V_dest_V, i48 %axi_data_V_2, i1 %axi_last_V_loc"   --->   Operation 27 'call' 'call_ln0' <Predicate = true> <Delay = 0.42> <CoreType = "Generic">   --->   Core 0 '' <Latency = 0> <II = 1> <Delay = 1.00> <Generic> <Opcode : >
ST_2 : Operation 28 [1/1] (0.00ns)   --->   "%div_cast = partselect i11 @_ssdm_op_PartSelect.i11.i12.i32.i32, i12 %cols, i32 1, i32 11" [/home/anubhav/Documents/kria-vitis-platforms/kv260/platforms/vivado/kv260_ispMipiRx_vcu_DP/project/kv260_ispMipiRx_vcu_DP.runs/kv260_ispMipiRx_vcu_DP_v_frmbuf_wr_0_0_synth_1/prj/sol/.autopilot/db/v_frmbuf_wr.cpp:186]   --->   Operation 28 'partselect' 'div_cast' <Predicate = true> <Delay = 0.00>

State 3 <SV = 2> <Delay = 0.00>
ST_3 : Operation 29 [2/2] (0.00ns)   --->   "%rows = call i12 @reg<unsigned short>, i12 %p_read_8" [/home/anubhav/Documents/kria-vitis-platforms/kv260/platforms/vivado/kv260_ispMipiRx_vcu_DP/project/kv260_ispMipiRx_vcu_DP.runs/kv260_ispMipiRx_vcu_DP_v_frmbuf_wr_0_0_synth_1/prj/sol/.autopilot/db/v_frmbuf_wr.cpp:185]   --->   Operation 29 'call' 'rows' <Predicate = true> <Delay = 0.00> <CoreType = "Generic">   --->   Core 0 '' <Latency = 0> <II = 1> <Delay = 1.00> <Generic> <Opcode : >
ST_3 : Operation 30 [1/2] (0.00ns)   --->   "%call_ln0 = call void @AXIvideo2MultiPixStream_Pipeline_loop_wait_for_start, i48 %s_axis_video_V_data_V, i6 %s_axis_video_V_keep_V, i6 %s_axis_video_V_strb_V, i1 %s_axis_video_V_user_V, i1 %s_axis_video_V_last_V, i1 %s_axis_video_V_id_V, i1 %s_axis_video_V_dest_V, i48 %axi_data_V_2, i1 %axi_last_V_loc"   --->   Operation 30 'call' 'call_ln0' <Predicate = true> <Delay = 0.00> <CoreType = "Generic">   --->   Core 0 '' <Latency = 0> <II = 1> <Delay = 1.00> <Generic> <Opcode : >

State 4 <SV = 3> <Delay = 0.94>
ST_4 : Operation 31 [1/1] (0.00ns)   --->   "%specinterface_ln0 = specinterface void @_ssdm_op_SpecInterface, i12 %height_c10, void @ap_fifo_str, i32 0, i32 0, void @p_str, i32 0, i32 0, void @p_str, void @p_str, void @p_str, i32 2, i32 2, i32 16, i32 16, void @p_str, void @ScalarProp_str, i32 4294967295, i32 0"   --->   Operation 31 'specinterface' 'specinterface_ln0' <Predicate = true> <Delay = 0.00>
ST_4 : Operation 32 [1/1] (0.00ns)   --->   "%specinterface_ln0 = specinterface void @_ssdm_op_SpecInterface, i48 %img, void @empty_16, i32 0, i32 0, void @empty_1, i32 0, i32 0, void @empty_1, void @empty_1, void @empty_1, i32 0, i32 0, i32 0, i32 0, void @empty_1, void @empty_1, i32 4294967295, i32 0"   --->   Operation 32 'specinterface' 'specinterface_ln0' <Predicate = true> <Delay = 0.00>
ST_4 : Operation 33 [1/1] (0.00ns)   --->   "%specinterface_ln0 = specinterface void @_ssdm_op_SpecInterface, i48 %s_axis_video_V_data_V, i6 %s_axis_video_V_keep_V, i6 %s_axis_video_V_strb_V, i1 %s_axis_video_V_user_V, i1 %s_axis_video_V_last_V, i1 %s_axis_video_V_id_V, i1 %s_axis_video_V_dest_V, void @empty_6, i32 0, i32 0, void @empty_5, i32 0, i32 0, void @empty_1, void @empty_1, void @empty_1, i32 0, i32 0, i32 0, i32 0, void @empty_1, void @empty_1, i32 4294967295, i32 0"   --->   Operation 33 'specinterface' 'specinterface_ln0' <Predicate = true> <Delay = 0.00>
ST_4 : Operation 34 [1/2] (0.00ns)   --->   "%rows = call i12 @reg<unsigned short>, i12 %p_read_8" [/home/anubhav/Documents/kria-vitis-platforms/kv260/platforms/vivado/kv260_ispMipiRx_vcu_DP/project/kv260_ispMipiRx_vcu_DP.runs/kv260_ispMipiRx_vcu_DP_v_frmbuf_wr_0_0_synth_1/prj/sol/.autopilot/db/v_frmbuf_wr.cpp:185]   --->   Operation 34 'call' 'rows' <Predicate = true> <Delay = 0.00> <CoreType = "Generic">   --->   Core 0 '' <Latency = 0> <II = 1> <Delay = 1.00> <Generic> <Opcode : >
ST_4 : Operation 35 [1/1] (0.00ns)   --->   "%axi_last_V_loc_load = load i1 %axi_last_V_loc"   --->   Operation 35 'load' 'axi_last_V_loc_load' <Predicate = true> <Delay = 0.00>
ST_4 : Operation 36 [1/1] (0.00ns)   --->   "%empty_185 = wait i32 @_ssdm_op_Wait"   --->   Operation 36 'wait' 'empty_185' <Predicate = true> <Delay = 0.00>
ST_4 : Operation 37 [1/1] (0.94ns)   --->   "%cmp8460 = icmp_eq  i11 %div_cast, i11 0" [/home/anubhav/Documents/kria-vitis-platforms/kv260/platforms/vivado/kv260_ispMipiRx_vcu_DP/project/kv260_ispMipiRx_vcu_DP.runs/kv260_ispMipiRx_vcu_DP_v_frmbuf_wr_0_0_synth_1/prj/sol/.autopilot/db/v_frmbuf_wr.cpp:186]   --->   Operation 37 'icmp' 'cmp8460' <Predicate = true> <Delay = 0.94> <CoreInst = "Cmp">   --->   Core 9 'Cmp' <Latency = 0> <II = 1> <Delay = 0.94> <FuncUnit> <Opcode : 'icmp'> <InPorts = 2> <OutPorts = 1>
ST_4 : Operation 38 [1/1] (0.58ns)   --->   "%cond = icmp_eq  i3 %p_read25, i3 0"   --->   Operation 38 'icmp' 'cond' <Predicate = true> <Delay = 0.58> <CoreInst = "Cmp">   --->   Core 9 'Cmp' <Latency = 0> <II = 1> <Delay = 0.58> <FuncUnit> <Opcode : 'icmp'> <InPorts = 2> <OutPorts = 1>
ST_4 : Operation 39 [1/1] (0.58ns)   --->   "%icmp_ln235 = icmp_eq  i3 %p_read25, i3 1" [/home/anubhav/Documents/kria-vitis-platforms/kv260/platforms/vivado/kv260_ispMipiRx_vcu_DP/project/kv260_ispMipiRx_vcu_DP.runs/kv260_ispMipiRx_vcu_DP_v_frmbuf_wr_0_0_synth_1/prj/sol/.autopilot/db/v_frmbuf_wr.cpp:235]   --->   Operation 39 'icmp' 'icmp_ln235' <Predicate = true> <Delay = 0.58> <CoreInst = "Cmp">   --->   Core 9 'Cmp' <Latency = 0> <II = 1> <Delay = 0.58> <FuncUnit> <Opcode : 'icmp'> <InPorts = 2> <OutPorts = 1>
ST_4 : Operation 40 [1/1] (0.42ns)   --->   "%br_ln205 = br void %loop_width" [/home/anubhav/Documents/kria-vitis-platforms/kv260/platforms/vivado/kv260_ispMipiRx_vcu_DP/project/kv260_ispMipiRx_vcu_DP.runs/kv260_ispMipiRx_vcu_DP_v_frmbuf_wr_0_0_synth_1/prj/sol/.autopilot/db/v_frmbuf_wr.cpp:205]   --->   Operation 40 'br' 'br_ln205' <Predicate = true> <Delay = 0.42>

State 5 <SV = 4> <Delay = 2.34>
ST_5 : Operation 41 [1/1] (0.00ns)   --->   "%axi_last_V_2 = phi i1 %axi_last_V_loc_load, void %entry, i1 %axi_last_V_4_loc_load, void %loop_wait_for_eol"   --->   Operation 41 'phi' 'axi_last_V_2' <Predicate = true> <Delay = 0.00>
ST_5 : Operation 42 [1/1] (0.00ns)   --->   "%i_1 = load i12 %i" [/home/anubhav/Documents/kria-vitis-platforms/kv260/platforms/vivado/kv260_ispMipiRx_vcu_DP/project/kv260_ispMipiRx_vcu_DP.runs/kv260_ispMipiRx_vcu_DP_v_frmbuf_wr_0_0_synth_1/prj/sol/.autopilot/db/v_frmbuf_wr.cpp:205]   --->   Operation 42 'load' 'i_1' <Predicate = true> <Delay = 0.00>
ST_5 : Operation 43 [1/1] (0.00ns)   --->   "%axi_data_V = load i48 %axi_data_V_2"   --->   Operation 43 'load' 'axi_data_V' <Predicate = true> <Delay = 0.00>
ST_5 : Operation 44 [1/1] (0.97ns)   --->   "%icmp_ln205 = icmp_eq  i12 %i_1, i12 %rows" [/home/anubhav/Documents/kria-vitis-platforms/kv260/platforms/vivado/kv260_ispMipiRx_vcu_DP/project/kv260_ispMipiRx_vcu_DP.runs/kv260_ispMipiRx_vcu_DP_v_frmbuf_wr_0_0_synth_1/prj/sol/.autopilot/db/v_frmbuf_wr.cpp:205]   --->   Operation 44 'icmp' 'icmp_ln205' <Predicate = true> <Delay = 0.97> <CoreInst = "Cmp">   --->   Core 9 'Cmp' <Latency = 0> <II = 1> <Delay = 0.97> <FuncUnit> <Opcode : 'icmp'> <InPorts = 2> <OutPorts = 1>
ST_5 : Operation 45 [1/1] (0.00ns)   --->   "%speclooptripcount_ln0 = speclooptripcount void @_ssdm_op_SpecLoopTripCount, i64 0, i64 2160, i64 0"   --->   Operation 45 'speclooptripcount' 'speclooptripcount_ln0' <Predicate = true> <Delay = 0.00>
ST_5 : Operation 46 [1/1] (0.80ns)   --->   "%i_2 = add i12 %i_1, i12 1" [/home/anubhav/Documents/kria-vitis-platforms/kv260/platforms/vivado/kv260_ispMipiRx_vcu_DP/project/kv260_ispMipiRx_vcu_DP.runs/kv260_ispMipiRx_vcu_DP_v_frmbuf_wr_0_0_synth_1/prj/sol/.autopilot/db/v_frmbuf_wr.cpp:205]   --->   Operation 46 'add' 'i_2' <Predicate = true> <Delay = 0.80> <CoreInst = "Adder">   --->   Core 1 'Adder' <Latency = 0> <II = 1> <Delay = 0.80> <FuncUnit> <Opcode : 'add' 'sub'> <InPorts = 2> <OutPorts = 1>
ST_5 : Operation 47 [1/1] (0.00ns)   --->   "%br_ln205 = br i1 %icmp_ln205, void %loop_width.split, void %for.end69.loopexit" [/home/anubhav/Documents/kria-vitis-platforms/kv260/platforms/vivado/kv260_ispMipiRx_vcu_DP/project/kv260_ispMipiRx_vcu_DP.runs/kv260_ispMipiRx_vcu_DP_v_frmbuf_wr_0_0_synth_1/prj/sol/.autopilot/db/v_frmbuf_wr.cpp:205]   --->   Operation 47 'br' 'br_ln205' <Predicate = true> <Delay = 0.00>
ST_5 : Operation 48 [1/1] (0.00ns)   --->   "%specloopname_ln181 = specloopname void @_ssdm_op_SpecLoopName, void @empty_15" [/home/anubhav/Documents/kria-vitis-platforms/kv260/platforms/vivado/kv260_ispMipiRx_vcu_DP/project/kv260_ispMipiRx_vcu_DP.runs/kv260_ispMipiRx_vcu_DP_v_frmbuf_wr_0_0_synth_1/prj/sol/.autopilot/db/v_frmbuf_wr.cpp:181]   --->   Operation 48 'specloopname' 'specloopname_ln181' <Predicate = (!icmp_ln205)> <Delay = 0.00>
ST_5 : Operation 49 [1/1] (0.42ns)   --->   "%br_ln207 = br i1 %cmp8460, void %for.body10.preheader, void %loop_wait_for_eol" [/home/anubhav/Documents/kria-vitis-platforms/kv260/platforms/vivado/kv260_ispMipiRx_vcu_DP/project/kv260_ispMipiRx_vcu_DP.runs/kv260_ispMipiRx_vcu_DP_v_frmbuf_wr_0_0_synth_1/prj/sol/.autopilot/db/v_frmbuf_wr.cpp:207]   --->   Operation 49 'br' 'br_ln207' <Predicate = (!icmp_ln205)> <Delay = 0.42>
ST_5 : Operation 50 [1/1] (0.00ns)   --->   "%sof_load = load i1 %sof"   --->   Operation 50 'load' 'sof_load' <Predicate = (!icmp_ln205 & !cmp8460)> <Delay = 0.00>
ST_5 : Operation 51 [1/1] (0.00ns)   --->   "%empty_186 = wait i32 @_ssdm_op_Wait"   --->   Operation 51 'wait' 'empty_186' <Predicate = (!icmp_ln205 & !cmp8460)> <Delay = 0.00>
ST_5 : Operation 52 [2/2] (1.37ns)   --->   "%call_ln186 = call void @AXIvideo2MultiPixStream_Pipeline_loop_width, i1 %sof_load, i1 %axi_last_V_2, i48 %axi_data_V, i11 %div_cast, i1 %cond, i3 %p_read25, i1 %icmp_ln235, i48 %img, i48 %s_axis_video_V_data_V, i6 %s_axis_video_V_keep_V, i6 %s_axis_video_V_strb_V, i1 %s_axis_video_V_user_V, i1 %s_axis_video_V_last_V, i1 %s_axis_video_V_id_V, i1 %s_axis_video_V_dest_V, i1 %eol_loc, i48 %axi_data_V_3_loc" [/home/anubhav/Documents/kria-vitis-platforms/kv260/platforms/vivado/kv260_ispMipiRx_vcu_DP/project/kv260_ispMipiRx_vcu_DP.runs/kv260_ispMipiRx_vcu_DP_v_frmbuf_wr_0_0_synth_1/prj/sol/.autopilot/db/v_frmbuf_wr.cpp:186]   --->   Operation 52 'call' 'call_ln186' <Predicate = (!icmp_ln205 & !cmp8460)> <Delay = 1.37> <CoreType = "Generic">   --->   Core 0 '' <Latency = 0> <II = 1> <Delay = 1.00> <Generic> <Opcode : >
ST_5 : Operation 53 [1/1] (0.00ns)   --->   "%ret_ln0 = ret"   --->   Operation 53 'ret' 'ret_ln0' <Predicate = (icmp_ln205)> <Delay = 0.00>

State 6 <SV = 5> <Delay = 1.37>
ST_6 : Operation 54 [1/2] (1.37ns)   --->   "%call_ln186 = call void @AXIvideo2MultiPixStream_Pipeline_loop_width, i1 %sof_load, i1 %axi_last_V_2, i48 %axi_data_V, i11 %div_cast, i1 %cond, i3 %p_read25, i1 %icmp_ln235, i48 %img, i48 %s_axis_video_V_data_V, i6 %s_axis_video_V_keep_V, i6 %s_axis_video_V_strb_V, i1 %s_axis_video_V_user_V, i1 %s_axis_video_V_last_V, i1 %s_axis_video_V_id_V, i1 %s_axis_video_V_dest_V, i1 %eol_loc, i48 %axi_data_V_3_loc" [/home/anubhav/Documents/kria-vitis-platforms/kv260/platforms/vivado/kv260_ispMipiRx_vcu_DP/project/kv260_ispMipiRx_vcu_DP.runs/kv260_ispMipiRx_vcu_DP_v_frmbuf_wr_0_0_synth_1/prj/sol/.autopilot/db/v_frmbuf_wr.cpp:186]   --->   Operation 54 'call' 'call_ln186' <Predicate = true> <Delay = 1.37> <CoreType = "Generic">   --->   Core 0 '' <Latency = 0> <II = 1> <Delay = 1.00> <Generic> <Opcode : >

State 7 <SV = 6> <Delay = 0.42>
ST_7 : Operation 55 [1/1] (0.00ns)   --->   "%eol_loc_load = load i1 %eol_loc"   --->   Operation 55 'load' 'eol_loc_load' <Predicate = (!cmp8460)> <Delay = 0.00>
ST_7 : Operation 56 [1/1] (0.00ns)   --->   "%axi_data_V_3_loc_load = load i48 %axi_data_V_3_loc"   --->   Operation 56 'load' 'axi_data_V_3_loc_load' <Predicate = (!cmp8460)> <Delay = 0.00>
ST_7 : Operation 57 [1/1] (0.00ns)   --->   "%empty_187 = wait i32 @_ssdm_op_Wait"   --->   Operation 57 'wait' 'empty_187' <Predicate = (!cmp8460)> <Delay = 0.00>
ST_7 : Operation 58 [1/1] (0.42ns)   --->   "%store_ln0 = store i1 0, i1 %sof"   --->   Operation 58 'store' 'store_ln0' <Predicate = (!cmp8460)> <Delay = 0.42>
ST_7 : Operation 59 [1/1] (0.42ns)   --->   "%br_ln0 = br void %loop_wait_for_eol"   --->   Operation 59 'br' 'br_ln0' <Predicate = (!cmp8460)> <Delay = 0.42>
ST_7 : Operation 60 [1/1] (0.42ns)   --->   "%store_ln205 = store i12 %i_2, i12 %i" [/home/anubhav/Documents/kria-vitis-platforms/kv260/platforms/vivado/kv260_ispMipiRx_vcu_DP/project/kv260_ispMipiRx_vcu_DP.runs/kv260_ispMipiRx_vcu_DP_v_frmbuf_wr_0_0_synth_1/prj/sol/.autopilot/db/v_frmbuf_wr.cpp:205]   --->   Operation 60 'store' 'store_ln205' <Predicate = true> <Delay = 0.42>

State 8 <SV = 7> <Delay = 0.85>
ST_8 : Operation 61 [1/1] (0.00ns)   --->   "%axi_data_2_lcssa = phi i48 %axi_data_V_3_loc_load, void %for.body10.preheader, i48 %axi_data_V, void %loop_width.split"   --->   Operation 61 'phi' 'axi_data_2_lcssa' <Predicate = true> <Delay = 0.00>
ST_8 : Operation 62 [1/1] (0.00ns)   --->   "%axi_last_2_lcssa = phi i1 %eol_loc_load, void %for.body10.preheader, i1 %axi_last_V_2, void %loop_width.split"   --->   Operation 62 'phi' 'axi_last_2_lcssa' <Predicate = true> <Delay = 0.00>
ST_8 : Operation 63 [1/1] (0.00ns)   --->   "%eol_0_lcssa = phi i1 %eol_loc_load, void %for.body10.preheader, i1 0, void %loop_width.split"   --->   Operation 63 'phi' 'eol_0_lcssa' <Predicate = true> <Delay = 0.00>
ST_8 : Operation 64 [1/1] (0.00ns)   --->   "%empty_188 = wait i32 @_ssdm_op_Wait"   --->   Operation 64 'wait' 'empty_188' <Predicate = true> <Delay = 0.00>
ST_8 : Operation 65 [2/2] (0.85ns)   --->   "%call_ln0 = call void @AXIvideo2MultiPixStream_Pipeline_loop_wait_for_eol, i48 %axi_data_2_lcssa, i1 %axi_last_2_lcssa, i1 %eol_0_lcssa, i48 %s_axis_video_V_data_V, i6 %s_axis_video_V_keep_V, i6 %s_axis_video_V_strb_V, i1 %s_axis_video_V_user_V, i1 %s_axis_video_V_last_V, i1 %s_axis_video_V_id_V, i1 %s_axis_video_V_dest_V, i48 %axi_data_V_2, i1 %axi_last_V_4_loc"   --->   Operation 65 'call' 'call_ln0' <Predicate = true> <Delay = 0.85> <CoreType = "Generic">   --->   Core 0 '' <Latency = 0> <II = 1> <Delay = 1.00> <Generic> <Opcode : >

State 9 <SV = 8> <Delay = 0.42>
ST_9 : Operation 66 [1/2] (0.42ns)   --->   "%call_ln0 = call void @AXIvideo2MultiPixStream_Pipeline_loop_wait_for_eol, i48 %axi_data_2_lcssa, i1 %axi_last_2_lcssa, i1 %eol_0_lcssa, i48 %s_axis_video_V_data_V, i6 %s_axis_video_V_keep_V, i6 %s_axis_video_V_strb_V, i1 %s_axis_video_V_user_V, i1 %s_axis_video_V_last_V, i1 %s_axis_video_V_id_V, i1 %s_axis_video_V_dest_V, i48 %axi_data_V_2, i1 %axi_last_V_4_loc"   --->   Operation 66 'call' 'call_ln0' <Predicate = true> <Delay = 0.42> <CoreType = "Generic">   --->   Core 0 '' <Latency = 0> <II = 1> <Delay = 1.00> <Generic> <Opcode : >

State 10 <SV = 9> <Delay = 0.00>
ST_10 : Operation 67 [1/1] (0.00ns)   --->   "%axi_last_V_4_loc_load = load i1 %axi_last_V_4_loc"   --->   Operation 67 'load' 'axi_last_V_4_loc_load' <Predicate = true> <Delay = 0.00>
ST_10 : Operation 68 [1/1] (0.00ns)   --->   "%br_ln205 = br void %loop_width" [/home/anubhav/Documents/kria-vitis-platforms/kv260/platforms/vivado/kv260_ispMipiRx_vcu_DP/project/kv260_ispMipiRx_vcu_DP.runs/kv260_ispMipiRx_vcu_DP_v_frmbuf_wr_0_0_synth_1/prj/sol/.autopilot/db/v_frmbuf_wr.cpp:205]   --->   Operation 68 'br' 'br_ln205' <Predicate = true> <Delay = 0.00>


============================================================
+ Verbose Summary: Binding
============================================================
STG Binding: 
---------------- STG Properties BEGIN ----------------
- Is combinational: 0
- Is one-state seq: 0
- Is datapath-only: 0
- Is pipelined: 0
- Is top level: 0
Port [ Return ] is wired: 1; IO mode=ap_ctrl_hs:ce=0
Port [ s_axis_video_V_data_V]:  wired=1; compound=1; hidden=0; nouse=0; global=0; static=0; extern=0; dir=0; type=0; pingpong=0; private_global=0; IO mode=axis:ce=0
Port [ s_axis_video_V_keep_V]:  wired=1; compound=1; hidden=0; nouse=0; global=0; static=0; extern=0; dir=0; type=0; pingpong=0; private_global=0; IO mode=axis:ce=0
Port [ s_axis_video_V_strb_V]:  wired=1; compound=1; hidden=0; nouse=0; global=0; static=0; extern=0; dir=0; type=0; pingpong=0; private_global=0; IO mode=axis:ce=0
Port [ s_axis_video_V_user_V]:  wired=1; compound=1; hidden=0; nouse=0; global=0; static=0; extern=0; dir=0; type=0; pingpong=0; private_global=0; IO mode=axis:ce=0
Port [ s_axis_video_V_last_V]:  wired=1; compound=1; hidden=0; nouse=0; global=0; static=0; extern=0; dir=0; type=0; pingpong=0; private_global=0; IO mode=axis:ce=0
Port [ s_axis_video_V_id_V]:  wired=1; compound=1; hidden=0; nouse=0; global=0; static=0; extern=0; dir=0; type=0; pingpong=0; private_global=0; IO mode=axis:ce=0
Port [ s_axis_video_V_dest_V]:  wired=1; compound=1; hidden=0; nouse=0; global=0; static=0; extern=0; dir=0; type=0; pingpong=0; private_global=0; IO mode=axis:ce=0
Port [ img]:  wired=1; compound=1; hidden=0; nouse=0; global=0; static=0; extern=0; dir=1; type=3; pingpong=0; private_global=0; IO mode=ap_fifo:ce=0
Port [ p_read]:  wired=1; compound=0; hidden=0; nouse=0; global=0; static=0; extern=0; dir=0; type=0; pingpong=0; private_global=0; IO mode=ap_none:ce=0
Port [ p_read1]:  wired=1; compound=0; hidden=0; nouse=0; global=0; static=0; extern=0; dir=0; type=0; pingpong=0; private_global=0; IO mode=ap_none:ce=0
Port [ p_read2]:  wired=1; compound=0; hidden=0; nouse=0; global=0; static=0; extern=0; dir=0; type=0; pingpong=0; private_global=0; IO mode=ap_none:ce=0
Port [ height_c10]:  wired=1; compound=1; hidden=0; nouse=0; global=0; static=0; extern=0; dir=1; type=3; pingpong=0; private_global=0; IO mode=ap_fifo:ce=0
---------------- STG Properties END ------------------

---------------- Datapath Model BEGIN ----------------

<LifeTime>
<method=bitvector/>
i                     (alloca           ) [ 01111111111]
axi_data_V_2          (alloca           ) [ 00111111111]
sof                   (alloca           ) [ 01111111111]
p_read25              (read             ) [ 00111111111]
p_read14              (read             ) [ 00000000000]
p_read_8              (read             ) [ 00110000000]
axi_last_V_4_loc      (alloca           ) [ 00111111111]
axi_data_V_3_loc      (alloca           ) [ 00111111111]
eol_loc               (alloca           ) [ 00111111111]
axi_last_V_loc        (alloca           ) [ 00111000000]
write_ln0             (write            ) [ 00000000000]
store_ln205           (store            ) [ 00000000000]
store_ln205           (store            ) [ 00000000000]
cols                  (call             ) [ 00000000000]
empty                 (wait             ) [ 00000000000]
div_cast              (partselect       ) [ 00011111111]
call_ln0              (call             ) [ 00000000000]
specinterface_ln0     (specinterface    ) [ 00000000000]
specinterface_ln0     (specinterface    ) [ 00000000000]
specinterface_ln0     (specinterface    ) [ 00000000000]
rows                  (call             ) [ 00000111111]
axi_last_V_loc_load   (load             ) [ 00001111111]
empty_185             (wait             ) [ 00000000000]
cmp8460               (icmp             ) [ 00000111111]
cond                  (icmp             ) [ 00000111111]
icmp_ln235            (icmp             ) [ 00000111111]
br_ln205              (br               ) [ 00001111111]
axi_last_V_2          (phi              ) [ 00000111100]
i_1                   (load             ) [ 00000000000]
axi_data_V            (load             ) [ 00000111111]
icmp_ln205            (icmp             ) [ 00000111111]
speclooptripcount_ln0 (speclooptripcount) [ 00000000000]
i_2                   (add              ) [ 00000011000]
br_ln205              (br               ) [ 00000000000]
specloopname_ln181    (specloopname     ) [ 00000000000]
br_ln207              (br               ) [ 00000111111]
sof_load              (load             ) [ 00000010000]
empty_186             (wait             ) [ 00000000000]
ret_ln0               (ret              ) [ 00000000000]
call_ln186            (call             ) [ 00000000000]
eol_loc_load          (load             ) [ 00000111111]
axi_data_V_3_loc_load (load             ) [ 00000111111]
empty_187             (wait             ) [ 00000000000]
store_ln0             (store            ) [ 00000000000]
br_ln0                (br               ) [ 00000111111]
store_ln205           (store            ) [ 00000000000]
axi_data_2_lcssa      (phi              ) [ 00000000110]
axi_last_2_lcssa      (phi              ) [ 00000000110]
eol_0_lcssa           (phi              ) [ 00000000110]
empty_188             (wait             ) [ 00000000000]
call_ln0              (call             ) [ 00000000000]
axi_last_V_4_loc_load (load             ) [ 00001111111]
br_ln205              (br               ) [ 00001111111]
</LifeTime>

<model>

<comp_list>
<comp id="0" class="1000" name="s_axis_video_V_data_V">
<pin_list>
<pin id="1" dir="1" index="0" bw="1" slack="0"/>
</pin_list>
<bind>
<StgValue><ssdm name="s_axis_video_V_data_V"/></StgValue>
</bind>
</comp>

<comp id="2" class="1000" name="s_axis_video_V_keep_V">
<pin_list>
<pin id="3" dir="1" index="0" bw="1" slack="0"/>
</pin_list>
<bind>
<StgValue><ssdm name="s_axis_video_V_keep_V"/></StgValue>
</bind>
</comp>

<comp id="4" class="1000" name="s_axis_video_V_strb_V">
<pin_list>
<pin id="5" dir="1" index="0" bw="1" slack="0"/>
</pin_list>
<bind>
<StgValue><ssdm name="s_axis_video_V_strb_V"/></StgValue>
</bind>
</comp>

<comp id="6" class="1000" name="s_axis_video_V_user_V">
<pin_list>
<pin id="7" dir="1" index="0" bw="1" slack="0"/>
</pin_list>
<bind>
<StgValue><ssdm name="s_axis_video_V_user_V"/></StgValue>
</bind>
</comp>

<comp id="8" class="1000" name="s_axis_video_V_last_V">
<pin_list>
<pin id="9" dir="1" index="0" bw="1" slack="0"/>
</pin_list>
<bind>
<StgValue><ssdm name="s_axis_video_V_last_V"/></StgValue>
</bind>
</comp>

<comp id="10" class="1000" name="s_axis_video_V_id_V">
<pin_list>
<pin id="11" dir="1" index="0" bw="1" slack="0"/>
</pin_list>
<bind>
<StgValue><ssdm name="s_axis_video_V_id_V"/></StgValue>
</bind>
</comp>

<comp id="12" class="1000" name="s_axis_video_V_dest_V">
<pin_list>
<pin id="13" dir="1" index="0" bw="1" slack="0"/>
</pin_list>
<bind>
<StgValue><ssdm name="s_axis_video_V_dest_V"/></StgValue>
</bind>
</comp>

<comp id="14" class="1000" name="img">
<pin_list>
<pin id="15" dir="1" index="0" bw="1" slack="0"/>
</pin_list>
<bind>
<StgValue><ssdm name="img"/></StgValue>
</bind>
</comp>

<comp id="16" class="1000" name="p_read">
<pin_list>
<pin id="17" dir="1" index="0" bw="1" slack="0"/>
</pin_list>
<bind>
<StgValue><ssdm name="p_read"/></StgValue>
</bind>
</comp>

<comp id="18" class="1000" name="p_read1">
<pin_list>
<pin id="19" dir="1" index="0" bw="1" slack="0"/>
</pin_list>
<bind>
<StgValue><ssdm name="p_read1"/></StgValue>
</bind>
</comp>

<comp id="20" class="1000" name="p_read2">
<pin_list>
<pin id="21" dir="1" index="0" bw="1" slack="0"/>
</pin_list>
<bind>
<StgValue><ssdm name="p_read2"/></StgValue>
</bind>
</comp>

<comp id="22" class="1000" name="height_c10">
<pin_list>
<pin id="23" dir="1" index="0" bw="1" slack="0"/>
</pin_list>
<bind>
<StgValue><ssdm name="height_c10"/></StgValue>
</bind>
</comp>

<comp id="24" class="1001" name="const_24">
<pin_list>
<pin id="25" dir="1" index="0" bw="1" slack="0"/>
</pin_list>
<bind>
<StgValue><ssdm name=""/></StgValue>
</bind>
</comp>

<comp id="26" class="1001" name="const_26">
<pin_list>
<pin id="27" dir="1" index="0" bw="1" slack="0"/>
</pin_list>
<bind>
<StgValue><ssdm name="_ssdm_op_Read.ap_auto.i3"/></StgValue>
</bind>
</comp>

<comp id="28" class="1001" name="const_28">
<pin_list>
<pin id="29" dir="1" index="0" bw="1" slack="0"/>
</pin_list>
<bind>
<StgValue><ssdm name="_ssdm_op_Read.ap_auto.i12"/></StgValue>
</bind>
</comp>

<comp id="30" class="1001" name="const_30">
<pin_list>
<pin id="31" dir="1" index="0" bw="1" slack="0"/>
</pin_list>
<bind>
<StgValue><ssdm name="_ssdm_op_Write.ap_fifo.i12P0A"/></StgValue>
</bind>
</comp>

<comp id="32" class="1001" name="const_32">
<pin_list>
<pin id="33" dir="1" index="0" bw="1" slack="0"/>
</pin_list>
<bind>
<StgValue><ssdm name="reg<unsigned short>"/></StgValue>
</bind>
</comp>

<comp id="34" class="1001" name="const_34">
<pin_list>
<pin id="35" dir="1" index="0" bw="1" slack="0"/>
</pin_list>
<bind>
<StgValue><ssdm name=""/></StgValue>
</bind>
</comp>

<comp id="36" class="1001" name="const_36">
<pin_list>
<pin id="37" dir="1" index="0" bw="1" slack="0"/>
</pin_list>
<bind>
<StgValue><ssdm name=""/></StgValue>
</bind>
</comp>

<comp id="38" class="1001" name="const_38">
<pin_list>
<pin id="39" dir="1" index="0" bw="1" slack="2147483647"/>
</pin_list>
<bind>
<StgValue><ssdm name="_ssdm_op_Wait"/></StgValue>
</bind>
</comp>

<comp id="40" class="1001" name="const_40">
<pin_list>
<pin id="41" dir="1" index="0" bw="1" slack="0"/>
</pin_list>
<bind>
<StgValue><ssdm name="AXIvideo2MultiPixStream_Pipeline_loop_wait_for_start"/></StgValue>
</bind>
</comp>

<comp id="42" class="1001" name="const_42">
<pin_list>
<pin id="43" dir="1" index="0" bw="1" slack="0"/>
</pin_list>
<bind>
<StgValue><ssdm name="_ssdm_op_PartSelect.i11.i12.i32.i32"/></StgValue>
</bind>
</comp>

<comp id="44" class="1001" name="const_44">
<pin_list>
<pin id="45" dir="1" index="0" bw="1" slack="0"/>
</pin_list>
<bind>
<StgValue><ssdm name=""/></StgValue>
</bind>
</comp>

<comp id="46" class="1001" name="const_46">
<pin_list>
<pin id="47" dir="1" index="0" bw="1" slack="2147483647"/>
</pin_list>
<bind>
<StgValue><ssdm name="_ssdm_op_SpecInterface"/></StgValue>
</bind>
</comp>

<comp id="48" class="1001" name="const_48">
<pin_list>
<pin id="49" dir="1" index="0" bw="1" slack="2147483647"/>
</pin_list>
<bind>
<StgValue><ssdm name="ap_fifo_str"/></StgValue>
</bind>
</comp>

<comp id="50" class="1001" name="const_50">
<pin_list>
<pin id="51" dir="1" index="0" bw="1" slack="2147483647"/>
</pin_list>
<bind>
<StgValue><ssdm name=""/></StgValue>
</bind>
</comp>

<comp id="52" class="1001" name="const_52">
<pin_list>
<pin id="53" dir="1" index="0" bw="1" slack="2147483647"/>
</pin_list>
<bind>
<StgValue><ssdm name="p_str"/></StgValue>
</bind>
</comp>

<comp id="54" class="1001" name="const_54">
<pin_list>
<pin id="55" dir="1" index="0" bw="1" slack="2147483647"/>
</pin_list>
<bind>
<StgValue><ssdm name=""/></StgValue>
</bind>
</comp>

<comp id="56" class="1001" name="const_56">
<pin_list>
<pin id="57" dir="1" index="0" bw="1" slack="2147483647"/>
</pin_list>
<bind>
<StgValue><ssdm name=""/></StgValue>
</bind>
</comp>

<comp id="58" class="1001" name="const_58">
<pin_list>
<pin id="59" dir="1" index="0" bw="1" slack="2147483647"/>
</pin_list>
<bind>
<StgValue><ssdm name="ScalarProp_str"/></StgValue>
</bind>
</comp>

<comp id="60" class="1001" name="const_60">
<pin_list>
<pin id="61" dir="1" index="0" bw="1" slack="2147483647"/>
</pin_list>
<bind>
<StgValue><ssdm name=""/></StgValue>
</bind>
</comp>

<comp id="62" class="1001" name="const_62">
<pin_list>
<pin id="63" dir="1" index="0" bw="1" slack="2147483647"/>
</pin_list>
<bind>
<StgValue><ssdm name="empty_16"/></StgValue>
</bind>
</comp>

<comp id="64" class="1001" name="const_64">
<pin_list>
<pin id="65" dir="1" index="0" bw="1" slack="2147483647"/>
</pin_list>
<bind>
<StgValue><ssdm name="empty_1"/></StgValue>
</bind>
</comp>

<comp id="66" class="1001" name="const_66">
<pin_list>
<pin id="67" dir="1" index="0" bw="1" slack="2147483647"/>
</pin_list>
<bind>
<StgValue><ssdm name="empty_6"/></StgValue>
</bind>
</comp>

<comp id="68" class="1001" name="const_68">
<pin_list>
<pin id="69" dir="1" index="0" bw="1" slack="2147483647"/>
</pin_list>
<bind>
<StgValue><ssdm name="empty_5"/></StgValue>
</bind>
</comp>

<comp id="70" class="1001" name="const_70">
<pin_list>
<pin id="71" dir="1" index="0" bw="1" slack="0"/>
</pin_list>
<bind>
<StgValue><ssdm name=""/></StgValue>
</bind>
</comp>

<comp id="72" class="1001" name="const_72">
<pin_list>
<pin id="73" dir="1" index="0" bw="1" slack="0"/>
</pin_list>
<bind>
<StgValue><ssdm name=""/></StgValue>
</bind>
</comp>

<comp id="74" class="1001" name="const_74">
<pin_list>
<pin id="75" dir="1" index="0" bw="1" slack="0"/>
</pin_list>
<bind>
<StgValue><ssdm name=""/></StgValue>
</bind>
</comp>

<comp id="76" class="1001" name="const_76">
<pin_list>
<pin id="77" dir="1" index="0" bw="1" slack="2147483647"/>
</pin_list>
<bind>
<StgValue><ssdm name="_ssdm_op_SpecLoopTripCount"/></StgValue>
</bind>
</comp>

<comp id="78" class="1001" name="const_78">
<pin_list>
<pin id="79" dir="1" index="0" bw="1" slack="2147483647"/>
</pin_list>
<bind>
<StgValue><ssdm name=""/></StgValue>
</bind>
</comp>

<comp id="80" class="1001" name="const_80">
<pin_list>
<pin id="81" dir="1" index="0" bw="1" slack="2147483647"/>
</pin_list>
<bind>
<StgValue><ssdm name=""/></StgValue>
</bind>
</comp>

<comp id="82" class="1001" name="const_82">
<pin_list>
<pin id="83" dir="1" index="0" bw="1" slack="0"/>
</pin_list>
<bind>
<StgValue><ssdm name=""/></StgValue>
</bind>
</comp>

<comp id="84" class="1001" name="const_84">
<pin_list>
<pin id="85" dir="1" index="0" bw="1" slack="2147483647"/>
</pin_list>
<bind>
<StgValue><ssdm name="_ssdm_op_SpecLoopName"/></StgValue>
</bind>
</comp>

<comp id="86" class="1001" name="const_86">
<pin_list>
<pin id="87" dir="1" index="0" bw="1" slack="2147483647"/>
</pin_list>
<bind>
<StgValue><ssdm name="empty_15"/></StgValue>
</bind>
</comp>

<comp id="88" class="1001" name="const_88">
<pin_list>
<pin id="89" dir="1" index="0" bw="1" slack="0"/>
</pin_list>
<bind>
<StgValue><ssdm name="AXIvideo2MultiPixStream_Pipeline_loop_width"/></StgValue>
</bind>
</comp>

<comp id="90" class="1001" name="const_90">
<pin_list>
<pin id="91" dir="1" index="0" bw="1" slack="0"/>
</pin_list>
<bind>
<StgValue><ssdm name=""/></StgValue>
</bind>
</comp>

<comp id="92" class="1001" name="const_92">
<pin_list>
<pin id="93" dir="1" index="0" bw="1" slack="0"/>
</pin_list>
<bind>
<StgValue><ssdm name="AXIvideo2MultiPixStream_Pipeline_loop_wait_for_eol"/></StgValue>
</bind>
</comp>

<comp id="94" class="1004" name="i_fu_94">
<pin_list>
<pin id="95" dir="0" index="0" bw="1" slack="0"/>
<pin id="96" dir="1" index="1" bw="12" slack="0"/>
</pin_list>
<bind>
<opcode="alloca(26) " fcode="alloca"/>
<opset="i/1 "/>
</bind>
</comp>

<comp id="98" class="1004" name="axi_data_V_2_fu_98">
<pin_list>
<pin id="99" dir="0" index="0" bw="1" slack="0"/>
<pin id="100" dir="1" index="1" bw="48" slack="1"/>
</pin_list>
<bind>
<opcode="alloca(26) " fcode="alloca"/>
<opset="axi_data_V_2/1 "/>
</bind>
</comp>

<comp id="102" class="1004" name="sof_fu_102">
<pin_list>
<pin id="103" dir="0" index="0" bw="1" slack="0"/>
<pin id="104" dir="1" index="1" bw="1" slack="0"/>
</pin_list>
<bind>
<opcode="alloca(26) " fcode="alloca"/>
<opset="sof/1 "/>
</bind>
</comp>

<comp id="106" class="1004" name="axi_last_V_4_loc_fu_106">
<pin_list>
<pin id="107" dir="0" index="0" bw="1" slack="0"/>
<pin id="108" dir="1" index="1" bw="1" slack="7"/>
</pin_list>
<bind>
<opcode="alloca(26) " fcode="alloca"/>
<opset="axi_last_V_4_loc/1 "/>
</bind>
</comp>

<comp id="110" class="1004" name="axi_data_V_3_loc_fu_110">
<pin_list>
<pin id="111" dir="0" index="0" bw="1" slack="0"/>
<pin id="112" dir="1" index="1" bw="48" slack="4"/>
</pin_list>
<bind>
<opcode="alloca(26) " fcode="alloca"/>
<opset="axi_data_V_3_loc/1 "/>
</bind>
</comp>

<comp id="114" class="1004" name="eol_loc_fu_114">
<pin_list>
<pin id="115" dir="0" index="0" bw="1" slack="0"/>
<pin id="116" dir="1" index="1" bw="1" slack="4"/>
</pin_list>
<bind>
<opcode="alloca(26) " fcode="alloca"/>
<opset="eol_loc/1 "/>
</bind>
</comp>

<comp id="118" class="1004" name="axi_last_V_loc_fu_118">
<pin_list>
<pin id="119" dir="0" index="0" bw="1" slack="0"/>
<pin id="120" dir="1" index="1" bw="1" slack="1"/>
</pin_list>
<bind>
<opcode="alloca(26) " fcode="alloca"/>
<opset="axi_last_V_loc/1 "/>
</bind>
</comp>

<comp id="122" class="1004" name="p_read25_read_fu_122">
<pin_list>
<pin id="123" dir="0" index="0" bw="3" slack="0"/>
<pin id="124" dir="0" index="1" bw="3" slack="0"/>
<pin id="125" dir="1" index="2" bw="3" slack="3"/>
</pin_list>
<bind>
<opcode="read(1150) " fcode="read"/>
<opset="p_read25/1 "/>
</bind>
</comp>

<comp id="128" class="1004" name="p_read14_read_fu_128">
<pin_list>
<pin id="129" dir="0" index="0" bw="12" slack="0"/>
<pin id="130" dir="0" index="1" bw="12" slack="0"/>
<pin id="131" dir="1" index="2" bw="12" slack="0"/>
</pin_list>
<bind>
<opcode="read(1150) " fcode="read"/>
<opset="p_read14/1 "/>
</bind>
</comp>

<comp id="134" class="1004" name="p_read_8_read_fu_134">
<pin_list>
<pin id="135" dir="0" index="0" bw="12" slack="0"/>
<pin id="136" dir="0" index="1" bw="12" slack="0"/>
<pin id="137" dir="1" index="2" bw="12" slack="0"/>
</pin_list>
<bind>
<opcode="read(1150) " fcode="read"/>
<opset="p_read_8/1 "/>
</bind>
</comp>

<comp id="140" class="1004" name="write_ln0_write_fu_140">
<pin_list>
<pin id="141" dir="0" index="0" bw="0" slack="0"/>
<pin id="142" dir="0" index="1" bw="12" slack="0"/>
<pin id="143" dir="0" index="2" bw="12" slack="0"/>
<pin id="144" dir="1" index="3" bw="0" slack="2147483647"/>
</pin_list>
<bind>
<opcode="write(1151) " fcode="write"/>
<opset="write_ln0/1 "/>
</bind>
</comp>

<comp id="148" class="1005" name="axi_last_V_2_reg_148">
<pin_list>
<pin id="149" dir="0" index="0" bw="1" slack="1"/>
<pin id="150" dir="1" index="1" bw="1" slack="3"/>
</pin_list>
<bind>
<opset="axi_last_V_2 (phireg) "/>
</bind>
</comp>

<comp id="151" class="1004" name="axi_last_V_2_phi_fu_151">
<pin_list>
<pin id="152" dir="0" index="0" bw="1" slack="2147483647"/>
<pin id="153" dir="0" index="1" bw="0" slack="2147483647"/>
<pin id="154" dir="0" index="2" bw="1" slack="2147483647"/>
<pin id="155" dir="0" index="3" bw="0" slack="2147483647"/>
<pin id="156" dir="1" index="4" bw="1" slack="0"/>
</pin_list>
<bind>
<opcode="phi(47) " fcode="phi"/>
<opset="axi_last_V_2/5 "/>
</bind>
</comp>

<comp id="158" class="1005" name="axi_data_2_lcssa_reg_158">
<pin_list>
<pin id="159" dir="0" index="0" bw="48" slack="1"/>
<pin id="160" dir="1" index="1" bw="48" slack="2147483647"/>
</pin_list>
<bind>
<opset="axi_data_2_lcssa (phireg) "/>
</bind>
</comp>

<comp id="161" class="1004" name="axi_data_2_lcssa_phi_fu_161">
<pin_list>
<pin id="162" dir="0" index="0" bw="48" slack="2147483647"/>
<pin id="163" dir="0" index="1" bw="0" slack="2147483647"/>
<pin id="164" dir="0" index="2" bw="48" slack="2147483647"/>
<pin id="165" dir="0" index="3" bw="0" slack="2147483647"/>
<pin id="166" dir="1" index="4" bw="48" slack="0"/>
</pin_list>
<bind>
<opcode="phi(47) " fcode="phi"/>
<opset="axi_data_2_lcssa/8 "/>
</bind>
</comp>

<comp id="168" class="1005" name="axi_last_2_lcssa_reg_168">
<pin_list>
<pin id="169" dir="0" index="0" bw="1" slack="1"/>
<pin id="170" dir="1" index="1" bw="1" slack="2147483647"/>
</pin_list>
<bind>
<opset="axi_last_2_lcssa (phireg) "/>
</bind>
</comp>

<comp id="171" class="1004" name="axi_last_2_lcssa_phi_fu_171">
<pin_list>
<pin id="172" dir="0" index="0" bw="1" slack="2147483647"/>
<pin id="173" dir="0" index="1" bw="0" slack="2147483647"/>
<pin id="174" dir="0" index="2" bw="1" slack="3"/>
<pin id="175" dir="0" index="3" bw="0" slack="2147483647"/>
<pin id="176" dir="1" index="4" bw="1" slack="0"/>
</pin_list>
<bind>
<opcode="phi(47) " fcode="phi"/>
<opset="axi_last_2_lcssa/8 "/>
</bind>
</comp>

<comp id="179" class="1005" name="eol_0_lcssa_reg_179">
<pin_list>
<pin id="180" dir="0" index="0" bw="1" slack="1"/>
<pin id="181" dir="1" index="1" bw="1" slack="3"/>
</pin_list>
<bind>
<opset="eol_0_lcssa (phireg) "/>
</bind>
</comp>

<comp id="183" class="1004" name="eol_0_lcssa_phi_fu_183">
<pin_list>
<pin id="184" dir="0" index="0" bw="1" slack="2147483647"/>
<pin id="185" dir="0" index="1" bw="0" slack="2147483647"/>
<pin id="186" dir="0" index="2" bw="1" slack="3"/>
<pin id="187" dir="0" index="3" bw="0" slack="2147483647"/>
<pin id="188" dir="1" index="4" bw="1" slack="0"/>
</pin_list>
<bind>
<opcode="phi(47) " fcode="phi"/>
<opset="eol_0_lcssa/8 "/>
</bind>
</comp>

<comp id="191" class="1004" name="grp_AXIvideo2MultiPixStream_Pipeline_loop_wait_for_start_fu_191">
<pin_list>
<pin id="192" dir="0" index="0" bw="0" slack="0"/>
<pin id="193" dir="0" index="1" bw="48" slack="0"/>
<pin id="194" dir="0" index="2" bw="6" slack="0"/>
<pin id="195" dir="0" index="3" bw="6" slack="0"/>
<pin id="196" dir="0" index="4" bw="1" slack="0"/>
<pin id="197" dir="0" index="5" bw="1" slack="0"/>
<pin id="198" dir="0" index="6" bw="1" slack="0"/>
<pin id="199" dir="0" index="7" bw="1" slack="0"/>
<pin id="200" dir="0" index="8" bw="48" slack="1"/>
<pin id="201" dir="0" index="9" bw="1" slack="1"/>
<pin id="202" dir="1" index="10" bw="0" slack="2147483647"/>
</pin_list>
<bind>
<opcode="call(48) " fcode="call"/>
<opset="call_ln0/2 "/>
</bind>
</comp>

<comp id="211" class="1004" name="grp_AXIvideo2MultiPixStream_Pipeline_loop_width_fu_211">
<pin_list>
<pin id="212" dir="0" index="0" bw="0" slack="0"/>
<pin id="213" dir="0" index="1" bw="1" slack="0"/>
<pin id="214" dir="0" index="2" bw="1" slack="0"/>
<pin id="215" dir="0" index="3" bw="48" slack="0"/>
<pin id="216" dir="0" index="4" bw="11" slack="3"/>
<pin id="217" dir="0" index="5" bw="1" slack="1"/>
<pin id="218" dir="0" index="6" bw="3" slack="4"/>
<pin id="219" dir="0" index="7" bw="1" slack="1"/>
<pin id="220" dir="0" index="8" bw="48" slack="0"/>
<pin id="221" dir="0" index="9" bw="48" slack="0"/>
<pin id="222" dir="0" index="10" bw="6" slack="0"/>
<pin id="223" dir="0" index="11" bw="6" slack="0"/>
<pin id="224" dir="0" index="12" bw="1" slack="0"/>
<pin id="225" dir="0" index="13" bw="1" slack="0"/>
<pin id="226" dir="0" index="14" bw="1" slack="0"/>
<pin id="227" dir="0" index="15" bw="1" slack="0"/>
<pin id="228" dir="0" index="16" bw="1" slack="4"/>
<pin id="229" dir="0" index="17" bw="48" slack="4"/>
<pin id="230" dir="1" index="18" bw="0" slack="2147483647"/>
</pin_list>
<bind>
<opcode="call(48) " fcode="call"/>
<opset="call_ln186/5 "/>
</bind>
</comp>

<comp id="241" class="1004" name="grp_AXIvideo2MultiPixStream_Pipeline_loop_wait_for_eol_fu_241">
<pin_list>
<pin id="242" dir="0" index="0" bw="0" slack="0"/>
<pin id="243" dir="0" index="1" bw="48" slack="0"/>
<pin id="244" dir="0" index="2" bw="1" slack="0"/>
<pin id="245" dir="0" index="3" bw="1" slack="0"/>
<pin id="246" dir="0" index="4" bw="48" slack="0"/>
<pin id="247" dir="0" index="5" bw="6" slack="0"/>
<pin id="248" dir="0" index="6" bw="6" slack="0"/>
<pin id="249" dir="0" index="7" bw="1" slack="0"/>
<pin id="250" dir="0" index="8" bw="1" slack="0"/>
<pin id="251" dir="0" index="9" bw="1" slack="0"/>
<pin id="252" dir="0" index="10" bw="1" slack="0"/>
<pin id="253" dir="0" index="11" bw="48" slack="7"/>
<pin id="254" dir="0" index="12" bw="1" slack="7"/>
<pin id="255" dir="1" index="13" bw="0" slack="2147483647"/>
</pin_list>
<bind>
<opcode="call(48) " fcode="call"/>
<opset="call_ln0/8 "/>
</bind>
</comp>

<comp id="267" class="1004" name="grp_reg_unsigned_short_s_fu_267">
<pin_list>
<pin id="268" dir="0" index="0" bw="12" slack="0"/>
<pin id="269" dir="0" index="1" bw="12" slack="0"/>
<pin id="270" dir="1" index="2" bw="12" slack="0"/>
</pin_list>
<bind>
<opcode="call(48) " fcode="call"/>
<opset="cols/1 "/>
</bind>
</comp>

<comp id="273" class="1004" name="store_ln205_store_fu_273">
<pin_list>
<pin id="274" dir="0" index="0" bw="1" slack="0"/>
<pin id="275" dir="0" index="1" bw="1" slack="0"/>
<pin id="276" dir="1" index="2" bw="0" slack="2147483647"/>
</pin_list>
<bind>
<opcode="store(28) " fcode="store"/>
<opset="store_ln205/1 "/>
</bind>
</comp>

<comp id="278" class="1004" name="store_ln205_store_fu_278">
<pin_list>
<pin id="279" dir="0" index="0" bw="1" slack="0"/>
<pin id="280" dir="0" index="1" bw="12" slack="0"/>
<pin id="281" dir="1" index="2" bw="0" slack="2147483647"/>
</pin_list>
<bind>
<opcode="store(28) " fcode="store"/>
<opset="store_ln205/1 "/>
</bind>
</comp>

<comp id="283" class="1004" name="div_cast_fu_283">
<pin_list>
<pin id="284" dir="0" index="0" bw="11" slack="0"/>
<pin id="285" dir="0" index="1" bw="12" slack="0"/>
<pin id="286" dir="0" index="2" bw="1" slack="0"/>
<pin id="287" dir="0" index="3" bw="5" slack="0"/>
<pin id="288" dir="1" index="4" bw="11" slack="2"/>
</pin_list>
<bind>
<opcode="partselect(1002) " fcode="partselect"/>
<opset="div_cast/2 "/>
</bind>
</comp>

<comp id="293" class="1004" name="grp_reg_unsigned_short_s_fu_293">
<pin_list>
<pin id="294" dir="0" index="0" bw="12" slack="0"/>
<pin id="295" dir="0" index="1" bw="12" slack="2"/>
<pin id="296" dir="1" index="2" bw="12" slack="1"/>
</pin_list>
<bind>
<opcode="call(48) " fcode="call"/>
<opset="rows/3 "/>
</bind>
</comp>

<comp id="298" class="1004" name="axi_last_V_loc_load_load_fu_298">
<pin_list>
<pin id="299" dir="0" index="0" bw="1" slack="3"/>
<pin id="300" dir="1" index="1" bw="1" slack="2147483647"/>
</pin_list>
<bind>
<opcode="load(27) " fcode="load"/>
<opset="axi_last_V_loc_load/4 "/>
</bind>
</comp>

<comp id="301" class="1004" name="cmp8460_fu_301">
<pin_list>
<pin id="302" dir="0" index="0" bw="11" slack="2"/>
<pin id="303" dir="0" index="1" bw="1" slack="0"/>
<pin id="304" dir="1" index="2" bw="1" slack="1"/>
</pin_list>
<bind>
<opcode="icmp(45) " fcode="icmp"/>
<opset="cmp8460/4 "/>
</bind>
</comp>

<comp id="306" class="1004" name="cond_fu_306">
<pin_list>
<pin id="307" dir="0" index="0" bw="3" slack="3"/>
<pin id="308" dir="0" index="1" bw="1" slack="0"/>
<pin id="309" dir="1" index="2" bw="1" slack="1"/>
</pin_list>
<bind>
<opcode="icmp(45) " fcode="icmp"/>
<opset="cond/4 "/>
</bind>
</comp>

<comp id="311" class="1004" name="icmp_ln235_fu_311">
<pin_list>
<pin id="312" dir="0" index="0" bw="3" slack="3"/>
<pin id="313" dir="0" index="1" bw="1" slack="0"/>
<pin id="314" dir="1" index="2" bw="1" slack="1"/>
</pin_list>
<bind>
<opcode="icmp(45) " fcode="icmp"/>
<opset="icmp_ln235/4 "/>
</bind>
</comp>

<comp id="316" class="1004" name="i_1_load_fu_316">
<pin_list>
<pin id="317" dir="0" index="0" bw="12" slack="4"/>
<pin id="318" dir="1" index="1" bw="12" slack="0"/>
</pin_list>
<bind>
<opcode="load(27) " fcode="load"/>
<opset="i_1/5 "/>
</bind>
</comp>

<comp id="319" class="1004" name="axi_data_V_load_fu_319">
<pin_list>
<pin id="320" dir="0" index="0" bw="48" slack="4"/>
<pin id="321" dir="1" index="1" bw="48" slack="0"/>
</pin_list>
<bind>
<opcode="load(27) " fcode="load"/>
<opset="axi_data_V/5 "/>
</bind>
</comp>

<comp id="323" class="1004" name="icmp_ln205_fu_323">
<pin_list>
<pin id="324" dir="0" index="0" bw="12" slack="0"/>
<pin id="325" dir="0" index="1" bw="12" slack="1"/>
<pin id="326" dir="1" index="2" bw="1" slack="2147483647"/>
</pin_list>
<bind>
<opcode="icmp(45) " fcode="icmp"/>
<opset="icmp_ln205/5 "/>
</bind>
</comp>

<comp id="328" class="1004" name="i_2_fu_328">
<pin_list>
<pin id="329" dir="0" index="0" bw="12" slack="0"/>
<pin id="330" dir="0" index="1" bw="1" slack="0"/>
<pin id="331" dir="1" index="2" bw="12" slack="2"/>
</pin_list>
<bind>
<opcode="add(8) " fcode="add"/>
<opset="i_2/5 "/>
</bind>
</comp>

<comp id="334" class="1004" name="sof_load_load_fu_334">
<pin_list>
<pin id="335" dir="0" index="0" bw="1" slack="4"/>
<pin id="336" dir="1" index="1" bw="1" slack="0"/>
</pin_list>
<bind>
<opcode="load(27) " fcode="load"/>
<opset="sof_load/5 "/>
</bind>
</comp>

<comp id="338" class="1004" name="eol_loc_load_load_fu_338">
<pin_list>
<pin id="339" dir="0" index="0" bw="1" slack="6"/>
<pin id="340" dir="1" index="1" bw="1" slack="2147483647"/>
</pin_list>
<bind>
<opcode="load(27) " fcode="load"/>
<opset="eol_loc_load/7 "/>
</bind>
</comp>

<comp id="341" class="1004" name="axi_data_V_3_loc_load_load_fu_341">
<pin_list>
<pin id="342" dir="0" index="0" bw="48" slack="6"/>
<pin id="343" dir="1" index="1" bw="48" slack="2147483647"/>
</pin_list>
<bind>
<opcode="load(27) " fcode="load"/>
<opset="axi_data_V_3_loc_load/7 "/>
</bind>
</comp>

<comp id="344" class="1004" name="store_ln0_store_fu_344">
<pin_list>
<pin id="345" dir="0" index="0" bw="1" slack="0"/>
<pin id="346" dir="0" index="1" bw="1" slack="6"/>
<pin id="347" dir="1" index="2" bw="0" slack="2147483647"/>
</pin_list>
<bind>
<opcode="store(28) " fcode="store"/>
<opset="store_ln0/7 "/>
</bind>
</comp>

<comp id="349" class="1004" name="store_ln205_store_fu_349">
<pin_list>
<pin id="350" dir="0" index="0" bw="12" slack="2"/>
<pin id="351" dir="0" index="1" bw="12" slack="6"/>
<pin id="352" dir="1" index="2" bw="0" slack="2147483647"/>
</pin_list>
<bind>
<opcode="store(28) " fcode="store"/>
<opset="store_ln205/7 "/>
</bind>
</comp>

<comp id="353" class="1004" name="axi_last_V_4_loc_load_load_fu_353">
<pin_list>
<pin id="354" dir="0" index="0" bw="1" slack="9"/>
<pin id="355" dir="1" index="1" bw="1" slack="2147483647"/>
</pin_list>
<bind>
<opcode="load(27) " fcode="load"/>
<opset="axi_last_V_4_loc_load/10 "/>
</bind>
</comp>

<comp id="356" class="1005" name="i_reg_356">
<pin_list>
<pin id="357" dir="0" index="0" bw="12" slack="0"/>
<pin id="358" dir="1" index="1" bw="12" slack="0"/>
</pin_list>
<bind>
<opset="i "/>
</bind>
</comp>

<comp id="363" class="1005" name="axi_data_V_2_reg_363">
<pin_list>
<pin id="364" dir="0" index="0" bw="48" slack="1"/>
<pin id="365" dir="1" index="1" bw="48" slack="1"/>
</pin_list>
<bind>
<opset="axi_data_V_2 "/>
</bind>
</comp>

<comp id="370" class="1005" name="sof_reg_370">
<pin_list>
<pin id="371" dir="0" index="0" bw="1" slack="0"/>
<pin id="372" dir="1" index="1" bw="1" slack="0"/>
</pin_list>
<bind>
<opset="sof "/>
</bind>
</comp>

<comp id="377" class="1005" name="p_read25_reg_377">
<pin_list>
<pin id="378" dir="0" index="0" bw="3" slack="3"/>
<pin id="379" dir="1" index="1" bw="3" slack="3"/>
</pin_list>
<bind>
<opset="p_read25 "/>
</bind>
</comp>

<comp id="384" class="1005" name="p_read_8_reg_384">
<pin_list>
<pin id="385" dir="0" index="0" bw="12" slack="2"/>
<pin id="386" dir="1" index="1" bw="12" slack="2"/>
</pin_list>
<bind>
<opset="p_read_8 "/>
</bind>
</comp>

<comp id="389" class="1005" name="axi_last_V_4_loc_reg_389">
<pin_list>
<pin id="390" dir="0" index="0" bw="1" slack="7"/>
<pin id="391" dir="1" index="1" bw="1" slack="7"/>
</pin_list>
<bind>
<opset="axi_last_V_4_loc "/>
</bind>
</comp>

<comp id="395" class="1005" name="axi_data_V_3_loc_reg_395">
<pin_list>
<pin id="396" dir="0" index="0" bw="48" slack="4"/>
<pin id="397" dir="1" index="1" bw="48" slack="4"/>
</pin_list>
<bind>
<opset="axi_data_V_3_loc "/>
</bind>
</comp>

<comp id="401" class="1005" name="eol_loc_reg_401">
<pin_list>
<pin id="402" dir="0" index="0" bw="1" slack="4"/>
<pin id="403" dir="1" index="1" bw="1" slack="4"/>
</pin_list>
<bind>
<opset="eol_loc "/>
</bind>
</comp>

<comp id="407" class="1005" name="axi_last_V_loc_reg_407">
<pin_list>
<pin id="408" dir="0" index="0" bw="1" slack="1"/>
<pin id="409" dir="1" index="1" bw="1" slack="1"/>
</pin_list>
<bind>
<opset="axi_last_V_loc "/>
</bind>
</comp>

<comp id="413" class="1005" name="div_cast_reg_413">
<pin_list>
<pin id="414" dir="0" index="0" bw="11" slack="2"/>
<pin id="415" dir="1" index="1" bw="11" slack="2"/>
</pin_list>
<bind>
<opset="div_cast "/>
</bind>
</comp>

<comp id="419" class="1005" name="rows_reg_419">
<pin_list>
<pin id="420" dir="0" index="0" bw="12" slack="1"/>
<pin id="421" dir="1" index="1" bw="12" slack="1"/>
</pin_list>
<bind>
<opset="rows "/>
</bind>
</comp>

<comp id="427" class="1005" name="cmp8460_reg_427">
<pin_list>
<pin id="428" dir="0" index="0" bw="1" slack="1"/>
<pin id="429" dir="1" index="1" bw="1" slack="2147483647"/>
</pin_list>
<bind>
<opset="cmp8460 "/>
</bind>
</comp>

<comp id="431" class="1005" name="cond_reg_431">
<pin_list>
<pin id="432" dir="0" index="0" bw="1" slack="1"/>
<pin id="433" dir="1" index="1" bw="1" slack="1"/>
</pin_list>
<bind>
<opset="cond "/>
</bind>
</comp>

<comp id="436" class="1005" name="icmp_ln235_reg_436">
<pin_list>
<pin id="437" dir="0" index="0" bw="1" slack="1"/>
<pin id="438" dir="1" index="1" bw="1" slack="1"/>
</pin_list>
<bind>
<opset="icmp_ln235 "/>
</bind>
</comp>

<comp id="447" class="1005" name="i_2_reg_447">
<pin_list>
<pin id="448" dir="0" index="0" bw="12" slack="2"/>
<pin id="449" dir="1" index="1" bw="12" slack="2"/>
</pin_list>
<bind>
<opset="i_2 "/>
</bind>
</comp>

</comp_list>

<net_list>
<net id="97"><net_src comp="24" pin="0"/><net_sink comp="94" pin=0"/></net>

<net id="101"><net_src comp="24" pin="0"/><net_sink comp="98" pin=0"/></net>

<net id="105"><net_src comp="24" pin="0"/><net_sink comp="102" pin=0"/></net>

<net id="109"><net_src comp="24" pin="0"/><net_sink comp="106" pin=0"/></net>

<net id="113"><net_src comp="24" pin="0"/><net_sink comp="110" pin=0"/></net>

<net id="117"><net_src comp="24" pin="0"/><net_sink comp="114" pin=0"/></net>

<net id="121"><net_src comp="24" pin="0"/><net_sink comp="118" pin=0"/></net>

<net id="126"><net_src comp="26" pin="0"/><net_sink comp="122" pin=0"/></net>

<net id="127"><net_src comp="20" pin="0"/><net_sink comp="122" pin=1"/></net>

<net id="132"><net_src comp="28" pin="0"/><net_sink comp="128" pin=0"/></net>

<net id="133"><net_src comp="18" pin="0"/><net_sink comp="128" pin=1"/></net>

<net id="138"><net_src comp="28" pin="0"/><net_sink comp="134" pin=0"/></net>

<net id="139"><net_src comp="16" pin="0"/><net_sink comp="134" pin=1"/></net>

<net id="145"><net_src comp="30" pin="0"/><net_sink comp="140" pin=0"/></net>

<net id="146"><net_src comp="22" pin="0"/><net_sink comp="140" pin=1"/></net>

<net id="147"><net_src comp="134" pin="2"/><net_sink comp="140" pin=2"/></net>

<net id="157"><net_src comp="151" pin="4"/><net_sink comp="148" pin=0"/></net>

<net id="167"><net_src comp="161" pin="4"/><net_sink comp="158" pin=0"/></net>

<net id="177"><net_src comp="148" pin="1"/><net_sink comp="171" pin=2"/></net>

<net id="178"><net_src comp="171" pin="4"/><net_sink comp="168" pin=0"/></net>

<net id="182"><net_src comp="90" pin="0"/><net_sink comp="179" pin=0"/></net>

<net id="189"><net_src comp="179" pin="1"/><net_sink comp="183" pin=2"/></net>

<net id="190"><net_src comp="183" pin="4"/><net_sink comp="179" pin=0"/></net>

<net id="203"><net_src comp="40" pin="0"/><net_sink comp="191" pin=0"/></net>

<net id="204"><net_src comp="0" pin="0"/><net_sink comp="191" pin=1"/></net>

<net id="205"><net_src comp="2" pin="0"/><net_sink comp="191" pin=2"/></net>

<net id="206"><net_src comp="4" pin="0"/><net_sink comp="191" pin=3"/></net>

<net id="207"><net_src comp="6" pin="0"/><net_sink comp="191" pin=4"/></net>

<net id="208"><net_src comp="8" pin="0"/><net_sink comp="191" pin=5"/></net>

<net id="209"><net_src comp="10" pin="0"/><net_sink comp="191" pin=6"/></net>

<net id="210"><net_src comp="12" pin="0"/><net_sink comp="191" pin=7"/></net>

<net id="231"><net_src comp="88" pin="0"/><net_sink comp="211" pin=0"/></net>

<net id="232"><net_src comp="151" pin="4"/><net_sink comp="211" pin=2"/></net>

<net id="233"><net_src comp="14" pin="0"/><net_sink comp="211" pin=8"/></net>

<net id="234"><net_src comp="0" pin="0"/><net_sink comp="211" pin=9"/></net>

<net id="235"><net_src comp="2" pin="0"/><net_sink comp="211" pin=10"/></net>

<net id="236"><net_src comp="4" pin="0"/><net_sink comp="211" pin=11"/></net>

<net id="237"><net_src comp="6" pin="0"/><net_sink comp="211" pin=12"/></net>

<net id="238"><net_src comp="8" pin="0"/><net_sink comp="211" pin=13"/></net>

<net id="239"><net_src comp="10" pin="0"/><net_sink comp="211" pin=14"/></net>

<net id="240"><net_src comp="12" pin="0"/><net_sink comp="211" pin=15"/></net>

<net id="256"><net_src comp="92" pin="0"/><net_sink comp="241" pin=0"/></net>

<net id="257"><net_src comp="161" pin="4"/><net_sink comp="241" pin=1"/></net>

<net id="258"><net_src comp="171" pin="4"/><net_sink comp="241" pin=2"/></net>

<net id="259"><net_src comp="183" pin="4"/><net_sink comp="241" pin=3"/></net>

<net id="260"><net_src comp="0" pin="0"/><net_sink comp="241" pin=4"/></net>

<net id="261"><net_src comp="2" pin="0"/><net_sink comp="241" pin=5"/></net>

<net id="262"><net_src comp="4" pin="0"/><net_sink comp="241" pin=6"/></net>

<net id="263"><net_src comp="6" pin="0"/><net_sink comp="241" pin=7"/></net>

<net id="264"><net_src comp="8" pin="0"/><net_sink comp="241" pin=8"/></net>

<net id="265"><net_src comp="10" pin="0"/><net_sink comp="241" pin=9"/></net>

<net id="266"><net_src comp="12" pin="0"/><net_sink comp="241" pin=10"/></net>

<net id="271"><net_src comp="32" pin="0"/><net_sink comp="267" pin=0"/></net>

<net id="272"><net_src comp="128" pin="2"/><net_sink comp="267" pin=1"/></net>

<net id="277"><net_src comp="34" pin="0"/><net_sink comp="273" pin=0"/></net>

<net id="282"><net_src comp="36" pin="0"/><net_sink comp="278" pin=0"/></net>

<net id="289"><net_src comp="42" pin="0"/><net_sink comp="283" pin=0"/></net>

<net id="290"><net_src comp="267" pin="2"/><net_sink comp="283" pin=1"/></net>

<net id="291"><net_src comp="24" pin="0"/><net_sink comp="283" pin=2"/></net>

<net id="292"><net_src comp="44" pin="0"/><net_sink comp="283" pin=3"/></net>

<net id="297"><net_src comp="32" pin="0"/><net_sink comp="293" pin=0"/></net>

<net id="305"><net_src comp="70" pin="0"/><net_sink comp="301" pin=1"/></net>

<net id="310"><net_src comp="72" pin="0"/><net_sink comp="306" pin=1"/></net>

<net id="315"><net_src comp="74" pin="0"/><net_sink comp="311" pin=1"/></net>

<net id="322"><net_src comp="319" pin="1"/><net_sink comp="211" pin=3"/></net>

<net id="327"><net_src comp="316" pin="1"/><net_sink comp="323" pin=0"/></net>

<net id="332"><net_src comp="316" pin="1"/><net_sink comp="328" pin=0"/></net>

<net id="333"><net_src comp="82" pin="0"/><net_sink comp="328" pin=1"/></net>

<net id="337"><net_src comp="334" pin="1"/><net_sink comp="211" pin=1"/></net>

<net id="348"><net_src comp="90" pin="0"/><net_sink comp="344" pin=0"/></net>

<net id="359"><net_src comp="94" pin="1"/><net_sink comp="356" pin=0"/></net>

<net id="360"><net_src comp="356" pin="1"/><net_sink comp="278" pin=1"/></net>

<net id="361"><net_src comp="356" pin="1"/><net_sink comp="316" pin=0"/></net>

<net id="362"><net_src comp="356" pin="1"/><net_sink comp="349" pin=1"/></net>

<net id="366"><net_src comp="98" pin="1"/><net_sink comp="363" pin=0"/></net>

<net id="367"><net_src comp="363" pin="1"/><net_sink comp="191" pin=8"/></net>

<net id="368"><net_src comp="363" pin="1"/><net_sink comp="319" pin=0"/></net>

<net id="369"><net_src comp="363" pin="1"/><net_sink comp="241" pin=11"/></net>

<net id="373"><net_src comp="102" pin="1"/><net_sink comp="370" pin=0"/></net>

<net id="374"><net_src comp="370" pin="1"/><net_sink comp="273" pin=1"/></net>

<net id="375"><net_src comp="370" pin="1"/><net_sink comp="334" pin=0"/></net>

<net id="376"><net_src comp="370" pin="1"/><net_sink comp="344" pin=1"/></net>

<net id="380"><net_src comp="122" pin="2"/><net_sink comp="377" pin=0"/></net>

<net id="381"><net_src comp="377" pin="1"/><net_sink comp="306" pin=0"/></net>

<net id="382"><net_src comp="377" pin="1"/><net_sink comp="311" pin=0"/></net>

<net id="383"><net_src comp="377" pin="1"/><net_sink comp="211" pin=6"/></net>

<net id="387"><net_src comp="134" pin="2"/><net_sink comp="384" pin=0"/></net>

<net id="388"><net_src comp="384" pin="1"/><net_sink comp="293" pin=1"/></net>

<net id="392"><net_src comp="106" pin="1"/><net_sink comp="389" pin=0"/></net>

<net id="393"><net_src comp="389" pin="1"/><net_sink comp="241" pin=12"/></net>

<net id="394"><net_src comp="389" pin="1"/><net_sink comp="353" pin=0"/></net>

<net id="398"><net_src comp="110" pin="1"/><net_sink comp="395" pin=0"/></net>

<net id="399"><net_src comp="395" pin="1"/><net_sink comp="211" pin=17"/></net>

<net id="400"><net_src comp="395" pin="1"/><net_sink comp="341" pin=0"/></net>

<net id="404"><net_src comp="114" pin="1"/><net_sink comp="401" pin=0"/></net>

<net id="405"><net_src comp="401" pin="1"/><net_sink comp="211" pin=16"/></net>

<net id="406"><net_src comp="401" pin="1"/><net_sink comp="338" pin=0"/></net>

<net id="410"><net_src comp="118" pin="1"/><net_sink comp="407" pin=0"/></net>

<net id="411"><net_src comp="407" pin="1"/><net_sink comp="191" pin=9"/></net>

<net id="412"><net_src comp="407" pin="1"/><net_sink comp="298" pin=0"/></net>

<net id="416"><net_src comp="283" pin="4"/><net_sink comp="413" pin=0"/></net>

<net id="417"><net_src comp="413" pin="1"/><net_sink comp="301" pin=0"/></net>

<net id="418"><net_src comp="413" pin="1"/><net_sink comp="211" pin=4"/></net>

<net id="422"><net_src comp="293" pin="2"/><net_sink comp="419" pin=0"/></net>

<net id="423"><net_src comp="419" pin="1"/><net_sink comp="323" pin=1"/></net>

<net id="430"><net_src comp="301" pin="2"/><net_sink comp="427" pin=0"/></net>

<net id="434"><net_src comp="306" pin="2"/><net_sink comp="431" pin=0"/></net>

<net id="435"><net_src comp="431" pin="1"/><net_sink comp="211" pin=5"/></net>

<net id="439"><net_src comp="311" pin="2"/><net_sink comp="436" pin=0"/></net>

<net id="440"><net_src comp="436" pin="1"/><net_sink comp="211" pin=7"/></net>

<net id="450"><net_src comp="328" pin="2"/><net_sink comp="447" pin=0"/></net>

<net id="451"><net_src comp="447" pin="1"/><net_sink comp="349" pin=0"/></net>

</net_list>

</model> 
---------------- Datapath Model END ------------------

* FSMD analyzer results:
  - Output states:
	Port: img | {5 6 }
	Port: height_c10 | {1 }
 - Input state : 
	Port: AXIvideo2MultiPixStream : s_axis_video_V_data_V | {2 3 5 6 8 9 }
	Port: AXIvideo2MultiPixStream : s_axis_video_V_keep_V | {2 3 5 6 8 9 }
	Port: AXIvideo2MultiPixStream : s_axis_video_V_strb_V | {2 3 5 6 8 9 }
	Port: AXIvideo2MultiPixStream : s_axis_video_V_user_V | {2 3 5 6 8 9 }
	Port: AXIvideo2MultiPixStream : s_axis_video_V_last_V | {2 3 5 6 8 9 }
	Port: AXIvideo2MultiPixStream : s_axis_video_V_id_V | {2 3 5 6 8 9 }
	Port: AXIvideo2MultiPixStream : s_axis_video_V_dest_V | {2 3 5 6 8 9 }
	Port: AXIvideo2MultiPixStream : p_read | {1 }
	Port: AXIvideo2MultiPixStream : p_read1 | {1 }
	Port: AXIvideo2MultiPixStream : p_read2 | {1 }
  - Chain level:
	State 1
		store_ln205 : 1
		store_ln205 : 1
	State 2
		div_cast : 1
	State 3
	State 4
	State 5
		icmp_ln205 : 1
		i_2 : 1
		br_ln205 : 2
		call_ln186 : 1
	State 6
	State 7
	State 8
		call_ln0 : 1
	State 9
	State 10


============================================================
+ Verbose Summary: Datapath Resource usage 
============================================================

* Functional unit list:
|----------|-----------------------------------------------------------------|---------|---------|
| Operation|                         Functional Unit                         |    FF   |   LUT   |
|----------|-----------------------------------------------------------------|---------|---------|
|          | grp_AXIvideo2MultiPixStream_Pipeline_loop_wait_for_start_fu_191 |    1    |    0    |
|          |      grp_AXIvideo2MultiPixStream_Pipeline_loop_width_fu_211     |    69   |   114   |
|   call   |  grp_AXIvideo2MultiPixStream_Pipeline_loop_wait_for_eol_fu_241  |    3    |    0    |
|          |                 grp_reg_unsigned_short_s_fu_267                 |    12   |    0    |
|          |                 grp_reg_unsigned_short_s_fu_293                 |    12   |    0    |
|----------|-----------------------------------------------------------------|---------|---------|
|          |                          cmp8460_fu_301                         |    0    |    11   |
|   icmp   |                           cond_fu_306                           |    0    |    8    |
|          |                        icmp_ln235_fu_311                        |    0    |    8    |
|          |                        icmp_ln205_fu_323                        |    0    |    12   |
|----------|-----------------------------------------------------------------|---------|---------|
|    add   |                            i_2_fu_328                           |    0    |    19   |
|----------|-----------------------------------------------------------------|---------|---------|
|          |                       p_read25_read_fu_122                      |    0    |    0    |
|   read   |                       p_read14_read_fu_128                      |    0    |    0    |
|          |                       p_read_8_read_fu_134                      |    0    |    0    |
|----------|-----------------------------------------------------------------|---------|---------|
|   write  |                      write_ln0_write_fu_140                     |    0    |    0    |
|----------|-----------------------------------------------------------------|---------|---------|
|partselect|                         div_cast_fu_283                         |    0    |    0    |
|----------|-----------------------------------------------------------------|---------|---------|
|   Total  |                                                                 |    97   |   172   |
|----------|-----------------------------------------------------------------|---------|---------|

Memories:
N/A

* Register list:
+------------------------+--------+
|                        |   FF   |
+------------------------+--------+
|axi_data_2_lcssa_reg_158|   48   |
|  axi_data_V_2_reg_363  |   48   |
|axi_data_V_3_loc_reg_395|   48   |
|axi_last_2_lcssa_reg_168|    1   |
|  axi_last_V_2_reg_148  |    1   |
|axi_last_V_4_loc_reg_389|    1   |
| axi_last_V_loc_reg_407 |    1   |
|     cmp8460_reg_427    |    1   |
|      cond_reg_431      |    1   |
|    div_cast_reg_413    |   11   |
|   eol_0_lcssa_reg_179  |    1   |
|     eol_loc_reg_401    |    1   |
|       i_2_reg_447      |   12   |
|        i_reg_356       |   12   |
|   icmp_ln235_reg_436   |    1   |
|    p_read25_reg_377    |    3   |
|    p_read_8_reg_384    |   12   |
|      rows_reg_419      |   12   |
|       sof_reg_370      |    1   |
+------------------------+--------+
|          Total         |   216  |
+------------------------+--------+

* Multiplexer (MUX) list: 
|---------------------|------|------|------|--------||---------||---------|
|         Comp        |  Pin | Size |  BW  | S x BW ||  Delay  ||   LUT   |
|---------------------|------|------|------|--------||---------||---------|
| eol_0_lcssa_reg_179 |  p0  |   2  |   1  |    2   ||    9    |
|---------------------|------|------|------|--------||---------||---------|
|        Total        |      |      |      |    2   ||  0.427  ||    9    |
|---------------------|------|------|------|--------||---------||---------|



* Summary:
+-----------+--------+--------+--------+
|           |  Delay |   FF   |   LUT  |
+-----------+--------+--------+--------+
|  Function |    -   |   97   |   172  |
|   Memory  |    -   |    -   |    -   |
|Multiplexer|    0   |    -   |    9   |
|  Register |    -   |   216  |    -   |
+-----------+--------+--------+--------+
|   Total   |    0   |   313  |   181  |
+-----------+--------+--------+--------+
