

================================================================
== Vitis HLS Report for 'AXIvideo2MultiPixStream_Pipeline_loop_width'
================================================================
* Date:           Thu Sep 21 21:26:34 2023

* Version:        2022.1 (Build 3526262 on Mon Apr 18 15:47:01 MDT 2022)
* Project:        prj
* Solution:       sol (Vivado IP Flow Target)
* Product family: zynquplus
* Target device:  xck26-sfvc784-2LV-c


================================================================
== Performance Estimates
================================================================
+ Timing: 
    * Summary: 
    +--------+---------+----------+------------+
    |  Clock |  Target | Estimated| Uncertainty|
    +--------+---------+----------+------------+
    |ap_clk  |  3.33 ns|  1.938 ns|     0.90 ns|
    +--------+---------+----------+------------+

+ Latency: 
    * Summary: 
    +---------+---------+----------+----------+-----+------+---------+
    |  Latency (cycles) |  Latency (absolute) |  Interval  | Pipeline|
    |   min   |   max   |    min   |    max   | min |  max |   Type  |
    +---------+---------+----------+----------+-----+------+---------+
    |        3|     1922|  9.999 ns|  6.406 us|    3|  1922|       no|
    +---------+---------+----------+----------+-----+------+---------+

    + Detail: 
        * Instance: 
        N/A

        * Loop: 
        +--------------+---------+---------+----------+-----------+-----------+----------+----------+
        |              |  Latency (cycles) | Iteration|  Initiation Interval  |   Trip   |          |
        |   Loop Name  |   min   |   max   |  Latency |  achieved |   target  |   Count  | Pipelined|
        +--------------+---------+---------+----------+-----------+-----------+----------+----------+
        |- loop_width  |        1|     1920|         2|          1|          1|  1 ~ 1920|       yes|
        +--------------+---------+---------+----------+-----------+-----------+----------+----------+

============================================================
+ Verbose Summary: Synthesis Manager
============================================================
InlineROM: 1
ExposeGlobal: 0
============================================================
+ Verbose Summary: CDFG Model
============================================================
IsTopModel: 0
ResetActiveHigh: 1
IsCombinational: 0
IsDatapathOnly: 0
HasWiredReturn: 1
HasMFsm: 2
HasVarLatency: 1
IsPipeline: 0
IsRtlPipelined: 0
IsInstanceOverlapped: 0
IsDontTouch: 0
HasImplIP: 0
IsGatedGlobalClock: 0

+ Individual pipeline summary: 
  * Pipeline-0: initiation interval (II) = 1, depth = 2


============================================================
+ Verbose Summary: Schedule
============================================================
* Number of FSM states : 2
* Pipeline : 1
  Pipeline-0 : II = 1, D = 2, States = { 1 2 }
* Dataflow Pipeline: 0

* FSM state transitions: 
1 --> 2 
2 --> 

* FSM state operations: 

State 1 <SV = 0> <Delay = 1.37>
ST_1 : Operation 5 [1/1] (0.00ns)   --->   "%j = alloca i32 1"   --->   Operation 5 'alloca' 'j' <Predicate = true> <Delay = 0.00>
ST_1 : Operation 6 [1/1] (0.00ns)   --->   "%axi_data_V = alloca i32 1"   --->   Operation 6 'alloca' 'axi_data_V' <Predicate = true> <Delay = 0.00>
ST_1 : Operation 7 [1/1] (0.00ns)   --->   "%axi_last_V = alloca i32 1"   --->   Operation 7 'alloca' 'axi_last_V' <Predicate = true> <Delay = 0.00>
ST_1 : Operation 8 [1/1] (0.00ns)   --->   "%specinterface_ln0 = specinterface void @_ssdm_op_SpecInterface, i1 %s_axis_video_V_dest_V, void @empty_6, i32 0, i32 0, void @empty_5, i32 0, i32 0, void @empty_1, void @empty_1, void @empty_1, i32 0, i32 0, i32 0, i32 0, void @empty_1, void @empty_1, i32 4294967295, i32 0"   --->   Operation 8 'specinterface' 'specinterface_ln0' <Predicate = true> <Delay = 0.00>
ST_1 : Operation 9 [1/1] (0.00ns)   --->   "%specinterface_ln0 = specinterface void @_ssdm_op_SpecInterface, i1 %s_axis_video_V_id_V, void @empty_6, i32 0, i32 0, void @empty_5, i32 0, i32 0, void @empty_1, void @empty_1, void @empty_1, i32 0, i32 0, i32 0, i32 0, void @empty_1, void @empty_1, i32 4294967295, i32 0"   --->   Operation 9 'specinterface' 'specinterface_ln0' <Predicate = true> <Delay = 0.00>
ST_1 : Operation 10 [1/1] (0.00ns)   --->   "%specinterface_ln0 = specinterface void @_ssdm_op_SpecInterface, i1 %s_axis_video_V_last_V, void @empty_6, i32 0, i32 0, void @empty_5, i32 0, i32 0, void @empty_1, void @empty_1, void @empty_1, i32 0, i32 0, i32 0, i32 0, void @empty_1, void @empty_1, i32 4294967295, i32 0"   --->   Operation 10 'specinterface' 'specinterface_ln0' <Predicate = true> <Delay = 0.00>
ST_1 : Operation 11 [1/1] (0.00ns)   --->   "%specinterface_ln0 = specinterface void @_ssdm_op_SpecInterface, i1 %s_axis_video_V_user_V, void @empty_6, i32 0, i32 0, void @empty_5, i32 0, i32 0, void @empty_1, void @empty_1, void @empty_1, i32 0, i32 0, i32 0, i32 0, void @empty_1, void @empty_1, i32 4294967295, i32 0"   --->   Operation 11 'specinterface' 'specinterface_ln0' <Predicate = true> <Delay = 0.00>
ST_1 : Operation 12 [1/1] (0.00ns)   --->   "%specinterface_ln0 = specinterface void @_ssdm_op_SpecInterface, i6 %s_axis_video_V_strb_V, void @empty_6, i32 0, i32 0, void @empty_5, i32 0, i32 0, void @empty_1, void @empty_1, void @empty_1, i32 0, i32 0, i32 0, i32 0, void @empty_1, void @empty_1, i32 4294967295, i32 0"   --->   Operation 12 'specinterface' 'specinterface_ln0' <Predicate = true> <Delay = 0.00>
ST_1 : Operation 13 [1/1] (0.00ns)   --->   "%specinterface_ln0 = specinterface void @_ssdm_op_SpecInterface, i6 %s_axis_video_V_keep_V, void @empty_6, i32 0, i32 0, void @empty_5, i32 0, i32 0, void @empty_1, void @empty_1, void @empty_1, i32 0, i32 0, i32 0, i32 0, void @empty_1, void @empty_1, i32 4294967295, i32 0"   --->   Operation 13 'specinterface' 'specinterface_ln0' <Predicate = true> <Delay = 0.00>
ST_1 : Operation 14 [1/1] (0.00ns)   --->   "%specinterface_ln0 = specinterface void @_ssdm_op_SpecInterface, i48 %s_axis_video_V_data_V, void @empty_6, i32 0, i32 0, void @empty_5, i32 0, i32 0, void @empty_1, void @empty_1, void @empty_1, i32 0, i32 0, i32 0, i32 0, void @empty_1, void @empty_1, i32 4294967295, i32 0"   --->   Operation 14 'specinterface' 'specinterface_ln0' <Predicate = true> <Delay = 0.00>
ST_1 : Operation 15 [1/1] (0.00ns)   --->   "%specinterface_ln0 = specinterface void @_ssdm_op_SpecInterface, i48 %img, void @empty_16, i32 0, i32 0, void @empty_1, i32 0, i32 0, void @empty_1, void @empty_1, void @empty_1, i32 0, i32 0, i32 0, i32 0, void @empty_1, void @empty_1, i32 4294967295, i32 0"   --->   Operation 15 'specinterface' 'specinterface_ln0' <Predicate = true> <Delay = 0.00>
ST_1 : Operation 16 [1/1] (0.00ns)   --->   "%icmp_ln235_read = read i1 @_ssdm_op_Read.ap_auto.i1, i1 %icmp_ln235"   --->   Operation 16 'read' 'icmp_ln235_read' <Predicate = true> <Delay = 0.00>
ST_1 : Operation 17 [1/1] (0.00ns)   --->   "%p_read26 = read i3 @_ssdm_op_Read.ap_auto.i3, i3 %p_read2"   --->   Operation 17 'read' 'p_read26' <Predicate = true> <Delay = 0.00>
ST_1 : Operation 18 [1/1] (0.00ns)   --->   "%cond_read = read i1 @_ssdm_op_Read.ap_auto.i1, i1 %cond"   --->   Operation 18 'read' 'cond_read' <Predicate = true> <Delay = 0.00>
ST_1 : Operation 19 [1/1] (0.00ns)   --->   "%div_cast_read = read i11 @_ssdm_op_Read.ap_auto.i11, i11 %div_cast"   --->   Operation 19 'read' 'div_cast_read' <Predicate = true> <Delay = 0.00>
ST_1 : Operation 20 [1/1] (0.00ns)   --->   "%axi_data_V_2_read = read i48 @_ssdm_op_Read.ap_auto.i48, i48 %axi_data_V_2"   --->   Operation 20 'read' 'axi_data_V_2_read' <Predicate = true> <Delay = 0.00>
ST_1 : Operation 21 [1/1] (0.00ns)   --->   "%axi_last_V_2_read = read i1 @_ssdm_op_Read.ap_auto.i1, i1 %axi_last_V_2"   --->   Operation 21 'read' 'axi_last_V_2_read' <Predicate = true> <Delay = 0.00>
ST_1 : Operation 22 [1/1] (0.00ns)   --->   "%sof_2_read = read i1 @_ssdm_op_Read.ap_auto.i1, i1 %sof_2"   --->   Operation 22 'read' 'sof_2_read' <Predicate = true> <Delay = 0.00>
ST_1 : Operation 23 [1/1] (0.42ns)   --->   "%store_ln0 = store i1 %axi_last_V_2_read, i1 %axi_last_V"   --->   Operation 23 'store' 'store_ln0' <Predicate = true> <Delay = 0.42>
ST_1 : Operation 24 [1/1] (0.42ns)   --->   "%store_ln0 = store i48 %axi_data_V_2_read, i48 %axi_data_V"   --->   Operation 24 'store' 'store_ln0' <Predicate = true> <Delay = 0.42>
ST_1 : Operation 25 [1/1] (0.42ns)   --->   "%store_ln0 = store i11 0, i11 %j"   --->   Operation 25 'store' 'store_ln0' <Predicate = true> <Delay = 0.42>
ST_1 : Operation 26 [1/1] (0.42ns)   --->   "%br_ln0 = br void %for.body10"   --->   Operation 26 'br' 'br_ln0' <Predicate = true> <Delay = 0.42>
ST_1 : Operation 27 [1/1] (0.00ns)   --->   "%eol = phi i1 %axi_last_V_4, void %if.end_ifconv, i1 0, void %newFuncRoot"   --->   Operation 27 'phi' 'eol' <Predicate = true> <Delay = 0.00>
ST_1 : Operation 28 [1/1] (0.00ns)   --->   "%sof = phi i1 0, void %if.end_ifconv, i1 %sof_2_read, void %newFuncRoot"   --->   Operation 28 'phi' 'sof' <Predicate = true> <Delay = 0.00>
ST_1 : Operation 29 [1/1] (0.00ns)   --->   "%j_1 = load i11 %j" [/home/anubhav/Documents/kria-vitis-platforms/kv260/platforms/vivado/kv260_ispMipiRx_vcu_DP/project/kv260_ispMipiRx_vcu_DP.runs/kv260_ispMipiRx_vcu_DP_v_frmbuf_wr_0_0_synth_1/prj/sol/.autopilot/db/v_frmbuf_wr.cpp:207]   --->   Operation 29 'load' 'j_1' <Predicate = true> <Delay = 0.00>
ST_1 : Operation 30 [1/1] (0.94ns)   --->   "%icmp_ln207 = icmp_eq  i11 %j_1, i11 %div_cast_read" [/home/anubhav/Documents/kria-vitis-platforms/kv260/platforms/vivado/kv260_ispMipiRx_vcu_DP/project/kv260_ispMipiRx_vcu_DP.runs/kv260_ispMipiRx_vcu_DP_v_frmbuf_wr_0_0_synth_1/prj/sol/.autopilot/db/v_frmbuf_wr.cpp:207]   --->   Operation 30 'icmp' 'icmp_ln207' <Predicate = true> <Delay = 0.94> <CoreInst = "Cmp">   --->   Core 9 'Cmp' <Latency = 0> <II = 1> <Delay = 0.94> <FuncUnit> <Opcode : 'icmp'> <InPorts = 2> <OutPorts = 1>
ST_1 : Operation 31 [1/1] (0.00ns)   --->   "%speclooptripcount_ln0 = speclooptripcount void @_ssdm_op_SpecLoopTripCount, i64 1, i64 1920, i64 0"   --->   Operation 31 'speclooptripcount' 'speclooptripcount_ln0' <Predicate = true> <Delay = 0.00>
ST_1 : Operation 32 [1/1] (0.79ns)   --->   "%j_2 = add i11 %j_1, i11 1" [/home/anubhav/Documents/kria-vitis-platforms/kv260/platforms/vivado/kv260_ispMipiRx_vcu_DP/project/kv260_ispMipiRx_vcu_DP.runs/kv260_ispMipiRx_vcu_DP_v_frmbuf_wr_0_0_synth_1/prj/sol/.autopilot/db/v_frmbuf_wr.cpp:207]   --->   Operation 32 'add' 'j_2' <Predicate = true> <Delay = 0.79> <CoreInst = "Adder">   --->   Core 1 'Adder' <Latency = 0> <II = 1> <Delay = 0.79> <FuncUnit> <Opcode : 'add' 'sub'> <InPorts = 2> <OutPorts = 1>
ST_1 : Operation 33 [1/1] (0.00ns)   --->   "%br_ln207 = br i1 %icmp_ln207, void %for.body10.split, void %loop_wait_for_eol.loopexit.exitStub" [/home/anubhav/Documents/kria-vitis-platforms/kv260/platforms/vivado/kv260_ispMipiRx_vcu_DP/project/kv260_ispMipiRx_vcu_DP.runs/kv260_ispMipiRx_vcu_DP_v_frmbuf_wr_0_0_synth_1/prj/sol/.autopilot/db/v_frmbuf_wr.cpp:207]   --->   Operation 33 'br' 'br_ln207' <Predicate = true> <Delay = 0.00>
ST_1 : Operation 34 [1/1] (0.00ns)   --->   "%specpipeline_ln209 = specpipeline void @_ssdm_op_SpecPipeline, i32 1, i32 0, i32 0, i32 0, void @empty_1" [/home/anubhav/Documents/kria-vitis-platforms/kv260/platforms/vivado/kv260_ispMipiRx_vcu_DP/project/kv260_ispMipiRx_vcu_DP.runs/kv260_ispMipiRx_vcu_DP_v_frmbuf_wr_0_0_synth_1/prj/sol/.autopilot/db/v_frmbuf_wr.cpp:209]   --->   Operation 34 'specpipeline' 'specpipeline_ln209' <Predicate = (!icmp_ln207)> <Delay = 0.00>
ST_1 : Operation 35 [1/1] (0.00ns)   --->   "%specloopname_ln181 = specloopname void @_ssdm_op_SpecLoopName, void @empty_17" [/home/anubhav/Documents/kria-vitis-platforms/kv260/platforms/vivado/kv260_ispMipiRx_vcu_DP/project/kv260_ispMipiRx_vcu_DP.runs/kv260_ispMipiRx_vcu_DP_v_frmbuf_wr_0_0_synth_1/prj/sol/.autopilot/db/v_frmbuf_wr.cpp:181]   --->   Operation 35 'specloopname' 'specloopname_ln181' <Predicate = (!icmp_ln207)> <Delay = 0.00>
ST_1 : Operation 36 [1/1] (0.28ns)   --->   "%or_ln210 = or i1 %sof, i1 %eol" [/home/anubhav/Documents/kria-vitis-platforms/kv260/platforms/vivado/kv260_ispMipiRx_vcu_DP/project/kv260_ispMipiRx_vcu_DP.runs/kv260_ispMipiRx_vcu_DP_v_frmbuf_wr_0_0_synth_1/prj/sol/.autopilot/db/v_frmbuf_wr.cpp:210]   --->   Operation 36 'or' 'or_ln210' <Predicate = (!icmp_ln207)> <Delay = 0.28> <CoreInst = "LogicGate">   --->   Core 74 'LogicGate' <Latency = 0> <II = 1> <Delay = 0.28> <FuncUnit> <Opcode : 'and' 'or' 'xor'> <InPorts = 2> <OutPorts = 1>
ST_1 : Operation 37 [1/1] (0.00ns)   --->   "%br_ln210 = br i1 %or_ln210, void %if.else, void %if.end_ifconv" [/home/anubhav/Documents/kria-vitis-platforms/kv260/platforms/vivado/kv260_ispMipiRx_vcu_DP/project/kv260_ispMipiRx_vcu_DP.runs/kv260_ispMipiRx_vcu_DP_v_frmbuf_wr_0_0_synth_1/prj/sol/.autopilot/db/v_frmbuf_wr.cpp:210]   --->   Operation 37 'br' 'br_ln210' <Predicate = (!icmp_ln207)> <Delay = 0.00>
ST_1 : Operation 38 [1/1] (0.00ns)   --->   "%empty = read i64 @_ssdm_op_Read.axis.volatile.i48P0A.i6P0A.i6P0A.i1P0A.i1P0A.i1P0A.i1P0A, i48 %s_axis_video_V_data_V, i6 %s_axis_video_V_keep_V, i6 %s_axis_video_V_strb_V, i1 %s_axis_video_V_user_V, i1 %s_axis_video_V_last_V, i1 %s_axis_video_V_id_V, i1 %s_axis_video_V_dest_V"   --->   Operation 38 'read' 'empty' <Predicate = (!icmp_ln207 & !or_ln210)> <Delay = 0.00> <CoreInst = "axis">   --->   Core 123 'axis' <Latency = 0> <II = 1> <Delay = 1.00> <Adapter> <Opcode : >
ST_1 : Operation 39 [1/1] (0.00ns)   --->   "%tmp_data_V = extractvalue i64 %empty"   --->   Operation 39 'extractvalue' 'tmp_data_V' <Predicate = (!icmp_ln207 & !or_ln210)> <Delay = 0.00>
ST_1 : Operation 40 [1/1] (0.00ns)   --->   "%tmp_last_V = extractvalue i64 %empty"   --->   Operation 40 'extractvalue' 'tmp_last_V' <Predicate = (!icmp_ln207 & !or_ln210)> <Delay = 0.00>
ST_1 : Operation 41 [1/1] (0.42ns)   --->   "%store_ln283 = store i1 %tmp_last_V, i1 %axi_last_V"   --->   Operation 41 'store' 'store_ln283' <Predicate = (!icmp_ln207 & !or_ln210)> <Delay = 0.42>
ST_1 : Operation 42 [1/1] (0.42ns)   --->   "%store_ln283 = store i48 %tmp_data_V, i48 %axi_data_V"   --->   Operation 42 'store' 'store_ln283' <Predicate = (!icmp_ln207 & !or_ln210)> <Delay = 0.42>
ST_1 : Operation 43 [1/1] (0.00ns)   --->   "%br_ln0 = br void %if.end_ifconv"   --->   Operation 43 'br' 'br_ln0' <Predicate = (!icmp_ln207 & !or_ln210)> <Delay = 0.00>
ST_1 : Operation 44 [1/1] (0.42ns)   --->   "%store_ln207 = store i11 %j_2, i11 %j" [/home/anubhav/Documents/kria-vitis-platforms/kv260/platforms/vivado/kv260_ispMipiRx_vcu_DP/project/kv260_ispMipiRx_vcu_DP.runs/kv260_ispMipiRx_vcu_DP_v_frmbuf_wr_0_0_synth_1/prj/sol/.autopilot/db/v_frmbuf_wr.cpp:207]   --->   Operation 44 'store' 'store_ln207' <Predicate = (!icmp_ln207)> <Delay = 0.42>
ST_1 : Operation 45 [1/1] (0.00ns)   --->   "%br_ln207 = br void %for.body10" [/home/anubhav/Documents/kria-vitis-platforms/kv260/platforms/vivado/kv260_ispMipiRx_vcu_DP/project/kv260_ispMipiRx_vcu_DP.runs/kv260_ispMipiRx_vcu_DP_v_frmbuf_wr_0_0_synth_1/prj/sol/.autopilot/db/v_frmbuf_wr.cpp:207]   --->   Operation 45 'br' 'br_ln207' <Predicate = (!icmp_ln207)> <Delay = 0.00>
ST_1 : Operation 62 [1/1] (0.00ns)   --->   "%axi_data_V_load = load i48 %axi_data_V"   --->   Operation 62 'load' 'axi_data_V_load' <Predicate = (icmp_ln207)> <Delay = 0.00>
ST_1 : Operation 63 [1/1] (0.00ns)   --->   "%write_ln0 = write void @_ssdm_op_Write.ap_auto.i1P0A, i1 %eol_out, i1 %eol"   --->   Operation 63 'write' 'write_ln0' <Predicate = (icmp_ln207)> <Delay = 0.00>
ST_1 : Operation 64 [1/1] (0.00ns)   --->   "%write_ln0 = write void @_ssdm_op_Write.ap_auto.i48P0A, i48 %axi_data_V_3_out, i48 %axi_data_V_load"   --->   Operation 64 'write' 'write_ln0' <Predicate = (icmp_ln207)> <Delay = 0.00>
ST_1 : Operation 65 [1/1] (0.00ns)   --->   "%ret_ln0 = ret"   --->   Operation 65 'ret' 'ret_ln0' <Predicate = (icmp_ln207)> <Delay = 0.00>

State 2 <SV = 1> <Delay = 1.93>
ST_2 : Operation 46 [1/1] (0.00ns)   --->   "%axi_data_V_4 = load i48 %axi_data_V"   --->   Operation 46 'load' 'axi_data_V_4' <Predicate = (!icmp_ln207)> <Delay = 0.00>
ST_2 : Operation 47 [1/1] (0.00ns)   --->   "%axi_last_V_4 = load i1 %axi_last_V"   --->   Operation 47 'load' 'axi_last_V_4' <Predicate = (!icmp_ln207)> <Delay = 0.00>
ST_2 : Operation 48 [1/1] (0.00ns)   --->   "%tmp_s = partselect i8 @_ssdm_op_PartSelect.i8.i48.i32.i32, i48 %axi_data_V_4, i32 16, i32 23"   --->   Operation 48 'partselect' 'tmp_s' <Predicate = (!icmp_ln207)> <Delay = 0.00>
ST_2 : Operation 49 [1/1] (0.00ns)   --->   "%trunc_ln674 = trunc i48 %axi_data_V_4"   --->   Operation 49 'trunc' 'trunc_ln674' <Predicate = (!icmp_ln207)> <Delay = 0.00>
ST_2 : Operation 50 [1/1] (0.39ns)   --->   "%select_ln235_2 = select i1 %cond_read, i8 %tmp_s, i8 %trunc_ln674" [/home/anubhav/Documents/kria-vitis-platforms/kv260/platforms/vivado/kv260_ispMipiRx_vcu_DP/project/kv260_ispMipiRx_vcu_DP.runs/kv260_ispMipiRx_vcu_DP_v_frmbuf_wr_0_0_synth_1/prj/sol/.autopilot/db/v_frmbuf_wr.cpp:235]   --->   Operation 50 'select' 'select_ln235_2' <Predicate = (!icmp_ln207)> <Delay = 0.39> <CoreInst = "Sel">   --->   Core 73 'Sel' <Latency = 0> <II = 1> <Delay = 0.39> <FuncUnit> <Opcode : 'select'> <InPorts = 3> <OutPorts = 1>
ST_2 : Operation 51 [1/1] (0.00ns)   --->   "%tmp_2 = partselect i8 @_ssdm_op_PartSelect.i8.i48.i32.i32, i48 %axi_data_V_4, i32 8, i32 15"   --->   Operation 51 'partselect' 'tmp_2' <Predicate = (!icmp_ln207)> <Delay = 0.00>
ST_2 : Operation 52 [1/1] (0.39ns)   --->   "%select_ln235 = select i1 %cond_read, i8 %trunc_ln674, i8 %tmp_2" [/home/anubhav/Documents/kria-vitis-platforms/kv260/platforms/vivado/kv260_ispMipiRx_vcu_DP/project/kv260_ispMipiRx_vcu_DP.runs/kv260_ispMipiRx_vcu_DP_v_frmbuf_wr_0_0_synth_1/prj/sol/.autopilot/db/v_frmbuf_wr.cpp:235]   --->   Operation 52 'select' 'select_ln235' <Predicate = (!icmp_ln207)> <Delay = 0.39> <CoreInst = "Sel">   --->   Core 73 'Sel' <Latency = 0> <II = 1> <Delay = 0.39> <FuncUnit> <Opcode : 'select'> <InPorts = 3> <OutPorts = 1>
ST_2 : Operation 53 [1/1] (0.39ns)   --->   "%select_ln235_1 = select i1 %cond_read, i8 %tmp_2, i8 %tmp_s" [/home/anubhav/Documents/kria-vitis-platforms/kv260/platforms/vivado/kv260_ispMipiRx_vcu_DP/project/kv260_ispMipiRx_vcu_DP.runs/kv260_ispMipiRx_vcu_DP_v_frmbuf_wr_0_0_synth_1/prj/sol/.autopilot/db/v_frmbuf_wr.cpp:235]   --->   Operation 53 'select' 'select_ln235_1' <Predicate = (!icmp_ln207)> <Delay = 0.39> <CoreInst = "Sel">   --->   Core 73 'Sel' <Latency = 0> <II = 1> <Delay = 0.39> <FuncUnit> <Opcode : 'select'> <InPorts = 3> <OutPorts = 1>
ST_2 : Operation 54 [1/1] (0.00ns)   --->   "%tmp_3 = partselect i8 @_ssdm_op_PartSelect.i8.i48.i32.i32, i48 %axi_data_V_4, i32 40, i32 47"   --->   Operation 54 'partselect' 'tmp_3' <Predicate = (!icmp_ln207)> <Delay = 0.00>
ST_2 : Operation 55 [1/1] (0.00ns)   --->   "%tmp_4 = partselect i8 @_ssdm_op_PartSelect.i8.i48.i32.i32, i48 %axi_data_V_4, i32 24, i32 31"   --->   Operation 55 'partselect' 'tmp_4' <Predicate = (!icmp_ln207)> <Delay = 0.00>
ST_2 : Operation 56 [1/1] (0.72ns)   --->   "%tmp_1 = mux i8 @_ssdm_op_Mux.ap_auto.8i8.i3, i8 %tmp_3, i8 %tmp_4, i8 %tmp_s, i8 %tmp_s, i8 %tmp_s, i8 %tmp_s, i8 %tmp_s, i8 %tmp_s, i3 %p_read26"   --->   Operation 56 'mux' 'tmp_1' <Predicate = (!icmp_ln207)> <Delay = 0.72> <CoreInst = "Multiplexer">   --->   Core 76 'Multiplexer' <Latency = 0> <II = 1> <Delay = 0.72> <FuncUnit> <Opcode : 'mux'> <InPorts = 2> <OutPorts = 1>
ST_2 : Operation 57 [1/1] (0.00ns)   --->   "%tmp_5 = partselect i8 @_ssdm_op_PartSelect.i8.i48.i32.i32, i48 %axi_data_V_4, i32 32, i32 39"   --->   Operation 57 'partselect' 'tmp_5' <Predicate = (!icmp_ln207)> <Delay = 0.00>
ST_2 : Operation 58 [1/1] (0.39ns)   --->   "%select_ln235_3 = select i1 %icmp_ln235_read, i8 %tmp_5, i8 %tmp_4" [/home/anubhav/Documents/kria-vitis-platforms/kv260/platforms/vivado/kv260_ispMipiRx_vcu_DP/project/kv260_ispMipiRx_vcu_DP.runs/kv260_ispMipiRx_vcu_DP_v_frmbuf_wr_0_0_synth_1/prj/sol/.autopilot/db/v_frmbuf_wr.cpp:235]   --->   Operation 58 'select' 'select_ln235_3' <Predicate = (!icmp_ln207)> <Delay = 0.39> <CoreInst = "Sel">   --->   Core 73 'Sel' <Latency = 0> <II = 1> <Delay = 0.39> <FuncUnit> <Opcode : 'select'> <InPorts = 3> <OutPorts = 1>
ST_2 : Operation 59 [1/1] (0.39ns)   --->   "%select_ln235_4 = select i1 %icmp_ln235_read, i8 %tmp_3, i8 %tmp_5" [/home/anubhav/Documents/kria-vitis-platforms/kv260/platforms/vivado/kv260_ispMipiRx_vcu_DP/project/kv260_ispMipiRx_vcu_DP.runs/kv260_ispMipiRx_vcu_DP_v_frmbuf_wr_0_0_synth_1/prj/sol/.autopilot/db/v_frmbuf_wr.cpp:235]   --->   Operation 59 'select' 'select_ln235_4' <Predicate = (!icmp_ln207)> <Delay = 0.39> <CoreInst = "Sel">   --->   Core 73 'Sel' <Latency = 0> <II = 1> <Delay = 0.39> <FuncUnit> <Opcode : 'select'> <InPorts = 3> <OutPorts = 1>
ST_2 : Operation 60 [1/1] (0.00ns)   --->   "%p_0 = bitconcatenate i48 @_ssdm_op_BitConcatenate.i48.i8.i8.i8.i8.i8.i8, i8 %select_ln235_4, i8 %select_ln235_3, i8 %tmp_1, i8 %select_ln235_1, i8 %select_ln235, i8 %select_ln235_2" [/tools/Xilinx/Vitis_HLS/2022.1/common/technology/autopilot/hls_stream_39.h:174]   --->   Operation 60 'bitconcatenate' 'p_0' <Predicate = (!icmp_ln207)> <Delay = 0.00>
ST_2 : Operation 61 [1/1] (1.21ns)   --->   "%write_ln174 = write void @_ssdm_op_Write.ap_fifo.volatile.i48P0A, i48 %img, i48 %p_0" [/tools/Xilinx/Vitis_HLS/2022.1/common/technology/autopilot/hls_stream_39.h:174]   --->   Operation 61 'write' 'write_ln174' <Predicate = (!icmp_ln207)> <Delay = 1.21> <CoreInst = "FIFO_SRL">   --->   Core 81 'FIFO_SRL' <Latency = 0> <II = 1> <Delay = 1.83> <Storage> <Opcode : 'read' 'write' 'nbread' 'nbwrite'> <Ports = 0> <Width = 48> <Depth = 2> <FIFO>


============================================================
+ Verbose Summary: Binding
============================================================
STG Binding: 
---------------- STG Properties BEGIN ----------------
- Is combinational: 0
- Is one-state seq: 0
- Is datapath-only: 0
- Is pipelined: 0
- Is top level: 0
Port [ Return ] is wired: 1; IO mode=ap_ctrl_hs:ce=0
Port [ sof_2]:  wired=1; compound=0; hidden=0; nouse=0; global=0; static=0; extern=0; dir=0; type=0; pingpong=0; private_global=0; IO mode=ap_none:ce=0
Port [ axi_last_V_2]:  wired=1; compound=0; hidden=0; nouse=0; global=0; static=0; extern=0; dir=0; type=0; pingpong=0; private_global=0; IO mode=ap_none:ce=0
Port [ axi_data_V_2]:  wired=1; compound=0; hidden=0; nouse=0; global=0; static=0; extern=0; dir=0; type=0; pingpong=0; private_global=0; IO mode=ap_none:ce=0
Port [ div_cast]:  wired=1; compound=0; hidden=0; nouse=0; global=0; static=0; extern=0; dir=0; type=0; pingpong=0; private_global=0; IO mode=ap_none:ce=0
Port [ cond]:  wired=1; compound=0; hidden=0; nouse=0; global=0; static=0; extern=0; dir=0; type=0; pingpong=0; private_global=0; IO mode=ap_none:ce=0
Port [ p_read2]:  wired=1; compound=0; hidden=0; nouse=0; global=0; static=0; extern=0; dir=0; type=0; pingpong=0; private_global=0; IO mode=ap_none:ce=0
Port [ icmp_ln235]:  wired=1; compound=0; hidden=0; nouse=0; global=0; static=0; extern=0; dir=0; type=0; pingpong=0; private_global=0; IO mode=ap_none:ce=0
Port [ img]:  wired=1; compound=1; hidden=0; nouse=0; global=0; static=0; extern=0; dir=1; type=3; pingpong=0; private_global=0; IO mode=ap_fifo:ce=0
Port [ s_axis_video_V_data_V]:  wired=1; compound=1; hidden=0; nouse=0; global=0; static=0; extern=0; dir=0; type=0; pingpong=0; private_global=0; IO mode=axis:ce=0
Port [ s_axis_video_V_keep_V]:  wired=1; compound=1; hidden=0; nouse=0; global=0; static=0; extern=0; dir=0; type=0; pingpong=0; private_global=0; IO mode=axis:ce=0
Port [ s_axis_video_V_strb_V]:  wired=1; compound=1; hidden=0; nouse=0; global=0; static=0; extern=0; dir=0; type=0; pingpong=0; private_global=0; IO mode=axis:ce=0
Port [ s_axis_video_V_user_V]:  wired=1; compound=1; hidden=0; nouse=0; global=0; static=0; extern=0; dir=0; type=0; pingpong=0; private_global=0; IO mode=axis:ce=0
Port [ s_axis_video_V_last_V]:  wired=1; compound=1; hidden=0; nouse=0; global=0; static=0; extern=0; dir=0; type=0; pingpong=0; private_global=0; IO mode=axis:ce=0
Port [ s_axis_video_V_id_V]:  wired=1; compound=1; hidden=0; nouse=0; global=0; static=0; extern=0; dir=0; type=0; pingpong=0; private_global=0; IO mode=axis:ce=0
Port [ s_axis_video_V_dest_V]:  wired=1; compound=1; hidden=0; nouse=0; global=0; static=0; extern=0; dir=0; type=0; pingpong=0; private_global=0; IO mode=axis:ce=0
Port [ eol_out]:  wired=1; compound=0; hidden=0; nouse=0; global=0; static=0; extern=0; dir=1; type=0; pingpong=0; private_global=0; IO mode=ap_vld:ce=0
Port [ axi_data_V_3_out]:  wired=1; compound=0; hidden=0; nouse=0; global=0; static=0; extern=0; dir=1; type=0; pingpong=0; private_global=0; IO mode=ap_vld:ce=0
---------------- STG Properties END ------------------

---------------- Datapath Model BEGIN ----------------

<LifeTime>
<method=bitvector/>
j                     (alloca           ) [ 010]
axi_data_V            (alloca           ) [ 011]
axi_last_V            (alloca           ) [ 011]
specinterface_ln0     (specinterface    ) [ 000]
specinterface_ln0     (specinterface    ) [ 000]
specinterface_ln0     (specinterface    ) [ 000]
specinterface_ln0     (specinterface    ) [ 000]
specinterface_ln0     (specinterface    ) [ 000]
specinterface_ln0     (specinterface    ) [ 000]
specinterface_ln0     (specinterface    ) [ 000]
specinterface_ln0     (specinterface    ) [ 000]
icmp_ln235_read       (read             ) [ 011]
p_read26              (read             ) [ 011]
cond_read             (read             ) [ 011]
div_cast_read         (read             ) [ 000]
axi_data_V_2_read     (read             ) [ 000]
axi_last_V_2_read     (read             ) [ 000]
sof_2_read            (read             ) [ 000]
store_ln0             (store            ) [ 000]
store_ln0             (store            ) [ 000]
store_ln0             (store            ) [ 000]
br_ln0                (br               ) [ 000]
eol                   (phi              ) [ 010]
sof                   (phi              ) [ 010]
j_1                   (load             ) [ 000]
icmp_ln207            (icmp             ) [ 011]
speclooptripcount_ln0 (speclooptripcount) [ 000]
j_2                   (add              ) [ 000]
br_ln207              (br               ) [ 000]
specpipeline_ln209    (specpipeline     ) [ 000]
specloopname_ln181    (specloopname     ) [ 000]
or_ln210              (or               ) [ 010]
br_ln210              (br               ) [ 000]
empty                 (read             ) [ 000]
tmp_data_V            (extractvalue     ) [ 000]
tmp_last_V            (extractvalue     ) [ 000]
store_ln283           (store            ) [ 000]
store_ln283           (store            ) [ 000]
br_ln0                (br               ) [ 000]
store_ln207           (store            ) [ 000]
br_ln207              (br               ) [ 010]
axi_data_V_4          (load             ) [ 000]
axi_last_V_4          (load             ) [ 010]
tmp_s                 (partselect       ) [ 000]
trunc_ln674           (trunc            ) [ 000]
select_ln235_2        (select           ) [ 000]
tmp_2                 (partselect       ) [ 000]
select_ln235          (select           ) [ 000]
select_ln235_1        (select           ) [ 000]
tmp_3                 (partselect       ) [ 000]
tmp_4                 (partselect       ) [ 000]
tmp_1                 (mux              ) [ 000]
tmp_5                 (partselect       ) [ 000]
select_ln235_3        (select           ) [ 000]
select_ln235_4        (select           ) [ 000]
p_0                   (bitconcatenate   ) [ 000]
write_ln174           (write            ) [ 000]
axi_data_V_load       (load             ) [ 000]
write_ln0             (write            ) [ 000]
write_ln0             (write            ) [ 000]
ret_ln0               (ret              ) [ 000]
</LifeTime>

<model>

<comp_list>
<comp id="0" class="1000" name="sof_2">
<pin_list>
<pin id="1" dir="1" index="0" bw="1" slack="0"/>
</pin_list>
<bind>
<StgValue><ssdm name="sof_2"/></StgValue>
</bind>
</comp>

<comp id="2" class="1000" name="axi_last_V_2">
<pin_list>
<pin id="3" dir="1" index="0" bw="1" slack="0"/>
</pin_list>
<bind>
<StgValue><ssdm name="axi_last_V_2"/></StgValue>
</bind>
</comp>

<comp id="4" class="1000" name="axi_data_V_2">
<pin_list>
<pin id="5" dir="1" index="0" bw="1" slack="0"/>
</pin_list>
<bind>
<StgValue><ssdm name="axi_data_V_2"/></StgValue>
</bind>
</comp>

<comp id="6" class="1000" name="div_cast">
<pin_list>
<pin id="7" dir="1" index="0" bw="1" slack="0"/>
</pin_list>
<bind>
<StgValue><ssdm name="div_cast"/></StgValue>
</bind>
</comp>

<comp id="8" class="1000" name="cond">
<pin_list>
<pin id="9" dir="1" index="0" bw="1" slack="0"/>
</pin_list>
<bind>
<StgValue><ssdm name="cond"/></StgValue>
</bind>
</comp>

<comp id="10" class="1000" name="p_read2">
<pin_list>
<pin id="11" dir="1" index="0" bw="1" slack="0"/>
</pin_list>
<bind>
<StgValue><ssdm name="p_read2"/></StgValue>
</bind>
</comp>

<comp id="12" class="1000" name="icmp_ln235">
<pin_list>
<pin id="13" dir="1" index="0" bw="1" slack="0"/>
</pin_list>
<bind>
<StgValue><ssdm name="icmp_ln235"/></StgValue>
</bind>
</comp>

<comp id="14" class="1000" name="img">
<pin_list>
<pin id="15" dir="1" index="0" bw="1" slack="0"/>
</pin_list>
<bind>
<StgValue><ssdm name="img"/></StgValue>
</bind>
</comp>

<comp id="16" class="1000" name="s_axis_video_V_data_V">
<pin_list>
<pin id="17" dir="1" index="0" bw="1" slack="0"/>
</pin_list>
<bind>
<StgValue><ssdm name="s_axis_video_V_data_V"/></StgValue>
</bind>
</comp>

<comp id="18" class="1000" name="s_axis_video_V_keep_V">
<pin_list>
<pin id="19" dir="1" index="0" bw="1" slack="0"/>
</pin_list>
<bind>
<StgValue><ssdm name="s_axis_video_V_keep_V"/></StgValue>
</bind>
</comp>

<comp id="20" class="1000" name="s_axis_video_V_strb_V">
<pin_list>
<pin id="21" dir="1" index="0" bw="1" slack="0"/>
</pin_list>
<bind>
<StgValue><ssdm name="s_axis_video_V_strb_V"/></StgValue>
</bind>
</comp>

<comp id="22" class="1000" name="s_axis_video_V_user_V">
<pin_list>
<pin id="23" dir="1" index="0" bw="1" slack="0"/>
</pin_list>
<bind>
<StgValue><ssdm name="s_axis_video_V_user_V"/></StgValue>
</bind>
</comp>

<comp id="24" class="1000" name="s_axis_video_V_last_V">
<pin_list>
<pin id="25" dir="1" index="0" bw="1" slack="0"/>
</pin_list>
<bind>
<StgValue><ssdm name="s_axis_video_V_last_V"/></StgValue>
</bind>
</comp>

<comp id="26" class="1000" name="s_axis_video_V_id_V">
<pin_list>
<pin id="27" dir="1" index="0" bw="1" slack="0"/>
</pin_list>
<bind>
<StgValue><ssdm name="s_axis_video_V_id_V"/></StgValue>
</bind>
</comp>

<comp id="28" class="1000" name="s_axis_video_V_dest_V">
<pin_list>
<pin id="29" dir="1" index="0" bw="1" slack="0"/>
</pin_list>
<bind>
<StgValue><ssdm name="s_axis_video_V_dest_V"/></StgValue>
</bind>
</comp>

<comp id="30" class="1000" name="eol_out">
<pin_list>
<pin id="31" dir="1" index="0" bw="1" slack="0"/>
</pin_list>
<bind>
<StgValue><ssdm name="eol_out"/></StgValue>
</bind>
</comp>

<comp id="32" class="1000" name="axi_data_V_3_out">
<pin_list>
<pin id="33" dir="1" index="0" bw="1" slack="0"/>
</pin_list>
<bind>
<StgValue><ssdm name="axi_data_V_3_out"/></StgValue>
</bind>
</comp>

<comp id="34" class="1001" name="const_34">
<pin_list>
<pin id="35" dir="1" index="0" bw="1" slack="0"/>
</pin_list>
<bind>
<StgValue><ssdm name=""/></StgValue>
</bind>
</comp>

<comp id="36" class="1001" name="const_36">
<pin_list>
<pin id="37" dir="1" index="0" bw="1" slack="2147483647"/>
</pin_list>
<bind>
<StgValue><ssdm name="_ssdm_op_SpecInterface"/></StgValue>
</bind>
</comp>

<comp id="38" class="1001" name="const_38">
<pin_list>
<pin id="39" dir="1" index="0" bw="1" slack="2147483647"/>
</pin_list>
<bind>
<StgValue><ssdm name="empty_6"/></StgValue>
</bind>
</comp>

<comp id="40" class="1001" name="const_40">
<pin_list>
<pin id="41" dir="1" index="0" bw="1" slack="2147483647"/>
</pin_list>
<bind>
<StgValue><ssdm name=""/></StgValue>
</bind>
</comp>

<comp id="42" class="1001" name="const_42">
<pin_list>
<pin id="43" dir="1" index="0" bw="1" slack="2147483647"/>
</pin_list>
<bind>
<StgValue><ssdm name="empty_5"/></StgValue>
</bind>
</comp>

<comp id="44" class="1001" name="const_44">
<pin_list>
<pin id="45" dir="1" index="0" bw="1" slack="2147483647"/>
</pin_list>
<bind>
<StgValue><ssdm name="empty_1"/></StgValue>
</bind>
</comp>

<comp id="46" class="1001" name="const_46">
<pin_list>
<pin id="47" dir="1" index="0" bw="1" slack="2147483647"/>
</pin_list>
<bind>
<StgValue><ssdm name=""/></StgValue>
</bind>
</comp>

<comp id="48" class="1001" name="const_48">
<pin_list>
<pin id="49" dir="1" index="0" bw="1" slack="2147483647"/>
</pin_list>
<bind>
<StgValue><ssdm name="empty_16"/></StgValue>
</bind>
</comp>

<comp id="50" class="1001" name="const_50">
<pin_list>
<pin id="51" dir="1" index="0" bw="1" slack="0"/>
</pin_list>
<bind>
<StgValue><ssdm name="_ssdm_op_Read.ap_auto.i1"/></StgValue>
</bind>
</comp>

<comp id="52" class="1001" name="const_52">
<pin_list>
<pin id="53" dir="1" index="0" bw="1" slack="0"/>
</pin_list>
<bind>
<StgValue><ssdm name="_ssdm_op_Read.ap_auto.i3"/></StgValue>
</bind>
</comp>

<comp id="54" class="1001" name="const_54">
<pin_list>
<pin id="55" dir="1" index="0" bw="1" slack="0"/>
</pin_list>
<bind>
<StgValue><ssdm name="_ssdm_op_Read.ap_auto.i11"/></StgValue>
</bind>
</comp>

<comp id="56" class="1001" name="const_56">
<pin_list>
<pin id="57" dir="1" index="0" bw="1" slack="0"/>
</pin_list>
<bind>
<StgValue><ssdm name="_ssdm_op_Read.ap_auto.i48"/></StgValue>
</bind>
</comp>

<comp id="58" class="1001" name="const_58">
<pin_list>
<pin id="59" dir="1" index="0" bw="1" slack="0"/>
</pin_list>
<bind>
<StgValue><ssdm name=""/></StgValue>
</bind>
</comp>

<comp id="60" class="1001" name="const_60">
<pin_list>
<pin id="61" dir="1" index="0" bw="1" slack="0"/>
</pin_list>
<bind>
<StgValue><ssdm name=""/></StgValue>
</bind>
</comp>

<comp id="62" class="1001" name="const_62">
<pin_list>
<pin id="63" dir="1" index="0" bw="1" slack="2147483647"/>
</pin_list>
<bind>
<StgValue><ssdm name="_ssdm_op_SpecLoopTripCount"/></StgValue>
</bind>
</comp>

<comp id="64" class="1001" name="const_64">
<pin_list>
<pin id="65" dir="1" index="0" bw="1" slack="2147483647"/>
</pin_list>
<bind>
<StgValue><ssdm name=""/></StgValue>
</bind>
</comp>

<comp id="66" class="1001" name="const_66">
<pin_list>
<pin id="67" dir="1" index="0" bw="1" slack="2147483647"/>
</pin_list>
<bind>
<StgValue><ssdm name=""/></StgValue>
</bind>
</comp>

<comp id="68" class="1001" name="const_68">
<pin_list>
<pin id="69" dir="1" index="0" bw="1" slack="2147483647"/>
</pin_list>
<bind>
<StgValue><ssdm name=""/></StgValue>
</bind>
</comp>

<comp id="70" class="1001" name="const_70">
<pin_list>
<pin id="71" dir="1" index="0" bw="1" slack="0"/>
</pin_list>
<bind>
<StgValue><ssdm name=""/></StgValue>
</bind>
</comp>

<comp id="72" class="1001" name="const_72">
<pin_list>
<pin id="73" dir="1" index="0" bw="1" slack="2147483647"/>
</pin_list>
<bind>
<StgValue><ssdm name="_ssdm_op_SpecPipeline"/></StgValue>
</bind>
</comp>

<comp id="74" class="1001" name="const_74">
<pin_list>
<pin id="75" dir="1" index="0" bw="1" slack="2147483647"/>
</pin_list>
<bind>
<StgValue><ssdm name="_ssdm_op_SpecLoopName"/></StgValue>
</bind>
</comp>

<comp id="76" class="1001" name="const_76">
<pin_list>
<pin id="77" dir="1" index="0" bw="1" slack="2147483647"/>
</pin_list>
<bind>
<StgValue><ssdm name="empty_17"/></StgValue>
</bind>
</comp>

<comp id="78" class="1001" name="const_78">
<pin_list>
<pin id="79" dir="1" index="0" bw="1" slack="0"/>
</pin_list>
<bind>
<StgValue><ssdm name="_ssdm_op_Read.axis.volatile.i48P0A.i6P0A.i6P0A.i1P0A.i1P0A.i1P0A.i1P0A"/></StgValue>
</bind>
</comp>

<comp id="80" class="1001" name="const_80">
<pin_list>
<pin id="81" dir="1" index="0" bw="1" slack="0"/>
</pin_list>
<bind>
<StgValue><ssdm name="_ssdm_op_PartSelect.i8.i48.i32.i32"/></StgValue>
</bind>
</comp>

<comp id="82" class="1001" name="const_82">
<pin_list>
<pin id="83" dir="1" index="0" bw="1" slack="0"/>
</pin_list>
<bind>
<StgValue><ssdm name=""/></StgValue>
</bind>
</comp>

<comp id="84" class="1001" name="const_84">
<pin_list>
<pin id="85" dir="1" index="0" bw="1" slack="0"/>
</pin_list>
<bind>
<StgValue><ssdm name=""/></StgValue>
</bind>
</comp>

<comp id="86" class="1001" name="const_86">
<pin_list>
<pin id="87" dir="1" index="0" bw="1" slack="0"/>
</pin_list>
<bind>
<StgValue><ssdm name=""/></StgValue>
</bind>
</comp>

<comp id="88" class="1001" name="const_88">
<pin_list>
<pin id="89" dir="1" index="0" bw="1" slack="0"/>
</pin_list>
<bind>
<StgValue><ssdm name=""/></StgValue>
</bind>
</comp>

<comp id="90" class="1001" name="const_90">
<pin_list>
<pin id="91" dir="1" index="0" bw="1" slack="0"/>
</pin_list>
<bind>
<StgValue><ssdm name=""/></StgValue>
</bind>
</comp>

<comp id="92" class="1001" name="const_92">
<pin_list>
<pin id="93" dir="1" index="0" bw="1" slack="0"/>
</pin_list>
<bind>
<StgValue><ssdm name=""/></StgValue>
</bind>
</comp>

<comp id="94" class="1001" name="const_94">
<pin_list>
<pin id="95" dir="1" index="0" bw="1" slack="0"/>
</pin_list>
<bind>
<StgValue><ssdm name=""/></StgValue>
</bind>
</comp>

<comp id="96" class="1001" name="const_96">
<pin_list>
<pin id="97" dir="1" index="0" bw="1" slack="0"/>
</pin_list>
<bind>
<StgValue><ssdm name=""/></StgValue>
</bind>
</comp>

<comp id="98" class="1001" name="const_98">
<pin_list>
<pin id="99" dir="1" index="0" bw="1" slack="0"/>
</pin_list>
<bind>
<StgValue><ssdm name="_ssdm_op_Mux.ap_auto.8i8.i3"/></StgValue>
</bind>
</comp>

<comp id="100" class="1001" name="const_100">
<pin_list>
<pin id="101" dir="1" index="0" bw="1" slack="0"/>
</pin_list>
<bind>
<StgValue><ssdm name=""/></StgValue>
</bind>
</comp>

<comp id="102" class="1001" name="const_102">
<pin_list>
<pin id="103" dir="1" index="0" bw="1" slack="0"/>
</pin_list>
<bind>
<StgValue><ssdm name=""/></StgValue>
</bind>
</comp>

<comp id="104" class="1001" name="const_104">
<pin_list>
<pin id="105" dir="1" index="0" bw="1" slack="0"/>
</pin_list>
<bind>
<StgValue><ssdm name="_ssdm_op_BitConcatenate.i48.i8.i8.i8.i8.i8.i8"/></StgValue>
</bind>
</comp>

<comp id="106" class="1001" name="const_106">
<pin_list>
<pin id="107" dir="1" index="0" bw="1" slack="0"/>
</pin_list>
<bind>
<StgValue><ssdm name="_ssdm_op_Write.ap_fifo.volatile.i48P0A"/></StgValue>
</bind>
</comp>

<comp id="108" class="1001" name="const_108">
<pin_list>
<pin id="109" dir="1" index="0" bw="1" slack="0"/>
</pin_list>
<bind>
<StgValue><ssdm name="_ssdm_op_Write.ap_auto.i1P0A"/></StgValue>
</bind>
</comp>

<comp id="110" class="1001" name="const_110">
<pin_list>
<pin id="111" dir="1" index="0" bw="1" slack="0"/>
</pin_list>
<bind>
<StgValue><ssdm name="_ssdm_op_Write.ap_auto.i48P0A"/></StgValue>
</bind>
</comp>

<comp id="112" class="1004" name="j_fu_112">
<pin_list>
<pin id="113" dir="0" index="0" bw="1" slack="0"/>
<pin id="114" dir="1" index="1" bw="11" slack="0"/>
</pin_list>
<bind>
<opcode="alloca(26) " fcode="alloca"/>
<opset="j/1 "/>
</bind>
</comp>

<comp id="116" class="1004" name="axi_data_V_fu_116">
<pin_list>
<pin id="117" dir="0" index="0" bw="1" slack="0"/>
<pin id="118" dir="1" index="1" bw="48" slack="0"/>
</pin_list>
<bind>
<opcode="alloca(26) " fcode="alloca"/>
<opset="axi_data_V/1 "/>
</bind>
</comp>

<comp id="120" class="1004" name="axi_last_V_fu_120">
<pin_list>
<pin id="121" dir="0" index="0" bw="1" slack="0"/>
<pin id="122" dir="1" index="1" bw="1" slack="0"/>
</pin_list>
<bind>
<opcode="alloca(26) " fcode="alloca"/>
<opset="axi_last_V/1 "/>
</bind>
</comp>

<comp id="124" class="1004" name="icmp_ln235_read_read_fu_124">
<pin_list>
<pin id="125" dir="0" index="0" bw="1" slack="0"/>
<pin id="126" dir="0" index="1" bw="1" slack="0"/>
<pin id="127" dir="1" index="2" bw="1" slack="1"/>
</pin_list>
<bind>
<opcode="read(1150) " fcode="read"/>
<opset="icmp_ln235_read/1 "/>
</bind>
</comp>

<comp id="130" class="1004" name="p_read26_read_fu_130">
<pin_list>
<pin id="131" dir="0" index="0" bw="3" slack="0"/>
<pin id="132" dir="0" index="1" bw="3" slack="0"/>
<pin id="133" dir="1" index="2" bw="3" slack="1"/>
</pin_list>
<bind>
<opcode="read(1150) " fcode="read"/>
<opset="p_read26/1 "/>
</bind>
</comp>

<comp id="136" class="1004" name="cond_read_read_fu_136">
<pin_list>
<pin id="137" dir="0" index="0" bw="1" slack="0"/>
<pin id="138" dir="0" index="1" bw="1" slack="0"/>
<pin id="139" dir="1" index="2" bw="1" slack="1"/>
</pin_list>
<bind>
<opcode="read(1150) " fcode="read"/>
<opset="cond_read/1 "/>
</bind>
</comp>

<comp id="142" class="1004" name="div_cast_read_read_fu_142">
<pin_list>
<pin id="143" dir="0" index="0" bw="11" slack="0"/>
<pin id="144" dir="0" index="1" bw="11" slack="0"/>
<pin id="145" dir="1" index="2" bw="11" slack="0"/>
</pin_list>
<bind>
<opcode="read(1150) " fcode="read"/>
<opset="div_cast_read/1 "/>
</bind>
</comp>

<comp id="148" class="1004" name="axi_data_V_2_read_read_fu_148">
<pin_list>
<pin id="149" dir="0" index="0" bw="48" slack="0"/>
<pin id="150" dir="0" index="1" bw="48" slack="0"/>
<pin id="151" dir="1" index="2" bw="48" slack="0"/>
</pin_list>
<bind>
<opcode="read(1150) " fcode="read"/>
<opset="axi_data_V_2_read/1 "/>
</bind>
</comp>

<comp id="154" class="1004" name="axi_last_V_2_read_read_fu_154">
<pin_list>
<pin id="155" dir="0" index="0" bw="1" slack="0"/>
<pin id="156" dir="0" index="1" bw="1" slack="0"/>
<pin id="157" dir="1" index="2" bw="1" slack="0"/>
</pin_list>
<bind>
<opcode="read(1150) " fcode="read"/>
<opset="axi_last_V_2_read/1 "/>
</bind>
</comp>

<comp id="160" class="1004" name="sof_2_read_read_fu_160">
<pin_list>
<pin id="161" dir="0" index="0" bw="1" slack="0"/>
<pin id="162" dir="0" index="1" bw="1" slack="0"/>
<pin id="163" dir="1" index="2" bw="1" slack="0"/>
</pin_list>
<bind>
<opcode="read(1150) " fcode="read"/>
<opset="sof_2_read/1 "/>
</bind>
</comp>

<comp id="166" class="1004" name="empty_read_fu_166">
<pin_list>
<pin id="167" dir="0" index="0" bw="64" slack="0"/>
<pin id="168" dir="0" index="1" bw="48" slack="0"/>
<pin id="169" dir="0" index="2" bw="6" slack="0"/>
<pin id="170" dir="0" index="3" bw="6" slack="0"/>
<pin id="171" dir="0" index="4" bw="1" slack="0"/>
<pin id="172" dir="0" index="5" bw="1" slack="0"/>
<pin id="173" dir="0" index="6" bw="1" slack="0"/>
<pin id="174" dir="0" index="7" bw="1" slack="0"/>
<pin id="175" dir="1" index="8" bw="64" slack="0"/>
</pin_list>
<bind>
<opcode="read(1150) " fcode="read"/>
<opset="empty/1 "/>
</bind>
</comp>

<comp id="184" class="1004" name="write_ln174_write_fu_184">
<pin_list>
<pin id="185" dir="0" index="0" bw="0" slack="0"/>
<pin id="186" dir="0" index="1" bw="48" slack="0"/>
<pin id="187" dir="0" index="2" bw="48" slack="0"/>
<pin id="188" dir="1" index="3" bw="0" slack="2147483647"/>
</pin_list>
<bind>
<opcode="write(1151) " fcode="write"/>
<opset="write_ln174/2 "/>
</bind>
</comp>

<comp id="191" class="1004" name="write_ln0_write_fu_191">
<pin_list>
<pin id="192" dir="0" index="0" bw="0" slack="0"/>
<pin id="193" dir="0" index="1" bw="1" slack="0"/>
<pin id="194" dir="0" index="2" bw="1" slack="0"/>
<pin id="195" dir="1" index="3" bw="0" slack="2147483647"/>
</pin_list>
<bind>
<opcode="write(1151) " fcode="write"/>
<opset="write_ln0/1 "/>
</bind>
</comp>

<comp id="198" class="1004" name="write_ln0_write_fu_198">
<pin_list>
<pin id="199" dir="0" index="0" bw="0" slack="0"/>
<pin id="200" dir="0" index="1" bw="48" slack="0"/>
<pin id="201" dir="0" index="2" bw="48" slack="0"/>
<pin id="202" dir="1" index="3" bw="0" slack="2147483647"/>
</pin_list>
<bind>
<opcode="write(1151) " fcode="write"/>
<opset="write_ln0/1 "/>
</bind>
</comp>

<comp id="205" class="1005" name="eol_reg_205">
<pin_list>
<pin id="206" dir="0" index="0" bw="1" slack="2147483647"/>
<pin id="207" dir="1" index="1" bw="1" slack="2147483647"/>
</pin_list>
<bind>
<opset="eol (phireg) "/>
</bind>
</comp>

<comp id="208" class="1004" name="eol_phi_fu_208">
<pin_list>
<pin id="209" dir="0" index="0" bw="1" slack="1"/>
<pin id="210" dir="0" index="1" bw="0" slack="2147483647"/>
<pin id="211" dir="0" index="2" bw="1" slack="0"/>
<pin id="212" dir="0" index="3" bw="0" slack="2147483647"/>
<pin id="213" dir="1" index="4" bw="1" slack="0"/>
</pin_list>
<bind>
<opcode="phi(47) " fcode="phi"/>
<opset="eol/1 "/>
</bind>
</comp>

<comp id="216" class="1005" name="sof_reg_216">
<pin_list>
<pin id="217" dir="0" index="0" bw="1" slack="2147483647"/>
<pin id="218" dir="1" index="1" bw="1" slack="2147483647"/>
</pin_list>
<bind>
<opset="sof (phireg) "/>
</bind>
</comp>

<comp id="219" class="1004" name="sof_phi_fu_219">
<pin_list>
<pin id="220" dir="0" index="0" bw="1" slack="0"/>
<pin id="221" dir="0" index="1" bw="0" slack="2147483647"/>
<pin id="222" dir="0" index="2" bw="1" slack="0"/>
<pin id="223" dir="0" index="3" bw="0" slack="2147483647"/>
<pin id="224" dir="1" index="4" bw="1" slack="0"/>
</pin_list>
<bind>
<opcode="phi(47) " fcode="phi"/>
<opset="sof/1 "/>
</bind>
</comp>

<comp id="227" class="1004" name="store_ln0_store_fu_227">
<pin_list>
<pin id="228" dir="0" index="0" bw="1" slack="0"/>
<pin id="229" dir="0" index="1" bw="1" slack="0"/>
<pin id="230" dir="1" index="2" bw="0" slack="2147483647"/>
</pin_list>
<bind>
<opcode="store(28) " fcode="store"/>
<opset="store_ln0/1 "/>
</bind>
</comp>

<comp id="232" class="1004" name="store_ln0_store_fu_232">
<pin_list>
<pin id="233" dir="0" index="0" bw="48" slack="0"/>
<pin id="234" dir="0" index="1" bw="48" slack="0"/>
<pin id="235" dir="1" index="2" bw="0" slack="2147483647"/>
</pin_list>
<bind>
<opcode="store(28) " fcode="store"/>
<opset="store_ln0/1 "/>
</bind>
</comp>

<comp id="237" class="1004" name="store_ln0_store_fu_237">
<pin_list>
<pin id="238" dir="0" index="0" bw="1" slack="0"/>
<pin id="239" dir="0" index="1" bw="11" slack="0"/>
<pin id="240" dir="1" index="2" bw="0" slack="2147483647"/>
</pin_list>
<bind>
<opcode="store(28) " fcode="store"/>
<opset="store_ln0/1 "/>
</bind>
</comp>

<comp id="242" class="1004" name="j_1_load_fu_242">
<pin_list>
<pin id="243" dir="0" index="0" bw="11" slack="0"/>
<pin id="244" dir="1" index="1" bw="11" slack="0"/>
</pin_list>
<bind>
<opcode="load(27) " fcode="load"/>
<opset="j_1/1 "/>
</bind>
</comp>

<comp id="245" class="1004" name="icmp_ln207_fu_245">
<pin_list>
<pin id="246" dir="0" index="0" bw="11" slack="0"/>
<pin id="247" dir="0" index="1" bw="11" slack="0"/>
<pin id="248" dir="1" index="2" bw="1" slack="1"/>
</pin_list>
<bind>
<opcode="icmp(45) " fcode="icmp"/>
<opset="icmp_ln207/1 "/>
</bind>
</comp>

<comp id="251" class="1004" name="j_2_fu_251">
<pin_list>
<pin id="252" dir="0" index="0" bw="11" slack="0"/>
<pin id="253" dir="0" index="1" bw="1" slack="0"/>
<pin id="254" dir="1" index="2" bw="11" slack="0"/>
</pin_list>
<bind>
<opcode="add(8) " fcode="add"/>
<opset="j_2/1 "/>
</bind>
</comp>

<comp id="257" class="1004" name="or_ln210_fu_257">
<pin_list>
<pin id="258" dir="0" index="0" bw="1" slack="0"/>
<pin id="259" dir="0" index="1" bw="1" slack="0"/>
<pin id="260" dir="1" index="2" bw="1" slack="2147483647"/>
</pin_list>
<bind>
<opcode="or(24) " fcode="or"/>
<opset="or_ln210/1 "/>
</bind>
</comp>

<comp id="263" class="1004" name="tmp_data_V_fu_263">
<pin_list>
<pin id="264" dir="0" index="0" bw="64" slack="0"/>
<pin id="265" dir="1" index="1" bw="48" slack="0"/>
</pin_list>
<bind>
<opcode="extractvalue(56) " fcode="extractvalue"/>
<opset="tmp_data_V/1 "/>
</bind>
</comp>

<comp id="267" class="1004" name="tmp_last_V_fu_267">
<pin_list>
<pin id="268" dir="0" index="0" bw="64" slack="0"/>
<pin id="269" dir="1" index="1" bw="1" slack="0"/>
</pin_list>
<bind>
<opcode="extractvalue(56) " fcode="extractvalue"/>
<opset="tmp_last_V/1 "/>
</bind>
</comp>

<comp id="271" class="1004" name="store_ln283_store_fu_271">
<pin_list>
<pin id="272" dir="0" index="0" bw="1" slack="0"/>
<pin id="273" dir="0" index="1" bw="1" slack="0"/>
<pin id="274" dir="1" index="2" bw="0" slack="2147483647"/>
</pin_list>
<bind>
<opcode="store(28) " fcode="store"/>
<opset="store_ln283/1 "/>
</bind>
</comp>

<comp id="276" class="1004" name="store_ln283_store_fu_276">
<pin_list>
<pin id="277" dir="0" index="0" bw="48" slack="0"/>
<pin id="278" dir="0" index="1" bw="48" slack="0"/>
<pin id="279" dir="1" index="2" bw="0" slack="2147483647"/>
</pin_list>
<bind>
<opcode="store(28) " fcode="store"/>
<opset="store_ln283/1 "/>
</bind>
</comp>

<comp id="281" class="1004" name="store_ln207_store_fu_281">
<pin_list>
<pin id="282" dir="0" index="0" bw="11" slack="0"/>
<pin id="283" dir="0" index="1" bw="11" slack="0"/>
<pin id="284" dir="1" index="2" bw="0" slack="2147483647"/>
</pin_list>
<bind>
<opcode="store(28) " fcode="store"/>
<opset="store_ln207/1 "/>
</bind>
</comp>

<comp id="286" class="1004" name="axi_data_V_4_load_fu_286">
<pin_list>
<pin id="287" dir="0" index="0" bw="48" slack="1"/>
<pin id="288" dir="1" index="1" bw="48" slack="0"/>
</pin_list>
<bind>
<opcode="load(27) " fcode="load"/>
<opset="axi_data_V_4/2 "/>
</bind>
</comp>

<comp id="289" class="1004" name="axi_last_V_4_load_fu_289">
<pin_list>
<pin id="290" dir="0" index="0" bw="1" slack="1"/>
<pin id="291" dir="1" index="1" bw="1" slack="1"/>
</pin_list>
<bind>
<opcode="load(27) " fcode="load"/>
<opset="axi_last_V_4/2 "/>
</bind>
</comp>

<comp id="292" class="1004" name="tmp_s_fu_292">
<pin_list>
<pin id="293" dir="0" index="0" bw="8" slack="0"/>
<pin id="294" dir="0" index="1" bw="48" slack="0"/>
<pin id="295" dir="0" index="2" bw="6" slack="0"/>
<pin id="296" dir="0" index="3" bw="6" slack="0"/>
<pin id="297" dir="1" index="4" bw="8" slack="0"/>
</pin_list>
<bind>
<opcode="partselect(1002) " fcode="partselect"/>
<opset="tmp_s/2 "/>
</bind>
</comp>

<comp id="302" class="1004" name="trunc_ln674_fu_302">
<pin_list>
<pin id="303" dir="0" index="0" bw="48" slack="0"/>
<pin id="304" dir="1" index="1" bw="8" slack="0"/>
</pin_list>
<bind>
<opcode="trunc(33) " fcode="trunc"/>
<opset="trunc_ln674/2 "/>
</bind>
</comp>

<comp id="306" class="1004" name="select_ln235_2_fu_306">
<pin_list>
<pin id="307" dir="0" index="0" bw="1" slack="1"/>
<pin id="308" dir="0" index="1" bw="8" slack="0"/>
<pin id="309" dir="0" index="2" bw="8" slack="0"/>
<pin id="310" dir="1" index="3" bw="8" slack="0"/>
</pin_list>
<bind>
<opcode="select(49) " fcode="select"/>
<opset="select_ln235_2/2 "/>
</bind>
</comp>

<comp id="313" class="1004" name="tmp_2_fu_313">
<pin_list>
<pin id="314" dir="0" index="0" bw="8" slack="0"/>
<pin id="315" dir="0" index="1" bw="48" slack="0"/>
<pin id="316" dir="0" index="2" bw="5" slack="0"/>
<pin id="317" dir="0" index="3" bw="5" slack="0"/>
<pin id="318" dir="1" index="4" bw="8" slack="0"/>
</pin_list>
<bind>
<opcode="partselect(1002) " fcode="partselect"/>
<opset="tmp_2/2 "/>
</bind>
</comp>

<comp id="323" class="1004" name="select_ln235_fu_323">
<pin_list>
<pin id="324" dir="0" index="0" bw="1" slack="1"/>
<pin id="325" dir="0" index="1" bw="8" slack="0"/>
<pin id="326" dir="0" index="2" bw="8" slack="0"/>
<pin id="327" dir="1" index="3" bw="8" slack="0"/>
</pin_list>
<bind>
<opcode="select(49) " fcode="select"/>
<opset="select_ln235/2 "/>
</bind>
</comp>

<comp id="330" class="1004" name="select_ln235_1_fu_330">
<pin_list>
<pin id="331" dir="0" index="0" bw="1" slack="1"/>
<pin id="332" dir="0" index="1" bw="8" slack="0"/>
<pin id="333" dir="0" index="2" bw="8" slack="0"/>
<pin id="334" dir="1" index="3" bw="8" slack="0"/>
</pin_list>
<bind>
<opcode="select(49) " fcode="select"/>
<opset="select_ln235_1/2 "/>
</bind>
</comp>

<comp id="337" class="1004" name="tmp_3_fu_337">
<pin_list>
<pin id="338" dir="0" index="0" bw="8" slack="0"/>
<pin id="339" dir="0" index="1" bw="48" slack="0"/>
<pin id="340" dir="0" index="2" bw="7" slack="0"/>
<pin id="341" dir="0" index="3" bw="7" slack="0"/>
<pin id="342" dir="1" index="4" bw="8" slack="0"/>
</pin_list>
<bind>
<opcode="partselect(1002) " fcode="partselect"/>
<opset="tmp_3/2 "/>
</bind>
</comp>

<comp id="347" class="1004" name="tmp_4_fu_347">
<pin_list>
<pin id="348" dir="0" index="0" bw="8" slack="0"/>
<pin id="349" dir="0" index="1" bw="48" slack="0"/>
<pin id="350" dir="0" index="2" bw="6" slack="0"/>
<pin id="351" dir="0" index="3" bw="6" slack="0"/>
<pin id="352" dir="1" index="4" bw="8" slack="0"/>
</pin_list>
<bind>
<opcode="partselect(1002) " fcode="partselect"/>
<opset="tmp_4/2 "/>
</bind>
</comp>

<comp id="357" class="1004" name="tmp_1_fu_357">
<pin_list>
<pin id="358" dir="0" index="0" bw="8" slack="0"/>
<pin id="359" dir="0" index="1" bw="8" slack="0"/>
<pin id="360" dir="0" index="2" bw="8" slack="0"/>
<pin id="361" dir="0" index="3" bw="8" slack="0"/>
<pin id="362" dir="0" index="4" bw="8" slack="0"/>
<pin id="363" dir="0" index="5" bw="8" slack="0"/>
<pin id="364" dir="0" index="6" bw="8" slack="0"/>
<pin id="365" dir="0" index="7" bw="8" slack="0"/>
<pin id="366" dir="0" index="8" bw="8" slack="0"/>
<pin id="367" dir="0" index="9" bw="3" slack="1"/>
<pin id="368" dir="1" index="10" bw="8" slack="0"/>
</pin_list>
<bind>
<opcode="mux(1196) " fcode="mux"/>
<opset="tmp_1/2 "/>
</bind>
</comp>

<comp id="378" class="1004" name="tmp_5_fu_378">
<pin_list>
<pin id="379" dir="0" index="0" bw="8" slack="0"/>
<pin id="380" dir="0" index="1" bw="48" slack="0"/>
<pin id="381" dir="0" index="2" bw="7" slack="0"/>
<pin id="382" dir="0" index="3" bw="7" slack="0"/>
<pin id="383" dir="1" index="4" bw="8" slack="0"/>
</pin_list>
<bind>
<opcode="partselect(1002) " fcode="partselect"/>
<opset="tmp_5/2 "/>
</bind>
</comp>

<comp id="388" class="1004" name="select_ln235_3_fu_388">
<pin_list>
<pin id="389" dir="0" index="0" bw="1" slack="1"/>
<pin id="390" dir="0" index="1" bw="8" slack="0"/>
<pin id="391" dir="0" index="2" bw="8" slack="0"/>
<pin id="392" dir="1" index="3" bw="8" slack="0"/>
</pin_list>
<bind>
<opcode="select(49) " fcode="select"/>
<opset="select_ln235_3/2 "/>
</bind>
</comp>

<comp id="395" class="1004" name="select_ln235_4_fu_395">
<pin_list>
<pin id="396" dir="0" index="0" bw="1" slack="1"/>
<pin id="397" dir="0" index="1" bw="8" slack="0"/>
<pin id="398" dir="0" index="2" bw="8" slack="0"/>
<pin id="399" dir="1" index="3" bw="8" slack="0"/>
</pin_list>
<bind>
<opcode="select(49) " fcode="select"/>
<opset="select_ln235_4/2 "/>
</bind>
</comp>

<comp id="402" class="1004" name="p_0_fu_402">
<pin_list>
<pin id="403" dir="0" index="0" bw="48" slack="0"/>
<pin id="404" dir="0" index="1" bw="8" slack="0"/>
<pin id="405" dir="0" index="2" bw="8" slack="0"/>
<pin id="406" dir="0" index="3" bw="8" slack="0"/>
<pin id="407" dir="0" index="4" bw="8" slack="0"/>
<pin id="408" dir="0" index="5" bw="8" slack="0"/>
<pin id="409" dir="0" index="6" bw="8" slack="0"/>
<pin id="410" dir="1" index="7" bw="48" slack="0"/>
</pin_list>
<bind>
<opcode="bitconcatenate(1004) " fcode="bitconcatenate"/>
<opset="p_0/2 "/>
</bind>
</comp>

<comp id="419" class="1004" name="axi_data_V_load_load_fu_419">
<pin_list>
<pin id="420" dir="0" index="0" bw="48" slack="0"/>
<pin id="421" dir="1" index="1" bw="48" slack="0"/>
</pin_list>
<bind>
<opcode="load(27) " fcode="load"/>
<opset="axi_data_V_load/1 "/>
</bind>
</comp>

<comp id="423" class="1005" name="j_reg_423">
<pin_list>
<pin id="424" dir="0" index="0" bw="11" slack="0"/>
<pin id="425" dir="1" index="1" bw="11" slack="0"/>
</pin_list>
<bind>
<opset="j "/>
</bind>
</comp>

<comp id="430" class="1005" name="axi_data_V_reg_430">
<pin_list>
<pin id="431" dir="0" index="0" bw="48" slack="0"/>
<pin id="432" dir="1" index="1" bw="48" slack="0"/>
</pin_list>
<bind>
<opset="axi_data_V "/>
</bind>
</comp>

<comp id="438" class="1005" name="axi_last_V_reg_438">
<pin_list>
<pin id="439" dir="0" index="0" bw="1" slack="0"/>
<pin id="440" dir="1" index="1" bw="1" slack="0"/>
</pin_list>
<bind>
<opset="axi_last_V "/>
</bind>
</comp>

<comp id="445" class="1005" name="icmp_ln235_read_reg_445">
<pin_list>
<pin id="446" dir="0" index="0" bw="1" slack="1"/>
<pin id="447" dir="1" index="1" bw="1" slack="1"/>
</pin_list>
<bind>
<opset="icmp_ln235_read "/>
</bind>
</comp>

<comp id="451" class="1005" name="p_read26_reg_451">
<pin_list>
<pin id="452" dir="0" index="0" bw="3" slack="1"/>
<pin id="453" dir="1" index="1" bw="3" slack="1"/>
</pin_list>
<bind>
<opset="p_read26 "/>
</bind>
</comp>

<comp id="456" class="1005" name="cond_read_reg_456">
<pin_list>
<pin id="457" dir="0" index="0" bw="1" slack="1"/>
<pin id="458" dir="1" index="1" bw="1" slack="1"/>
</pin_list>
<bind>
<opset="cond_read "/>
</bind>
</comp>

<comp id="463" class="1005" name="icmp_ln207_reg_463">
<pin_list>
<pin id="464" dir="0" index="0" bw="1" slack="1"/>
<pin id="465" dir="1" index="1" bw="1" slack="2147483647"/>
</pin_list>
<bind>
<opset="icmp_ln207 "/>
</bind>
</comp>

<comp id="470" class="1005" name="axi_last_V_4_reg_470">
<pin_list>
<pin id="471" dir="0" index="0" bw="1" slack="1"/>
<pin id="472" dir="1" index="1" bw="1" slack="1"/>
</pin_list>
<bind>
<opset="axi_last_V_4 "/>
</bind>
</comp>

</comp_list>

<net_list>
<net id="115"><net_src comp="34" pin="0"/><net_sink comp="112" pin=0"/></net>

<net id="119"><net_src comp="34" pin="0"/><net_sink comp="116" pin=0"/></net>

<net id="123"><net_src comp="34" pin="0"/><net_sink comp="120" pin=0"/></net>

<net id="128"><net_src comp="50" pin="0"/><net_sink comp="124" pin=0"/></net>

<net id="129"><net_src comp="12" pin="0"/><net_sink comp="124" pin=1"/></net>

<net id="134"><net_src comp="52" pin="0"/><net_sink comp="130" pin=0"/></net>

<net id="135"><net_src comp="10" pin="0"/><net_sink comp="130" pin=1"/></net>

<net id="140"><net_src comp="50" pin="0"/><net_sink comp="136" pin=0"/></net>

<net id="141"><net_src comp="8" pin="0"/><net_sink comp="136" pin=1"/></net>

<net id="146"><net_src comp="54" pin="0"/><net_sink comp="142" pin=0"/></net>

<net id="147"><net_src comp="6" pin="0"/><net_sink comp="142" pin=1"/></net>

<net id="152"><net_src comp="56" pin="0"/><net_sink comp="148" pin=0"/></net>

<net id="153"><net_src comp="4" pin="0"/><net_sink comp="148" pin=1"/></net>

<net id="158"><net_src comp="50" pin="0"/><net_sink comp="154" pin=0"/></net>

<net id="159"><net_src comp="2" pin="0"/><net_sink comp="154" pin=1"/></net>

<net id="164"><net_src comp="50" pin="0"/><net_sink comp="160" pin=0"/></net>

<net id="165"><net_src comp="0" pin="0"/><net_sink comp="160" pin=1"/></net>

<net id="176"><net_src comp="78" pin="0"/><net_sink comp="166" pin=0"/></net>

<net id="177"><net_src comp="16" pin="0"/><net_sink comp="166" pin=1"/></net>

<net id="178"><net_src comp="18" pin="0"/><net_sink comp="166" pin=2"/></net>

<net id="179"><net_src comp="20" pin="0"/><net_sink comp="166" pin=3"/></net>

<net id="180"><net_src comp="22" pin="0"/><net_sink comp="166" pin=4"/></net>

<net id="181"><net_src comp="24" pin="0"/><net_sink comp="166" pin=5"/></net>

<net id="182"><net_src comp="26" pin="0"/><net_sink comp="166" pin=6"/></net>

<net id="183"><net_src comp="28" pin="0"/><net_sink comp="166" pin=7"/></net>

<net id="189"><net_src comp="106" pin="0"/><net_sink comp="184" pin=0"/></net>

<net id="190"><net_src comp="14" pin="0"/><net_sink comp="184" pin=1"/></net>

<net id="196"><net_src comp="108" pin="0"/><net_sink comp="191" pin=0"/></net>

<net id="197"><net_src comp="30" pin="0"/><net_sink comp="191" pin=1"/></net>

<net id="203"><net_src comp="110" pin="0"/><net_sink comp="198" pin=0"/></net>

<net id="204"><net_src comp="32" pin="0"/><net_sink comp="198" pin=1"/></net>

<net id="214"><net_src comp="60" pin="0"/><net_sink comp="208" pin=2"/></net>

<net id="215"><net_src comp="208" pin="4"/><net_sink comp="191" pin=2"/></net>

<net id="225"><net_src comp="60" pin="0"/><net_sink comp="219" pin=0"/></net>

<net id="226"><net_src comp="160" pin="2"/><net_sink comp="219" pin=2"/></net>

<net id="231"><net_src comp="154" pin="2"/><net_sink comp="227" pin=0"/></net>

<net id="236"><net_src comp="148" pin="2"/><net_sink comp="232" pin=0"/></net>

<net id="241"><net_src comp="58" pin="0"/><net_sink comp="237" pin=0"/></net>

<net id="249"><net_src comp="242" pin="1"/><net_sink comp="245" pin=0"/></net>

<net id="250"><net_src comp="142" pin="2"/><net_sink comp="245" pin=1"/></net>

<net id="255"><net_src comp="242" pin="1"/><net_sink comp="251" pin=0"/></net>

<net id="256"><net_src comp="70" pin="0"/><net_sink comp="251" pin=1"/></net>

<net id="261"><net_src comp="219" pin="4"/><net_sink comp="257" pin=0"/></net>

<net id="262"><net_src comp="208" pin="4"/><net_sink comp="257" pin=1"/></net>

<net id="266"><net_src comp="166" pin="8"/><net_sink comp="263" pin=0"/></net>

<net id="270"><net_src comp="166" pin="8"/><net_sink comp="267" pin=0"/></net>

<net id="275"><net_src comp="267" pin="1"/><net_sink comp="271" pin=0"/></net>

<net id="280"><net_src comp="263" pin="1"/><net_sink comp="276" pin=0"/></net>

<net id="285"><net_src comp="251" pin="2"/><net_sink comp="281" pin=0"/></net>

<net id="298"><net_src comp="80" pin="0"/><net_sink comp="292" pin=0"/></net>

<net id="299"><net_src comp="286" pin="1"/><net_sink comp="292" pin=1"/></net>

<net id="300"><net_src comp="82" pin="0"/><net_sink comp="292" pin=2"/></net>

<net id="301"><net_src comp="84" pin="0"/><net_sink comp="292" pin=3"/></net>

<net id="305"><net_src comp="286" pin="1"/><net_sink comp="302" pin=0"/></net>

<net id="311"><net_src comp="292" pin="4"/><net_sink comp="306" pin=1"/></net>

<net id="312"><net_src comp="302" pin="1"/><net_sink comp="306" pin=2"/></net>

<net id="319"><net_src comp="80" pin="0"/><net_sink comp="313" pin=0"/></net>

<net id="320"><net_src comp="286" pin="1"/><net_sink comp="313" pin=1"/></net>

<net id="321"><net_src comp="86" pin="0"/><net_sink comp="313" pin=2"/></net>

<net id="322"><net_src comp="88" pin="0"/><net_sink comp="313" pin=3"/></net>

<net id="328"><net_src comp="302" pin="1"/><net_sink comp="323" pin=1"/></net>

<net id="329"><net_src comp="313" pin="4"/><net_sink comp="323" pin=2"/></net>

<net id="335"><net_src comp="313" pin="4"/><net_sink comp="330" pin=1"/></net>

<net id="336"><net_src comp="292" pin="4"/><net_sink comp="330" pin=2"/></net>

<net id="343"><net_src comp="80" pin="0"/><net_sink comp="337" pin=0"/></net>

<net id="344"><net_src comp="286" pin="1"/><net_sink comp="337" pin=1"/></net>

<net id="345"><net_src comp="90" pin="0"/><net_sink comp="337" pin=2"/></net>

<net id="346"><net_src comp="92" pin="0"/><net_sink comp="337" pin=3"/></net>

<net id="353"><net_src comp="80" pin="0"/><net_sink comp="347" pin=0"/></net>

<net id="354"><net_src comp="286" pin="1"/><net_sink comp="347" pin=1"/></net>

<net id="355"><net_src comp="94" pin="0"/><net_sink comp="347" pin=2"/></net>

<net id="356"><net_src comp="96" pin="0"/><net_sink comp="347" pin=3"/></net>

<net id="369"><net_src comp="98" pin="0"/><net_sink comp="357" pin=0"/></net>

<net id="370"><net_src comp="337" pin="4"/><net_sink comp="357" pin=1"/></net>

<net id="371"><net_src comp="347" pin="4"/><net_sink comp="357" pin=2"/></net>

<net id="372"><net_src comp="292" pin="4"/><net_sink comp="357" pin=3"/></net>

<net id="373"><net_src comp="292" pin="4"/><net_sink comp="357" pin=4"/></net>

<net id="374"><net_src comp="292" pin="4"/><net_sink comp="357" pin=5"/></net>

<net id="375"><net_src comp="292" pin="4"/><net_sink comp="357" pin=6"/></net>

<net id="376"><net_src comp="292" pin="4"/><net_sink comp="357" pin=7"/></net>

<net id="377"><net_src comp="292" pin="4"/><net_sink comp="357" pin=8"/></net>

<net id="384"><net_src comp="80" pin="0"/><net_sink comp="378" pin=0"/></net>

<net id="385"><net_src comp="286" pin="1"/><net_sink comp="378" pin=1"/></net>

<net id="386"><net_src comp="100" pin="0"/><net_sink comp="378" pin=2"/></net>

<net id="387"><net_src comp="102" pin="0"/><net_sink comp="378" pin=3"/></net>

<net id="393"><net_src comp="378" pin="4"/><net_sink comp="388" pin=1"/></net>

<net id="394"><net_src comp="347" pin="4"/><net_sink comp="388" pin=2"/></net>

<net id="400"><net_src comp="337" pin="4"/><net_sink comp="395" pin=1"/></net>

<net id="401"><net_src comp="378" pin="4"/><net_sink comp="395" pin=2"/></net>

<net id="411"><net_src comp="104" pin="0"/><net_sink comp="402" pin=0"/></net>

<net id="412"><net_src comp="395" pin="3"/><net_sink comp="402" pin=1"/></net>

<net id="413"><net_src comp="388" pin="3"/><net_sink comp="402" pin=2"/></net>

<net id="414"><net_src comp="357" pin="10"/><net_sink comp="402" pin=3"/></net>

<net id="415"><net_src comp="330" pin="3"/><net_sink comp="402" pin=4"/></net>

<net id="416"><net_src comp="323" pin="3"/><net_sink comp="402" pin=5"/></net>

<net id="417"><net_src comp="306" pin="3"/><net_sink comp="402" pin=6"/></net>

<net id="418"><net_src comp="402" pin="7"/><net_sink comp="184" pin=2"/></net>

<net id="422"><net_src comp="419" pin="1"/><net_sink comp="198" pin=2"/></net>

<net id="426"><net_src comp="112" pin="1"/><net_sink comp="423" pin=0"/></net>

<net id="427"><net_src comp="423" pin="1"/><net_sink comp="237" pin=1"/></net>

<net id="428"><net_src comp="423" pin="1"/><net_sink comp="242" pin=0"/></net>

<net id="429"><net_src comp="423" pin="1"/><net_sink comp="281" pin=1"/></net>

<net id="433"><net_src comp="116" pin="1"/><net_sink comp="430" pin=0"/></net>

<net id="434"><net_src comp="430" pin="1"/><net_sink comp="232" pin=1"/></net>

<net id="435"><net_src comp="430" pin="1"/><net_sink comp="276" pin=1"/></net>

<net id="436"><net_src comp="430" pin="1"/><net_sink comp="286" pin=0"/></net>

<net id="437"><net_src comp="430" pin="1"/><net_sink comp="419" pin=0"/></net>

<net id="441"><net_src comp="120" pin="1"/><net_sink comp="438" pin=0"/></net>

<net id="442"><net_src comp="438" pin="1"/><net_sink comp="227" pin=1"/></net>

<net id="443"><net_src comp="438" pin="1"/><net_sink comp="271" pin=1"/></net>

<net id="444"><net_src comp="438" pin="1"/><net_sink comp="289" pin=0"/></net>

<net id="448"><net_src comp="124" pin="2"/><net_sink comp="445" pin=0"/></net>

<net id="449"><net_src comp="445" pin="1"/><net_sink comp="388" pin=0"/></net>

<net id="450"><net_src comp="445" pin="1"/><net_sink comp="395" pin=0"/></net>

<net id="454"><net_src comp="130" pin="2"/><net_sink comp="451" pin=0"/></net>

<net id="455"><net_src comp="451" pin="1"/><net_sink comp="357" pin=9"/></net>

<net id="459"><net_src comp="136" pin="2"/><net_sink comp="456" pin=0"/></net>

<net id="460"><net_src comp="456" pin="1"/><net_sink comp="306" pin=0"/></net>

<net id="461"><net_src comp="456" pin="1"/><net_sink comp="323" pin=0"/></net>

<net id="462"><net_src comp="456" pin="1"/><net_sink comp="330" pin=0"/></net>

<net id="466"><net_src comp="245" pin="2"/><net_sink comp="463" pin=0"/></net>

<net id="473"><net_src comp="289" pin="1"/><net_sink comp="470" pin=0"/></net>

<net id="474"><net_src comp="470" pin="1"/><net_sink comp="208" pin=0"/></net>

</net_list>

</model> 
---------------- Datapath Model END ------------------

* FSMD analyzer results:
  - Output states:
	Port: img | {2 }
	Port: eol_out | {1 }
	Port: axi_data_V_3_out | {1 }
 - Input state : 
	Port: AXIvideo2MultiPixStream_Pipeline_loop_width : sof_2 | {1 }
	Port: AXIvideo2MultiPixStream_Pipeline_loop_width : axi_last_V_2 | {1 }
	Port: AXIvideo2MultiPixStream_Pipeline_loop_width : axi_data_V_2 | {1 }
	Port: AXIvideo2MultiPixStream_Pipeline_loop_width : div_cast | {1 }
	Port: AXIvideo2MultiPixStream_Pipeline_loop_width : cond | {1 }
	Port: AXIvideo2MultiPixStream_Pipeline_loop_width : p_read2 | {1 }
	Port: AXIvideo2MultiPixStream_Pipeline_loop_width : icmp_ln235 | {1 }
	Port: AXIvideo2MultiPixStream_Pipeline_loop_width : s_axis_video_V_data_V | {1 }
	Port: AXIvideo2MultiPixStream_Pipeline_loop_width : s_axis_video_V_keep_V | {1 }
	Port: AXIvideo2MultiPixStream_Pipeline_loop_width : s_axis_video_V_strb_V | {1 }
	Port: AXIvideo2MultiPixStream_Pipeline_loop_width : s_axis_video_V_user_V | {1 }
	Port: AXIvideo2MultiPixStream_Pipeline_loop_width : s_axis_video_V_last_V | {1 }
	Port: AXIvideo2MultiPixStream_Pipeline_loop_width : s_axis_video_V_id_V | {1 }
	Port: AXIvideo2MultiPixStream_Pipeline_loop_width : s_axis_video_V_dest_V | {1 }
  - Chain level:
	State 1
		store_ln0 : 1
		eol : 1
		sof : 1
		j_1 : 1
		icmp_ln207 : 2
		j_2 : 2
		br_ln207 : 3
		or_ln210 : 2
		br_ln210 : 2
		store_ln283 : 1
		store_ln283 : 1
		store_ln207 : 3
		axi_data_V_load : 1
		write_ln0 : 2
		write_ln0 : 2
	State 2
		tmp_s : 1
		trunc_ln674 : 1
		select_ln235_2 : 2
		tmp_2 : 1
		select_ln235 : 2
		select_ln235_1 : 2
		tmp_3 : 1
		tmp_4 : 1
		tmp_1 : 2
		tmp_5 : 1
		select_ln235_3 : 2
		select_ln235_4 : 2
		p_0 : 3
		write_ln174 : 4


============================================================
+ Verbose Summary: Datapath Resource usage 
============================================================

* Functional unit list:
|----------|-------------------------------|---------|---------|
| Operation|        Functional Unit        |    FF   |   LUT   |
|----------|-------------------------------|---------|---------|
|    mux   |          tmp_1_fu_357         |    0    |    43   |
|----------|-------------------------------|---------|---------|
|          |     select_ln235_2_fu_306     |    0    |    8    |
|          |      select_ln235_fu_323      |    0    |    8    |
|  select  |     select_ln235_1_fu_330     |    0    |    8    |
|          |     select_ln235_3_fu_388     |    0    |    8    |
|          |     select_ln235_4_fu_395     |    0    |    8    |
|----------|-------------------------------|---------|---------|
|    add   |           j_2_fu_251          |    0    |    18   |
|----------|-------------------------------|---------|---------|
|   icmp   |       icmp_ln207_fu_245       |    0    |    11   |
|----------|-------------------------------|---------|---------|
|    or    |        or_ln210_fu_257        |    0    |    2    |
|----------|-------------------------------|---------|---------|
|          |  icmp_ln235_read_read_fu_124  |    0    |    0    |
|          |      p_read26_read_fu_130     |    0    |    0    |
|          |     cond_read_read_fu_136     |    0    |    0    |
|   read   |   div_cast_read_read_fu_142   |    0    |    0    |
|          | axi_data_V_2_read_read_fu_148 |    0    |    0    |
|          | axi_last_V_2_read_read_fu_154 |    0    |    0    |
|          |     sof_2_read_read_fu_160    |    0    |    0    |
|          |       empty_read_fu_166       |    0    |    0    |
|----------|-------------------------------|---------|---------|
|          |    write_ln174_write_fu_184   |    0    |    0    |
|   write  |     write_ln0_write_fu_191    |    0    |    0    |
|          |     write_ln0_write_fu_198    |    0    |    0    |
|----------|-------------------------------|---------|---------|
|extractvalue|       tmp_data_V_fu_263       |    0    |    0    |
|          |       tmp_last_V_fu_267       |    0    |    0    |
|----------|-------------------------------|---------|---------|
|          |          tmp_s_fu_292         |    0    |    0    |
|          |          tmp_2_fu_313         |    0    |    0    |
|partselect|          tmp_3_fu_337         |    0    |    0    |
|          |          tmp_4_fu_347         |    0    |    0    |
|          |          tmp_5_fu_378         |    0    |    0    |
|----------|-------------------------------|---------|---------|
|   trunc  |       trunc_ln674_fu_302      |    0    |    0    |
|----------|-------------------------------|---------|---------|
|bitconcatenate|           p_0_fu_402          |    0    |    0    |
|----------|-------------------------------|---------|---------|
|   Total  |                               |    0    |   114   |
|----------|-------------------------------|---------|---------|

Memories:
N/A

* Register list:
+-----------------------+--------+
|                       |   FF   |
+-----------------------+--------+
|   axi_data_V_reg_430  |   48   |
|  axi_last_V_4_reg_470 |    1   |
|   axi_last_V_reg_438  |    1   |
|   cond_read_reg_456   |    1   |
|      eol_reg_205      |    1   |
|   icmp_ln207_reg_463  |    1   |
|icmp_ln235_read_reg_445|    1   |
|       j_reg_423       |   11   |
|    p_read26_reg_451   |    3   |
|      sof_reg_216      |    1   |
+-----------------------+--------+
|         Total         |   69   |
+-----------------------+--------+

* Multiplexer (MUX) list: 
|--------|------|------|------|--------|
|  Comp  |  Pin | Size |  BW  | S x BW |
|--------|------|------|------|--------|
|  Total |      |      |      |    0   |
|--------|------|------|------|--------|



* Summary:
+-----------+--------+--------+
|           |   FF   |   LUT  |
+-----------+--------+--------+
|  Function |    0   |   114  |
|   Memory  |    -   |    -   |
|Multiplexer|    -   |    -   |
|  Register |   69   |    -   |
+-----------+--------+--------+
|   Total   |   69   |   114  |
+-----------+--------+--------+
