

================================================================
== Vitis HLS Report for 'MultiPixStream2Bytes'
================================================================
* Date:           Thu Sep 21 21:26:34 2023

* Version:        2022.1 (Build 3526262 on Mon Apr 18 15:47:01 MDT 2022)
* Project:        prj
* Solution:       sol (Vivado IP Flow Target)
* Product family: zynquplus
* Target device:  xck26-sfvc784-2LV-c


================================================================
== Performance Estimates
================================================================
+ Timing: 
    * Summary: 
    +--------+---------+----------+------------+
    |  Clock |  Target | Estimated| Uncertainty|
    +--------+---------+----------+------------+
    |ap_clk  |  3.33 ns|  2.433 ns|     0.90 ns|
    +--------+---------+----------+------------+

+ Latency: 
    * Summary: 
    +---------+-----------+----------+-----------+-----+-----------+---------+
    |   Latency (cycles)  |  Latency (absolute)  |     Interval    | Pipeline|
    |   min   |    max    |    min   |    max    | min |    max    |   Type  |
    +---------+-----------+----------+-----------+-----+-----------+---------+
    |        1|  141588002|  3.333 ns|  0.472 sec|    1|  141588002|       no|
    +---------+-----------+----------+-----------+-----+-----------+---------+

    + Detail: 
        * Instance: 
        +-----------------------------------------------------------+------------------------------------------------+---------+---------+-----------+----------+-----+-------+---------+
        |                                                           |                                                |  Latency (cycles) |  Latency (absolute)  |   Interval  | Pipeline|
        |                          Instance                         |                     Module                     |   min   |   max   |    min    |    max   | min |  max  |   Type  |
        +-----------------------------------------------------------+------------------------------------------------+---------+---------+-----------+----------+-----+-------+---------+
        |grp_MultiPixStream2Bytes_Pipeline_VITIS_LOOP_586_1_fu_200  |MultiPixStream2Bytes_Pipeline_VITIS_LOOP_586_1  |        4|    32772|  13.332 ns|  0.109 ms|    4|  32772|       no|
        +-----------------------------------------------------------+------------------------------------------------+---------+---------+-----------+----------+-----+-------+---------+

        * Loop: 
        +------------------------+---------+-----------+-----------+-----------+-----------+----------+----------+
        |                        |   Latency (cycles)  | Iteration |  Initiation Interval  |   Trip   |          |
        |        Loop Name       |   min   |    max    |  Latency  |  achieved |   target  |   Count  | Pipelined|
        +------------------------+---------+-----------+-----------+-----------+-----------+----------+----------+
        |- loop_Y_UV8_Y_UV8_420  |        0|  141588000|  7 ~ 32775|          -|          -|  0 ~ 4320|        no|
        +------------------------+---------+-----------+-----------+-----------+-----------+----------+----------+

============================================================
+ Verbose Summary: Synthesis Manager
============================================================
InlineROM: 1
ExposeGlobal: 0
============================================================
+ Verbose Summary: CDFG Model
============================================================
IsTopModel: 0
ResetActiveHigh: 1
IsCombinational: 2
IsDatapathOnly: 0
HasWiredReturn: 1
HasMFsm: 0
HasVarLatency: 1
IsPipeline: 0
IsRtlPipelined: 0
IsInstanceOverlapped: 0
IsDontTouch: 0
HasImplIP: 0
IsGatedGlobalClock: 0


============================================================
+ Verbose Summary: Schedule
============================================================
* Number of FSM states : 5
* Pipeline : 0
* Dataflow Pipeline: 0

* FSM state transitions: 
1 --> 2 3 
2 --> 3 
3 --> 4 
4 --> 5 
5 --> 3 

* FSM state operations: 

State 1 <SV = 0> <Delay = 2.43>
ST_1 : Operation 6 [1/1] (0.00ns)   --->   "%specinterface_ln0 = specinterface void @_ssdm_op_SpecInterface, i6 %VideoFormat, void @ap_fifo_str, i32 0, i32 0, void @p_str, i32 0, i32 0, void @p_str, void @p_str, void @p_str, i32 2, i32 2, i32 16, i32 16, void @p_str, void @ScalarProp_str, i32 4294967295, i32 0"   --->   Operation 6 'specinterface' 'specinterface_ln0' <Predicate = true> <Delay = 0.00>
ST_1 : Operation 7 [1/1] (1.21ns)   --->   "%VideoFormat_read = read i6 @_ssdm_op_Read.ap_fifo.i6P0A, i6 %VideoFormat"   --->   Operation 7 'read' 'VideoFormat_read' <Predicate = true> <Delay = 1.21> <CoreInst = "FIFO_SRL">   --->   Core 81 'FIFO_SRL' <Latency = 0> <II = 1> <Delay = 1.83> <Storage> <Opcode : 'read' 'write' 'nbread' 'nbwrite'> <Ports = 0> <Width = 6> <Depth = 3> <FIFO>
ST_1 : Operation 8 [1/1] (0.00ns)   --->   "%specinterface_ln0 = specinterface void @_ssdm_op_SpecInterface, i6 %video_format_c, void @ap_fifo_str, i32 0, i32 0, void @p_str, i32 0, i32 0, void @p_str, void @p_str, void @p_str, i32 2, i32 2, i32 16, i32 16, void @p_str, void @ScalarProp_str, i32 4294967295, i32 0"   --->   Operation 8 'specinterface' 'specinterface_ln0' <Predicate = true> <Delay = 0.00>
ST_1 : Operation 9 [1/1] (1.21ns)   --->   "%write_ln0 = write void @_ssdm_op_Write.ap_fifo.i6P0A, i6 %video_format_c, i6 %VideoFormat_read"   --->   Operation 9 'write' 'write_ln0' <Predicate = true> <Delay = 1.21> <CoreInst = "FIFO_SRL">   --->   Core 81 'FIFO_SRL' <Latency = 0> <II = 1> <Delay = 1.83> <Storage> <Opcode : 'read' 'write' 'nbread' 'nbwrite'> <Ports = 0> <Width = 6> <Depth = 2> <FIFO>
ST_1 : Operation 10 [1/1] (0.00ns)   --->   "%specinterface_ln0 = specinterface void @_ssdm_op_SpecInterface, i12 %Height, void @ap_fifo_str, i32 0, i32 0, void @p_str, i32 0, i32 0, void @p_str, void @p_str, void @p_str, i32 2, i32 2, i32 16, i32 16, void @p_str, void @ScalarProp_str, i32 4294967295, i32 0"   --->   Operation 10 'specinterface' 'specinterface_ln0' <Predicate = true> <Delay = 0.00>
ST_1 : Operation 11 [1/1] (1.21ns)   --->   "%Height_read = read i12 @_ssdm_op_Read.ap_fifo.i12P0A, i12 %Height"   --->   Operation 11 'read' 'Height_read' <Predicate = true> <Delay = 1.21> <CoreInst = "FIFO_SRL">   --->   Core 81 'FIFO_SRL' <Latency = 0> <II = 1> <Delay = 1.83> <Storage> <Opcode : 'read' 'write' 'nbread' 'nbwrite'> <Ports = 0> <Width = 12> <Depth = 2> <FIFO>
ST_1 : Operation 12 [1/1] (0.00ns)   --->   "%specinterface_ln0 = specinterface void @_ssdm_op_SpecInterface, i12 %height_c, void @ap_fifo_str, i32 0, i32 0, void @p_str, i32 0, i32 0, void @p_str, void @p_str, void @p_str, i32 2, i32 2, i32 16, i32 16, void @p_str, void @ScalarProp_str, i32 4294967295, i32 0"   --->   Operation 12 'specinterface' 'specinterface_ln0' <Predicate = true> <Delay = 0.00>
ST_1 : Operation 13 [1/1] (1.21ns)   --->   "%write_ln0 = write void @_ssdm_op_Write.ap_fifo.i12P0A, i12 %height_c, i12 %Height_read"   --->   Operation 13 'write' 'write_ln0' <Predicate = true> <Delay = 1.21> <CoreInst = "FIFO_SRL">   --->   Core 81 'FIFO_SRL' <Latency = 0> <II = 1> <Delay = 1.83> <Storage> <Opcode : 'read' 'write' 'nbread' 'nbwrite'> <Ports = 0> <Width = 12> <Depth = 2> <FIFO>
ST_1 : Operation 14 [1/1] (0.00ns)   --->   "%specinterface_ln0 = specinterface void @_ssdm_op_SpecInterface, i15 %WidthInBytes, void @ap_fifo_str, i32 0, i32 0, void @p_str, i32 0, i32 0, void @p_str, void @p_str, void @p_str, i32 2, i32 2, i32 16, i32 16, void @p_str, void @ScalarProp_str, i32 4294967295, i32 0"   --->   Operation 14 'specinterface' 'specinterface_ln0' <Predicate = true> <Delay = 0.00>
ST_1 : Operation 15 [1/1] (1.21ns)   --->   "%widthInPix = read i15 @_ssdm_op_Read.ap_fifo.i15P0A, i15 %WidthInBytes"   --->   Operation 15 'read' 'widthInPix' <Predicate = true> <Delay = 1.21> <CoreInst = "FIFO_SRL">   --->   Core 81 'FIFO_SRL' <Latency = 0> <II = 1> <Delay = 1.83> <Storage> <Opcode : 'read' 'write' 'nbread' 'nbwrite'> <Ports = 0> <Width = 15> <Depth = 3> <FIFO>
ST_1 : Operation 16 [1/1] (0.00ns)   --->   "%specinterface_ln0 = specinterface void @_ssdm_op_SpecInterface, i15 %WidthInBytes_c, void @ap_fifo_str, i32 0, i32 0, void @p_str, i32 0, i32 0, void @p_str, void @p_str, void @p_str, i32 2, i32 2, i32 16, i32 16, void @p_str, void @ScalarProp_str, i32 4294967295, i32 0"   --->   Operation 16 'specinterface' 'specinterface_ln0' <Predicate = true> <Delay = 0.00>
ST_1 : Operation 17 [1/1] (1.21ns)   --->   "%write_ln0 = write void @_ssdm_op_Write.ap_fifo.i15P0A, i15 %WidthInBytes_c, i15 %widthInPix"   --->   Operation 17 'write' 'write_ln0' <Predicate = true> <Delay = 1.21> <CoreInst = "FIFO_SRL">   --->   Core 81 'FIFO_SRL' <Latency = 0> <II = 1> <Delay = 1.83> <Storage> <Opcode : 'read' 'write' 'nbread' 'nbwrite'> <Ports = 0> <Width = 15> <Depth = 2> <FIFO>
ST_1 : Operation 18 [1/1] (0.00ns)   --->   "%specmemcore_ln0 = specmemcore void @_ssdm_op_SpecMemCore, i128 %bytePlanes_plane01, i64 666, i64 8, i64 18446744073709551615"   --->   Operation 18 'specmemcore' 'specmemcore_ln0' <Predicate = true> <Delay = 0.00>
ST_1 : Operation 19 [1/1] (0.00ns)   --->   "%specmemcore_ln0 = specmemcore void @_ssdm_op_SpecMemCore, i128 %bytePlanes_plane12, i64 666, i64 8, i64 18446744073709551615"   --->   Operation 19 'specmemcore' 'specmemcore_ln0' <Predicate = true> <Delay = 0.00>
ST_1 : Operation 20 [1/1] (0.00ns)   --->   "%specinterface_ln0 = specinterface void @_ssdm_op_SpecInterface, i128 %bytePlanes_plane12, void @empty_16, i32 0, i32 0, void @empty_1, i32 0, i32 0, void @empty_1, void @empty_1, void @empty_1, i32 0, i32 0, i32 0, i32 0, void @empty_1, void @empty_1, i32 4294967295, i32 0"   --->   Operation 20 'specinterface' 'specinterface_ln0' <Predicate = true> <Delay = 0.00>
ST_1 : Operation 21 [1/1] (0.00ns)   --->   "%specinterface_ln0 = specinterface void @_ssdm_op_SpecInterface, i128 %bytePlanes_plane01, void @empty_16, i32 0, i32 0, void @empty_1, i32 0, i32 0, void @empty_1, void @empty_1, void @empty_1, i32 0, i32 0, i32 0, i32 0, void @empty_1, void @empty_1, i32 4294967295, i32 0"   --->   Operation 21 'specinterface' 'specinterface_ln0' <Predicate = true> <Delay = 0.00>
ST_1 : Operation 22 [1/1] (0.00ns)   --->   "%specinterface_ln0 = specinterface void @_ssdm_op_SpecInterface, i48 %img, void @empty_16, i32 0, i32 0, void @empty_1, i32 0, i32 0, void @empty_1, void @empty_1, void @empty_1, i32 0, i32 0, i32 0, i32 0, void @empty_1, void @empty_1, i32 4294967295, i32 0"   --->   Operation 22 'specinterface' 'specinterface_ln0' <Predicate = true> <Delay = 0.00>
ST_1 : Operation 23 [1/1] (0.44ns)   --->   "%switch_ln274 = switch i6 %VideoFormat_read, void %if.end187, i6 43, void %if.end194, i6 42, void %if.end193, i6 10, void %if.then9, i6 11, void %if.then9, i6 27, void %if.end191, i6 15, void %if.then20, i6 16, void %if.then20, i6 12, void %if.end189, i6 28, void %if.end188, i6 18, void %if.then35, i6 19, void %if.then35" [/home/anubhav/Documents/kria-vitis-platforms/kv260/platforms/vivado/kv260_ispMipiRx_vcu_DP/project/kv260_ispMipiRx_vcu_DP.runs/kv260_ispMipiRx_vcu_DP_v_frmbuf_wr_0_0_synth_1/prj/sol/.autopilot/db/v_frmbuf_wr.cpp:274]   --->   Operation 23 'switch' 'switch_ln274' <Predicate = true> <Delay = 0.44>
ST_1 : Operation 24 [1/1] (0.00ns)   --->   "%y = alloca i32 1"   --->   Operation 24 'alloca' 'y' <Predicate = (VideoFormat_read == 19) | (VideoFormat_read == 18)> <Delay = 0.00>
ST_1 : Operation 25 [1/1] (0.00ns)   --->   "%p_0_0_0_0_0_751_lcssa99 = alloca i32 1"   --->   Operation 25 'alloca' 'p_0_0_0_0_0_751_lcssa99' <Predicate = (VideoFormat_read == 19) | (VideoFormat_read == 18)> <Delay = 0.00>
ST_1 : Operation 26 [1/1] (0.00ns)   --->   "%p_0_1_0_0_0_760_lcssa102 = alloca i32 1"   --->   Operation 26 'alloca' 'p_0_1_0_0_0_760_lcssa102' <Predicate = (VideoFormat_read == 19) | (VideoFormat_read == 18)> <Delay = 0.00>
ST_1 : Operation 27 [1/1] (0.00ns)   --->   "%p_0_3_0_0_0_778_lcssa108 = alloca i32 1"   --->   Operation 27 'alloca' 'p_0_3_0_0_0_778_lcssa108' <Predicate = (VideoFormat_read == 19) | (VideoFormat_read == 18)> <Delay = 0.00>
ST_1 : Operation 28 [1/1] (0.00ns)   --->   "%p_0_4_0_0_0_787_lcssa111 = alloca i32 1"   --->   Operation 28 'alloca' 'p_0_4_0_0_0_787_lcssa111' <Predicate = (VideoFormat_read == 19) | (VideoFormat_read == 18)> <Delay = 0.00>
ST_1 : Operation 29 [1/1] (0.78ns)   --->   "%notlhs = icmp_ne  i6 %VideoFormat_read, i6 19"   --->   Operation 29 'icmp' 'notlhs' <Predicate = (VideoFormat_read == 19) | (VideoFormat_read == 18)> <Delay = 0.78> <CoreInst = "Cmp">   --->   Core 9 'Cmp' <Latency = 0> <II = 1> <Delay = 0.78> <FuncUnit> <Opcode : 'icmp'> <InPorts = 2> <OutPorts = 1>
ST_1 : Operation 30 [1/1] (0.42ns)   --->   "%store_ln583 = store i12 0, i12 %y" [/home/anubhav/Documents/kria-vitis-platforms/kv260/platforms/vivado/kv260_ispMipiRx_vcu_DP/project/kv260_ispMipiRx_vcu_DP.runs/kv260_ispMipiRx_vcu_DP_v_frmbuf_wr_0_0_synth_1/prj/sol/.autopilot/db/v_frmbuf_wr.cpp:583]   --->   Operation 30 'store' 'store_ln583' <Predicate = (VideoFormat_read == 19) | (VideoFormat_read == 18)> <Delay = 0.42>
ST_1 : Operation 31 [1/1] (0.00ns)   --->   "%br_ln494 = br void %if.end190" [/home/anubhav/Documents/kria-vitis-platforms/kv260/platforms/vivado/kv260_ispMipiRx_vcu_DP/project/kv260_ispMipiRx_vcu_DP.runs/kv260_ispMipiRx_vcu_DP_v_frmbuf_wr_0_0_synth_1/prj/sol/.autopilot/db/v_frmbuf_wr.cpp:494]   --->   Operation 31 'br' 'br_ln494' <Predicate = (VideoFormat_read == 16) | (VideoFormat_read == 15)> <Delay = 0.00>
ST_1 : Operation 32 [1/1] (0.00ns)   --->   "%br_ln415 = br void %if.end192" [/home/anubhav/Documents/kria-vitis-platforms/kv260/platforms/vivado/kv260_ispMipiRx_vcu_DP/project/kv260_ispMipiRx_vcu_DP.runs/kv260_ispMipiRx_vcu_DP_v_frmbuf_wr_0_0_synth_1/prj/sol/.autopilot/db/v_frmbuf_wr.cpp:415]   --->   Operation 32 'br' 'br_ln415' <Predicate = (VideoFormat_read == 11) | (VideoFormat_read == 10)> <Delay = 0.00>

State 2 <SV = 1> <Delay = 1.83>
ST_2 : Operation 33 [1/1] (0.00ns)   --->   "%remainPix = trunc i15 %widthInPix" [/home/anubhav/Documents/kria-vitis-platforms/kv260/platforms/vivado/kv260_ispMipiRx_vcu_DP/project/kv260_ispMipiRx_vcu_DP.runs/kv260_ispMipiRx_vcu_DP_v_frmbuf_wr_0_0_synth_1/prj/sol/.autopilot/db/v_frmbuf_wr.cpp:571]   --->   Operation 33 'trunc' 'remainPix' <Predicate = true> <Delay = 0.00>
ST_2 : Operation 34 [1/1] (0.00ns)   --->   "%zext_ln571 = zext i15 %widthInPix" [/home/anubhav/Documents/kria-vitis-platforms/kv260/platforms/vivado/kv260_ispMipiRx_vcu_DP/project/kv260_ispMipiRx_vcu_DP.runs/kv260_ispMipiRx_vcu_DP_v_frmbuf_wr_0_0_synth_1/prj/sol/.autopilot/db/v_frmbuf_wr.cpp:571]   --->   Operation 34 'zext' 'zext_ln571' <Predicate = true> <Delay = 0.00>
ST_2 : Operation 35 [1/1] (0.84ns)   --->   "%add_ln571 = add i16 %zext_ln571, i16 15" [/home/anubhav/Documents/kria-vitis-platforms/kv260/platforms/vivado/kv260_ispMipiRx_vcu_DP/project/kv260_ispMipiRx_vcu_DP.runs/kv260_ispMipiRx_vcu_DP_v_frmbuf_wr_0_0_synth_1/prj/sol/.autopilot/db/v_frmbuf_wr.cpp:571]   --->   Operation 35 'add' 'add_ln571' <Predicate = true> <Delay = 0.84> <CoreInst = "Adder">   --->   Core 1 'Adder' <Latency = 0> <II = 1> <Delay = 0.84> <FuncUnit> <Opcode : 'add' 'sub'> <InPorts = 2> <OutPorts = 1>
ST_2 : Operation 36 [1/1] (0.00ns)   --->   "%trunc_ln571_1 = partselect i12 @_ssdm_op_PartSelect.i12.i16.i32.i32, i16 %add_ln571, i32 4, i32 15" [/home/anubhav/Documents/kria-vitis-platforms/kv260/platforms/vivado/kv260_ispMipiRx_vcu_DP/project/kv260_ispMipiRx_vcu_DP.runs/kv260_ispMipiRx_vcu_DP_v_frmbuf_wr_0_0_synth_1/prj/sol/.autopilot/db/v_frmbuf_wr.cpp:571]   --->   Operation 36 'partselect' 'trunc_ln571_1' <Predicate = true> <Delay = 0.00>
ST_2 : Operation 37 [1/1] (0.72ns)   --->   "%icmp_ln576 = icmp_eq  i4 %remainPix, i4 0" [/home/anubhav/Documents/kria-vitis-platforms/kv260/platforms/vivado/kv260_ispMipiRx_vcu_DP/project/kv260_ispMipiRx_vcu_DP.runs/kv260_ispMipiRx_vcu_DP_v_frmbuf_wr_0_0_synth_1/prj/sol/.autopilot/db/v_frmbuf_wr.cpp:576]   --->   Operation 37 'icmp' 'icmp_ln576' <Predicate = true> <Delay = 0.72> <CoreInst = "Cmp">   --->   Core 9 'Cmp' <Latency = 0> <II = 1> <Delay = 0.72> <FuncUnit> <Opcode : 'icmp'> <InPorts = 2> <OutPorts = 1>
ST_2 : Operation 38 [1/1] (0.00ns)   --->   "%lshr_ln = partselect i3 @_ssdm_op_PartSelect.i3.i15.i32.i32, i15 %widthInPix, i32 1, i32 3" [/home/anubhav/Documents/kria-vitis-platforms/kv260/platforms/vivado/kv260_ispMipiRx_vcu_DP/project/kv260_ispMipiRx_vcu_DP.runs/kv260_ispMipiRx_vcu_DP_v_frmbuf_wr_0_0_synth_1/prj/sol/.autopilot/db/v_frmbuf_wr.cpp:578]   --->   Operation 38 'partselect' 'lshr_ln' <Predicate = true> <Delay = 0.00>
ST_2 : Operation 39 [1/1] (0.00ns)   --->   "%zext_ln578 = zext i3 %lshr_ln" [/home/anubhav/Documents/kria-vitis-platforms/kv260/platforms/vivado/kv260_ispMipiRx_vcu_DP/project/kv260_ispMipiRx_vcu_DP.runs/kv260_ispMipiRx_vcu_DP_v_frmbuf_wr_0_0_synth_1/prj/sol/.autopilot/db/v_frmbuf_wr.cpp:578]   --->   Operation 39 'zext' 'zext_ln578' <Predicate = true> <Delay = 0.00>
ST_2 : Operation 40 [1/1] (0.39ns)   --->   "%remainPix_1 = select i1 %icmp_ln576, i4 8, i4 %zext_ln578" [/home/anubhav/Documents/kria-vitis-platforms/kv260/platforms/vivado/kv260_ispMipiRx_vcu_DP/project/kv260_ispMipiRx_vcu_DP.runs/kv260_ispMipiRx_vcu_DP_v_frmbuf_wr_0_0_synth_1/prj/sol/.autopilot/db/v_frmbuf_wr.cpp:576]   --->   Operation 40 'select' 'remainPix_1' <Predicate = true> <Delay = 0.39> <CoreInst = "Sel">   --->   Core 73 'Sel' <Latency = 0> <II = 1> <Delay = 0.39> <FuncUnit> <Opcode : 'select'> <InPorts = 3> <OutPorts = 1>
ST_2 : Operation 41 [1/1] (0.80ns)   --->   "%sub50 = add i12 %trunc_ln571_1, i12 4095" [/home/anubhav/Documents/kria-vitis-platforms/kv260/platforms/vivado/kv260_ispMipiRx_vcu_DP/project/kv260_ispMipiRx_vcu_DP.runs/kv260_ispMipiRx_vcu_DP_v_frmbuf_wr_0_0_synth_1/prj/sol/.autopilot/db/v_frmbuf_wr.cpp:571]   --->   Operation 41 'add' 'sub50' <Predicate = true> <Delay = 0.80> <CoreInst = "Adder">   --->   Core 1 'Adder' <Latency = 0> <II = 1> <Delay = 0.80> <FuncUnit> <Opcode : 'add' 'sub'> <InPorts = 2> <OutPorts = 1>
ST_2 : Operation 42 [1/1] (0.72ns)   --->   "%cmp53 = icmp_ne  i4 %remainPix_1, i4 0" [/home/anubhav/Documents/kria-vitis-platforms/kv260/platforms/vivado/kv260_ispMipiRx_vcu_DP/project/kv260_ispMipiRx_vcu_DP.runs/kv260_ispMipiRx_vcu_DP_v_frmbuf_wr_0_0_synth_1/prj/sol/.autopilot/db/v_frmbuf_wr.cpp:576]   --->   Operation 42 'icmp' 'cmp53' <Predicate = true> <Delay = 0.72> <CoreInst = "Cmp">   --->   Core 9 'Cmp' <Latency = 0> <II = 1> <Delay = 0.72> <FuncUnit> <Opcode : 'icmp'> <InPorts = 2> <OutPorts = 1>
ST_2 : Operation 43 [1/1] (0.00ns)   --->   "%tmp = partselect i3 @_ssdm_op_PartSelect.i3.i4.i32.i32, i4 %remainPix_1, i32 1, i32 3" [/home/anubhav/Documents/kria-vitis-platforms/kv260/platforms/vivado/kv260_ispMipiRx_vcu_DP/project/kv260_ispMipiRx_vcu_DP.runs/kv260_ispMipiRx_vcu_DP_v_frmbuf_wr_0_0_synth_1/prj/sol/.autopilot/db/v_frmbuf_wr.cpp:576]   --->   Operation 43 'partselect' 'tmp' <Predicate = true> <Delay = 0.00>
ST_2 : Operation 44 [1/1] (0.58ns)   --->   "%icmp = icmp_ne  i3 %tmp, i3 0" [/home/anubhav/Documents/kria-vitis-platforms/kv260/platforms/vivado/kv260_ispMipiRx_vcu_DP/project/kv260_ispMipiRx_vcu_DP.runs/kv260_ispMipiRx_vcu_DP_v_frmbuf_wr_0_0_synth_1/prj/sol/.autopilot/db/v_frmbuf_wr.cpp:576]   --->   Operation 44 'icmp' 'icmp' <Predicate = true> <Delay = 0.58> <CoreInst = "Cmp">   --->   Core 9 'Cmp' <Latency = 0> <II = 1> <Delay = 0.58> <FuncUnit> <Opcode : 'icmp'> <InPorts = 2> <OutPorts = 1>
ST_2 : Operation 45 [1/1] (0.72ns)   --->   "%cmp53_2 = icmp_ugt  i4 %remainPix_1, i4 2" [/home/anubhav/Documents/kria-vitis-platforms/kv260/platforms/vivado/kv260_ispMipiRx_vcu_DP/project/kv260_ispMipiRx_vcu_DP.runs/kv260_ispMipiRx_vcu_DP_v_frmbuf_wr_0_0_synth_1/prj/sol/.autopilot/db/v_frmbuf_wr.cpp:576]   --->   Operation 45 'icmp' 'cmp53_2' <Predicate = true> <Delay = 0.72> <CoreInst = "Cmp">   --->   Core 9 'Cmp' <Latency = 0> <II = 1> <Delay = 0.72> <FuncUnit> <Opcode : 'icmp'> <InPorts = 2> <OutPorts = 1>
ST_2 : Operation 46 [1/1] (0.00ns)   --->   "%tmp_1 = partselect i2 @_ssdm_op_PartSelect.i2.i4.i32.i32, i4 %remainPix_1, i32 2, i32 3" [/home/anubhav/Documents/kria-vitis-platforms/kv260/platforms/vivado/kv260_ispMipiRx_vcu_DP/project/kv260_ispMipiRx_vcu_DP.runs/kv260_ispMipiRx_vcu_DP_v_frmbuf_wr_0_0_synth_1/prj/sol/.autopilot/db/v_frmbuf_wr.cpp:576]   --->   Operation 46 'partselect' 'tmp_1' <Predicate = true> <Delay = 0.00>
ST_2 : Operation 47 [1/1] (0.44ns)   --->   "%icmp6 = icmp_ne  i2 %tmp_1, i2 0" [/home/anubhav/Documents/kria-vitis-platforms/kv260/platforms/vivado/kv260_ispMipiRx_vcu_DP/project/kv260_ispMipiRx_vcu_DP.runs/kv260_ispMipiRx_vcu_DP_v_frmbuf_wr_0_0_synth_1/prj/sol/.autopilot/db/v_frmbuf_wr.cpp:576]   --->   Operation 47 'icmp' 'icmp6' <Predicate = true> <Delay = 0.44> <CoreInst = "Cmp">   --->   Core 9 'Cmp' <Latency = 0> <II = 1> <Delay = 0.44> <FuncUnit> <Opcode : 'icmp'> <InPorts = 2> <OutPorts = 1>
ST_2 : Operation 48 [1/1] (0.72ns)   --->   "%cmp53_4 = icmp_ugt  i4 %remainPix_1, i4 4" [/home/anubhav/Documents/kria-vitis-platforms/kv260/platforms/vivado/kv260_ispMipiRx_vcu_DP/project/kv260_ispMipiRx_vcu_DP.runs/kv260_ispMipiRx_vcu_DP_v_frmbuf_wr_0_0_synth_1/prj/sol/.autopilot/db/v_frmbuf_wr.cpp:576]   --->   Operation 48 'icmp' 'cmp53_4' <Predicate = true> <Delay = 0.72> <CoreInst = "Cmp">   --->   Core 9 'Cmp' <Latency = 0> <II = 1> <Delay = 0.72> <FuncUnit> <Opcode : 'icmp'> <InPorts = 2> <OutPorts = 1>
ST_2 : Operation 49 [1/1] (0.72ns)   --->   "%cmp53_5 = icmp_ugt  i4 %remainPix_1, i4 5" [/home/anubhav/Documents/kria-vitis-platforms/kv260/platforms/vivado/kv260_ispMipiRx_vcu_DP/project/kv260_ispMipiRx_vcu_DP.runs/kv260_ispMipiRx_vcu_DP_v_frmbuf_wr_0_0_synth_1/prj/sol/.autopilot/db/v_frmbuf_wr.cpp:576]   --->   Operation 49 'icmp' 'cmp53_5' <Predicate = true> <Delay = 0.72> <CoreInst = "Cmp">   --->   Core 9 'Cmp' <Latency = 0> <II = 1> <Delay = 0.72> <FuncUnit> <Opcode : 'icmp'> <InPorts = 2> <OutPorts = 1>
ST_2 : Operation 50 [1/1] (0.72ns)   --->   "%cmp53_6 = icmp_ugt  i4 %remainPix_1, i4 6" [/home/anubhav/Documents/kria-vitis-platforms/kv260/platforms/vivado/kv260_ispMipiRx_vcu_DP/project/kv260_ispMipiRx_vcu_DP.runs/kv260_ispMipiRx_vcu_DP_v_frmbuf_wr_0_0_synth_1/prj/sol/.autopilot/db/v_frmbuf_wr.cpp:576]   --->   Operation 50 'icmp' 'cmp53_6' <Predicate = true> <Delay = 0.72> <CoreInst = "Cmp">   --->   Core 9 'Cmp' <Latency = 0> <II = 1> <Delay = 0.72> <FuncUnit> <Opcode : 'icmp'> <InPorts = 2> <OutPorts = 1>
ST_2 : Operation 51 [1/1] (0.00ns)   --->   "%br_ln583 = br void %VITIS_LOOP_586_1" [/home/anubhav/Documents/kria-vitis-platforms/kv260/platforms/vivado/kv260_ispMipiRx_vcu_DP/project/kv260_ispMipiRx_vcu_DP.runs/kv260_ispMipiRx_vcu_DP_v_frmbuf_wr_0_0_synth_1/prj/sol/.autopilot/db/v_frmbuf_wr.cpp:583]   --->   Operation 51 'br' 'br_ln583' <Predicate = true> <Delay = 0.00>

State 3 <SV = 2> <Delay = 1.40>
ST_3 : Operation 52 [1/1] (0.00ns)   --->   "%y_1 = load i12 %y" [/home/anubhav/Documents/kria-vitis-platforms/kv260/platforms/vivado/kv260_ispMipiRx_vcu_DP/project/kv260_ispMipiRx_vcu_DP.runs/kv260_ispMipiRx_vcu_DP_v_frmbuf_wr_0_0_synth_1/prj/sol/.autopilot/db/v_frmbuf_wr.cpp:583]   --->   Operation 52 'load' 'y_1' <Predicate = (VideoFormat_read == 19) | (VideoFormat_read == 18)> <Delay = 0.00>
ST_3 : Operation 53 [1/1] (0.00ns)   --->   "%trunc_ln583 = trunc i12 %y_1" [/home/anubhav/Documents/kria-vitis-platforms/kv260/platforms/vivado/kv260_ispMipiRx_vcu_DP/project/kv260_ispMipiRx_vcu_DP.runs/kv260_ispMipiRx_vcu_DP_v_frmbuf_wr_0_0_synth_1/prj/sol/.autopilot/db/v_frmbuf_wr.cpp:583]   --->   Operation 53 'trunc' 'trunc_ln583' <Predicate = (VideoFormat_read == 19) | (VideoFormat_read == 18)> <Delay = 0.00>
ST_3 : Operation 54 [1/1] (0.97ns)   --->   "%icmp_ln583 = icmp_eq  i12 %y_1, i12 %Height_read" [/home/anubhav/Documents/kria-vitis-platforms/kv260/platforms/vivado/kv260_ispMipiRx_vcu_DP/project/kv260_ispMipiRx_vcu_DP.runs/kv260_ispMipiRx_vcu_DP_v_frmbuf_wr_0_0_synth_1/prj/sol/.autopilot/db/v_frmbuf_wr.cpp:583]   --->   Operation 54 'icmp' 'icmp_ln583' <Predicate = (VideoFormat_read == 19) | (VideoFormat_read == 18)> <Delay = 0.97> <CoreInst = "Cmp">   --->   Core 9 'Cmp' <Latency = 0> <II = 1> <Delay = 0.97> <FuncUnit> <Opcode : 'icmp'> <InPorts = 2> <OutPorts = 1>
ST_3 : Operation 55 [1/1] (0.80ns)   --->   "%y_2 = add i12 %y_1, i12 1" [/home/anubhav/Documents/kria-vitis-platforms/kv260/platforms/vivado/kv260_ispMipiRx_vcu_DP/project/kv260_ispMipiRx_vcu_DP.runs/kv260_ispMipiRx_vcu_DP_v_frmbuf_wr_0_0_synth_1/prj/sol/.autopilot/db/v_frmbuf_wr.cpp:583]   --->   Operation 55 'add' 'y_2' <Predicate = (VideoFormat_read == 19) | (VideoFormat_read == 18)> <Delay = 0.80> <CoreInst = "Adder">   --->   Core 1 'Adder' <Latency = 0> <II = 1> <Delay = 0.80> <FuncUnit> <Opcode : 'add' 'sub'> <InPorts = 2> <OutPorts = 1>
ST_3 : Operation 56 [1/1] (0.00ns)   --->   "%br_ln583 = br i1 %icmp_ln583, void %VITIS_LOOP_586_1.split, void %if.end187.loopexit" [/home/anubhav/Documents/kria-vitis-platforms/kv260/platforms/vivado/kv260_ispMipiRx_vcu_DP/project/kv260_ispMipiRx_vcu_DP.runs/kv260_ispMipiRx_vcu_DP_v_frmbuf_wr_0_0_synth_1/prj/sol/.autopilot/db/v_frmbuf_wr.cpp:583]   --->   Operation 56 'br' 'br_ln583' <Predicate = (VideoFormat_read == 19) | (VideoFormat_read == 18)> <Delay = 0.00>
ST_3 : Operation 57 [1/1] (0.00ns)   --->   "%p_0_0_0_0_0_751_lcssa99_load = load i8 %p_0_0_0_0_0_751_lcssa99"   --->   Operation 57 'load' 'p_0_0_0_0_0_751_lcssa99_load' <Predicate = (VideoFormat_read == 19 & !icmp_ln583) | (VideoFormat_read == 18 & !icmp_ln583)> <Delay = 0.00>
ST_3 : Operation 58 [1/1] (0.00ns)   --->   "%p_0_1_0_0_0_760_lcssa102_load = load i8 %p_0_1_0_0_0_760_lcssa102"   --->   Operation 58 'load' 'p_0_1_0_0_0_760_lcssa102_load' <Predicate = (VideoFormat_read == 19 & !icmp_ln583) | (VideoFormat_read == 18 & !icmp_ln583)> <Delay = 0.00>
ST_3 : Operation 59 [1/1] (0.00ns)   --->   "%p_0_3_0_0_0_778_lcssa108_load = load i8 %p_0_3_0_0_0_778_lcssa108"   --->   Operation 59 'load' 'p_0_3_0_0_0_778_lcssa108_load' <Predicate = (VideoFormat_read == 19 & !icmp_ln583) | (VideoFormat_read == 18 & !icmp_ln583)> <Delay = 0.00>
ST_3 : Operation 60 [1/1] (0.00ns)   --->   "%p_0_4_0_0_0_787_lcssa111_load = load i8 %p_0_4_0_0_0_787_lcssa111"   --->   Operation 60 'load' 'p_0_4_0_0_0_787_lcssa111_load' <Predicate = (VideoFormat_read == 19 & !icmp_ln583) | (VideoFormat_read == 18 & !icmp_ln583)> <Delay = 0.00>
ST_3 : Operation 61 [1/1] (0.00ns) (grouped into LUT with out node brmerge42)   --->   "%tobool_not = xor i1 %trunc_ln583, i1 1" [/home/anubhav/Documents/kria-vitis-platforms/kv260/platforms/vivado/kv260_ispMipiRx_vcu_DP/project/kv260_ispMipiRx_vcu_DP.runs/kv260_ispMipiRx_vcu_DP_v_frmbuf_wr_0_0_synth_1/prj/sol/.autopilot/db/v_frmbuf_wr.cpp:583]   --->   Operation 61 'xor' 'tobool_not' <Predicate = (VideoFormat_read == 19 & !icmp_ln583) | (VideoFormat_read == 18 & !icmp_ln583)> <Delay = 0.00> <CoreInst = "LogicGate">   --->   Core 74 'LogicGate' <Latency = 0> <II = 1> <Delay = 0.28> <FuncUnit> <Opcode : 'and' 'or' 'xor'> <InPorts = 2> <OutPorts = 1>
ST_3 : Operation 62 [1/1] (0.28ns) (out node of the LUT)   --->   "%brmerge42 = or i1 %notlhs, i1 %tobool_not" [/home/anubhav/Documents/kria-vitis-platforms/kv260/platforms/vivado/kv260_ispMipiRx_vcu_DP/project/kv260_ispMipiRx_vcu_DP.runs/kv260_ispMipiRx_vcu_DP_v_frmbuf_wr_0_0_synth_1/prj/sol/.autopilot/db/v_frmbuf_wr.cpp:583]   --->   Operation 62 'or' 'brmerge42' <Predicate = (VideoFormat_read == 19 & !icmp_ln583) | (VideoFormat_read == 18 & !icmp_ln583)> <Delay = 0.28> <CoreInst = "LogicGate">   --->   Core 74 'LogicGate' <Latency = 0> <II = 1> <Delay = 0.28> <FuncUnit> <Opcode : 'and' 'or' 'xor'> <InPorts = 2> <OutPorts = 1>
ST_3 : Operation 63 [1/1] (0.00ns)   --->   "%empty = wait i32 @_ssdm_op_Wait"   --->   Operation 63 'wait' 'empty' <Predicate = (VideoFormat_read == 19 & !icmp_ln583) | (VideoFormat_read == 18 & !icmp_ln583)> <Delay = 0.00>
ST_3 : Operation 64 [1/1] (0.42ns)   --->   "%store_ln583 = store i12 %y_2, i12 %y" [/home/anubhav/Documents/kria-vitis-platforms/kv260/platforms/vivado/kv260_ispMipiRx_vcu_DP/project/kv260_ispMipiRx_vcu_DP.runs/kv260_ispMipiRx_vcu_DP_v_frmbuf_wr_0_0_synth_1/prj/sol/.autopilot/db/v_frmbuf_wr.cpp:583]   --->   Operation 64 'store' 'store_ln583' <Predicate = (VideoFormat_read == 19 & !icmp_ln583) | (VideoFormat_read == 18 & !icmp_ln583)> <Delay = 0.42>
ST_3 : Operation 65 [1/1] (0.00ns)   --->   "%br_ln0 = br void %if.end187"   --->   Operation 65 'br' 'br_ln0' <Predicate = (VideoFormat_read == 19 & icmp_ln583) | (VideoFormat_read == 18 & icmp_ln583)> <Delay = 0.00>
ST_3 : Operation 66 [1/1] (0.00ns)   --->   "%br_ln0 = br void %if.end188"   --->   Operation 66 'br' 'br_ln0' <Predicate = (VideoFormat_read != 43 & VideoFormat_read != 42 & VideoFormat_read != 10 & VideoFormat_read != 11 & VideoFormat_read != 27 & VideoFormat_read != 15 & VideoFormat_read != 16 & VideoFormat_read != 12 & VideoFormat_read != 28 & icmp_ln583) | (VideoFormat_read != 43 & VideoFormat_read != 42 & VideoFormat_read != 10 & VideoFormat_read != 11 & VideoFormat_read != 27 & VideoFormat_read != 15 & VideoFormat_read != 16 & VideoFormat_read != 12 & VideoFormat_read != 28 & VideoFormat_read != 18 & VideoFormat_read != 19)> <Delay = 0.00>
ST_3 : Operation 67 [1/1] (0.00ns)   --->   "%br_ln0 = br void %if.end189"   --->   Operation 67 'br' 'br_ln0' <Predicate = (VideoFormat_read != 43 & VideoFormat_read != 42 & VideoFormat_read != 10 & VideoFormat_read != 11 & VideoFormat_read != 27 & VideoFormat_read != 15 & VideoFormat_read != 16 & VideoFormat_read != 12 & icmp_ln583) | (VideoFormat_read != 43 & VideoFormat_read != 42 & VideoFormat_read != 10 & VideoFormat_read != 11 & VideoFormat_read != 27 & VideoFormat_read != 15 & VideoFormat_read != 16 & VideoFormat_read != 12 & VideoFormat_read != 18 & VideoFormat_read != 19) | (VideoFormat_read != 43 & VideoFormat_read != 42 & VideoFormat_read != 10 & VideoFormat_read != 11 & VideoFormat_read != 27 & VideoFormat_read != 15 & VideoFormat_read != 16 & VideoFormat_read != 12 & VideoFormat_read == 28)> <Delay = 0.00>
ST_3 : Operation 68 [1/1] (0.00ns)   --->   "%br_ln0 = br void %if.end190"   --->   Operation 68 'br' 'br_ln0' <Predicate = (VideoFormat_read != 43 & VideoFormat_read != 42 & VideoFormat_read != 10 & VideoFormat_read != 11 & VideoFormat_read != 27 & VideoFormat_read != 15 & VideoFormat_read != 16 & icmp_ln583) | (VideoFormat_read != 43 & VideoFormat_read != 42 & VideoFormat_read != 10 & VideoFormat_read != 11 & VideoFormat_read != 27 & VideoFormat_read != 15 & VideoFormat_read != 16 & VideoFormat_read != 18 & VideoFormat_read != 19) | (VideoFormat_read != 43 & VideoFormat_read != 42 & VideoFormat_read != 10 & VideoFormat_read != 11 & VideoFormat_read != 27 & VideoFormat_read != 15 & VideoFormat_read != 16 & VideoFormat_read == 28) | (VideoFormat_read != 43 & VideoFormat_read != 42 & VideoFormat_read != 10 & VideoFormat_read != 11 & VideoFormat_read != 27 & VideoFormat_read != 15 & VideoFormat_read != 16 & VideoFormat_read == 12)> <Delay = 0.00>
ST_3 : Operation 69 [1/1] (0.00ns)   --->   "%br_ln0 = br void %if.end191"   --->   Operation 69 'br' 'br_ln0' <Predicate = (VideoFormat_read != 43 & VideoFormat_read != 42 & VideoFormat_read != 10 & VideoFormat_read != 11 & VideoFormat_read != 27 & icmp_ln583) | (VideoFormat_read != 43 & VideoFormat_read != 42 & VideoFormat_read != 10 & VideoFormat_read != 11 & VideoFormat_read != 27 & VideoFormat_read != 18 & VideoFormat_read != 19) | (VideoFormat_read != 43 & VideoFormat_read != 42 & VideoFormat_read != 10 & VideoFormat_read != 11 & VideoFormat_read != 27 & VideoFormat_read == 28) | (VideoFormat_read != 43 & VideoFormat_read != 42 & VideoFormat_read != 10 & VideoFormat_read != 11 & VideoFormat_read != 27 & VideoFormat_read == 12) | (VideoFormat_read != 43 & VideoFormat_read != 42 & VideoFormat_read != 10 & VideoFormat_read != 11 & VideoFormat_read != 27 & VideoFormat_read == 16) | (VideoFormat_read != 43 & VideoFormat_read != 42 & VideoFormat_read != 10 & VideoFormat_read != 11 & VideoFormat_read != 27 & VideoFormat_read == 15)> <Delay = 0.00>
ST_3 : Operation 70 [1/1] (0.00ns)   --->   "%br_ln0 = br void %if.end192"   --->   Operation 70 'br' 'br_ln0' <Predicate = (VideoFormat_read != 43 & VideoFormat_read != 42 & VideoFormat_read != 10 & VideoFormat_read != 11 & icmp_ln583) | (VideoFormat_read != 43 & VideoFormat_read != 42 & VideoFormat_read != 10 & VideoFormat_read != 11 & VideoFormat_read != 18 & VideoFormat_read != 19) | (VideoFormat_read != 43 & VideoFormat_read != 42 & VideoFormat_read != 10 & VideoFormat_read != 11 & VideoFormat_read == 28) | (VideoFormat_read != 43 & VideoFormat_read != 42 & VideoFormat_read != 10 & VideoFormat_read != 11 & VideoFormat_read == 12) | (VideoFormat_read != 43 & VideoFormat_read != 42 & VideoFormat_read != 10 & VideoFormat_read != 11 & VideoFormat_read == 16) | (VideoFormat_read != 43 & VideoFormat_read != 42 & VideoFormat_read != 10 & VideoFormat_read != 11 & VideoFormat_read == 15) | (VideoFormat_read != 43 & VideoFormat_read != 42 & VideoFormat_read != 10 & VideoFormat_read != 11 & VideoFormat_read == 27)> <Delay = 0.00>
ST_3 : Operation 71 [1/1] (0.00ns)   --->   "%br_ln0 = br void %if.end193"   --->   Operation 71 'br' 'br_ln0' <Predicate = (VideoFormat_read != 43 & VideoFormat_read != 42 & icmp_ln583) | (VideoFormat_read != 43 & VideoFormat_read != 42 & VideoFormat_read != 18 & VideoFormat_read != 19) | (VideoFormat_read != 43 & VideoFormat_read != 42 & VideoFormat_read == 28) | (VideoFormat_read != 43 & VideoFormat_read != 42 & VideoFormat_read == 12) | (VideoFormat_read != 43 & VideoFormat_read != 42 & VideoFormat_read == 16) | (VideoFormat_read != 43 & VideoFormat_read != 42 & VideoFormat_read == 15) | (VideoFormat_read != 43 & VideoFormat_read != 42 & VideoFormat_read == 27) | (VideoFormat_read != 43 & VideoFormat_read != 42 & VideoFormat_read == 11) | (VideoFormat_read != 43 & VideoFormat_read != 42 & VideoFormat_read == 10)> <Delay = 0.00>
ST_3 : Operation 72 [1/1] (0.00ns)   --->   "%br_ln0 = br void %if.end194"   --->   Operation 72 'br' 'br_ln0' <Predicate = (VideoFormat_read != 43 & icmp_ln583) | (VideoFormat_read != 43 & VideoFormat_read != 18 & VideoFormat_read != 19) | (VideoFormat_read != 43 & VideoFormat_read == 28) | (VideoFormat_read != 43 & VideoFormat_read == 12) | (VideoFormat_read != 43 & VideoFormat_read == 16) | (VideoFormat_read != 43 & VideoFormat_read == 15) | (VideoFormat_read != 43 & VideoFormat_read == 27) | (VideoFormat_read != 43 & VideoFormat_read == 11) | (VideoFormat_read != 43 & VideoFormat_read == 10) | (VideoFormat_read != 43 & VideoFormat_read == 42)> <Delay = 0.00>
ST_3 : Operation 73 [1/1] (0.00ns)   --->   "%ret_ln1056 = ret" [/home/anubhav/Documents/kria-vitis-platforms/kv260/platforms/vivado/kv260_ispMipiRx_vcu_DP/project/kv260_ispMipiRx_vcu_DP.runs/kv260_ispMipiRx_vcu_DP_v_frmbuf_wr_0_0_synth_1/prj/sol/.autopilot/db/v_frmbuf_wr.cpp:1056]   --->   Operation 73 'ret' 'ret_ln1056' <Predicate = (icmp_ln583) | (VideoFormat_read != 18 & VideoFormat_read != 19)> <Delay = 0.00>

State 4 <SV = 3> <Delay = 1.40>
ST_4 : Operation 74 [2/2] (1.40ns)   --->   "%call_ln571 = call void @MultiPixStream2Bytes_Pipeline_VITIS_LOOP_586_1, i8 %p_0_4_0_0_0_787_lcssa111_load, i8 %p_0_3_0_0_0_778_lcssa108_load, i8 %p_0_1_0_0_0_760_lcssa102_load, i8 %p_0_0_0_0_0_751_lcssa99_load, i12 %trunc_ln571_1, i128 %bytePlanes_plane12, i128 %bytePlanes_plane01, i1 %brmerge42, i1 %icmp_ln576, i1 %cmp53_6, i1 %cmp53_5, i1 %cmp53_4, i1 %icmp6, i1 %cmp53_2, i1 %icmp, i12 %sub50, i1 %cmp53, i48 %img, i8 %p_0_4_0_0_0_787_lcssa111, i8 %p_0_3_0_0_0_778_lcssa108, i8 %p_0_1_0_0_0_760_lcssa102, i8 %p_0_0_0_0_0_751_lcssa99" [/home/anubhav/Documents/kria-vitis-platforms/kv260/platforms/vivado/kv260_ispMipiRx_vcu_DP/project/kv260_ispMipiRx_vcu_DP.runs/kv260_ispMipiRx_vcu_DP_v_frmbuf_wr_0_0_synth_1/prj/sol/.autopilot/db/v_frmbuf_wr.cpp:571]   --->   Operation 74 'call' 'call_ln571' <Predicate = true> <Delay = 1.40> <CoreType = "Generic">   --->   Core 0 '' <Latency = 0> <II = 1> <Delay = 1.00> <Generic> <Opcode : >

State 5 <SV = 4> <Delay = 0.00>
ST_5 : Operation 75 [1/1] (0.00ns)   --->   "%speclooptripcount_ln584 = speclooptripcount void @_ssdm_op_SpecLoopTripCount, i64 0, i64 4320, i64 2160" [/home/anubhav/Documents/kria-vitis-platforms/kv260/platforms/vivado/kv260_ispMipiRx_vcu_DP/project/kv260_ispMipiRx_vcu_DP.runs/kv260_ispMipiRx_vcu_DP_v_frmbuf_wr_0_0_synth_1/prj/sol/.autopilot/db/v_frmbuf_wr.cpp:584]   --->   Operation 75 'speclooptripcount' 'speclooptripcount_ln584' <Predicate = true> <Delay = 0.00>
ST_5 : Operation 76 [1/1] (0.00ns)   --->   "%specloopname_ln583 = specloopname void @_ssdm_op_SpecLoopName, void @empty_12" [/home/anubhav/Documents/kria-vitis-platforms/kv260/platforms/vivado/kv260_ispMipiRx_vcu_DP/project/kv260_ispMipiRx_vcu_DP.runs/kv260_ispMipiRx_vcu_DP_v_frmbuf_wr_0_0_synth_1/prj/sol/.autopilot/db/v_frmbuf_wr.cpp:583]   --->   Operation 76 'specloopname' 'specloopname_ln583' <Predicate = true> <Delay = 0.00>
ST_5 : Operation 77 [1/2] (0.00ns)   --->   "%call_ln571 = call void @MultiPixStream2Bytes_Pipeline_VITIS_LOOP_586_1, i8 %p_0_4_0_0_0_787_lcssa111_load, i8 %p_0_3_0_0_0_778_lcssa108_load, i8 %p_0_1_0_0_0_760_lcssa102_load, i8 %p_0_0_0_0_0_751_lcssa99_load, i12 %trunc_ln571_1, i128 %bytePlanes_plane12, i128 %bytePlanes_plane01, i1 %brmerge42, i1 %icmp_ln576, i1 %cmp53_6, i1 %cmp53_5, i1 %cmp53_4, i1 %icmp6, i1 %cmp53_2, i1 %icmp, i12 %sub50, i1 %cmp53, i48 %img, i8 %p_0_4_0_0_0_787_lcssa111, i8 %p_0_3_0_0_0_778_lcssa108, i8 %p_0_1_0_0_0_760_lcssa102, i8 %p_0_0_0_0_0_751_lcssa99" [/home/anubhav/Documents/kria-vitis-platforms/kv260/platforms/vivado/kv260_ispMipiRx_vcu_DP/project/kv260_ispMipiRx_vcu_DP.runs/kv260_ispMipiRx_vcu_DP_v_frmbuf_wr_0_0_synth_1/prj/sol/.autopilot/db/v_frmbuf_wr.cpp:571]   --->   Operation 77 'call' 'call_ln571' <Predicate = true> <Delay = 0.00> <CoreType = "Generic">   --->   Core 0 '' <Latency = 0> <II = 1> <Delay = 1.00> <Generic> <Opcode : >
ST_5 : Operation 78 [1/1] (0.00ns)   --->   "%br_ln583 = br void %VITIS_LOOP_586_1" [/home/anubhav/Documents/kria-vitis-platforms/kv260/platforms/vivado/kv260_ispMipiRx_vcu_DP/project/kv260_ispMipiRx_vcu_DP.runs/kv260_ispMipiRx_vcu_DP_v_frmbuf_wr_0_0_synth_1/prj/sol/.autopilot/db/v_frmbuf_wr.cpp:583]   --->   Operation 78 'br' 'br_ln583' <Predicate = true> <Delay = 0.00>


============================================================
+ Verbose Summary: Binding
============================================================
STG Binding: 
---------------- STG Properties BEGIN ----------------
- Is combinational: 0
- Is one-state seq: 0
- Is datapath-only: 0
- Is pipelined: 0
- Is top level: 0
Port [ Return ] is wired: 1; IO mode=ap_ctrl_hs:ce=0
Port [ img]:  wired=1; compound=1; hidden=0; nouse=0; global=0; static=0; extern=0; dir=0; type=3; pingpong=0; private_global=0; IO mode=ap_fifo:ce=0
Port [ bytePlanes_plane01]:  wired=1; compound=1; hidden=0; nouse=0; global=0; static=0; extern=0; dir=1; type=3; pingpong=0; private_global=0; IO mode=ap_fifo:ce=0
Port [ bytePlanes_plane12]:  wired=1; compound=1; hidden=0; nouse=0; global=0; static=0; extern=0; dir=1; type=3; pingpong=0; private_global=0; IO mode=ap_fifo:ce=0
Port [ Height]:  wired=1; compound=1; hidden=0; nouse=0; global=0; static=0; extern=0; dir=0; type=3; pingpong=0; private_global=0; IO mode=ap_fifo:ce=0
Port [ WidthInBytes]:  wired=1; compound=1; hidden=0; nouse=0; global=0; static=0; extern=0; dir=0; type=3; pingpong=0; private_global=0; IO mode=ap_fifo:ce=0
Port [ VideoFormat]:  wired=1; compound=1; hidden=0; nouse=0; global=0; static=0; extern=0; dir=0; type=3; pingpong=0; private_global=0; IO mode=ap_fifo:ce=0
Port [ WidthInBytes_c]:  wired=1; compound=1; hidden=0; nouse=0; global=0; static=0; extern=0; dir=1; type=3; pingpong=0; private_global=0; IO mode=ap_fifo:ce=0
Port [ height_c]:  wired=1; compound=1; hidden=0; nouse=0; global=0; static=0; extern=0; dir=1; type=3; pingpong=0; private_global=0; IO mode=ap_fifo:ce=0
Port [ video_format_c]:  wired=1; compound=1; hidden=0; nouse=0; global=0; static=0; extern=0; dir=1; type=3; pingpong=0; private_global=0; IO mode=ap_fifo:ce=0
---------------- STG Properties END ------------------

---------------- Datapath Model BEGIN ----------------

<LifeTime>
<method=bitvector/>
specinterface_ln0             (specinterface    ) [ 000000]
VideoFormat_read              (read             ) [ 011111]
specinterface_ln0             (specinterface    ) [ 000000]
write_ln0                     (write            ) [ 000000]
specinterface_ln0             (specinterface    ) [ 000000]
Height_read                   (read             ) [ 001111]
specinterface_ln0             (specinterface    ) [ 000000]
write_ln0                     (write            ) [ 000000]
specinterface_ln0             (specinterface    ) [ 000000]
widthInPix                    (read             ) [ 001000]
specinterface_ln0             (specinterface    ) [ 000000]
write_ln0                     (write            ) [ 000000]
specmemcore_ln0               (specmemcore      ) [ 000000]
specmemcore_ln0               (specmemcore      ) [ 000000]
specinterface_ln0             (specinterface    ) [ 000000]
specinterface_ln0             (specinterface    ) [ 000000]
specinterface_ln0             (specinterface    ) [ 000000]
switch_ln274                  (switch           ) [ 000000]
y                             (alloca           ) [ 011111]
p_0_0_0_0_0_751_lcssa99       (alloca           ) [ 001111]
p_0_1_0_0_0_760_lcssa102      (alloca           ) [ 001111]
p_0_3_0_0_0_778_lcssa108      (alloca           ) [ 001111]
p_0_4_0_0_0_787_lcssa111      (alloca           ) [ 001111]
notlhs                        (icmp             ) [ 001111]
store_ln583                   (store            ) [ 000000]
br_ln494                      (br               ) [ 000000]
br_ln415                      (br               ) [ 000000]
remainPix                     (trunc            ) [ 000000]
zext_ln571                    (zext             ) [ 000000]
add_ln571                     (add              ) [ 000000]
trunc_ln571_1                 (partselect       ) [ 000111]
icmp_ln576                    (icmp             ) [ 000111]
lshr_ln                       (partselect       ) [ 000000]
zext_ln578                    (zext             ) [ 000000]
remainPix_1                   (select           ) [ 000000]
sub50                         (add              ) [ 000111]
cmp53                         (icmp             ) [ 000111]
tmp                           (partselect       ) [ 000000]
icmp                          (icmp             ) [ 000111]
cmp53_2                       (icmp             ) [ 000111]
tmp_1                         (partselect       ) [ 000000]
icmp6                         (icmp             ) [ 000111]
cmp53_4                       (icmp             ) [ 000111]
cmp53_5                       (icmp             ) [ 000111]
cmp53_6                       (icmp             ) [ 000111]
br_ln583                      (br               ) [ 000000]
y_1                           (load             ) [ 000000]
trunc_ln583                   (trunc            ) [ 000000]
icmp_ln583                    (icmp             ) [ 000111]
y_2                           (add              ) [ 000000]
br_ln583                      (br               ) [ 000000]
p_0_0_0_0_0_751_lcssa99_load  (load             ) [ 000011]
p_0_1_0_0_0_760_lcssa102_load (load             ) [ 000011]
p_0_3_0_0_0_778_lcssa108_load (load             ) [ 000011]
p_0_4_0_0_0_787_lcssa111_load (load             ) [ 000011]
tobool_not                    (xor              ) [ 000000]
brmerge42                     (or               ) [ 000011]
empty                         (wait             ) [ 000000]
store_ln583                   (store            ) [ 000000]
br_ln0                        (br               ) [ 000000]
br_ln0                        (br               ) [ 000000]
br_ln0                        (br               ) [ 000000]
br_ln0                        (br               ) [ 000000]
br_ln0                        (br               ) [ 000000]
br_ln0                        (br               ) [ 000000]
br_ln0                        (br               ) [ 000000]
br_ln0                        (br               ) [ 000000]
ret_ln1056                    (ret              ) [ 000000]
speclooptripcount_ln584       (speclooptripcount) [ 000000]
specloopname_ln583            (specloopname     ) [ 000000]
call_ln571                    (call             ) [ 000000]
br_ln583                      (br               ) [ 000000]
</LifeTime>

<model>

<comp_list>
<comp id="0" class="1000" name="img">
<pin_list>
<pin id="1" dir="1" index="0" bw="1" slack="0"/>
</pin_list>
<bind>
<StgValue><ssdm name="img"/></StgValue>
</bind>
</comp>

<comp id="2" class="1000" name="bytePlanes_plane01">
<pin_list>
<pin id="3" dir="1" index="0" bw="1" slack="0"/>
</pin_list>
<bind>
<StgValue><ssdm name="bytePlanes_plane01"/></StgValue>
</bind>
</comp>

<comp id="4" class="1000" name="bytePlanes_plane12">
<pin_list>
<pin id="5" dir="1" index="0" bw="1" slack="0"/>
</pin_list>
<bind>
<StgValue><ssdm name="bytePlanes_plane12"/></StgValue>
</bind>
</comp>

<comp id="6" class="1000" name="Height">
<pin_list>
<pin id="7" dir="1" index="0" bw="1" slack="0"/>
</pin_list>
<bind>
<StgValue><ssdm name="Height"/></StgValue>
</bind>
</comp>

<comp id="8" class="1000" name="WidthInBytes">
<pin_list>
<pin id="9" dir="1" index="0" bw="1" slack="0"/>
</pin_list>
<bind>
<StgValue><ssdm name="WidthInBytes"/></StgValue>
</bind>
</comp>

<comp id="10" class="1000" name="VideoFormat">
<pin_list>
<pin id="11" dir="1" index="0" bw="1" slack="0"/>
</pin_list>
<bind>
<StgValue><ssdm name="VideoFormat"/></StgValue>
</bind>
</comp>

<comp id="12" class="1000" name="WidthInBytes_c">
<pin_list>
<pin id="13" dir="1" index="0" bw="1" slack="0"/>
</pin_list>
<bind>
<StgValue><ssdm name="WidthInBytes_c"/></StgValue>
</bind>
</comp>

<comp id="14" class="1000" name="height_c">
<pin_list>
<pin id="15" dir="1" index="0" bw="1" slack="0"/>
</pin_list>
<bind>
<StgValue><ssdm name="height_c"/></StgValue>
</bind>
</comp>

<comp id="16" class="1000" name="video_format_c">
<pin_list>
<pin id="17" dir="1" index="0" bw="1" slack="0"/>
</pin_list>
<bind>
<StgValue><ssdm name="video_format_c"/></StgValue>
</bind>
</comp>

<comp id="18" class="1001" name="const_18">
<pin_list>
<pin id="19" dir="1" index="0" bw="1" slack="2147483647"/>
</pin_list>
<bind>
<StgValue><ssdm name="_ssdm_op_SpecInterface"/></StgValue>
</bind>
</comp>

<comp id="20" class="1001" name="const_20">
<pin_list>
<pin id="21" dir="1" index="0" bw="1" slack="2147483647"/>
</pin_list>
<bind>
<StgValue><ssdm name="ap_fifo_str"/></StgValue>
</bind>
</comp>

<comp id="22" class="1001" name="const_22">
<pin_list>
<pin id="23" dir="1" index="0" bw="1" slack="2147483647"/>
</pin_list>
<bind>
<StgValue><ssdm name=""/></StgValue>
</bind>
</comp>

<comp id="24" class="1001" name="const_24">
<pin_list>
<pin id="25" dir="1" index="0" bw="1" slack="2147483647"/>
</pin_list>
<bind>
<StgValue><ssdm name="p_str"/></StgValue>
</bind>
</comp>

<comp id="26" class="1001" name="const_26">
<pin_list>
<pin id="27" dir="1" index="0" bw="1" slack="0"/>
</pin_list>
<bind>
<StgValue><ssdm name=""/></StgValue>
</bind>
</comp>

<comp id="28" class="1001" name="const_28">
<pin_list>
<pin id="29" dir="1" index="0" bw="1" slack="2147483647"/>
</pin_list>
<bind>
<StgValue><ssdm name=""/></StgValue>
</bind>
</comp>

<comp id="30" class="1001" name="const_30">
<pin_list>
<pin id="31" dir="1" index="0" bw="1" slack="2147483647"/>
</pin_list>
<bind>
<StgValue><ssdm name="ScalarProp_str"/></StgValue>
</bind>
</comp>

<comp id="32" class="1001" name="const_32">
<pin_list>
<pin id="33" dir="1" index="0" bw="1" slack="2147483647"/>
</pin_list>
<bind>
<StgValue><ssdm name=""/></StgValue>
</bind>
</comp>

<comp id="34" class="1001" name="const_34">
<pin_list>
<pin id="35" dir="1" index="0" bw="1" slack="0"/>
</pin_list>
<bind>
<StgValue><ssdm name="_ssdm_op_Read.ap_fifo.i6P0A"/></StgValue>
</bind>
</comp>

<comp id="36" class="1001" name="const_36">
<pin_list>
<pin id="37" dir="1" index="0" bw="1" slack="0"/>
</pin_list>
<bind>
<StgValue><ssdm name="_ssdm_op_Write.ap_fifo.i6P0A"/></StgValue>
</bind>
</comp>

<comp id="38" class="1001" name="const_38">
<pin_list>
<pin id="39" dir="1" index="0" bw="1" slack="0"/>
</pin_list>
<bind>
<StgValue><ssdm name="_ssdm_op_Read.ap_fifo.i12P0A"/></StgValue>
</bind>
</comp>

<comp id="40" class="1001" name="const_40">
<pin_list>
<pin id="41" dir="1" index="0" bw="1" slack="0"/>
</pin_list>
<bind>
<StgValue><ssdm name="_ssdm_op_Write.ap_fifo.i12P0A"/></StgValue>
</bind>
</comp>

<comp id="42" class="1001" name="const_42">
<pin_list>
<pin id="43" dir="1" index="0" bw="1" slack="0"/>
</pin_list>
<bind>
<StgValue><ssdm name="_ssdm_op_Read.ap_fifo.i15P0A"/></StgValue>
</bind>
</comp>

<comp id="44" class="1001" name="const_44">
<pin_list>
<pin id="45" dir="1" index="0" bw="1" slack="0"/>
</pin_list>
<bind>
<StgValue><ssdm name="_ssdm_op_Write.ap_fifo.i15P0A"/></StgValue>
</bind>
</comp>

<comp id="46" class="1001" name="const_46">
<pin_list>
<pin id="47" dir="1" index="0" bw="1" slack="2147483647"/>
</pin_list>
<bind>
<StgValue><ssdm name="_ssdm_op_SpecMemCore"/></StgValue>
</bind>
</comp>

<comp id="48" class="1001" name="const_48">
<pin_list>
<pin id="49" dir="1" index="0" bw="1" slack="2147483647"/>
</pin_list>
<bind>
<StgValue><ssdm name=""/></StgValue>
</bind>
</comp>

<comp id="50" class="1001" name="const_50">
<pin_list>
<pin id="51" dir="1" index="0" bw="1" slack="2147483647"/>
</pin_list>
<bind>
<StgValue><ssdm name=""/></StgValue>
</bind>
</comp>

<comp id="52" class="1001" name="const_52">
<pin_list>
<pin id="53" dir="1" index="0" bw="1" slack="2147483647"/>
</pin_list>
<bind>
<StgValue><ssdm name=""/></StgValue>
</bind>
</comp>

<comp id="54" class="1001" name="const_54">
<pin_list>
<pin id="55" dir="1" index="0" bw="1" slack="2147483647"/>
</pin_list>
<bind>
<StgValue><ssdm name="empty_16"/></StgValue>
</bind>
</comp>

<comp id="56" class="1001" name="const_56">
<pin_list>
<pin id="57" dir="1" index="0" bw="1" slack="2147483647"/>
</pin_list>
<bind>
<StgValue><ssdm name="empty_1"/></StgValue>
</bind>
</comp>

<comp id="58" class="1001" name="const_58">
<pin_list>
<pin id="59" dir="1" index="0" bw="1" slack="2147483647"/>
</pin_list>
<bind>
<StgValue><ssdm name=""/></StgValue>
</bind>
</comp>

<comp id="60" class="1001" name="const_60">
<pin_list>
<pin id="61" dir="1" index="0" bw="1" slack="2147483647"/>
</pin_list>
<bind>
<StgValue><ssdm name=""/></StgValue>
</bind>
</comp>

<comp id="62" class="1001" name="const_62">
<pin_list>
<pin id="63" dir="1" index="0" bw="1" slack="2147483647"/>
</pin_list>
<bind>
<StgValue><ssdm name=""/></StgValue>
</bind>
</comp>

<comp id="64" class="1001" name="const_64">
<pin_list>
<pin id="65" dir="1" index="0" bw="1" slack="2147483647"/>
</pin_list>
<bind>
<StgValue><ssdm name=""/></StgValue>
</bind>
</comp>

<comp id="66" class="1001" name="const_66">
<pin_list>
<pin id="67" dir="1" index="0" bw="1" slack="2147483647"/>
</pin_list>
<bind>
<StgValue><ssdm name=""/></StgValue>
</bind>
</comp>

<comp id="68" class="1001" name="const_68">
<pin_list>
<pin id="69" dir="1" index="0" bw="1" slack="2147483647"/>
</pin_list>
<bind>
<StgValue><ssdm name=""/></StgValue>
</bind>
</comp>

<comp id="70" class="1001" name="const_70">
<pin_list>
<pin id="71" dir="1" index="0" bw="1" slack="2147483647"/>
</pin_list>
<bind>
<StgValue><ssdm name=""/></StgValue>
</bind>
</comp>

<comp id="72" class="1001" name="const_72">
<pin_list>
<pin id="73" dir="1" index="0" bw="1" slack="2147483647"/>
</pin_list>
<bind>
<StgValue><ssdm name=""/></StgValue>
</bind>
</comp>

<comp id="74" class="1001" name="const_74">
<pin_list>
<pin id="75" dir="1" index="0" bw="1" slack="2147483647"/>
</pin_list>
<bind>
<StgValue><ssdm name=""/></StgValue>
</bind>
</comp>

<comp id="76" class="1001" name="const_76">
<pin_list>
<pin id="77" dir="1" index="0" bw="1" slack="2147483647"/>
</pin_list>
<bind>
<StgValue><ssdm name=""/></StgValue>
</bind>
</comp>

<comp id="78" class="1001" name="const_78">
<pin_list>
<pin id="79" dir="1" index="0" bw="1" slack="0"/>
</pin_list>
<bind>
<StgValue><ssdm name=""/></StgValue>
</bind>
</comp>

<comp id="80" class="1001" name="const_80">
<pin_list>
<pin id="81" dir="1" index="0" bw="1" slack="0"/>
</pin_list>
<bind>
<StgValue><ssdm name=""/></StgValue>
</bind>
</comp>

<comp id="82" class="1001" name="const_82">
<pin_list>
<pin id="83" dir="1" index="0" bw="1" slack="0"/>
</pin_list>
<bind>
<StgValue><ssdm name=""/></StgValue>
</bind>
</comp>

<comp id="84" class="1001" name="const_84">
<pin_list>
<pin id="85" dir="1" index="0" bw="1" slack="0"/>
</pin_list>
<bind>
<StgValue><ssdm name=""/></StgValue>
</bind>
</comp>

<comp id="86" class="1001" name="const_86">
<pin_list>
<pin id="87" dir="1" index="0" bw="1" slack="0"/>
</pin_list>
<bind>
<StgValue><ssdm name="_ssdm_op_PartSelect.i12.i16.i32.i32"/></StgValue>
</bind>
</comp>

<comp id="88" class="1001" name="const_88">
<pin_list>
<pin id="89" dir="1" index="0" bw="1" slack="0"/>
</pin_list>
<bind>
<StgValue><ssdm name=""/></StgValue>
</bind>
</comp>

<comp id="90" class="1001" name="const_90">
<pin_list>
<pin id="91" dir="1" index="0" bw="1" slack="0"/>
</pin_list>
<bind>
<StgValue><ssdm name=""/></StgValue>
</bind>
</comp>

<comp id="92" class="1001" name="const_92">
<pin_list>
<pin id="93" dir="1" index="0" bw="1" slack="0"/>
</pin_list>
<bind>
<StgValue><ssdm name=""/></StgValue>
</bind>
</comp>

<comp id="94" class="1001" name="const_94">
<pin_list>
<pin id="95" dir="1" index="0" bw="1" slack="0"/>
</pin_list>
<bind>
<StgValue><ssdm name="_ssdm_op_PartSelect.i3.i15.i32.i32"/></StgValue>
</bind>
</comp>

<comp id="96" class="1001" name="const_96">
<pin_list>
<pin id="97" dir="1" index="0" bw="1" slack="0"/>
</pin_list>
<bind>
<StgValue><ssdm name=""/></StgValue>
</bind>
</comp>

<comp id="98" class="1001" name="const_98">
<pin_list>
<pin id="99" dir="1" index="0" bw="1" slack="0"/>
</pin_list>
<bind>
<StgValue><ssdm name=""/></StgValue>
</bind>
</comp>

<comp id="100" class="1001" name="const_100">
<pin_list>
<pin id="101" dir="1" index="0" bw="1" slack="0"/>
</pin_list>
<bind>
<StgValue><ssdm name=""/></StgValue>
</bind>
</comp>

<comp id="102" class="1001" name="const_102">
<pin_list>
<pin id="103" dir="1" index="0" bw="1" slack="0"/>
</pin_list>
<bind>
<StgValue><ssdm name="_ssdm_op_PartSelect.i3.i4.i32.i32"/></StgValue>
</bind>
</comp>

<comp id="104" class="1001" name="const_104">
<pin_list>
<pin id="105" dir="1" index="0" bw="1" slack="0"/>
</pin_list>
<bind>
<StgValue><ssdm name=""/></StgValue>
</bind>
</comp>

<comp id="106" class="1001" name="const_106">
<pin_list>
<pin id="107" dir="1" index="0" bw="1" slack="0"/>
</pin_list>
<bind>
<StgValue><ssdm name=""/></StgValue>
</bind>
</comp>

<comp id="108" class="1001" name="const_108">
<pin_list>
<pin id="109" dir="1" index="0" bw="1" slack="0"/>
</pin_list>
<bind>
<StgValue><ssdm name="_ssdm_op_PartSelect.i2.i4.i32.i32"/></StgValue>
</bind>
</comp>

<comp id="110" class="1001" name="const_110">
<pin_list>
<pin id="111" dir="1" index="0" bw="1" slack="0"/>
</pin_list>
<bind>
<StgValue><ssdm name=""/></StgValue>
</bind>
</comp>

<comp id="112" class="1001" name="const_112">
<pin_list>
<pin id="113" dir="1" index="0" bw="1" slack="0"/>
</pin_list>
<bind>
<StgValue><ssdm name=""/></StgValue>
</bind>
</comp>

<comp id="114" class="1001" name="const_114">
<pin_list>
<pin id="115" dir="1" index="0" bw="1" slack="0"/>
</pin_list>
<bind>
<StgValue><ssdm name=""/></StgValue>
</bind>
</comp>

<comp id="116" class="1001" name="const_116">
<pin_list>
<pin id="117" dir="1" index="0" bw="1" slack="0"/>
</pin_list>
<bind>
<StgValue><ssdm name=""/></StgValue>
</bind>
</comp>

<comp id="118" class="1001" name="const_118">
<pin_list>
<pin id="119" dir="1" index="0" bw="1" slack="0"/>
</pin_list>
<bind>
<StgValue><ssdm name=""/></StgValue>
</bind>
</comp>

<comp id="120" class="1001" name="const_120">
<pin_list>
<pin id="121" dir="1" index="0" bw="1" slack="0"/>
</pin_list>
<bind>
<StgValue><ssdm name=""/></StgValue>
</bind>
</comp>

<comp id="122" class="1001" name="const_122">
<pin_list>
<pin id="123" dir="1" index="0" bw="1" slack="2147483647"/>
</pin_list>
<bind>
<StgValue><ssdm name="_ssdm_op_Wait"/></StgValue>
</bind>
</comp>

<comp id="124" class="1001" name="const_124">
<pin_list>
<pin id="125" dir="1" index="0" bw="1" slack="0"/>
</pin_list>
<bind>
<StgValue><ssdm name="MultiPixStream2Bytes_Pipeline_VITIS_LOOP_586_1"/></StgValue>
</bind>
</comp>

<comp id="126" class="1001" name="const_126">
<pin_list>
<pin id="127" dir="1" index="0" bw="1" slack="2147483647"/>
</pin_list>
<bind>
<StgValue><ssdm name="_ssdm_op_SpecLoopTripCount"/></StgValue>
</bind>
</comp>

<comp id="128" class="1001" name="const_128">
<pin_list>
<pin id="129" dir="1" index="0" bw="1" slack="2147483647"/>
</pin_list>
<bind>
<StgValue><ssdm name=""/></StgValue>
</bind>
</comp>

<comp id="130" class="1001" name="const_130">
<pin_list>
<pin id="131" dir="1" index="0" bw="1" slack="2147483647"/>
</pin_list>
<bind>
<StgValue><ssdm name=""/></StgValue>
</bind>
</comp>

<comp id="132" class="1001" name="const_132">
<pin_list>
<pin id="133" dir="1" index="0" bw="1" slack="2147483647"/>
</pin_list>
<bind>
<StgValue><ssdm name=""/></StgValue>
</bind>
</comp>

<comp id="134" class="1001" name="const_134">
<pin_list>
<pin id="135" dir="1" index="0" bw="1" slack="2147483647"/>
</pin_list>
<bind>
<StgValue><ssdm name="_ssdm_op_SpecLoopName"/></StgValue>
</bind>
</comp>

<comp id="136" class="1001" name="const_136">
<pin_list>
<pin id="137" dir="1" index="0" bw="1" slack="2147483647"/>
</pin_list>
<bind>
<StgValue><ssdm name="empty_12"/></StgValue>
</bind>
</comp>

<comp id="138" class="1004" name="y_fu_138">
<pin_list>
<pin id="139" dir="0" index="0" bw="1" slack="0"/>
<pin id="140" dir="1" index="1" bw="12" slack="0"/>
</pin_list>
<bind>
<opcode="alloca(26) " fcode="alloca"/>
<opset="y/1 "/>
</bind>
</comp>

<comp id="142" class="1004" name="p_0_0_0_0_0_751_lcssa99_fu_142">
<pin_list>
<pin id="143" dir="0" index="0" bw="1" slack="0"/>
<pin id="144" dir="1" index="1" bw="8" slack="2"/>
</pin_list>
<bind>
<opcode="alloca(26) " fcode="alloca"/>
<opset="p_0_0_0_0_0_751_lcssa99/1 "/>
</bind>
</comp>

<comp id="146" class="1004" name="p_0_1_0_0_0_760_lcssa102_fu_146">
<pin_list>
<pin id="147" dir="0" index="0" bw="1" slack="0"/>
<pin id="148" dir="1" index="1" bw="8" slack="2"/>
</pin_list>
<bind>
<opcode="alloca(26) " fcode="alloca"/>
<opset="p_0_1_0_0_0_760_lcssa102/1 "/>
</bind>
</comp>

<comp id="150" class="1004" name="p_0_3_0_0_0_778_lcssa108_fu_150">
<pin_list>
<pin id="151" dir="0" index="0" bw="1" slack="0"/>
<pin id="152" dir="1" index="1" bw="8" slack="2"/>
</pin_list>
<bind>
<opcode="alloca(26) " fcode="alloca"/>
<opset="p_0_3_0_0_0_778_lcssa108/1 "/>
</bind>
</comp>

<comp id="154" class="1004" name="p_0_4_0_0_0_787_lcssa111_fu_154">
<pin_list>
<pin id="155" dir="0" index="0" bw="1" slack="0"/>
<pin id="156" dir="1" index="1" bw="8" slack="2"/>
</pin_list>
<bind>
<opcode="alloca(26) " fcode="alloca"/>
<opset="p_0_4_0_0_0_787_lcssa111/1 "/>
</bind>
</comp>

<comp id="158" class="1004" name="VideoFormat_read_read_fu_158">
<pin_list>
<pin id="159" dir="0" index="0" bw="6" slack="0"/>
<pin id="160" dir="0" index="1" bw="6" slack="0"/>
<pin id="161" dir="1" index="2" bw="6" slack="0"/>
</pin_list>
<bind>
<opcode="read(1150) " fcode="read"/>
<opset="VideoFormat_read/1 "/>
</bind>
</comp>

<comp id="164" class="1004" name="write_ln0_write_fu_164">
<pin_list>
<pin id="165" dir="0" index="0" bw="0" slack="0"/>
<pin id="166" dir="0" index="1" bw="6" slack="0"/>
<pin id="167" dir="0" index="2" bw="6" slack="0"/>
<pin id="168" dir="1" index="3" bw="0" slack="2147483647"/>
</pin_list>
<bind>
<opcode="write(1151) " fcode="write"/>
<opset="write_ln0/1 "/>
</bind>
</comp>

<comp id="172" class="1004" name="Height_read_read_fu_172">
<pin_list>
<pin id="173" dir="0" index="0" bw="12" slack="0"/>
<pin id="174" dir="0" index="1" bw="12" slack="0"/>
<pin id="175" dir="1" index="2" bw="12" slack="0"/>
</pin_list>
<bind>
<opcode="read(1150) " fcode="read"/>
<opset="Height_read/1 "/>
</bind>
</comp>

<comp id="178" class="1004" name="write_ln0_write_fu_178">
<pin_list>
<pin id="179" dir="0" index="0" bw="0" slack="0"/>
<pin id="180" dir="0" index="1" bw="12" slack="0"/>
<pin id="181" dir="0" index="2" bw="12" slack="0"/>
<pin id="182" dir="1" index="3" bw="0" slack="2147483647"/>
</pin_list>
<bind>
<opcode="write(1151) " fcode="write"/>
<opset="write_ln0/1 "/>
</bind>
</comp>

<comp id="186" class="1004" name="widthInPix_read_fu_186">
<pin_list>
<pin id="187" dir="0" index="0" bw="15" slack="0"/>
<pin id="188" dir="0" index="1" bw="15" slack="0"/>
<pin id="189" dir="1" index="2" bw="15" slack="0"/>
</pin_list>
<bind>
<opcode="read(1150) " fcode="read"/>
<opset="widthInPix/1 "/>
</bind>
</comp>

<comp id="192" class="1004" name="write_ln0_write_fu_192">
<pin_list>
<pin id="193" dir="0" index="0" bw="0" slack="0"/>
<pin id="194" dir="0" index="1" bw="15" slack="0"/>
<pin id="195" dir="0" index="2" bw="15" slack="0"/>
<pin id="196" dir="1" index="3" bw="0" slack="2147483647"/>
</pin_list>
<bind>
<opcode="write(1151) " fcode="write"/>
<opset="write_ln0/1 "/>
</bind>
</comp>

<comp id="200" class="1004" name="grp_MultiPixStream2Bytes_Pipeline_VITIS_LOOP_586_1_fu_200">
<pin_list>
<pin id="201" dir="0" index="0" bw="0" slack="0"/>
<pin id="202" dir="0" index="1" bw="8" slack="2"/>
<pin id="203" dir="0" index="2" bw="8" slack="2"/>
<pin id="204" dir="0" index="3" bw="8" slack="2"/>
<pin id="205" dir="0" index="4" bw="8" slack="2"/>
<pin id="206" dir="0" index="5" bw="12" slack="2"/>
<pin id="207" dir="0" index="6" bw="128" slack="0"/>
<pin id="208" dir="0" index="7" bw="128" slack="0"/>
<pin id="209" dir="0" index="8" bw="1" slack="1"/>
<pin id="210" dir="0" index="9" bw="1" slack="2"/>
<pin id="211" dir="0" index="10" bw="1" slack="2"/>
<pin id="212" dir="0" index="11" bw="1" slack="2"/>
<pin id="213" dir="0" index="12" bw="1" slack="2"/>
<pin id="214" dir="0" index="13" bw="1" slack="2"/>
<pin id="215" dir="0" index="14" bw="1" slack="2"/>
<pin id="216" dir="0" index="15" bw="1" slack="2"/>
<pin id="217" dir="0" index="16" bw="12" slack="2"/>
<pin id="218" dir="0" index="17" bw="1" slack="2"/>
<pin id="219" dir="0" index="18" bw="48" slack="0"/>
<pin id="220" dir="0" index="19" bw="8" slack="3"/>
<pin id="221" dir="0" index="20" bw="8" slack="3"/>
<pin id="222" dir="0" index="21" bw="8" slack="3"/>
<pin id="223" dir="0" index="22" bw="8" slack="3"/>
<pin id="224" dir="1" index="23" bw="0" slack="2147483647"/>
</pin_list>
<bind>
<opcode="call(48) " fcode="call"/>
<opset="call_ln571/4 "/>
</bind>
</comp>

<comp id="229" class="1004" name="notlhs_fu_229">
<pin_list>
<pin id="230" dir="0" index="0" bw="6" slack="0"/>
<pin id="231" dir="0" index="1" bw="6" slack="0"/>
<pin id="232" dir="1" index="2" bw="1" slack="2"/>
</pin_list>
<bind>
<opcode="icmp(45) " fcode="icmp"/>
<opset="notlhs/1 "/>
</bind>
</comp>

<comp id="235" class="1004" name="store_ln583_store_fu_235">
<pin_list>
<pin id="236" dir="0" index="0" bw="1" slack="0"/>
<pin id="237" dir="0" index="1" bw="12" slack="0"/>
<pin id="238" dir="1" index="2" bw="0" slack="2147483647"/>
</pin_list>
<bind>
<opcode="store(28) " fcode="store"/>
<opset="store_ln583/1 "/>
</bind>
</comp>

<comp id="240" class="1004" name="remainPix_fu_240">
<pin_list>
<pin id="241" dir="0" index="0" bw="15" slack="1"/>
<pin id="242" dir="1" index="1" bw="4" slack="0"/>
</pin_list>
<bind>
<opcode="trunc(33) " fcode="trunc"/>
<opset="remainPix/2 "/>
</bind>
</comp>

<comp id="243" class="1004" name="zext_ln571_fu_243">
<pin_list>
<pin id="244" dir="0" index="0" bw="15" slack="1"/>
<pin id="245" dir="1" index="1" bw="16" slack="0"/>
</pin_list>
<bind>
<opcode="zext(34) " fcode="zext"/>
<opset="zext_ln571/2 "/>
</bind>
</comp>

<comp id="246" class="1004" name="add_ln571_fu_246">
<pin_list>
<pin id="247" dir="0" index="0" bw="15" slack="0"/>
<pin id="248" dir="0" index="1" bw="5" slack="0"/>
<pin id="249" dir="1" index="2" bw="16" slack="0"/>
</pin_list>
<bind>
<opcode="add(8) " fcode="add"/>
<opset="add_ln571/2 "/>
</bind>
</comp>

<comp id="252" class="1004" name="trunc_ln571_1_fu_252">
<pin_list>
<pin id="253" dir="0" index="0" bw="12" slack="0"/>
<pin id="254" dir="0" index="1" bw="16" slack="0"/>
<pin id="255" dir="0" index="2" bw="4" slack="0"/>
<pin id="256" dir="0" index="3" bw="5" slack="0"/>
<pin id="257" dir="1" index="4" bw="12" slack="0"/>
</pin_list>
<bind>
<opcode="partselect(1002) " fcode="partselect"/>
<opset="trunc_ln571_1/2 "/>
</bind>
</comp>

<comp id="262" class="1004" name="icmp_ln576_fu_262">
<pin_list>
<pin id="263" dir="0" index="0" bw="4" slack="0"/>
<pin id="264" dir="0" index="1" bw="1" slack="0"/>
<pin id="265" dir="1" index="2" bw="1" slack="0"/>
</pin_list>
<bind>
<opcode="icmp(45) " fcode="icmp"/>
<opset="icmp_ln576/2 "/>
</bind>
</comp>

<comp id="268" class="1004" name="lshr_ln_fu_268">
<pin_list>
<pin id="269" dir="0" index="0" bw="3" slack="0"/>
<pin id="270" dir="0" index="1" bw="15" slack="1"/>
<pin id="271" dir="0" index="2" bw="1" slack="0"/>
<pin id="272" dir="0" index="3" bw="3" slack="0"/>
<pin id="273" dir="1" index="4" bw="3" slack="0"/>
</pin_list>
<bind>
<opcode="partselect(1002) " fcode="partselect"/>
<opset="lshr_ln/2 "/>
</bind>
</comp>

<comp id="277" class="1004" name="zext_ln578_fu_277">
<pin_list>
<pin id="278" dir="0" index="0" bw="3" slack="0"/>
<pin id="279" dir="1" index="1" bw="4" slack="0"/>
</pin_list>
<bind>
<opcode="zext(34) " fcode="zext"/>
<opset="zext_ln578/2 "/>
</bind>
</comp>

<comp id="281" class="1004" name="remainPix_1_fu_281">
<pin_list>
<pin id="282" dir="0" index="0" bw="1" slack="0"/>
<pin id="283" dir="0" index="1" bw="4" slack="0"/>
<pin id="284" dir="0" index="2" bw="3" slack="0"/>
<pin id="285" dir="1" index="3" bw="4" slack="0"/>
</pin_list>
<bind>
<opcode="select(49) " fcode="select"/>
<opset="remainPix_1/2 "/>
</bind>
</comp>

<comp id="289" class="1004" name="sub50_fu_289">
<pin_list>
<pin id="290" dir="0" index="0" bw="12" slack="0"/>
<pin id="291" dir="0" index="1" bw="1" slack="0"/>
<pin id="292" dir="1" index="2" bw="12" slack="2"/>
</pin_list>
<bind>
<opcode="add(8) " fcode="add"/>
<opset="sub50/2 "/>
</bind>
</comp>

<comp id="295" class="1004" name="cmp53_fu_295">
<pin_list>
<pin id="296" dir="0" index="0" bw="4" slack="0"/>
<pin id="297" dir="0" index="1" bw="1" slack="0"/>
<pin id="298" dir="1" index="2" bw="1" slack="2"/>
</pin_list>
<bind>
<opcode="icmp(45) " fcode="icmp"/>
<opset="cmp53/2 "/>
</bind>
</comp>

<comp id="301" class="1004" name="tmp_fu_301">
<pin_list>
<pin id="302" dir="0" index="0" bw="3" slack="0"/>
<pin id="303" dir="0" index="1" bw="4" slack="0"/>
<pin id="304" dir="0" index="2" bw="1" slack="0"/>
<pin id="305" dir="0" index="3" bw="3" slack="0"/>
<pin id="306" dir="1" index="4" bw="3" slack="0"/>
</pin_list>
<bind>
<opcode="partselect(1002) " fcode="partselect"/>
<opset="tmp/2 "/>
</bind>
</comp>

<comp id="311" class="1004" name="icmp_fu_311">
<pin_list>
<pin id="312" dir="0" index="0" bw="3" slack="0"/>
<pin id="313" dir="0" index="1" bw="1" slack="0"/>
<pin id="314" dir="1" index="2" bw="1" slack="2"/>
</pin_list>
<bind>
<opcode="icmp(45) " fcode="icmp"/>
<opset="icmp/2 "/>
</bind>
</comp>

<comp id="317" class="1004" name="cmp53_2_fu_317">
<pin_list>
<pin id="318" dir="0" index="0" bw="4" slack="0"/>
<pin id="319" dir="0" index="1" bw="3" slack="0"/>
<pin id="320" dir="1" index="2" bw="1" slack="2"/>
</pin_list>
<bind>
<opcode="icmp(45) " fcode="icmp"/>
<opset="cmp53_2/2 "/>
</bind>
</comp>

<comp id="323" class="1004" name="tmp_1_fu_323">
<pin_list>
<pin id="324" dir="0" index="0" bw="2" slack="0"/>
<pin id="325" dir="0" index="1" bw="4" slack="0"/>
<pin id="326" dir="0" index="2" bw="3" slack="0"/>
<pin id="327" dir="0" index="3" bw="3" slack="0"/>
<pin id="328" dir="1" index="4" bw="2" slack="0"/>
</pin_list>
<bind>
<opcode="partselect(1002) " fcode="partselect"/>
<opset="tmp_1/2 "/>
</bind>
</comp>

<comp id="333" class="1004" name="icmp6_fu_333">
<pin_list>
<pin id="334" dir="0" index="0" bw="2" slack="0"/>
<pin id="335" dir="0" index="1" bw="1" slack="0"/>
<pin id="336" dir="1" index="2" bw="1" slack="2"/>
</pin_list>
<bind>
<opcode="icmp(45) " fcode="icmp"/>
<opset="icmp6/2 "/>
</bind>
</comp>

<comp id="339" class="1004" name="cmp53_4_fu_339">
<pin_list>
<pin id="340" dir="0" index="0" bw="4" slack="0"/>
<pin id="341" dir="0" index="1" bw="4" slack="0"/>
<pin id="342" dir="1" index="2" bw="1" slack="2"/>
</pin_list>
<bind>
<opcode="icmp(45) " fcode="icmp"/>
<opset="cmp53_4/2 "/>
</bind>
</comp>

<comp id="345" class="1004" name="cmp53_5_fu_345">
<pin_list>
<pin id="346" dir="0" index="0" bw="4" slack="0"/>
<pin id="347" dir="0" index="1" bw="4" slack="0"/>
<pin id="348" dir="1" index="2" bw="1" slack="2"/>
</pin_list>
<bind>
<opcode="icmp(45) " fcode="icmp"/>
<opset="cmp53_5/2 "/>
</bind>
</comp>

<comp id="351" class="1004" name="cmp53_6_fu_351">
<pin_list>
<pin id="352" dir="0" index="0" bw="4" slack="0"/>
<pin id="353" dir="0" index="1" bw="4" slack="0"/>
<pin id="354" dir="1" index="2" bw="1" slack="2"/>
</pin_list>
<bind>
<opcode="icmp(45) " fcode="icmp"/>
<opset="cmp53_6/2 "/>
</bind>
</comp>

<comp id="357" class="1004" name="y_1_load_fu_357">
<pin_list>
<pin id="358" dir="0" index="0" bw="12" slack="2"/>
<pin id="359" dir="1" index="1" bw="12" slack="0"/>
</pin_list>
<bind>
<opcode="load(27) " fcode="load"/>
<opset="y_1/3 "/>
</bind>
</comp>

<comp id="360" class="1004" name="trunc_ln583_fu_360">
<pin_list>
<pin id="361" dir="0" index="0" bw="12" slack="0"/>
<pin id="362" dir="1" index="1" bw="1" slack="0"/>
</pin_list>
<bind>
<opcode="trunc(33) " fcode="trunc"/>
<opset="trunc_ln583/3 "/>
</bind>
</comp>

<comp id="364" class="1004" name="icmp_ln583_fu_364">
<pin_list>
<pin id="365" dir="0" index="0" bw="12" slack="0"/>
<pin id="366" dir="0" index="1" bw="12" slack="2"/>
<pin id="367" dir="1" index="2" bw="1" slack="2147483647"/>
</pin_list>
<bind>
<opcode="icmp(45) " fcode="icmp"/>
<opset="icmp_ln583/3 "/>
</bind>
</comp>

<comp id="369" class="1004" name="y_2_fu_369">
<pin_list>
<pin id="370" dir="0" index="0" bw="12" slack="0"/>
<pin id="371" dir="0" index="1" bw="1" slack="0"/>
<pin id="372" dir="1" index="2" bw="12" slack="0"/>
</pin_list>
<bind>
<opcode="add(8) " fcode="add"/>
<opset="y_2/3 "/>
</bind>
</comp>

<comp id="375" class="1004" name="p_0_0_0_0_0_751_lcssa99_load_load_fu_375">
<pin_list>
<pin id="376" dir="0" index="0" bw="8" slack="2"/>
<pin id="377" dir="1" index="1" bw="8" slack="2"/>
</pin_list>
<bind>
<opcode="load(27) " fcode="load"/>
<opset="p_0_0_0_0_0_751_lcssa99_load/3 "/>
</bind>
</comp>

<comp id="378" class="1004" name="p_0_1_0_0_0_760_lcssa102_load_load_fu_378">
<pin_list>
<pin id="379" dir="0" index="0" bw="8" slack="2"/>
<pin id="380" dir="1" index="1" bw="8" slack="2"/>
</pin_list>
<bind>
<opcode="load(27) " fcode="load"/>
<opset="p_0_1_0_0_0_760_lcssa102_load/3 "/>
</bind>
</comp>

<comp id="381" class="1004" name="p_0_3_0_0_0_778_lcssa108_load_load_fu_381">
<pin_list>
<pin id="382" dir="0" index="0" bw="8" slack="2"/>
<pin id="383" dir="1" index="1" bw="8" slack="2"/>
</pin_list>
<bind>
<opcode="load(27) " fcode="load"/>
<opset="p_0_3_0_0_0_778_lcssa108_load/3 "/>
</bind>
</comp>

<comp id="384" class="1004" name="p_0_4_0_0_0_787_lcssa111_load_load_fu_384">
<pin_list>
<pin id="385" dir="0" index="0" bw="8" slack="2"/>
<pin id="386" dir="1" index="1" bw="8" slack="2"/>
</pin_list>
<bind>
<opcode="load(27) " fcode="load"/>
<opset="p_0_4_0_0_0_787_lcssa111_load/3 "/>
</bind>
</comp>

<comp id="387" class="1004" name="tobool_not_fu_387">
<pin_list>
<pin id="388" dir="0" index="0" bw="1" slack="0"/>
<pin id="389" dir="0" index="1" bw="1" slack="0"/>
<pin id="390" dir="1" index="2" bw="1" slack="0"/>
</pin_list>
<bind>
<opcode="xor(25) " fcode="xor"/>
<opset="tobool_not/3 "/>
</bind>
</comp>

<comp id="393" class="1004" name="brmerge42_fu_393">
<pin_list>
<pin id="394" dir="0" index="0" bw="1" slack="2"/>
<pin id="395" dir="0" index="1" bw="1" slack="0"/>
<pin id="396" dir="1" index="2" bw="1" slack="1"/>
</pin_list>
<bind>
<opcode="or(24) " fcode="or"/>
<opset="brmerge42/3 "/>
</bind>
</comp>

<comp id="398" class="1004" name="store_ln583_store_fu_398">
<pin_list>
<pin id="399" dir="0" index="0" bw="12" slack="0"/>
<pin id="400" dir="0" index="1" bw="12" slack="2"/>
<pin id="401" dir="1" index="2" bw="0" slack="2147483647"/>
</pin_list>
<bind>
<opcode="store(28) " fcode="store"/>
<opset="store_ln583/3 "/>
</bind>
</comp>

<comp id="403" class="1005" name="VideoFormat_read_reg_403">
<pin_list>
<pin id="404" dir="0" index="0" bw="6" slack="2"/>
<pin id="405" dir="1" index="1" bw="6" slack="2147483647"/>
</pin_list>
<bind>
<opset="VideoFormat_read "/>
</bind>
</comp>

<comp id="407" class="1005" name="Height_read_reg_407">
<pin_list>
<pin id="408" dir="0" index="0" bw="12" slack="2"/>
<pin id="409" dir="1" index="1" bw="12" slack="2"/>
</pin_list>
<bind>
<opset="Height_read "/>
</bind>
</comp>

<comp id="412" class="1005" name="widthInPix_reg_412">
<pin_list>
<pin id="413" dir="0" index="0" bw="15" slack="1"/>
<pin id="414" dir="1" index="1" bw="15" slack="1"/>
</pin_list>
<bind>
<opset="widthInPix "/>
</bind>
</comp>

<comp id="419" class="1005" name="y_reg_419">
<pin_list>
<pin id="420" dir="0" index="0" bw="12" slack="0"/>
<pin id="421" dir="1" index="1" bw="12" slack="0"/>
</pin_list>
<bind>
<opset="y "/>
</bind>
</comp>

<comp id="426" class="1005" name="p_0_0_0_0_0_751_lcssa99_reg_426">
<pin_list>
<pin id="427" dir="0" index="0" bw="8" slack="2"/>
<pin id="428" dir="1" index="1" bw="8" slack="2"/>
</pin_list>
<bind>
<opset="p_0_0_0_0_0_751_lcssa99 "/>
</bind>
</comp>

<comp id="432" class="1005" name="p_0_1_0_0_0_760_lcssa102_reg_432">
<pin_list>
<pin id="433" dir="0" index="0" bw="8" slack="2"/>
<pin id="434" dir="1" index="1" bw="8" slack="2"/>
</pin_list>
<bind>
<opset="p_0_1_0_0_0_760_lcssa102 "/>
</bind>
</comp>

<comp id="438" class="1005" name="p_0_3_0_0_0_778_lcssa108_reg_438">
<pin_list>
<pin id="439" dir="0" index="0" bw="8" slack="2"/>
<pin id="440" dir="1" index="1" bw="8" slack="2"/>
</pin_list>
<bind>
<opset="p_0_3_0_0_0_778_lcssa108 "/>
</bind>
</comp>

<comp id="444" class="1005" name="p_0_4_0_0_0_787_lcssa111_reg_444">
<pin_list>
<pin id="445" dir="0" index="0" bw="8" slack="2"/>
<pin id="446" dir="1" index="1" bw="8" slack="2"/>
</pin_list>
<bind>
<opset="p_0_4_0_0_0_787_lcssa111 "/>
</bind>
</comp>

<comp id="450" class="1005" name="notlhs_reg_450">
<pin_list>
<pin id="451" dir="0" index="0" bw="1" slack="2"/>
<pin id="452" dir="1" index="1" bw="1" slack="2"/>
</pin_list>
<bind>
<opset="notlhs "/>
</bind>
</comp>

<comp id="455" class="1005" name="trunc_ln571_1_reg_455">
<pin_list>
<pin id="456" dir="0" index="0" bw="12" slack="2"/>
<pin id="457" dir="1" index="1" bw="12" slack="2"/>
</pin_list>
<bind>
<opset="trunc_ln571_1 "/>
</bind>
</comp>

<comp id="460" class="1005" name="icmp_ln576_reg_460">
<pin_list>
<pin id="461" dir="0" index="0" bw="1" slack="2"/>
<pin id="462" dir="1" index="1" bw="1" slack="2"/>
</pin_list>
<bind>
<opset="icmp_ln576 "/>
</bind>
</comp>

<comp id="465" class="1005" name="sub50_reg_465">
<pin_list>
<pin id="466" dir="0" index="0" bw="12" slack="2"/>
<pin id="467" dir="1" index="1" bw="12" slack="2"/>
</pin_list>
<bind>
<opset="sub50 "/>
</bind>
</comp>

<comp id="470" class="1005" name="cmp53_reg_470">
<pin_list>
<pin id="471" dir="0" index="0" bw="1" slack="2"/>
<pin id="472" dir="1" index="1" bw="1" slack="2"/>
</pin_list>
<bind>
<opset="cmp53 "/>
</bind>
</comp>

<comp id="475" class="1005" name="icmp_reg_475">
<pin_list>
<pin id="476" dir="0" index="0" bw="1" slack="2"/>
<pin id="477" dir="1" index="1" bw="1" slack="2"/>
</pin_list>
<bind>
<opset="icmp "/>
</bind>
</comp>

<comp id="480" class="1005" name="cmp53_2_reg_480">
<pin_list>
<pin id="481" dir="0" index="0" bw="1" slack="2"/>
<pin id="482" dir="1" index="1" bw="1" slack="2"/>
</pin_list>
<bind>
<opset="cmp53_2 "/>
</bind>
</comp>

<comp id="485" class="1005" name="icmp6_reg_485">
<pin_list>
<pin id="486" dir="0" index="0" bw="1" slack="2"/>
<pin id="487" dir="1" index="1" bw="1" slack="2"/>
</pin_list>
<bind>
<opset="icmp6 "/>
</bind>
</comp>

<comp id="490" class="1005" name="cmp53_4_reg_490">
<pin_list>
<pin id="491" dir="0" index="0" bw="1" slack="2"/>
<pin id="492" dir="1" index="1" bw="1" slack="2"/>
</pin_list>
<bind>
<opset="cmp53_4 "/>
</bind>
</comp>

<comp id="495" class="1005" name="cmp53_5_reg_495">
<pin_list>
<pin id="496" dir="0" index="0" bw="1" slack="2"/>
<pin id="497" dir="1" index="1" bw="1" slack="2"/>
</pin_list>
<bind>
<opset="cmp53_5 "/>
</bind>
</comp>

<comp id="500" class="1005" name="cmp53_6_reg_500">
<pin_list>
<pin id="501" dir="0" index="0" bw="1" slack="2"/>
<pin id="502" dir="1" index="1" bw="1" slack="2"/>
</pin_list>
<bind>
<opset="cmp53_6 "/>
</bind>
</comp>

<comp id="508" class="1005" name="p_0_0_0_0_0_751_lcssa99_load_reg_508">
<pin_list>
<pin id="509" dir="0" index="0" bw="8" slack="2"/>
<pin id="510" dir="1" index="1" bw="8" slack="2"/>
</pin_list>
<bind>
<opset="p_0_0_0_0_0_751_lcssa99_load "/>
</bind>
</comp>

<comp id="513" class="1005" name="p_0_1_0_0_0_760_lcssa102_load_reg_513">
<pin_list>
<pin id="514" dir="0" index="0" bw="8" slack="2"/>
<pin id="515" dir="1" index="1" bw="8" slack="2"/>
</pin_list>
<bind>
<opset="p_0_1_0_0_0_760_lcssa102_load "/>
</bind>
</comp>

<comp id="518" class="1005" name="p_0_3_0_0_0_778_lcssa108_load_reg_518">
<pin_list>
<pin id="519" dir="0" index="0" bw="8" slack="2"/>
<pin id="520" dir="1" index="1" bw="8" slack="2"/>
</pin_list>
<bind>
<opset="p_0_3_0_0_0_778_lcssa108_load "/>
</bind>
</comp>

<comp id="523" class="1005" name="p_0_4_0_0_0_787_lcssa111_load_reg_523">
<pin_list>
<pin id="524" dir="0" index="0" bw="8" slack="2"/>
<pin id="525" dir="1" index="1" bw="8" slack="2"/>
</pin_list>
<bind>
<opset="p_0_4_0_0_0_787_lcssa111_load "/>
</bind>
</comp>

<comp id="528" class="1005" name="brmerge42_reg_528">
<pin_list>
<pin id="529" dir="0" index="0" bw="1" slack="1"/>
<pin id="530" dir="1" index="1" bw="1" slack="1"/>
</pin_list>
<bind>
<opset="brmerge42 "/>
</bind>
</comp>

</comp_list>

<net_list>
<net id="141"><net_src comp="80" pin="0"/><net_sink comp="138" pin=0"/></net>

<net id="145"><net_src comp="80" pin="0"/><net_sink comp="142" pin=0"/></net>

<net id="149"><net_src comp="80" pin="0"/><net_sink comp="146" pin=0"/></net>

<net id="153"><net_src comp="80" pin="0"/><net_sink comp="150" pin=0"/></net>

<net id="157"><net_src comp="80" pin="0"/><net_sink comp="154" pin=0"/></net>

<net id="162"><net_src comp="34" pin="0"/><net_sink comp="158" pin=0"/></net>

<net id="163"><net_src comp="10" pin="0"/><net_sink comp="158" pin=1"/></net>

<net id="169"><net_src comp="36" pin="0"/><net_sink comp="164" pin=0"/></net>

<net id="170"><net_src comp="16" pin="0"/><net_sink comp="164" pin=1"/></net>

<net id="171"><net_src comp="158" pin="2"/><net_sink comp="164" pin=2"/></net>

<net id="176"><net_src comp="38" pin="0"/><net_sink comp="172" pin=0"/></net>

<net id="177"><net_src comp="6" pin="0"/><net_sink comp="172" pin=1"/></net>

<net id="183"><net_src comp="40" pin="0"/><net_sink comp="178" pin=0"/></net>

<net id="184"><net_src comp="14" pin="0"/><net_sink comp="178" pin=1"/></net>

<net id="185"><net_src comp="172" pin="2"/><net_sink comp="178" pin=2"/></net>

<net id="190"><net_src comp="42" pin="0"/><net_sink comp="186" pin=0"/></net>

<net id="191"><net_src comp="8" pin="0"/><net_sink comp="186" pin=1"/></net>

<net id="197"><net_src comp="44" pin="0"/><net_sink comp="192" pin=0"/></net>

<net id="198"><net_src comp="12" pin="0"/><net_sink comp="192" pin=1"/></net>

<net id="199"><net_src comp="186" pin="2"/><net_sink comp="192" pin=2"/></net>

<net id="225"><net_src comp="124" pin="0"/><net_sink comp="200" pin=0"/></net>

<net id="226"><net_src comp="4" pin="0"/><net_sink comp="200" pin=6"/></net>

<net id="227"><net_src comp="2" pin="0"/><net_sink comp="200" pin=7"/></net>

<net id="228"><net_src comp="0" pin="0"/><net_sink comp="200" pin=18"/></net>

<net id="233"><net_src comp="158" pin="2"/><net_sink comp="229" pin=0"/></net>

<net id="234"><net_src comp="78" pin="0"/><net_sink comp="229" pin=1"/></net>

<net id="239"><net_src comp="82" pin="0"/><net_sink comp="235" pin=0"/></net>

<net id="250"><net_src comp="243" pin="1"/><net_sink comp="246" pin=0"/></net>

<net id="251"><net_src comp="84" pin="0"/><net_sink comp="246" pin=1"/></net>

<net id="258"><net_src comp="86" pin="0"/><net_sink comp="252" pin=0"/></net>

<net id="259"><net_src comp="246" pin="2"/><net_sink comp="252" pin=1"/></net>

<net id="260"><net_src comp="88" pin="0"/><net_sink comp="252" pin=2"/></net>

<net id="261"><net_src comp="90" pin="0"/><net_sink comp="252" pin=3"/></net>

<net id="266"><net_src comp="240" pin="1"/><net_sink comp="262" pin=0"/></net>

<net id="267"><net_src comp="92" pin="0"/><net_sink comp="262" pin=1"/></net>

<net id="274"><net_src comp="94" pin="0"/><net_sink comp="268" pin=0"/></net>

<net id="275"><net_src comp="80" pin="0"/><net_sink comp="268" pin=2"/></net>

<net id="276"><net_src comp="96" pin="0"/><net_sink comp="268" pin=3"/></net>

<net id="280"><net_src comp="268" pin="4"/><net_sink comp="277" pin=0"/></net>

<net id="286"><net_src comp="262" pin="2"/><net_sink comp="281" pin=0"/></net>

<net id="287"><net_src comp="98" pin="0"/><net_sink comp="281" pin=1"/></net>

<net id="288"><net_src comp="277" pin="1"/><net_sink comp="281" pin=2"/></net>

<net id="293"><net_src comp="252" pin="4"/><net_sink comp="289" pin=0"/></net>

<net id="294"><net_src comp="100" pin="0"/><net_sink comp="289" pin=1"/></net>

<net id="299"><net_src comp="281" pin="3"/><net_sink comp="295" pin=0"/></net>

<net id="300"><net_src comp="92" pin="0"/><net_sink comp="295" pin=1"/></net>

<net id="307"><net_src comp="102" pin="0"/><net_sink comp="301" pin=0"/></net>

<net id="308"><net_src comp="281" pin="3"/><net_sink comp="301" pin=1"/></net>

<net id="309"><net_src comp="80" pin="0"/><net_sink comp="301" pin=2"/></net>

<net id="310"><net_src comp="96" pin="0"/><net_sink comp="301" pin=3"/></net>

<net id="315"><net_src comp="301" pin="4"/><net_sink comp="311" pin=0"/></net>

<net id="316"><net_src comp="104" pin="0"/><net_sink comp="311" pin=1"/></net>

<net id="321"><net_src comp="281" pin="3"/><net_sink comp="317" pin=0"/></net>

<net id="322"><net_src comp="106" pin="0"/><net_sink comp="317" pin=1"/></net>

<net id="329"><net_src comp="108" pin="0"/><net_sink comp="323" pin=0"/></net>

<net id="330"><net_src comp="281" pin="3"/><net_sink comp="323" pin=1"/></net>

<net id="331"><net_src comp="26" pin="0"/><net_sink comp="323" pin=2"/></net>

<net id="332"><net_src comp="96" pin="0"/><net_sink comp="323" pin=3"/></net>

<net id="337"><net_src comp="323" pin="4"/><net_sink comp="333" pin=0"/></net>

<net id="338"><net_src comp="110" pin="0"/><net_sink comp="333" pin=1"/></net>

<net id="343"><net_src comp="281" pin="3"/><net_sink comp="339" pin=0"/></net>

<net id="344"><net_src comp="112" pin="0"/><net_sink comp="339" pin=1"/></net>

<net id="349"><net_src comp="281" pin="3"/><net_sink comp="345" pin=0"/></net>

<net id="350"><net_src comp="114" pin="0"/><net_sink comp="345" pin=1"/></net>

<net id="355"><net_src comp="281" pin="3"/><net_sink comp="351" pin=0"/></net>

<net id="356"><net_src comp="116" pin="0"/><net_sink comp="351" pin=1"/></net>

<net id="363"><net_src comp="357" pin="1"/><net_sink comp="360" pin=0"/></net>

<net id="368"><net_src comp="357" pin="1"/><net_sink comp="364" pin=0"/></net>

<net id="373"><net_src comp="357" pin="1"/><net_sink comp="369" pin=0"/></net>

<net id="374"><net_src comp="118" pin="0"/><net_sink comp="369" pin=1"/></net>

<net id="391"><net_src comp="360" pin="1"/><net_sink comp="387" pin=0"/></net>

<net id="392"><net_src comp="120" pin="0"/><net_sink comp="387" pin=1"/></net>

<net id="397"><net_src comp="387" pin="2"/><net_sink comp="393" pin=1"/></net>

<net id="402"><net_src comp="369" pin="2"/><net_sink comp="398" pin=0"/></net>

<net id="406"><net_src comp="158" pin="2"/><net_sink comp="403" pin=0"/></net>

<net id="410"><net_src comp="172" pin="2"/><net_sink comp="407" pin=0"/></net>

<net id="411"><net_src comp="407" pin="1"/><net_sink comp="364" pin=1"/></net>

<net id="415"><net_src comp="186" pin="2"/><net_sink comp="412" pin=0"/></net>

<net id="416"><net_src comp="412" pin="1"/><net_sink comp="240" pin=0"/></net>

<net id="417"><net_src comp="412" pin="1"/><net_sink comp="243" pin=0"/></net>

<net id="418"><net_src comp="412" pin="1"/><net_sink comp="268" pin=1"/></net>

<net id="422"><net_src comp="138" pin="1"/><net_sink comp="419" pin=0"/></net>

<net id="423"><net_src comp="419" pin="1"/><net_sink comp="235" pin=1"/></net>

<net id="424"><net_src comp="419" pin="1"/><net_sink comp="357" pin=0"/></net>

<net id="425"><net_src comp="419" pin="1"/><net_sink comp="398" pin=1"/></net>

<net id="429"><net_src comp="142" pin="1"/><net_sink comp="426" pin=0"/></net>

<net id="430"><net_src comp="426" pin="1"/><net_sink comp="375" pin=0"/></net>

<net id="431"><net_src comp="426" pin="1"/><net_sink comp="200" pin=22"/></net>

<net id="435"><net_src comp="146" pin="1"/><net_sink comp="432" pin=0"/></net>

<net id="436"><net_src comp="432" pin="1"/><net_sink comp="378" pin=0"/></net>

<net id="437"><net_src comp="432" pin="1"/><net_sink comp="200" pin=21"/></net>

<net id="441"><net_src comp="150" pin="1"/><net_sink comp="438" pin=0"/></net>

<net id="442"><net_src comp="438" pin="1"/><net_sink comp="381" pin=0"/></net>

<net id="443"><net_src comp="438" pin="1"/><net_sink comp="200" pin=20"/></net>

<net id="447"><net_src comp="154" pin="1"/><net_sink comp="444" pin=0"/></net>

<net id="448"><net_src comp="444" pin="1"/><net_sink comp="384" pin=0"/></net>

<net id="449"><net_src comp="444" pin="1"/><net_sink comp="200" pin=19"/></net>

<net id="453"><net_src comp="229" pin="2"/><net_sink comp="450" pin=0"/></net>

<net id="454"><net_src comp="450" pin="1"/><net_sink comp="393" pin=0"/></net>

<net id="458"><net_src comp="252" pin="4"/><net_sink comp="455" pin=0"/></net>

<net id="459"><net_src comp="455" pin="1"/><net_sink comp="200" pin=5"/></net>

<net id="463"><net_src comp="262" pin="2"/><net_sink comp="460" pin=0"/></net>

<net id="464"><net_src comp="460" pin="1"/><net_sink comp="200" pin=9"/></net>

<net id="468"><net_src comp="289" pin="2"/><net_sink comp="465" pin=0"/></net>

<net id="469"><net_src comp="465" pin="1"/><net_sink comp="200" pin=16"/></net>

<net id="473"><net_src comp="295" pin="2"/><net_sink comp="470" pin=0"/></net>

<net id="474"><net_src comp="470" pin="1"/><net_sink comp="200" pin=17"/></net>

<net id="478"><net_src comp="311" pin="2"/><net_sink comp="475" pin=0"/></net>

<net id="479"><net_src comp="475" pin="1"/><net_sink comp="200" pin=15"/></net>

<net id="483"><net_src comp="317" pin="2"/><net_sink comp="480" pin=0"/></net>

<net id="484"><net_src comp="480" pin="1"/><net_sink comp="200" pin=14"/></net>

<net id="488"><net_src comp="333" pin="2"/><net_sink comp="485" pin=0"/></net>

<net id="489"><net_src comp="485" pin="1"/><net_sink comp="200" pin=13"/></net>

<net id="493"><net_src comp="339" pin="2"/><net_sink comp="490" pin=0"/></net>

<net id="494"><net_src comp="490" pin="1"/><net_sink comp="200" pin=12"/></net>

<net id="498"><net_src comp="345" pin="2"/><net_sink comp="495" pin=0"/></net>

<net id="499"><net_src comp="495" pin="1"/><net_sink comp="200" pin=11"/></net>

<net id="503"><net_src comp="351" pin="2"/><net_sink comp="500" pin=0"/></net>

<net id="504"><net_src comp="500" pin="1"/><net_sink comp="200" pin=10"/></net>

<net id="511"><net_src comp="375" pin="1"/><net_sink comp="508" pin=0"/></net>

<net id="512"><net_src comp="508" pin="1"/><net_sink comp="200" pin=4"/></net>

<net id="516"><net_src comp="378" pin="1"/><net_sink comp="513" pin=0"/></net>

<net id="517"><net_src comp="513" pin="1"/><net_sink comp="200" pin=3"/></net>

<net id="521"><net_src comp="381" pin="1"/><net_sink comp="518" pin=0"/></net>

<net id="522"><net_src comp="518" pin="1"/><net_sink comp="200" pin=2"/></net>

<net id="526"><net_src comp="384" pin="1"/><net_sink comp="523" pin=0"/></net>

<net id="527"><net_src comp="523" pin="1"/><net_sink comp="200" pin=1"/></net>

<net id="531"><net_src comp="393" pin="2"/><net_sink comp="528" pin=0"/></net>

<net id="532"><net_src comp="528" pin="1"/><net_sink comp="200" pin=8"/></net>

</net_list>

</model> 
---------------- Datapath Model END ------------------

* FSMD analyzer results:
  - Output states:
	Port: bytePlanes_plane01 | {4 5 }
	Port: bytePlanes_plane12 | {4 5 }
	Port: WidthInBytes_c | {1 }
	Port: height_c | {1 }
	Port: video_format_c | {1 }
 - Input state : 
	Port: MultiPixStream2Bytes : img | {4 5 }
	Port: MultiPixStream2Bytes : Height | {1 }
	Port: MultiPixStream2Bytes : WidthInBytes | {1 }
	Port: MultiPixStream2Bytes : VideoFormat | {1 }
  - Chain level:
	State 1
		store_ln583 : 1
	State 2
		add_ln571 : 1
		trunc_ln571_1 : 2
		icmp_ln576 : 1
		zext_ln578 : 1
		remainPix_1 : 2
		sub50 : 3
		cmp53 : 3
		tmp : 3
		icmp : 4
		cmp53_2 : 3
		tmp_1 : 3
		icmp6 : 4
		cmp53_4 : 3
		cmp53_5 : 3
		cmp53_6 : 3
	State 3
		trunc_ln583 : 1
		icmp_ln583 : 1
		y_2 : 1
		br_ln583 : 2
		tobool_not : 2
		brmerge42 : 2
		store_ln583 : 2
	State 4
	State 5


============================================================
+ Verbose Summary: Datapath Resource usage 
============================================================

* Functional unit list:
|----------|-----------------------------------------------------------|---------|---------|
| Operation|                      Functional Unit                      |    FF   |   LUT   |
|----------|-----------------------------------------------------------|---------|---------|
|   call   | grp_MultiPixStream2Bytes_Pipeline_VITIS_LOOP_586_1_fu_200 |   510   |    59   |
|----------|-----------------------------------------------------------|---------|---------|
|          |                       notlhs_fu_229                       |    0    |    10   |
|          |                     icmp_ln576_fu_262                     |    0    |    9    |
|          |                        cmp53_fu_295                       |    0    |    9    |
|          |                        icmp_fu_311                        |    0    |    8    |
|   icmp   |                       cmp53_2_fu_317                      |    0    |    9    |
|          |                        icmp6_fu_333                       |    0    |    8    |
|          |                       cmp53_4_fu_339                      |    0    |    9    |
|          |                       cmp53_5_fu_345                      |    0    |    9    |
|          |                       cmp53_6_fu_351                      |    0    |    9    |
|          |                     icmp_ln583_fu_364                     |    0    |    12   |
|----------|-----------------------------------------------------------|---------|---------|
|          |                      add_ln571_fu_246                     |    0    |    22   |
|    add   |                        sub50_fu_289                       |    0    |    19   |
|          |                         y_2_fu_369                        |    0    |    19   |
|----------|-----------------------------------------------------------|---------|---------|
|  select  |                     remainPix_1_fu_281                    |    0    |    4    |
|----------|-----------------------------------------------------------|---------|---------|
|    xor   |                     tobool_not_fu_387                     |    0    |    2    |
|----------|-----------------------------------------------------------|---------|---------|
|    or    |                      brmerge42_fu_393                     |    0    |    2    |
|----------|-----------------------------------------------------------|---------|---------|
|          |                VideoFormat_read_read_fu_158               |    0    |    0    |
|   read   |                  Height_read_read_fu_172                  |    0    |    0    |
|          |                   widthInPix_read_fu_186                  |    0    |    0    |
|----------|-----------------------------------------------------------|---------|---------|
|          |                   write_ln0_write_fu_164                  |    0    |    0    |
|   write  |                   write_ln0_write_fu_178                  |    0    |    0    |
|          |                   write_ln0_write_fu_192                  |    0    |    0    |
|----------|-----------------------------------------------------------|---------|---------|
|   trunc  |                      remainPix_fu_240                     |    0    |    0    |
|          |                     trunc_ln583_fu_360                    |    0    |    0    |
|----------|-----------------------------------------------------------|---------|---------|
|   zext   |                     zext_ln571_fu_243                     |    0    |    0    |
|          |                     zext_ln578_fu_277                     |    0    |    0    |
|----------|-----------------------------------------------------------|---------|---------|
|          |                    trunc_ln571_1_fu_252                   |    0    |    0    |
|partselect|                       lshr_ln_fu_268                      |    0    |    0    |
|          |                         tmp_fu_301                        |    0    |    0    |
|          |                        tmp_1_fu_323                       |    0    |    0    |
|----------|-----------------------------------------------------------|---------|---------|
|   Total  |                                                           |   510   |   219   |
|----------|-----------------------------------------------------------|---------|---------|

Memories:
N/A

* Register list:
+-------------------------------------+--------+
|                                     |   FF   |
+-------------------------------------+--------+
|         Height_read_reg_407         |   12   |
|       VideoFormat_read_reg_403      |    6   |
|          brmerge42_reg_528          |    1   |
|           cmp53_2_reg_480           |    1   |
|           cmp53_4_reg_490           |    1   |
|           cmp53_5_reg_495           |    1   |
|           cmp53_6_reg_500           |    1   |
|            cmp53_reg_470            |    1   |
|            icmp6_reg_485            |    1   |
|          icmp_ln576_reg_460         |    1   |
|             icmp_reg_475            |    1   |
|            notlhs_reg_450           |    1   |
| p_0_0_0_0_0_751_lcssa99_load_reg_508|    8   |
|   p_0_0_0_0_0_751_lcssa99_reg_426   |    8   |
|p_0_1_0_0_0_760_lcssa102_load_reg_513|    8   |
|   p_0_1_0_0_0_760_lcssa102_reg_432  |    8   |
|p_0_3_0_0_0_778_lcssa108_load_reg_518|    8   |
|   p_0_3_0_0_0_778_lcssa108_reg_438  |    8   |
|p_0_4_0_0_0_787_lcssa111_load_reg_523|    8   |
|   p_0_4_0_0_0_787_lcssa111_reg_444  |    8   |
|            sub50_reg_465            |   12   |
|        trunc_ln571_1_reg_455        |   12   |
|          widthInPix_reg_412         |   15   |
|              y_reg_419              |   12   |
+-------------------------------------+--------+
|                Total                |   143  |
+-------------------------------------+--------+

* Multiplexer (MUX) list: 
|--------|------|------|------|--------|
|  Comp  |  Pin | Size |  BW  | S x BW |
|--------|------|------|------|--------|
|  Total |      |      |      |    0   |
|--------|------|------|------|--------|



* Summary:
+-----------+--------+--------+
|           |   FF   |   LUT  |
+-----------+--------+--------+
|  Function |   510  |   219  |
|   Memory  |    -   |    -   |
|Multiplexer|    -   |    -   |
|  Register |   143  |    -   |
+-----------+--------+--------+
|   Total   |   653  |   219  |
+-----------+--------+--------+
